2025-11-21 19:11:56,017 - trading_bot - INFO - Loading data from Data/XAU_5m_data.csv
2025-11-21 19:12:01,458 - trading_bot - INFO - Data loaded: 121011 rows (Base Timeframe 5m)
2025-11-21 19:12:01,472 - trading_bot - INFO - Resampled: H4=2643, H1=10097
2025-11-21 19:12:10,629 - trading_bot - INFO - Detected 21111 FVGs and 11427 OBs on Base Timeframe
2025-11-21 19:12:10,629 - trading_bot - INFO - Generating candidates...
2025-11-21 19:12:13,267 - trading_bot - INFO - Scanning... 4.1% (5000/121011)
2025-11-21 19:12:16,816 - trading_bot - INFO - Scanning... 8.3% (10000/121011)
2025-11-21 19:12:19,502 - trading_bot - INFO - Scanning... 12.4% (15000/121011)
2025-11-21 19:12:22,367 - trading_bot - INFO - Scanning... 16.5% (20000/121011)
2025-11-21 19:12:25,712 - trading_bot - INFO - Scanning... 20.7% (25000/121011)
2025-11-21 19:12:29,265 - trading_bot - INFO - Scanning... 24.8% (30000/121011)
2025-11-21 19:12:35,492 - trading_bot - INFO - Scanning... 28.9% (35000/121011)
2025-11-21 19:12:38,331 - trading_bot - INFO - Scanning... 33.1% (40000/121011)
2025-11-21 19:12:44,057 - trading_bot - INFO - Scanning... 37.2% (45000/121011)
2025-11-21 19:12:47,041 - trading_bot - INFO - Scanning... 41.3% (50000/121011)
2025-11-21 19:12:52,073 - trading_bot - INFO - Scanning... 45.5% (55000/121011)
2025-11-21 19:12:53,988 - trading_bot - INFO - Scanning... 49.6% (60000/121011)
2025-11-21 19:12:58,956 - trading_bot - INFO - Scanning... 53.7% (65000/121011)
2025-11-21 19:13:06,251 - trading_bot - INFO - Scanning... 57.8% (70000/121011)
2025-11-21 19:13:11,883 - trading_bot - INFO - Scanning... 62.0% (75000/121011)
2025-11-21 19:13:15,621 - trading_bot - INFO - Scanning... 66.1% (80000/121011)
2025-11-21 19:13:19,634 - trading_bot - INFO - Scanning... 70.2% (85000/121011)
2025-11-21 19:13:22,743 - trading_bot - INFO - Scanning... 74.4% (90000/121011)
2025-11-21 19:13:26,424 - trading_bot - INFO - Scanning... 78.5% (95000/121011)
2025-11-21 19:13:33,995 - trading_bot - INFO - Scanning... 82.6% (100000/121011)
2025-11-21 19:13:37,340 - trading_bot - INFO - Scanning... 86.8% (105000/121011)
2025-11-21 19:13:43,526 - trading_bot - INFO - Scanning... 90.9% (110000/121011)
2025-11-21 19:13:45,672 - trading_bot - INFO - Scanning... 95.0% (115000/121011)
2025-11-21 19:13:49,840 - trading_bot - INFO - Scanning... 99.2% (120000/121011)
2025-11-21 19:13:50,389 - trading_bot - INFO - Generated 25113 candidates
2025-11-21 19:13:50,390 - trading_bot - WARNING - Could not load model: [Errno 2] No such file or directory: 'models/lgbm_model.pkl'. Training on first 50% of data as fallback.
2025-11-21 19:13:50,390 - trading_bot - INFO - Training LGBM with 12556 samples...
2025-11-21 19:13:57,607 - trading_bot - INFO - Backtesting 2522 trades out of 25113 candidates...
2025-11-21 19:13:57,607 - trading_bot - INFO - Initial capital: $6000.00, Risk per trade: 0.50%
2025-11-21 19:13:57,609 - trading_bot - INFO - Progress: 0.0% (1/2522) | Equity: $6068.54 | Win Rate: 0.0% (0W/0L)
2025-11-21 19:13:57,614 - trading_bot - INFO - Progress: 5.0% (127/2522) | Equity: $11281.35 | Win Rate: 100.0% (126W/0L)
2025-11-21 19:13:57,618 - trading_bot - INFO - Progress: 10.0% (253/2522) | Equity: $15338.32 | Win Rate: 99.2% (250W/2L)
2025-11-21 19:13:57,623 - trading_bot - INFO - Progress: 15.0% (379/2522) | Equity: $18791.00 | Win Rate: 96.8% (366W/12L)
2025-11-21 19:13:57,629 - trading_bot - INFO - Progress: 20.0% (505/2522) | Equity: $23924.48 | Win Rate: 96.0% (484W/20L)
2025-11-21 19:13:57,634 - trading_bot - INFO - Progress: 25.0% (631/2522) | Equity: $31193.01 | Win Rate: 96.8% (610W/20L)
2025-11-21 19:13:57,640 - trading_bot - INFO - Progress: 30.0% (757/2522) | Equity: $38762.83 | Win Rate: 97.4% (736W/20L)
2025-11-21 19:13:57,645 - trading_bot - INFO - Progress: 35.0% (883/2522) | Equity: $46506.31 | Win Rate: 97.7% (862W/20L)
2025-11-21 19:13:57,650 - trading_bot - INFO - Progress: 40.0% (1009/2522) | Equity: $53921.46 | Win Rate: 98.0% (988W/20L)
2025-11-21 19:13:57,655 - trading_bot - INFO - Progress: 45.0% (1135/2522) | Equity: $60525.45 | Win Rate: 98.2% (1114W/20L)
2025-11-21 19:13:57,661 - trading_bot - INFO - Progress: 50.0% (1261/2522) | Equity: $65524.04 | Win Rate: 98.3% (1239W/21L)
2025-11-21 19:13:57,667 - trading_bot - INFO - Progress: 55.0% (1387/2522) | Equity: $72633.32 | Win Rate: 98.3% (1363W/23L)
2025-11-21 19:13:57,674 - trading_bot - INFO - Progress: 60.0% (1513/2522) | Equity: $80424.59 | Win Rate: 98.4% (1488W/24L)
2025-11-21 19:13:57,680 - trading_bot - INFO - Progress: 65.0% (1639/2522) | Equity: $88072.05 | Win Rate: 98.5% (1614W/24L)
2025-11-21 19:13:57,687 - trading_bot - INFO - Progress: 70.0% (1765/2522) | Equity: $95852.18 | Win Rate: 98.6% (1740W/24L)
2025-11-21 19:13:57,695 - trading_bot - INFO - Progress: 75.0% (1891/2522) | Equity: $102345.46 | Win Rate: 98.4% (1860W/30L)
2025-11-21 19:13:57,701 - trading_bot - INFO - Progress: 80.0% (2017/2522) | Equity: $98649.82 | Win Rate: 94.1% (1898W/118L)
2025-11-21 19:13:57,709 - trading_bot - INFO - Progress: 85.0% (2143/2522) | Equity: $92531.70 | Win Rate: 89.3% (1913W/229L)
2025-11-21 19:13:57,715 - trading_bot - INFO - Progress: 90.0% (2269/2522) | Equity: $90528.29 | Win Rate: 85.9% (1948W/320L)
2025-11-21 19:13:57,720 - trading_bot - INFO - Progress: 95.0% (2395/2522) | Equity: $86417.48 | Win Rate: 82.1% (1966W/428L)
2025-11-21 19:13:57,726 - trading_bot - INFO - Progress: 100.0% (2521/2522) | Equity: $83620.66 | Win Rate: 78.8% (1986W/534L)
2025-11-21 19:13:57,727 - trading_bot - INFO - Progress: 100.0% (2522/2522) | Equity: $83613.18 | Win Rate: 78.8% (1987W/534L)
2025-11-21 19:13:57,727 - trading_bot - INFO - Backtest complete! Final Equity: $83613.18 | Total PnL: $77613.18 | Win Rate: 78.8% (1987W/535L)
2025-11-21 19:13:58,204 - trading_bot - INFO - Reports saved to reports/20251121_191357
