2025-11-22 17:04:26,607 - trading_bot - INFO - Loading data from Data/XAU_5m_data.csv
2025-11-22 17:04:29,728 - trading_bot - INFO - Data loaded: 352856 rows (Base Timeframe 5m)
2025-11-22 17:04:29,728 - trading_bot - INFO - Loading data from Data/XAU_4h_data.csv
2025-11-22 17:04:29,785 - trading_bot - INFO - Loaded H4 data directly: 7728 bars
2025-11-22 17:04:29,803 - trading_bot - INFO - H4=7728, H1=29530
2025-11-22 17:04:43,718 - trading_bot - INFO - Detected 60577 FVGs and 25456 OBs on Base Timeframe
2025-11-22 17:04:43,719 - trading_bot - INFO - Generating candidates...
2025-11-22 17:04:49,416 - trading_bot - INFO - Scanning... 1.4% (5000/352856)
2025-11-22 17:04:57,597 - trading_bot - INFO - Scanning... 2.8% (10000/352856)
2025-11-22 17:05:07,138 - trading_bot - INFO - Scanning... 4.3% (15000/352856)
2025-11-22 17:05:14,318 - trading_bot - INFO - Scanning... 5.7% (20000/352856)
2025-11-22 17:05:22,711 - trading_bot - INFO - Scanning... 7.1% (25000/352856)
2025-11-22 17:05:31,288 - trading_bot - INFO - Scanning... 8.5% (30000/352856)
2025-11-22 17:05:40,235 - trading_bot - INFO - Scanning... 9.9% (35000/352856)
2025-11-22 17:05:50,969 - trading_bot - INFO - Scanning... 11.3% (40000/352856)
2025-11-22 17:06:02,462 - trading_bot - INFO - Scanning... 12.8% (45000/352856)
2025-11-22 17:06:13,388 - trading_bot - INFO - Scanning... 14.2% (50000/352856)
2025-11-22 17:06:24,040 - trading_bot - INFO - Scanning... 15.6% (55000/352856)
2025-11-22 17:06:35,957 - trading_bot - INFO - Scanning... 17.0% (60000/352856)
2025-11-22 17:06:47,346 - trading_bot - INFO - Scanning... 18.4% (65000/352856)
2025-11-22 17:07:00,031 - trading_bot - INFO - Scanning... 19.8% (70000/352856)
2025-11-22 17:07:08,554 - trading_bot - INFO - Scanning... 21.3% (75000/352856)
2025-11-22 17:07:17,258 - trading_bot - INFO - Scanning... 22.7% (80000/352856)
2025-11-22 17:07:29,276 - trading_bot - INFO - Scanning... 24.1% (85000/352856)
2025-11-22 17:07:39,315 - trading_bot - INFO - Scanning... 25.5% (90000/352856)
2025-11-22 17:07:51,214 - trading_bot - INFO - Scanning... 26.9% (95000/352856)
2025-11-22 17:08:02,434 - trading_bot - INFO - Scanning... 28.3% (100000/352856)
2025-11-22 17:08:11,182 - trading_bot - INFO - Scanning... 29.8% (105000/352856)
2025-11-22 17:08:20,372 - trading_bot - INFO - Scanning... 31.2% (110000/352856)
2025-11-22 17:08:29,509 - trading_bot - INFO - Scanning... 32.6% (115000/352856)
2025-11-22 17:08:40,463 - trading_bot - INFO - Scanning... 34.0% (120000/352856)
2025-11-22 17:08:51,766 - trading_bot - INFO - Scanning... 35.4% (125000/352856)
2025-11-22 17:09:02,252 - trading_bot - INFO - Scanning... 36.8% (130000/352856)
2025-11-22 17:09:11,794 - trading_bot - INFO - Scanning... 38.3% (135000/352856)
2025-11-22 17:09:22,253 - trading_bot - INFO - Scanning... 39.7% (140000/352856)
2025-11-22 17:09:32,099 - trading_bot - INFO - Scanning... 41.1% (145000/352856)
2025-11-22 17:09:44,349 - trading_bot - INFO - Scanning... 42.5% (150000/352856)
2025-11-22 17:09:55,416 - trading_bot - INFO - Scanning... 43.9% (155000/352856)
2025-11-22 17:10:07,588 - trading_bot - INFO - Scanning... 45.3% (160000/352856)
2025-11-22 17:10:19,296 - trading_bot - INFO - Scanning... 46.8% (165000/352856)
2025-11-22 17:10:30,495 - trading_bot - INFO - Scanning... 48.2% (170000/352856)
2025-11-22 17:10:42,751 - trading_bot - INFO - Scanning... 49.6% (175000/352856)
2025-11-22 17:10:51,938 - trading_bot - INFO - Scanning... 51.0% (180000/352856)
2025-11-22 17:11:04,377 - trading_bot - INFO - Scanning... 52.4% (185000/352856)
2025-11-22 17:11:16,640 - trading_bot - INFO - Scanning... 53.8% (190000/352856)
2025-11-22 17:11:26,953 - trading_bot - INFO - Scanning... 55.3% (195000/352856)
2025-11-22 17:11:37,102 - trading_bot - INFO - Scanning... 56.7% (200000/352856)
2025-11-22 17:11:49,736 - trading_bot - INFO - Scanning... 58.1% (205000/352856)
2025-11-22 17:12:00,827 - trading_bot - INFO - Scanning... 59.5% (210000/352856)
2025-11-22 17:12:14,713 - trading_bot - INFO - Scanning... 60.9% (215000/352856)
2025-11-22 17:12:26,166 - trading_bot - INFO - Scanning... 62.3% (220000/352856)
2025-11-22 17:12:39,093 - trading_bot - INFO - Scanning... 63.8% (225000/352856)
2025-11-22 17:12:50,946 - trading_bot - INFO - Scanning... 65.2% (230000/352856)
2025-11-22 17:13:02,253 - trading_bot - INFO - Scanning... 66.6% (235000/352856)
2025-11-22 17:13:13,521 - trading_bot - INFO - Scanning... 68.0% (240000/352856)
2025-11-22 17:13:27,619 - trading_bot - INFO - Scanning... 69.4% (245000/352856)
2025-11-22 17:13:40,943 - trading_bot - INFO - Scanning... 70.9% (250000/352856)
2025-11-22 17:13:55,262 - trading_bot - INFO - Scanning... 72.3% (255000/352856)
2025-11-22 17:14:10,459 - trading_bot - INFO - Scanning... 73.7% (260000/352856)
2025-11-22 17:14:25,299 - trading_bot - INFO - Scanning... 75.1% (265000/352856)
2025-11-22 17:14:38,185 - trading_bot - INFO - Scanning... 76.5% (270000/352856)
2025-11-22 17:14:51,679 - trading_bot - INFO - Scanning... 77.9% (275000/352856)
2025-11-22 17:15:02,641 - trading_bot - INFO - Scanning... 79.4% (280000/352856)
2025-11-22 17:15:17,667 - trading_bot - INFO - Scanning... 80.8% (285000/352856)
2025-11-22 17:15:29,614 - trading_bot - INFO - Scanning... 82.2% (290000/352856)
2025-11-22 17:15:43,518 - trading_bot - INFO - Scanning... 83.6% (295000/352856)
2025-11-22 17:15:57,719 - trading_bot - INFO - Scanning... 85.0% (300000/352856)
2025-11-22 17:16:11,965 - trading_bot - INFO - Scanning... 86.4% (305000/352856)
2025-11-22 17:16:28,706 - trading_bot - INFO - Scanning... 87.9% (310000/352856)
2025-11-22 17:16:44,458 - trading_bot - INFO - Scanning... 89.3% (315000/352856)
2025-11-22 17:16:59,976 - trading_bot - INFO - Scanning... 90.7% (320000/352856)
2025-11-22 17:17:12,569 - trading_bot - INFO - Scanning... 92.1% (325000/352856)
2025-11-22 17:17:27,624 - trading_bot - INFO - Scanning... 93.5% (330000/352856)
2025-11-22 17:17:43,241 - trading_bot - INFO - Scanning... 94.9% (335000/352856)
2025-11-22 17:18:00,446 - trading_bot - INFO - Scanning... 96.4% (340000/352856)
2025-11-22 17:18:17,730 - trading_bot - INFO - Scanning... 97.8% (345000/352856)
2025-11-22 17:18:32,432 - trading_bot - INFO - Scanning... 99.2% (350000/352856)
2025-11-22 17:18:39,359 - trading_bot - INFO - Generated 16391 candidates
2025-11-22 17:18:39,360 - trading_bot - INFO - Training LGBM with 16391 samples...
2025-11-22 17:18:42,933 - trading_bot - INFO - Model saved to models/lgbm_model.pkl
