2025-11-23 08:54:28,179 - trading_bot - INFO - Loading data from Data/XAU_5m_data.csv
2025-11-23 08:54:32,063 - trading_bot - INFO - Data loaded: 262111 rows (Base Timeframe 5m)
2025-11-23 08:54:32,063 - trading_bot - INFO - Loading data from Data/XAU_4h_data.csv
2025-11-23 08:54:32,125 - trading_bot - INFO - Loaded H4 data directly: 5598 bars
2025-11-23 08:54:32,125 - trading_bot - INFO - Loading data from Data/XAU_1d_data.csv
2025-11-23 08:54:32,137 - trading_bot - INFO - Loaded Daily data directly: 934 bars
2025-11-23 08:54:32,151 - trading_bot - INFO - H4=5598, H1=21886
2025-11-23 08:54:34,338 - trading_bot - INFO - Using SMC (Smart Money Concepts) strategy
2025-11-23 08:54:48,007 - trading_bot - INFO - Detected 45536 FVGs and 21680 OBs on Base Timeframe
2025-11-23 08:54:48,007 - trading_bot - INFO - Generating candidates...
2025-11-23 08:54:50,814 - trading_bot - INFO - Scanning... 1.9% (5000/262111)
2025-11-23 08:54:54,485 - trading_bot - INFO - Scanning... 3.8% (10000/262111)
2025-11-23 08:54:57,504 - trading_bot - INFO - Scanning... 5.7% (15000/262111)
2025-11-23 08:55:00,438 - trading_bot - INFO - Scanning... 7.6% (20000/262111)
2025-11-23 08:55:03,051 - trading_bot - INFO - Scanning... 9.5% (25000/262111)
2025-11-23 08:55:06,741 - trading_bot - INFO - Scanning... 11.4% (30000/262111)
2025-11-23 08:55:10,211 - trading_bot - INFO - Scanning... 13.4% (35000/262111)
2025-11-23 08:55:12,892 - trading_bot - INFO - Scanning... 15.3% (40000/262111)
2025-11-23 08:55:15,604 - trading_bot - INFO - Scanning... 17.2% (45000/262111)
2025-11-23 08:55:18,571 - trading_bot - INFO - Scanning... 19.1% (50000/262111)
2025-11-23 08:55:21,584 - trading_bot - INFO - Scanning... 21.0% (55000/262111)
2025-11-23 08:55:24,226 - trading_bot - INFO - Scanning... 22.9% (60000/262111)
2025-11-23 08:55:27,304 - trading_bot - INFO - Scanning... 24.8% (65000/262111)
2025-11-23 08:55:30,924 - trading_bot - INFO - Scanning... 26.7% (70000/262111)
2025-11-23 08:55:34,744 - trading_bot - INFO - Scanning... 28.6% (75000/262111)
2025-11-23 08:55:37,859 - trading_bot - INFO - Scanning... 30.5% (80000/262111)
2025-11-23 08:55:41,137 - trading_bot - INFO - Scanning... 32.4% (85000/262111)
2025-11-23 08:55:44,134 - trading_bot - INFO - Scanning... 34.3% (90000/262111)
2025-11-23 08:55:47,252 - trading_bot - INFO - Scanning... 36.2% (95000/262111)
2025-11-23 08:55:49,567 - trading_bot - INFO - Scanning... 38.2% (100000/262111)
2025-11-23 08:55:52,589 - trading_bot - INFO - Scanning... 40.1% (105000/262111)
2025-11-23 08:55:55,770 - trading_bot - INFO - Scanning... 42.0% (110000/262111)
2025-11-23 08:55:58,479 - trading_bot - INFO - Scanning... 43.9% (115000/262111)
2025-11-23 08:56:01,847 - trading_bot - INFO - Scanning... 45.8% (120000/262111)
2025-11-23 08:56:05,741 - trading_bot - INFO - Scanning... 47.7% (125000/262111)
2025-11-23 08:56:09,167 - trading_bot - INFO - Scanning... 49.6% (130000/262111)
2025-11-23 08:56:12,190 - trading_bot - INFO - Scanning... 51.5% (135000/262111)
2025-11-23 08:56:15,388 - trading_bot - INFO - Scanning... 53.4% (140000/262111)
2025-11-23 08:56:18,359 - trading_bot - INFO - Scanning... 55.3% (145000/262111)
2025-11-23 08:56:20,982 - trading_bot - INFO - Scanning... 57.2% (150000/262111)
2025-11-23 08:56:24,706 - trading_bot - INFO - Scanning... 59.1% (155000/262111)
2025-11-23 08:56:27,971 - trading_bot - INFO - Scanning... 61.0% (160000/262111)
2025-11-23 08:56:31,166 - trading_bot - INFO - Scanning... 63.0% (165000/262111)
2025-11-23 08:56:34,517 - trading_bot - INFO - Scanning... 64.9% (170000/262111)
2025-11-23 08:56:38,080 - trading_bot - INFO - Scanning... 66.8% (175000/262111)
2025-11-23 08:56:42,200 - trading_bot - INFO - Scanning... 68.7% (180000/262111)
2025-11-23 08:56:45,338 - trading_bot - INFO - Scanning... 70.6% (185000/262111)
2025-11-23 08:56:49,094 - trading_bot - INFO - Scanning... 72.5% (190000/262111)
2025-11-23 08:56:52,562 - trading_bot - INFO - Scanning... 74.4% (195000/262111)
2025-11-23 08:56:56,498 - trading_bot - INFO - Scanning... 76.3% (200000/262111)
2025-11-23 08:56:59,789 - trading_bot - INFO - Scanning... 78.2% (205000/262111)
2025-11-23 08:57:03,619 - trading_bot - INFO - Scanning... 80.1% (210000/262111)
2025-11-23 08:57:07,019 - trading_bot - INFO - Scanning... 82.0% (215000/262111)
2025-11-23 08:57:10,983 - trading_bot - INFO - Scanning... 83.9% (220000/262111)
2025-11-23 08:57:15,137 - trading_bot - INFO - Scanning... 85.8% (225000/262111)
2025-11-23 08:57:19,705 - trading_bot - INFO - Scanning... 87.7% (230000/262111)
2025-11-23 08:57:22,361 - trading_bot - INFO - Scanning... 89.7% (235000/262111)
2025-11-23 08:57:26,427 - trading_bot - INFO - Scanning... 91.6% (240000/262111)
2025-11-23 08:57:30,045 - trading_bot - INFO - Scanning... 93.5% (245000/262111)
2025-11-23 08:57:34,335 - trading_bot - INFO - Scanning... 95.4% (250000/262111)
2025-11-23 08:57:39,444 - trading_bot - INFO - Scanning... 97.3% (255000/262111)
2025-11-23 08:57:44,737 - trading_bot - INFO - Scanning... 99.2% (260000/262111)
2025-11-23 08:57:46,896 - trading_bot - INFO - Generated 20574 candidates
2025-11-23 08:57:46,919 - trading_bot - WARNING - Insufficient training samples (0) before 2022-01-06 05:25:00. Skipping candidate.
2025-11-23 08:57:46,919 - trading_bot - WARNING - Insufficient training samples (1) before 2022-01-06 05:40:00. Skipping candidate.
2025-11-23 08:57:46,920 - trading_bot - WARNING - Insufficient training samples (2) before 2022-01-06 06:00:00. Skipping candidate.
2025-11-23 08:57:46,920 - trading_bot - WARNING - Insufficient training samples (3) before 2022-01-06 07:15:00. Skipping candidate.
2025-11-23 08:57:46,920 - trading_bot - WARNING - Insufficient training samples (4) before 2022-01-06 07:30:00. Skipping candidate.
2025-11-23 08:57:46,920 - trading_bot - WARNING - Insufficient training samples (5) before 2022-01-06 07:35:00. Skipping candidate.
2025-11-23 08:57:46,921 - trading_bot - WARNING - Insufficient training samples (6) before 2022-01-06 07:55:00. Skipping candidate.
2025-11-23 08:57:46,921 - trading_bot - WARNING - Insufficient training samples (7) before 2022-01-06 08:25:00. Skipping candidate.
2025-11-23 08:57:46,921 - trading_bot - WARNING - Insufficient training samples (8) before 2022-01-06 08:45:00. Skipping candidate.
2025-11-23 08:57:46,921 - trading_bot - WARNING - Insufficient training samples (9) before 2022-01-06 08:50:00. Skipping candidate.
2025-11-23 08:57:46,922 - trading_bot - WARNING - Insufficient training samples (10) before 2022-01-06 08:55:00. Skipping candidate.
2025-11-23 08:57:46,922 - trading_bot - WARNING - Insufficient training samples (11) before 2022-01-06 09:05:00. Skipping candidate.
2025-11-23 08:57:46,922 - trading_bot - WARNING - Insufficient training samples (12) before 2022-01-06 09:30:00. Skipping candidate.
2025-11-23 08:57:46,922 - trading_bot - WARNING - Insufficient training samples (13) before 2022-01-06 12:25:00. Skipping candidate.
2025-11-23 08:57:46,923 - trading_bot - WARNING - Insufficient training samples (14) before 2022-01-06 12:30:00. Skipping candidate.
2025-11-23 08:57:46,923 - trading_bot - WARNING - Insufficient training samples (15) before 2022-01-06 14:05:00. Skipping candidate.
2025-11-23 08:57:46,923 - trading_bot - WARNING - Insufficient training samples (16) before 2022-01-06 14:30:00. Skipping candidate.
2025-11-23 08:57:46,924 - trading_bot - WARNING - Insufficient training samples (17) before 2022-01-06 15:40:00. Skipping candidate.
2025-11-23 08:57:46,924 - trading_bot - WARNING - Insufficient training samples (18) before 2022-01-06 16:30:00. Skipping candidate.
2025-11-23 08:57:46,924 - trading_bot - WARNING - Insufficient training samples (19) before 2022-01-06 16:50:00. Skipping candidate.
2025-11-23 08:57:46,924 - trading_bot - WARNING - Insufficient training samples (20) before 2022-01-06 17:00:00. Skipping candidate.
2025-11-23 08:57:46,925 - trading_bot - WARNING - Insufficient training samples (21) before 2022-01-06 21:25:00. Skipping candidate.
2025-11-23 08:57:46,925 - trading_bot - WARNING - Insufficient training samples (22) before 2022-01-06 23:30:00. Skipping candidate.
2025-11-23 08:57:46,925 - trading_bot - WARNING - Insufficient training samples (23) before 2022-01-07 01:50:00. Skipping candidate.
2025-11-23 08:57:46,925 - trading_bot - WARNING - Insufficient training samples (24) before 2022-01-07 02:30:00. Skipping candidate.
2025-11-23 08:57:46,926 - trading_bot - WARNING - Insufficient training samples (25) before 2022-01-07 03:05:00. Skipping candidate.
2025-11-23 08:57:46,926 - trading_bot - WARNING - Insufficient training samples (26) before 2022-01-07 03:10:00. Skipping candidate.
2025-11-23 08:57:46,926 - trading_bot - WARNING - Insufficient training samples (27) before 2022-01-07 03:55:00. Skipping candidate.
2025-11-23 08:57:46,926 - trading_bot - WARNING - Insufficient training samples (28) before 2022-01-07 04:10:00. Skipping candidate.
2025-11-23 08:57:46,927 - trading_bot - WARNING - Insufficient training samples (29) before 2022-01-07 04:15:00. Skipping candidate.
2025-11-23 08:57:46,927 - trading_bot - WARNING - Insufficient training samples (30) before 2022-01-07 04:40:00. Skipping candidate.
2025-11-23 08:57:46,927 - trading_bot - WARNING - Insufficient training samples (31) before 2022-01-07 04:45:00. Skipping candidate.
2025-11-23 08:57:46,928 - trading_bot - WARNING - Insufficient training samples (32) before 2022-01-07 05:30:00. Skipping candidate.
2025-11-23 08:57:46,928 - trading_bot - WARNING - Insufficient training samples (33) before 2022-01-07 07:30:00. Skipping candidate.
2025-11-23 08:57:46,928 - trading_bot - WARNING - Insufficient training samples (34) before 2022-01-07 08:15:00. Skipping candidate.
2025-11-23 08:57:46,928 - trading_bot - WARNING - Insufficient training samples (35) before 2022-01-07 08:25:00. Skipping candidate.
2025-11-23 08:57:46,929 - trading_bot - WARNING - Insufficient training samples (36) before 2022-01-07 08:40:00. Skipping candidate.
2025-11-23 08:57:46,929 - trading_bot - WARNING - Insufficient training samples (37) before 2022-01-07 09:00:00. Skipping candidate.
2025-11-23 08:57:46,929 - trading_bot - WARNING - Insufficient training samples (38) before 2022-01-07 09:05:00. Skipping candidate.
2025-11-23 08:57:46,929 - trading_bot - WARNING - Insufficient training samples (39) before 2022-01-07 09:40:00. Skipping candidate.
2025-11-23 08:57:46,930 - trading_bot - WARNING - Insufficient training samples (40) before 2022-01-07 09:45:00. Skipping candidate.
2025-11-23 08:57:46,930 - trading_bot - WARNING - Insufficient training samples (41) before 2022-01-07 09:55:00. Skipping candidate.
2025-11-23 08:57:46,930 - trading_bot - WARNING - Insufficient training samples (42) before 2022-01-07 10:00:00. Skipping candidate.
2025-11-23 08:57:46,931 - trading_bot - WARNING - Insufficient training samples (43) before 2022-01-07 10:10:00. Skipping candidate.
2025-11-23 08:57:46,931 - trading_bot - WARNING - Insufficient training samples (44) before 2022-01-07 10:55:00. Skipping candidate.
2025-11-23 08:57:46,931 - trading_bot - WARNING - Insufficient training samples (45) before 2022-01-07 11:05:00. Skipping candidate.
2025-11-23 08:57:46,932 - trading_bot - WARNING - Insufficient training samples (46) before 2022-01-07 11:10:00. Skipping candidate.
2025-11-23 08:57:46,932 - trading_bot - WARNING - Insufficient training samples (47) before 2022-01-07 13:05:00. Skipping candidate.
2025-11-23 08:57:46,932 - trading_bot - WARNING - Insufficient training samples (48) before 2022-01-07 14:35:00. Skipping candidate.
2025-11-23 08:57:46,933 - trading_bot - WARNING - Insufficient training samples (49) before 2022-01-07 14:40:00. Skipping candidate.
2025-11-23 08:57:46,933 - trading_bot - WARNING - Insufficient training samples (50) before 2022-01-07 14:55:00. Skipping candidate.
2025-11-23 08:57:46,933 - trading_bot - WARNING - Insufficient training samples (51) before 2022-01-07 15:15:00. Skipping candidate.
2025-11-23 08:57:46,933 - trading_bot - WARNING - Insufficient training samples (52) before 2022-01-07 15:20:00. Skipping candidate.
2025-11-23 08:57:46,934 - trading_bot - WARNING - Insufficient training samples (53) before 2022-01-07 15:30:00. Skipping candidate.
2025-11-23 08:57:46,934 - trading_bot - WARNING - Insufficient training samples (54) before 2022-01-07 15:40:00. Skipping candidate.
2025-11-23 08:57:46,934 - trading_bot - WARNING - Insufficient training samples (55) before 2022-01-07 15:50:00. Skipping candidate.
2025-11-23 08:57:46,935 - trading_bot - WARNING - Insufficient training samples (56) before 2022-01-07 18:00:00. Skipping candidate.
2025-11-23 08:57:46,935 - trading_bot - WARNING - Insufficient training samples (57) before 2022-01-07 19:40:00. Skipping candidate.
2025-11-23 08:57:46,935 - trading_bot - WARNING - Insufficient training samples (58) before 2022-01-07 19:50:00. Skipping candidate.
2025-11-23 08:57:46,935 - trading_bot - WARNING - Insufficient training samples (59) before 2022-01-07 21:00:00. Skipping candidate.
2025-11-23 08:57:46,936 - trading_bot - WARNING - Insufficient training samples (60) before 2022-01-07 21:30:00. Skipping candidate.
2025-11-23 08:57:46,936 - trading_bot - WARNING - Insufficient training samples (61) before 2022-01-07 22:25:00. Skipping candidate.
2025-11-23 08:57:46,936 - trading_bot - WARNING - Insufficient training samples (62) before 2022-01-07 22:55:00. Skipping candidate.
2025-11-23 08:57:46,937 - trading_bot - WARNING - Insufficient training samples (63) before 2022-01-07 23:00:00. Skipping candidate.
2025-11-23 08:57:46,937 - trading_bot - WARNING - Insufficient training samples (64) before 2022-01-10 01:10:00. Skipping candidate.
2025-11-23 08:57:46,937 - trading_bot - WARNING - Insufficient training samples (65) before 2022-01-10 01:15:00. Skipping candidate.
2025-11-23 08:57:46,938 - trading_bot - WARNING - Insufficient training samples (66) before 2022-01-10 01:20:00. Skipping candidate.
2025-11-23 08:57:46,938 - trading_bot - WARNING - Insufficient training samples (67) before 2022-01-10 01:35:00. Skipping candidate.
2025-11-23 08:57:46,938 - trading_bot - WARNING - Insufficient training samples (68) before 2022-01-10 02:05:00. Skipping candidate.
2025-11-23 08:57:46,939 - trading_bot - WARNING - Insufficient training samples (69) before 2022-01-10 02:45:00. Skipping candidate.
2025-11-23 08:57:46,939 - trading_bot - WARNING - Insufficient training samples (70) before 2022-01-10 03:30:00. Skipping candidate.
2025-11-23 08:57:46,939 - trading_bot - WARNING - Insufficient training samples (71) before 2022-01-10 03:35:00. Skipping candidate.
2025-11-23 08:57:46,940 - trading_bot - WARNING - Insufficient training samples (72) before 2022-01-10 05:25:00. Skipping candidate.
2025-11-23 08:57:46,940 - trading_bot - WARNING - Insufficient training samples (73) before 2022-01-10 06:00:00. Skipping candidate.
2025-11-23 08:57:46,940 - trading_bot - WARNING - Insufficient training samples (74) before 2022-01-10 06:40:00. Skipping candidate.
2025-11-23 08:57:46,940 - trading_bot - WARNING - Insufficient training samples (75) before 2022-01-10 07:45:00. Skipping candidate.
2025-11-23 08:57:46,941 - trading_bot - WARNING - Insufficient training samples (76) before 2022-01-10 07:55:00. Skipping candidate.
2025-11-23 08:57:46,941 - trading_bot - WARNING - Insufficient training samples (77) before 2022-01-12 08:00:00. Skipping candidate.
2025-11-23 08:57:46,941 - trading_bot - WARNING - Insufficient training samples (78) before 2022-01-12 08:25:00. Skipping candidate.
2025-11-23 08:57:46,941 - trading_bot - WARNING - Insufficient training samples (79) before 2022-01-12 08:45:00. Skipping candidate.
2025-11-23 08:57:46,942 - trading_bot - WARNING - Insufficient training samples (80) before 2022-01-12 09:10:00. Skipping candidate.
2025-11-23 08:57:46,942 - trading_bot - WARNING - Insufficient training samples (81) before 2022-01-12 09:15:00. Skipping candidate.
2025-11-23 08:57:46,942 - trading_bot - WARNING - Insufficient training samples (82) before 2022-01-12 09:25:00. Skipping candidate.
2025-11-23 08:57:46,942 - trading_bot - WARNING - Insufficient training samples (83) before 2022-01-12 09:40:00. Skipping candidate.
2025-11-23 08:57:46,943 - trading_bot - WARNING - Insufficient training samples (84) before 2022-01-12 09:50:00. Skipping candidate.
2025-11-23 08:57:46,943 - trading_bot - WARNING - Insufficient training samples (85) before 2022-01-12 12:00:00. Skipping candidate.
2025-11-23 08:57:46,943 - trading_bot - WARNING - Insufficient training samples (86) before 2022-01-12 12:35:00. Skipping candidate.
2025-11-23 08:57:46,944 - trading_bot - WARNING - Insufficient training samples (87) before 2022-01-12 13:55:00. Skipping candidate.
2025-11-23 08:57:46,944 - trading_bot - WARNING - Insufficient training samples (88) before 2022-01-12 14:35:00. Skipping candidate.
2025-11-23 08:57:46,944 - trading_bot - WARNING - Insufficient training samples (89) before 2022-01-12 14:50:00. Skipping candidate.
2025-11-23 08:57:46,944 - trading_bot - WARNING - Insufficient training samples (90) before 2022-01-12 15:15:00. Skipping candidate.
2025-11-23 08:57:46,945 - trading_bot - WARNING - Insufficient training samples (91) before 2022-01-12 15:25:00. Skipping candidate.
2025-11-23 08:57:46,945 - trading_bot - WARNING - Insufficient training samples (92) before 2022-01-12 15:35:00. Skipping candidate.
2025-11-23 08:57:46,945 - trading_bot - WARNING - Insufficient training samples (93) before 2022-01-12 15:40:00. Skipping candidate.
2025-11-23 08:57:46,945 - trading_bot - WARNING - Insufficient training samples (94) before 2022-01-12 16:55:00. Skipping candidate.
2025-11-23 08:57:46,946 - trading_bot - WARNING - Insufficient training samples (95) before 2022-01-12 17:30:00. Skipping candidate.
2025-11-23 08:57:46,946 - trading_bot - WARNING - Insufficient training samples (96) before 2022-01-12 17:45:00. Skipping candidate.
2025-11-23 08:57:46,946 - trading_bot - WARNING - Insufficient training samples (97) before 2022-01-12 19:35:00. Skipping candidate.
2025-11-23 08:57:46,947 - trading_bot - WARNING - Insufficient training samples (98) before 2022-01-12 22:55:00. Skipping candidate.
2025-11-23 08:57:46,947 - trading_bot - WARNING - Insufficient training samples (99) before 2022-01-12 23:35:00. Skipping candidate.
2025-11-23 08:57:46,947 - trading_bot - WARNING - Insufficient training samples (100) before 2022-01-13 01:50:00. Skipping candidate.
2025-11-23 08:57:46,947 - trading_bot - WARNING - Insufficient training samples (101) before 2022-01-13 02:00:00. Skipping candidate.
2025-11-23 08:57:46,948 - trading_bot - WARNING - Insufficient training samples (102) before 2022-01-13 02:10:00. Skipping candidate.
2025-11-23 08:57:46,948 - trading_bot - WARNING - Insufficient training samples (103) before 2022-01-13 02:30:00. Skipping candidate.
2025-11-23 08:57:46,948 - trading_bot - WARNING - Insufficient training samples (104) before 2022-01-13 03:00:00. Skipping candidate.
2025-11-23 08:57:46,948 - trading_bot - WARNING - Insufficient training samples (105) before 2022-01-13 03:30:00. Skipping candidate.
2025-11-23 08:57:46,949 - trading_bot - WARNING - Insufficient training samples (106) before 2022-01-13 03:40:00. Skipping candidate.
2025-11-23 08:57:46,949 - trading_bot - WARNING - Insufficient training samples (107) before 2022-01-13 03:45:00. Skipping candidate.
2025-11-23 08:57:46,949 - trading_bot - WARNING - Insufficient training samples (108) before 2022-01-13 04:50:00. Skipping candidate.
2025-11-23 08:57:46,949 - trading_bot - WARNING - Insufficient training samples (109) before 2022-01-13 05:05:00. Skipping candidate.
2025-11-23 08:57:46,950 - trading_bot - WARNING - Insufficient training samples (110) before 2022-01-13 06:05:00. Skipping candidate.
2025-11-23 08:57:46,950 - trading_bot - WARNING - Insufficient training samples (111) before 2022-01-13 06:30:00. Skipping candidate.
2025-11-23 08:57:46,950 - trading_bot - WARNING - Insufficient training samples (112) before 2022-01-13 06:45:00. Skipping candidate.
2025-11-23 08:57:46,951 - trading_bot - WARNING - Insufficient training samples (113) before 2022-01-13 07:55:00. Skipping candidate.
2025-11-23 08:57:46,951 - trading_bot - WARNING - Insufficient training samples (114) before 2022-01-13 08:40:00. Skipping candidate.
2025-11-23 08:57:46,951 - trading_bot - WARNING - Insufficient training samples (115) before 2022-01-13 09:20:00. Skipping candidate.
2025-11-23 08:57:46,951 - trading_bot - WARNING - Insufficient training samples (116) before 2022-01-13 09:30:00. Skipping candidate.
2025-11-23 08:57:46,952 - trading_bot - WARNING - Insufficient training samples (117) before 2022-01-13 10:10:00. Skipping candidate.
2025-11-23 08:57:46,952 - trading_bot - WARNING - Insufficient training samples (118) before 2022-01-13 10:15:00. Skipping candidate.
2025-11-23 08:57:46,952 - trading_bot - WARNING - Insufficient training samples (119) before 2022-01-13 10:20:00. Skipping candidate.
2025-11-23 08:57:46,952 - trading_bot - WARNING - Insufficient training samples (120) before 2022-01-13 10:25:00. Skipping candidate.
2025-11-23 08:57:46,953 - trading_bot - WARNING - Insufficient training samples (121) before 2022-01-13 10:30:00. Skipping candidate.
2025-11-23 08:57:46,953 - trading_bot - WARNING - Insufficient training samples (122) before 2022-01-13 10:55:00. Skipping candidate.
2025-11-23 08:57:46,953 - trading_bot - WARNING - Insufficient training samples (123) before 2022-01-13 11:00:00. Skipping candidate.
2025-11-23 08:57:46,953 - trading_bot - WARNING - Insufficient training samples (124) before 2022-01-13 11:15:00. Skipping candidate.
2025-11-23 08:57:46,954 - trading_bot - WARNING - Insufficient training samples (125) before 2022-01-13 11:55:00. Skipping candidate.
2025-11-23 08:57:46,954 - trading_bot - WARNING - Insufficient training samples (126) before 2022-01-13 12:10:00. Skipping candidate.
2025-11-23 08:57:46,954 - trading_bot - WARNING - Insufficient training samples (127) before 2022-01-13 12:25:00. Skipping candidate.
2025-11-23 08:57:46,955 - trading_bot - WARNING - Insufficient training samples (128) before 2022-01-13 14:20:00. Skipping candidate.
2025-11-23 08:57:46,955 - trading_bot - WARNING - Insufficient training samples (129) before 2022-01-13 15:20:00. Skipping candidate.
2025-11-23 08:57:46,955 - trading_bot - WARNING - Insufficient training samples (130) before 2022-01-13 15:35:00. Skipping candidate.
2025-11-23 08:57:46,955 - trading_bot - WARNING - Insufficient training samples (131) before 2022-01-13 15:55:00. Skipping candidate.
2025-11-23 08:57:46,956 - trading_bot - WARNING - Insufficient training samples (132) before 2022-01-13 16:05:00. Skipping candidate.
2025-11-23 08:57:46,956 - trading_bot - WARNING - Insufficient training samples (133) before 2022-01-13 17:50:00. Skipping candidate.
2025-11-23 08:57:46,956 - trading_bot - WARNING - Insufficient training samples (134) before 2022-01-13 18:00:00. Skipping candidate.
2025-11-23 08:57:46,956 - trading_bot - WARNING - Insufficient training samples (135) before 2022-01-13 20:25:00. Skipping candidate.
2025-11-23 08:57:46,957 - trading_bot - WARNING - Insufficient training samples (136) before 2022-01-13 21:50:00. Skipping candidate.
2025-11-23 08:57:46,957 - trading_bot - WARNING - Insufficient training samples (137) before 2022-01-13 22:05:00. Skipping candidate.
2025-11-23 08:57:46,957 - trading_bot - WARNING - Insufficient training samples (138) before 2022-01-13 22:10:00. Skipping candidate.
2025-11-23 08:57:46,957 - trading_bot - WARNING - Insufficient training samples (139) before 2022-01-13 22:55:00. Skipping candidate.
2025-11-23 08:57:46,958 - trading_bot - WARNING - Insufficient training samples (140) before 2022-01-13 23:10:00. Skipping candidate.
2025-11-23 08:57:46,958 - trading_bot - WARNING - Insufficient training samples (141) before 2022-01-14 01:45:00. Skipping candidate.
2025-11-23 08:57:46,958 - trading_bot - WARNING - Insufficient training samples (142) before 2022-01-14 01:55:00. Skipping candidate.
2025-11-23 08:57:46,958 - trading_bot - WARNING - Insufficient training samples (143) before 2022-01-14 02:00:00. Skipping candidate.
2025-11-23 08:57:46,959 - trading_bot - WARNING - Insufficient training samples (144) before 2022-01-14 02:05:00. Skipping candidate.
2025-11-23 08:57:46,959 - trading_bot - WARNING - Insufficient training samples (145) before 2022-01-14 02:15:00. Skipping candidate.
2025-11-23 08:57:46,959 - trading_bot - WARNING - Insufficient training samples (146) before 2022-01-14 02:25:00. Skipping candidate.
2025-11-23 08:57:46,960 - trading_bot - WARNING - Insufficient training samples (147) before 2022-01-14 03:35:00. Skipping candidate.
2025-11-23 08:57:46,960 - trading_bot - WARNING - Insufficient training samples (148) before 2022-01-14 04:00:00. Skipping candidate.
2025-11-23 08:57:46,960 - trading_bot - WARNING - Insufficient training samples (149) before 2022-01-14 04:20:00. Skipping candidate.
2025-11-23 08:57:46,960 - trading_bot - WARNING - Insufficient training samples (150) before 2022-01-14 07:30:00. Skipping candidate.
2025-11-23 08:57:46,961 - trading_bot - WARNING - Insufficient training samples (151) before 2022-01-14 08:25:00. Skipping candidate.
2025-11-23 08:57:46,961 - trading_bot - WARNING - Insufficient training samples (152) before 2022-01-14 08:35:00. Skipping candidate.
2025-11-23 08:57:46,961 - trading_bot - WARNING - Insufficient training samples (153) before 2022-01-14 09:00:00. Skipping candidate.
2025-11-23 08:57:46,961 - trading_bot - WARNING - Insufficient training samples (154) before 2022-01-14 09:05:00. Skipping candidate.
2025-11-23 08:57:46,962 - trading_bot - WARNING - Insufficient training samples (155) before 2022-01-14 09:25:00. Skipping candidate.
2025-11-23 08:57:46,962 - trading_bot - WARNING - Insufficient training samples (156) before 2022-01-14 09:55:00. Skipping candidate.
2025-11-23 08:57:46,962 - trading_bot - WARNING - Insufficient training samples (157) before 2022-01-14 10:05:00. Skipping candidate.
2025-11-23 08:57:46,962 - trading_bot - WARNING - Insufficient training samples (158) before 2022-01-14 10:15:00. Skipping candidate.
2025-11-23 08:57:46,963 - trading_bot - WARNING - Insufficient training samples (159) before 2022-01-14 10:20:00. Skipping candidate.
2025-11-23 08:57:46,963 - trading_bot - WARNING - Insufficient training samples (160) before 2022-01-14 10:55:00. Skipping candidate.
2025-11-23 08:57:46,963 - trading_bot - WARNING - Insufficient training samples (161) before 2022-01-14 11:30:00. Skipping candidate.
2025-11-23 08:57:46,964 - trading_bot - WARNING - Insufficient training samples (162) before 2022-01-14 12:15:00. Skipping candidate.
2025-11-23 08:57:46,964 - trading_bot - WARNING - Insufficient training samples (163) before 2022-01-14 13:20:00. Skipping candidate.
2025-11-23 08:57:46,964 - trading_bot - WARNING - Insufficient training samples (164) before 2022-01-14 13:25:00. Skipping candidate.
2025-11-23 08:57:46,964 - trading_bot - WARNING - Insufficient training samples (165) before 2022-01-14 13:45:00. Skipping candidate.
2025-11-23 08:57:46,965 - trading_bot - WARNING - Insufficient training samples (166) before 2022-01-14 14:25:00. Skipping candidate.
2025-11-23 08:57:46,965 - trading_bot - WARNING - Insufficient training samples (167) before 2022-01-14 14:35:00. Skipping candidate.
2025-11-23 08:57:46,965 - trading_bot - WARNING - Insufficient training samples (168) before 2022-01-14 15:00:00. Skipping candidate.
2025-11-23 08:57:46,965 - trading_bot - WARNING - Insufficient training samples (169) before 2022-01-14 15:10:00. Skipping candidate.
2025-11-23 08:57:46,966 - trading_bot - WARNING - Insufficient training samples (170) before 2022-01-14 15:15:00. Skipping candidate.
2025-11-23 08:57:46,966 - trading_bot - WARNING - Insufficient training samples (171) before 2022-01-14 15:20:00. Skipping candidate.
2025-11-23 08:57:46,966 - trading_bot - WARNING - Insufficient training samples (172) before 2022-01-14 15:30:00. Skipping candidate.
2025-11-23 08:57:46,966 - trading_bot - WARNING - Insufficient training samples (173) before 2022-01-14 16:25:00. Skipping candidate.
2025-11-23 08:57:46,967 - trading_bot - WARNING - Insufficient training samples (174) before 2022-01-14 17:00:00. Skipping candidate.
2025-11-23 08:57:46,967 - trading_bot - WARNING - Insufficient training samples (175) before 2022-01-14 17:05:00. Skipping candidate.
2025-11-23 08:57:46,967 - trading_bot - WARNING - Insufficient training samples (176) before 2022-01-14 18:25:00. Skipping candidate.
2025-11-23 08:57:46,968 - trading_bot - WARNING - Insufficient training samples (177) before 2022-01-14 19:10:00. Skipping candidate.
2025-11-23 08:57:46,968 - trading_bot - WARNING - Insufficient training samples (178) before 2022-01-14 19:20:00. Skipping candidate.
2025-11-23 08:57:46,968 - trading_bot - WARNING - Insufficient training samples (179) before 2022-01-14 20:30:00. Skipping candidate.
2025-11-23 08:57:46,968 - trading_bot - WARNING - Insufficient training samples (180) before 2022-01-14 20:55:00. Skipping candidate.
2025-11-23 08:57:46,969 - trading_bot - WARNING - Insufficient training samples (181) before 2022-01-14 21:15:00. Skipping candidate.
2025-11-23 08:57:46,969 - trading_bot - WARNING - Insufficient training samples (182) before 2022-01-14 22:55:00. Skipping candidate.
2025-11-23 08:57:46,969 - trading_bot - WARNING - Insufficient training samples (183) before 2022-01-17 01:45:00. Skipping candidate.
2025-11-23 08:57:46,969 - trading_bot - WARNING - Insufficient training samples (184) before 2022-01-17 02:00:00. Skipping candidate.
2025-11-23 08:57:46,970 - trading_bot - WARNING - Insufficient training samples (185) before 2022-01-17 02:15:00. Skipping candidate.
2025-11-23 08:57:46,970 - trading_bot - WARNING - Insufficient training samples (186) before 2022-01-17 02:20:00. Skipping candidate.
2025-11-23 08:57:46,970 - trading_bot - WARNING - Insufficient training samples (187) before 2022-01-17 02:30:00. Skipping candidate.
2025-11-23 08:57:46,971 - trading_bot - WARNING - Insufficient training samples (188) before 2022-01-17 02:35:00. Skipping candidate.
2025-11-23 08:57:46,971 - trading_bot - WARNING - Insufficient training samples (189) before 2022-01-17 02:55:00. Skipping candidate.
2025-11-23 08:57:46,971 - trading_bot - WARNING - Insufficient training samples (190) before 2022-01-17 03:00:00. Skipping candidate.
2025-11-23 08:57:46,971 - trading_bot - WARNING - Insufficient training samples (191) before 2022-01-17 03:35:00. Skipping candidate.
2025-11-23 08:57:46,972 - trading_bot - WARNING - Insufficient training samples (192) before 2022-01-17 03:40:00. Skipping candidate.
2025-11-23 08:57:46,972 - trading_bot - WARNING - Insufficient training samples (193) before 2022-01-17 06:00:00. Skipping candidate.
2025-11-23 08:57:46,973 - trading_bot - WARNING - Insufficient training samples (194) before 2022-01-17 06:30:00. Skipping candidate.
2025-11-23 08:57:46,973 - trading_bot - WARNING - Insufficient training samples (195) before 2022-01-17 06:50:00. Skipping candidate.
2025-11-23 08:57:46,973 - trading_bot - WARNING - Insufficient training samples (196) before 2022-01-17 07:05:00. Skipping candidate.
2025-11-23 08:57:46,973 - trading_bot - WARNING - Insufficient training samples (197) before 2022-01-17 07:20:00. Skipping candidate.
2025-11-23 08:57:46,974 - trading_bot - WARNING - Insufficient training samples (198) before 2022-01-17 08:00:00. Skipping candidate.
2025-11-23 08:57:46,974 - trading_bot - WARNING - Insufficient training samples (199) before 2022-01-17 08:55:00. Skipping candidate.
2025-11-23 08:57:46,975 - trading_bot - INFO - Training LGBM with 200 samples...
