2025-11-27 08:42:10,378 - trading_bot - INFO - Loading cached ccxt data from /Users/rileymartin/ML-Trading-Bot/Data/BTCUSD_5m_ccxt.parquet
2025-11-27 08:42:10,390 - trading_bot - INFO - Data loaded: 52118 rows (Base Timeframe 5m)
2025-11-27 08:42:10,399 - trading_bot - INFO - Loaded H4 data directly: 1087 bars
2025-11-27 08:42:10,407 - trading_bot - INFO - Loaded Daily data directly: 182 bars
2025-11-27 08:42:10,409 - trading_bot - INFO - H4=1087, H1=4345
2025-11-27 08:42:10,734 - trading_bot - INFO - Using Crypto Momentum strategy
2025-11-27 08:42:12,272 - trading_bot - INFO - Generated 130 candidates
2025-11-27 08:42:12,272 - trading_bot - INFO - Applied adaptive filter profile 'crypto_baseline': 130 / 130 candidates retained.
2025-11-27 08:42:12,281 - trading_bot - INFO - Model loaded from /Users/rileymartin/ML-Trading-Bot/models/lgbm_model.pkl
2025-11-27 08:42:12,283 - trading_bot - WARNING - Could not load model: "['dist_to_range_low', 'dist_to_range_high'] not in index". Training on first 50% of data as fallback.
2025-11-27 08:42:12,283 - trading_bot - INFO - Training ensemble LightGBM with 65 samples (scale_pos_weight=0.23)...
2025-11-27 08:42:12,293 - trading_bot - INFO - Fold 1/2 AUC proxy: mean prob 0.812
2025-11-27 08:42:12,300 - trading_bot - INFO - Fold 2/2 AUC proxy: mean prob 0.818
2025-11-27 08:42:12,300 - trading_bot - INFO - Skipped meta-label training (insufficient samples).
2025-11-27 08:42:12,303 - trading_bot - INFO - 
============================================================
2025-11-27 08:42:12,303 - trading_bot - INFO - PRE-FILTER STATISTICS
2025-11-27 08:42:12,303 - trading_bot - INFO - ============================================================
2025-11-27 08:42:12,303 - trading_bot - INFO - Total candidates: 130
2025-11-27 08:42:12,303 - trading_bot - INFO - Mean probability: 0.815
2025-11-27 08:42:12,303 - trading_bot - INFO - Median probability: 0.815
2025-11-27 08:42:12,303 - trading_bot - INFO - Std probability: 0.000
2025-11-27 08:42:12,303 - trading_bot - INFO - Min probability: 0.815
2025-11-27 08:42:12,303 - trading_bot - INFO - Max probability: 0.815
2025-11-27 08:42:12,303 - trading_bot - INFO - 
Probability distribution:
2025-11-27 08:42:12,303 - trading_bot - INFO -   < 0.3: 0 (0.0%)
2025-11-27 08:42:12,303 - trading_bot - INFO -   0.3-0.4: 0 (0.0%)
2025-11-27 08:42:12,303 - trading_bot - INFO -   0.4-0.5: 0 (0.0%)
2025-11-27 08:42:12,304 - trading_bot - INFO -   0.5-0.6: 0 (0.0%)
2025-11-27 08:42:12,304 - trading_bot - INFO -   >= 0.6: 130 (100.0%)
2025-11-27 08:42:12,304 - trading_bot - INFO - 
Using threshold: 0.513
2025-11-27 08:42:12,304 - trading_bot - INFO - Candidates above threshold: 130 (100.0%)
2025-11-27 08:42:12,306 - trading_bot - INFO - After cooldown filter: 84 trades (removed 46 clustered trades)
2025-11-27 08:42:12,306 - trading_bot - INFO - Backtesting 84 trades out of 130 candidates...
2025-11-27 08:42:12,306 - trading_bot - INFO - Initial capital: $10000.00, Risk per trade: 8.00%
2025-11-27 08:42:12,306 - trading_bot - WARNING - Max drawdown % breached. Current DD: 10.83%, Limit: 10.00%
2025-11-27 08:42:12,307 - trading_bot - INFO - Backtest complete! Final Equity: $9142.85 | Total PnL: $-857.15 | Win Rate: 50.0% (2W/2L)
2025-11-27 08:42:12,614 - trading_bot - INFO - Reports saved to reports/20251127_084212
