2025-11-23 09:15:07,844 - trading_bot - INFO - Loading data from Data/XAU_5m_data.csv
2025-11-23 09:15:12,689 - trading_bot - INFO - Data loaded: 185333 rows (Base Timeframe 5m)
2025-11-23 09:15:12,689 - trading_bot - INFO - Loading data from Data/XAU_4h_data.csv
2025-11-23 09:15:12,789 - trading_bot - INFO - Loaded H4 data directly: 4048 bars
2025-11-23 09:15:12,789 - trading_bot - INFO - Loading data from Data/XAU_1d_data.csv
2025-11-23 09:15:12,803 - trading_bot - INFO - Loaded Daily data directly: 676 bars
2025-11-23 09:15:12,816 - trading_bot - INFO - H4=4048, H1=15462
2025-11-23 09:15:14,802 - trading_bot - INFO - Using SMC (Smart Money Concepts) strategy
2025-11-23 09:15:27,816 - trading_bot - INFO - Detected 32055 FVGs and 15978 OBs on Base Timeframe
2025-11-23 09:15:27,816 - trading_bot - INFO - Generating candidates...
2025-11-23 09:15:31,533 - trading_bot - INFO - Scanning... 2.7% (5000/185333)
2025-11-23 09:15:35,502 - trading_bot - INFO - Scanning... 5.4% (10000/185333)
2025-11-23 09:15:39,634 - trading_bot - INFO - Scanning... 8.1% (15000/185333)
2025-11-23 09:15:43,315 - trading_bot - INFO - Scanning... 10.8% (20000/185333)
2025-11-23 09:15:46,719 - trading_bot - INFO - Scanning... 13.5% (25000/185333)
2025-11-23 09:15:49,833 - trading_bot - INFO - Scanning... 16.2% (30000/185333)
2025-11-23 09:15:53,615 - trading_bot - INFO - Scanning... 18.9% (35000/185333)
2025-11-23 09:15:57,740 - trading_bot - INFO - Scanning... 21.6% (40000/185333)
2025-11-23 09:16:03,210 - trading_bot - INFO - Scanning... 24.3% (45000/185333)
2025-11-23 09:16:07,813 - trading_bot - INFO - Scanning... 27.0% (50000/185333)
2025-11-23 09:16:12,152 - trading_bot - INFO - Scanning... 29.7% (55000/185333)
2025-11-23 09:16:16,228 - trading_bot - INFO - Scanning... 32.4% (60000/185333)
2025-11-23 09:16:20,212 - trading_bot - INFO - Scanning... 35.1% (65000/185333)
2025-11-23 09:16:23,724 - trading_bot - INFO - Scanning... 37.8% (70000/185333)
2025-11-23 09:16:26,942 - trading_bot - INFO - Scanning... 40.5% (75000/185333)
2025-11-23 09:16:30,088 - trading_bot - INFO - Scanning... 43.2% (80000/185333)
2025-11-23 09:16:34,219 - trading_bot - INFO - Scanning... 45.9% (85000/185333)
2025-11-23 09:16:38,292 - trading_bot - INFO - Scanning... 48.6% (90000/185333)
2025-11-23 09:16:41,463 - trading_bot - INFO - Scanning... 51.3% (95000/185333)
2025-11-23 09:16:45,603 - trading_bot - INFO - Scanning... 54.0% (100000/185333)
2025-11-23 09:16:49,784 - trading_bot - INFO - Scanning... 56.7% (105000/185333)
2025-11-23 09:16:54,073 - trading_bot - INFO - Scanning... 59.4% (110000/185333)
2025-11-23 09:16:57,994 - trading_bot - INFO - Scanning... 62.1% (115000/185333)
2025-11-23 09:17:02,225 - trading_bot - INFO - Scanning... 64.7% (120000/185333)
2025-11-23 09:17:05,666 - trading_bot - INFO - Scanning... 67.4% (125000/185333)
2025-11-23 09:17:10,369 - trading_bot - INFO - Scanning... 70.1% (130000/185333)
2025-11-23 09:17:13,843 - trading_bot - INFO - Scanning... 72.8% (135000/185333)
2025-11-23 09:17:18,082 - trading_bot - INFO - Scanning... 75.5% (140000/185333)
2025-11-23 09:17:21,927 - trading_bot - INFO - Scanning... 78.2% (145000/185333)
2025-11-23 09:17:26,773 - trading_bot - INFO - Scanning... 80.9% (150000/185333)
2025-11-23 09:17:31,308 - trading_bot - INFO - Scanning... 83.6% (155000/185333)
2025-11-23 09:17:35,894 - trading_bot - INFO - Scanning... 86.3% (160000/185333)
2025-11-23 09:17:39,284 - trading_bot - INFO - Scanning... 89.0% (165000/185333)
2025-11-23 09:17:44,340 - trading_bot - INFO - Scanning... 91.7% (170000/185333)
2025-11-23 09:17:48,557 - trading_bot - INFO - Scanning... 94.4% (175000/185333)
2025-11-23 09:17:53,170 - trading_bot - INFO - Scanning... 97.1% (180000/185333)
2025-11-23 09:17:58,273 - trading_bot - INFO - Scanning... 99.8% (185000/185333)
2025-11-23 09:17:58,445 - trading_bot - INFO - Generated 14196 candidates
2025-11-23 09:17:58,468 - trading_bot - WARNING - [WFA] Insufficient training samples (0) before 2023-01-10 04:25:00. Skipping candidate.
2025-11-23 09:17:58,469 - trading_bot - WARNING - [WFA] Insufficient training samples (1) before 2023-01-10 04:40:00. Skipping candidate.
2025-11-23 09:17:58,469 - trading_bot - WARNING - [WFA] Insufficient training samples (2) before 2023-01-10 05:50:00. Skipping candidate.
2025-11-23 09:17:58,469 - trading_bot - WARNING - [WFA] Insufficient training samples (3) before 2023-01-10 06:40:00. Skipping candidate.
2025-11-23 09:17:58,470 - trading_bot - WARNING - [WFA] Insufficient training samples (4) before 2023-01-10 07:05:00. Skipping candidate.
2025-11-23 09:17:58,470 - trading_bot - WARNING - [WFA] Additional candidates skipped due to insufficient training data (further messages suppressed).
2025-11-23 09:17:58,522 - trading_bot - INFO - [WFA] Training on 200 samples to score trade 201/14196 (2023-01-19 12:45:00).
2025-11-23 09:17:58,523 - trading_bot - INFO - Training LGBM with 200 samples...
2025-11-23 09:18:00,549 - trading_bot - INFO - [WFA] Training on 201 samples to score trade 202/14196 (2023-01-19 13:40:00).
2025-11-23 09:18:00,549 - trading_bot - INFO - Training LGBM with 201 samples...
2025-11-23 09:18:02,610 - trading_bot - INFO - [WFA] Training on 202 samples to score trade 203/14196 (2023-01-19 14:15:00).
2025-11-23 09:18:02,611 - trading_bot - INFO - Training LGBM with 202 samples...
2025-11-23 09:18:04,601 - trading_bot - INFO - [WFA] Training on 203 samples to score trade 204/14196 (2023-01-19 14:25:00).
2025-11-23 09:18:04,601 - trading_bot - INFO - Training LGBM with 203 samples...
2025-11-23 09:18:06,663 - trading_bot - INFO - [WFA] Training on 204 samples to score trade 205/14196 (2023-01-19 15:20:00).
2025-11-23 09:18:06,664 - trading_bot - INFO - Training LGBM with 204 samples...
2025-11-23 09:18:08,787 - trading_bot - INFO - [WFA] Training on 205 samples to score trade 206/14196 (2023-01-19 15:25:00).
2025-11-23 09:18:08,788 - trading_bot - INFO - Training LGBM with 205 samples...
2025-11-23 09:18:10,850 - trading_bot - INFO - [WFA] Training on 206 samples to score trade 207/14196 (2023-01-19 15:55:00).
2025-11-23 09:18:10,850 - trading_bot - INFO - Training LGBM with 206 samples...
2025-11-23 09:18:12,861 - trading_bot - INFO - [WFA] Training on 207 samples to score trade 208/14196 (2023-01-19 16:15:00).
2025-11-23 09:18:12,861 - trading_bot - INFO - Training LGBM with 207 samples...
2025-11-23 09:18:14,969 - trading_bot - INFO - [WFA] Training on 208 samples to score trade 209/14196 (2023-01-19 16:55:00).
2025-11-23 09:18:14,970 - trading_bot - INFO - Training LGBM with 208 samples...
2025-11-23 09:18:17,049 - trading_bot - INFO - [WFA] Training on 209 samples to score trade 210/14196 (2023-01-19 17:20:00).
2025-11-23 09:18:17,049 - trading_bot - INFO - Training LGBM with 209 samples...
2025-11-23 09:18:19,072 - trading_bot - INFO - [WFA] Training on 210 samples to score trade 211/14196 (2023-01-19 17:45:00).
2025-11-23 09:18:19,072 - trading_bot - INFO - Training LGBM with 210 samples...
2025-11-23 09:18:21,164 - trading_bot - INFO - [WFA] Training on 211 samples to score trade 212/14196 (2023-01-19 19:20:00).
2025-11-23 09:18:21,165 - trading_bot - INFO - Training LGBM with 211 samples...
2025-11-23 09:18:23,224 - trading_bot - INFO - [WFA] Training on 212 samples to score trade 213/14196 (2023-01-19 19:45:00).
2025-11-23 09:18:23,224 - trading_bot - INFO - Training LGBM with 212 samples...
2025-11-23 09:18:25,287 - trading_bot - INFO - [WFA] Training on 213 samples to score trade 214/14196 (2023-01-19 22:25:00).
2025-11-23 09:18:25,288 - trading_bot - INFO - Training LGBM with 213 samples...
2025-11-23 09:18:27,266 - trading_bot - INFO - [WFA] Training on 214 samples to score trade 215/14196 (2023-01-19 23:00:00).
2025-11-23 09:18:27,267 - trading_bot - INFO - Training LGBM with 214 samples...
2025-11-23 09:18:29,474 - trading_bot - INFO - [WFA] Training on 215 samples to score trade 216/14196 (2023-01-20 01:45:00).
2025-11-23 09:18:29,475 - trading_bot - INFO - Training LGBM with 215 samples...
2025-11-23 09:18:31,701 - trading_bot - INFO - [WFA] Training on 216 samples to score trade 217/14196 (2023-01-20 03:00:00).
2025-11-23 09:18:31,701 - trading_bot - INFO - Training LGBM with 216 samples...
2025-11-23 09:18:33,829 - trading_bot - INFO - [WFA] Training on 217 samples to score trade 218/14196 (2023-01-20 03:20:00).
2025-11-23 09:18:33,830 - trading_bot - INFO - Training LGBM with 217 samples...
2025-11-23 09:18:35,961 - trading_bot - INFO - [WFA] Training on 218 samples to score trade 219/14196 (2023-01-20 03:30:00).
2025-11-23 09:18:35,961 - trading_bot - INFO - Training LGBM with 218 samples...
2025-11-23 09:18:38,230 - trading_bot - INFO - [WFA] Training on 219 samples to score trade 220/14196 (2023-01-20 03:40:00).
2025-11-23 09:18:38,230 - trading_bot - INFO - Training LGBM with 219 samples...
2025-11-23 09:18:40,356 - trading_bot - INFO - [WFA] Training on 220 samples to score trade 221/14196 (2023-01-20 03:45:00).
2025-11-23 09:18:40,357 - trading_bot - INFO - Training LGBM with 220 samples...
2025-11-23 09:18:42,452 - trading_bot - INFO - [WFA] Training on 221 samples to score trade 222/14196 (2023-01-20 04:30:00).
2025-11-23 09:18:42,453 - trading_bot - INFO - Training LGBM with 221 samples...
2025-11-23 09:18:44,659 - trading_bot - INFO - [WFA] Training on 222 samples to score trade 223/14196 (2023-01-20 05:45:00).
2025-11-23 09:18:44,660 - trading_bot - INFO - Training LGBM with 222 samples...
2025-11-23 09:18:46,980 - trading_bot - INFO - [WFA] Training on 223 samples to score trade 224/14196 (2023-01-20 06:00:00).
2025-11-23 09:18:46,982 - trading_bot - INFO - Training LGBM with 223 samples...
2025-11-23 09:18:49,089 - trading_bot - INFO - [WFA] Training on 224 samples to score trade 225/14196 (2023-01-20 06:55:00).
2025-11-23 09:18:49,090 - trading_bot - INFO - Training LGBM with 224 samples...
2025-11-23 09:18:51,287 - trading_bot - INFO - [WFA] Training on 225 samples to score trade 226/14196 (2023-01-20 07:10:00).
2025-11-23 09:18:51,287 - trading_bot - INFO - Training LGBM with 225 samples...
2025-11-23 09:18:53,410 - trading_bot - INFO - [WFA] Training on 226 samples to score trade 227/14196 (2023-01-20 07:20:00).
2025-11-23 09:18:53,411 - trading_bot - INFO - Training LGBM with 226 samples...
2025-11-23 09:18:55,578 - trading_bot - INFO - [WFA] Training on 227 samples to score trade 228/14196 (2023-01-20 07:30:00).
2025-11-23 09:18:55,578 - trading_bot - INFO - Training LGBM with 227 samples...
2025-11-23 09:18:57,745 - trading_bot - INFO - [WFA] Training on 228 samples to score trade 229/14196 (2023-01-20 07:35:00).
2025-11-23 09:18:57,745 - trading_bot - INFO - Training LGBM with 228 samples...
2025-11-23 09:18:59,866 - trading_bot - INFO - [WFA] Training on 229 samples to score trade 230/14196 (2023-01-20 07:40:00).
2025-11-23 09:18:59,866 - trading_bot - INFO - Training LGBM with 229 samples...
2025-11-23 09:19:02,108 - trading_bot - INFO - [WFA] Training on 230 samples to score trade 231/14196 (2023-01-20 08:10:00).
2025-11-23 09:19:02,108 - trading_bot - INFO - Training LGBM with 230 samples...
2025-11-23 09:19:04,345 - trading_bot - INFO - [WFA] Training on 231 samples to score trade 232/14196 (2023-01-20 09:00:00).
2025-11-23 09:19:04,346 - trading_bot - INFO - Training LGBM with 231 samples...
2025-11-23 09:19:06,653 - trading_bot - INFO - [WFA] Training on 232 samples to score trade 233/14196 (2023-01-20 09:20:00).
2025-11-23 09:19:06,654 - trading_bot - INFO - Training LGBM with 232 samples...
2025-11-23 09:19:08,899 - trading_bot - INFO - [WFA] Training on 233 samples to score trade 234/14196 (2023-01-20 09:45:00).
2025-11-23 09:19:08,900 - trading_bot - INFO - Training LGBM with 233 samples...
2025-11-23 09:19:11,152 - trading_bot - INFO - [WFA] Training on 234 samples to score trade 235/14196 (2023-01-20 09:50:00).
2025-11-23 09:19:11,153 - trading_bot - INFO - Training LGBM with 234 samples...
2025-11-23 09:19:13,475 - trading_bot - INFO - [WFA] Training on 235 samples to score trade 236/14196 (2023-01-20 10:20:00).
2025-11-23 09:19:13,476 - trading_bot - INFO - Training LGBM with 235 samples...
2025-11-23 09:19:15,796 - trading_bot - INFO - [WFA] Training on 236 samples to score trade 237/14196 (2023-01-20 10:30:00).
2025-11-23 09:19:15,797 - trading_bot - INFO - Training LGBM with 236 samples...
2025-11-23 09:19:18,074 - trading_bot - INFO - [WFA] Training on 237 samples to score trade 238/14196 (2023-01-20 10:45:00).
2025-11-23 09:19:18,075 - trading_bot - INFO - Training LGBM with 237 samples...
2025-11-23 09:19:20,297 - trading_bot - INFO - [WFA] Training on 238 samples to score trade 239/14196 (2023-01-20 11:15:00).
2025-11-23 09:19:20,297 - trading_bot - INFO - Training LGBM with 238 samples...
2025-11-23 09:19:22,766 - trading_bot - INFO - [WFA] Training on 239 samples to score trade 240/14196 (2023-01-20 12:05:00).
2025-11-23 09:19:22,766 - trading_bot - INFO - Training LGBM with 239 samples...
2025-11-23 09:19:25,266 - trading_bot - INFO - [WFA] Training on 240 samples to score trade 241/14196 (2023-01-20 12:30:00).
2025-11-23 09:19:25,266 - trading_bot - INFO - Training LGBM with 240 samples...
2025-11-23 09:19:27,597 - trading_bot - INFO - [WFA] Training on 241 samples to score trade 242/14196 (2023-01-20 13:15:00).
2025-11-23 09:19:27,598 - trading_bot - INFO - Training LGBM with 241 samples...
2025-11-23 09:19:29,965 - trading_bot - INFO - [WFA] Training on 242 samples to score trade 243/14196 (2023-01-20 13:50:00).
2025-11-23 09:19:29,966 - trading_bot - INFO - Training LGBM with 242 samples...
2025-11-23 09:19:32,246 - trading_bot - INFO - [WFA] Training on 243 samples to score trade 244/14196 (2023-01-20 14:30:00).
2025-11-23 09:19:32,246 - trading_bot - INFO - Training LGBM with 243 samples...
2025-11-23 09:19:34,621 - trading_bot - INFO - [WFA] Training on 244 samples to score trade 245/14196 (2023-01-20 14:45:00).
2025-11-23 09:19:34,621 - trading_bot - INFO - Training LGBM with 244 samples...
2025-11-23 09:19:37,001 - trading_bot - INFO - [WFA] Training on 245 samples to score trade 246/14196 (2023-01-20 15:30:00).
2025-11-23 09:19:37,002 - trading_bot - INFO - Training LGBM with 245 samples...
2025-11-23 09:19:39,330 - trading_bot - INFO - [WFA] Training on 246 samples to score trade 247/14196 (2023-01-20 15:40:00).
2025-11-23 09:19:39,330 - trading_bot - INFO - Training LGBM with 246 samples...
2025-11-23 09:19:41,713 - trading_bot - INFO - [WFA] Training on 247 samples to score trade 248/14196 (2023-01-20 15:50:00).
2025-11-23 09:19:41,713 - trading_bot - INFO - Training LGBM with 247 samples...
2025-11-23 09:19:44,167 - trading_bot - INFO - [WFA] Training on 248 samples to score trade 249/14196 (2023-01-20 16:30:00).
2025-11-23 09:19:44,168 - trading_bot - INFO - Training LGBM with 248 samples...
2025-11-23 09:19:46,665 - trading_bot - INFO - [WFA] Training on 249 samples to score trade 250/14196 (2023-01-20 16:45:00).
2025-11-23 09:19:46,666 - trading_bot - INFO - Training LGBM with 249 samples...
2025-11-23 09:19:49,194 - trading_bot - INFO - [WFA] Training on 250 samples to score trade 251/14196 (2023-01-20 17:05:00).
2025-11-23 09:19:49,194 - trading_bot - INFO - Training LGBM with 250 samples...
2025-11-23 09:19:51,645 - trading_bot - INFO - [WFA] Training on 251 samples to score trade 252/14196 (2023-01-20 17:20:00).
2025-11-23 09:19:51,646 - trading_bot - INFO - Training LGBM with 251 samples...
2025-11-23 09:19:54,181 - trading_bot - INFO - [WFA] Training on 252 samples to score trade 253/14196 (2023-01-20 17:40:00).
2025-11-23 09:19:54,181 - trading_bot - INFO - Training LGBM with 252 samples...
2025-11-23 09:19:56,729 - trading_bot - INFO - [WFA] Training on 253 samples to score trade 254/14196 (2023-01-20 20:00:00).
2025-11-23 09:19:56,729 - trading_bot - INFO - Training LGBM with 253 samples...
2025-11-23 09:19:59,198 - trading_bot - INFO - [WFA] Training on 254 samples to score trade 255/14196 (2023-01-20 20:15:00).
2025-11-23 09:19:59,199 - trading_bot - INFO - Training LGBM with 254 samples...
2025-11-23 09:20:01,640 - trading_bot - INFO - [WFA] Training on 255 samples to score trade 256/14196 (2023-01-20 20:55:00).
2025-11-23 09:20:01,640 - trading_bot - INFO - Training LGBM with 255 samples...
2025-11-23 09:20:04,277 - trading_bot - INFO - [WFA] Training on 256 samples to score trade 257/14196 (2023-01-20 21:10:00).
2025-11-23 09:20:04,278 - trading_bot - INFO - Training LGBM with 256 samples...
2025-11-23 09:20:06,746 - trading_bot - INFO - [WFA] Training on 257 samples to score trade 258/14196 (2023-01-20 21:50:00).
2025-11-23 09:20:06,747 - trading_bot - INFO - Training LGBM with 257 samples...
2025-11-23 09:20:09,234 - trading_bot - INFO - [WFA] Training on 258 samples to score trade 259/14196 (2023-01-20 23:55:00).
2025-11-23 09:20:09,234 - trading_bot - INFO - Training LGBM with 258 samples...
2025-11-23 09:20:11,886 - trading_bot - INFO - [WFA] Training on 259 samples to score trade 260/14196 (2023-01-23 01:00:00).
2025-11-23 09:20:11,887 - trading_bot - INFO - Training LGBM with 259 samples...
2025-11-23 09:20:14,559 - trading_bot - INFO - [WFA] Training on 260 samples to score trade 261/14196 (2023-01-23 01:05:00).
2025-11-23 09:20:14,560 - trading_bot - INFO - Training LGBM with 260 samples...
2025-11-23 09:20:17,235 - trading_bot - INFO - [WFA] Training on 261 samples to score trade 262/14196 (2023-01-23 02:10:00).
2025-11-23 09:20:17,235 - trading_bot - INFO - Training LGBM with 261 samples...
2025-11-23 09:20:19,782 - trading_bot - INFO - [WFA] Training on 262 samples to score trade 263/14196 (2023-01-23 02:30:00).
2025-11-23 09:20:19,783 - trading_bot - INFO - Training LGBM with 262 samples...
2025-11-23 09:20:22,509 - trading_bot - INFO - [WFA] Training on 263 samples to score trade 264/14196 (2023-01-23 02:40:00).
2025-11-23 09:20:22,509 - trading_bot - INFO - Training LGBM with 263 samples...
2025-11-23 09:20:25,133 - trading_bot - INFO - [WFA] Training on 264 samples to score trade 265/14196 (2023-01-23 02:50:00).
2025-11-23 09:20:25,133 - trading_bot - INFO - Training LGBM with 264 samples...
2025-11-23 09:20:27,781 - trading_bot - INFO - [WFA] Training on 265 samples to score trade 266/14196 (2023-01-23 03:05:00).
2025-11-23 09:20:27,781 - trading_bot - INFO - Training LGBM with 265 samples...
2025-11-23 09:20:30,460 - trading_bot - INFO - [WFA] Training on 266 samples to score trade 267/14196 (2023-01-23 03:45:00).
2025-11-23 09:20:30,460 - trading_bot - INFO - Training LGBM with 266 samples...
2025-11-23 09:20:33,107 - trading_bot - INFO - [WFA] Training on 267 samples to score trade 268/14196 (2023-01-23 04:10:00).
2025-11-23 09:20:33,108 - trading_bot - INFO - Training LGBM with 267 samples...
2025-11-23 09:20:35,793 - trading_bot - INFO - [WFA] Training on 268 samples to score trade 269/14196 (2023-01-23 04:50:00).
2025-11-23 09:20:35,794 - trading_bot - INFO - Training LGBM with 268 samples...
2025-11-23 09:20:38,417 - trading_bot - INFO - [WFA] Training on 269 samples to score trade 270/14196 (2023-01-23 05:30:00).
2025-11-23 09:20:38,418 - trading_bot - INFO - Training LGBM with 269 samples...
2025-11-23 09:20:41,014 - trading_bot - INFO - [WFA] Training on 270 samples to score trade 271/14196 (2023-01-23 06:25:00).
2025-11-23 09:20:41,014 - trading_bot - INFO - Training LGBM with 270 samples...
2025-11-23 09:20:43,655 - trading_bot - INFO - [WFA] Training on 271 samples to score trade 272/14196 (2023-01-23 07:10:00).
2025-11-23 09:20:43,657 - trading_bot - INFO - Training LGBM with 271 samples...
2025-11-23 09:20:46,413 - trading_bot - INFO - [WFA] Training on 272 samples to score trade 273/14196 (2023-01-23 07:25:00).
2025-11-23 09:20:46,414 - trading_bot - INFO - Training LGBM with 272 samples...
2025-11-23 09:20:49,071 - trading_bot - INFO - [WFA] Training on 273 samples to score trade 274/14196 (2023-01-23 07:40:00).
2025-11-23 09:20:49,072 - trading_bot - INFO - Training LGBM with 273 samples...
2025-11-23 09:20:51,709 - trading_bot - INFO - [WFA] Training on 274 samples to score trade 275/14196 (2023-01-23 08:20:00).
2025-11-23 09:20:51,709 - trading_bot - INFO - Training LGBM with 274 samples...
2025-11-23 09:20:54,314 - trading_bot - INFO - [WFA] Training on 275 samples to score trade 276/14196 (2023-01-23 09:25:00).
2025-11-23 09:20:54,315 - trading_bot - INFO - Training LGBM with 275 samples...
2025-11-23 09:20:57,007 - trading_bot - INFO - [WFA] Training on 276 samples to score trade 277/14196 (2023-01-23 10:25:00).
2025-11-23 09:20:57,007 - trading_bot - INFO - Training LGBM with 276 samples...
2025-11-23 09:20:59,609 - trading_bot - INFO - [WFA] Training on 277 samples to score trade 278/14196 (2023-01-23 10:35:00).
2025-11-23 09:20:59,610 - trading_bot - INFO - Training LGBM with 277 samples...
2025-11-23 09:21:02,393 - trading_bot - INFO - [WFA] Training on 278 samples to score trade 279/14196 (2023-01-23 10:40:00).
2025-11-23 09:21:02,394 - trading_bot - INFO - Training LGBM with 278 samples...
2025-11-23 09:21:05,011 - trading_bot - INFO - [WFA] Training on 279 samples to score trade 280/14196 (2023-01-23 11:55:00).
2025-11-23 09:21:05,012 - trading_bot - INFO - Training LGBM with 279 samples...
2025-11-23 09:21:07,717 - trading_bot - INFO - [WFA] Training on 280 samples to score trade 281/14196 (2023-01-23 13:00:00).
2025-11-23 09:21:07,718 - trading_bot - INFO - Training LGBM with 280 samples...
2025-11-23 09:21:10,442 - trading_bot - INFO - [WFA] Training on 281 samples to score trade 282/14196 (2023-01-23 13:55:00).
2025-11-23 09:21:10,443 - trading_bot - INFO - Training LGBM with 281 samples...
2025-11-23 09:21:13,089 - trading_bot - INFO - [WFA] Training on 282 samples to score trade 283/14196 (2023-01-23 14:10:00).
2025-11-23 09:21:13,090 - trading_bot - INFO - Training LGBM with 282 samples...
2025-11-23 09:21:15,895 - trading_bot - INFO - [WFA] Training on 283 samples to score trade 284/14196 (2023-01-23 14:30:00).
2025-11-23 09:21:15,896 - trading_bot - INFO - Training LGBM with 283 samples...
2025-11-23 09:21:18,406 - trading_bot - INFO - [WFA] Training on 284 samples to score trade 285/14196 (2023-01-23 14:40:00).
2025-11-23 09:21:18,407 - trading_bot - INFO - Training LGBM with 284 samples...
2025-11-23 09:21:21,068 - trading_bot - INFO - [WFA] Training on 285 samples to score trade 286/14196 (2023-01-23 15:25:00).
2025-11-23 09:21:21,069 - trading_bot - INFO - Training LGBM with 285 samples...
2025-11-23 09:21:23,772 - trading_bot - INFO - [WFA] Training on 286 samples to score trade 287/14196 (2023-01-23 15:30:00).
2025-11-23 09:21:23,772 - trading_bot - INFO - Training LGBM with 286 samples...
2025-11-23 09:21:26,517 - trading_bot - INFO - [WFA] Training on 287 samples to score trade 288/14196 (2023-01-23 15:35:00).
2025-11-23 09:21:26,518 - trading_bot - INFO - Training LGBM with 287 samples...
2025-11-23 09:21:29,240 - trading_bot - INFO - [WFA] Training on 288 samples to score trade 289/14196 (2023-01-23 15:40:00).
2025-11-23 09:21:29,241 - trading_bot - INFO - Training LGBM with 288 samples...
2025-11-23 09:21:31,997 - trading_bot - INFO - [WFA] Training on 289 samples to score trade 290/14196 (2023-01-24 21:50:00).
2025-11-23 09:21:31,998 - trading_bot - INFO - Training LGBM with 289 samples...
2025-11-23 09:21:34,702 - trading_bot - INFO - [WFA] Training on 290 samples to score trade 291/14196 (2023-01-24 22:10:00).
2025-11-23 09:21:34,702 - trading_bot - INFO - Training LGBM with 290 samples...
2025-11-23 09:21:37,279 - trading_bot - INFO - [WFA] Training on 291 samples to score trade 292/14196 (2023-01-24 22:55:00).
2025-11-23 09:21:37,280 - trading_bot - INFO - Training LGBM with 291 samples...
2025-11-23 09:21:40,087 - trading_bot - INFO - [WFA] Training on 292 samples to score trade 293/14196 (2023-01-24 23:00:00).
2025-11-23 09:21:40,087 - trading_bot - INFO - Training LGBM with 292 samples...
2025-11-23 09:21:42,935 - trading_bot - INFO - [WFA] Training on 293 samples to score trade 294/14196 (2023-01-25 01:25:00).
2025-11-23 09:21:42,936 - trading_bot - INFO - Training LGBM with 293 samples...
2025-11-23 09:21:45,814 - trading_bot - INFO - [WFA] Training on 294 samples to score trade 295/14196 (2023-01-25 01:30:00).
2025-11-23 09:21:45,815 - trading_bot - INFO - Training LGBM with 294 samples...
2025-11-23 09:21:48,527 - trading_bot - INFO - [WFA] Training on 295 samples to score trade 296/14196 (2023-01-25 02:00:00).
2025-11-23 09:21:48,528 - trading_bot - INFO - Training LGBM with 295 samples...
2025-11-23 09:21:51,381 - trading_bot - INFO - [WFA] Training on 296 samples to score trade 297/14196 (2023-01-25 02:05:00).
2025-11-23 09:21:51,381 - trading_bot - INFO - Training LGBM with 296 samples...
2025-11-23 09:21:54,207 - trading_bot - INFO - [WFA] Training on 297 samples to score trade 298/14196 (2023-01-25 02:40:00).
2025-11-23 09:21:54,207 - trading_bot - INFO - Training LGBM with 297 samples...
2025-11-23 09:21:56,880 - trading_bot - INFO - [WFA] Training on 298 samples to score trade 299/14196 (2023-01-25 02:55:00).
2025-11-23 09:21:56,881 - trading_bot - INFO - Training LGBM with 298 samples...
2025-11-23 09:21:59,629 - trading_bot - INFO - [WFA] Training on 299 samples to score trade 300/14196 (2023-01-25 03:00:00).
2025-11-23 09:21:59,630 - trading_bot - INFO - Training LGBM with 299 samples...
2025-11-23 09:22:02,319 - trading_bot - INFO - [WFA] Training on 300 samples to score trade 301/14196 (2023-01-25 03:35:00).
2025-11-23 09:22:02,320 - trading_bot - INFO - Training LGBM with 300 samples...
2025-11-23 09:22:05,215 - trading_bot - INFO - [WFA] Training on 301 samples to score trade 302/14196 (2023-01-25 04:40:00).
2025-11-23 09:22:05,216 - trading_bot - INFO - Training LGBM with 301 samples...
2025-11-23 09:22:08,036 - trading_bot - INFO - [WFA] Training on 302 samples to score trade 303/14196 (2023-01-25 04:45:00).
2025-11-23 09:22:08,037 - trading_bot - INFO - Training LGBM with 302 samples...
2025-11-23 09:22:10,969 - trading_bot - INFO - [WFA] Training on 303 samples to score trade 304/14196 (2023-01-25 05:00:00).
2025-11-23 09:22:10,970 - trading_bot - INFO - Training LGBM with 303 samples...
2025-11-23 09:22:13,793 - trading_bot - INFO - [WFA] Training on 304 samples to score trade 305/14196 (2023-01-25 05:05:00).
2025-11-23 09:22:13,793 - trading_bot - INFO - Training LGBM with 304 samples...
2025-11-23 09:22:16,744 - trading_bot - INFO - [WFA] Training on 305 samples to score trade 306/14196 (2023-01-25 05:10:00).
2025-11-23 09:22:16,745 - trading_bot - INFO - Training LGBM with 305 samples...
2025-11-23 09:22:19,741 - trading_bot - INFO - [WFA] Training on 306 samples to score trade 307/14196 (2023-01-25 05:50:00).
2025-11-23 09:22:19,742 - trading_bot - INFO - Training LGBM with 306 samples...
2025-11-23 09:22:22,652 - trading_bot - INFO - [WFA] Training on 307 samples to score trade 308/14196 (2023-01-25 05:55:00).
2025-11-23 09:22:22,653 - trading_bot - INFO - Training LGBM with 307 samples...
2025-11-23 09:22:25,686 - trading_bot - INFO - [WFA] Training on 308 samples to score trade 309/14196 (2023-01-25 06:45:00).
2025-11-23 09:22:25,687 - trading_bot - INFO - Training LGBM with 308 samples...
2025-11-23 09:22:28,458 - trading_bot - INFO - [WFA] Training on 309 samples to score trade 310/14196 (2023-01-25 06:55:00).
2025-11-23 09:22:28,458 - trading_bot - INFO - Training LGBM with 309 samples...
2025-11-23 09:22:31,144 - trading_bot - INFO - [WFA] Training on 310 samples to score trade 311/14196 (2023-01-25 07:30:00).
2025-11-23 09:22:31,145 - trading_bot - INFO - Training LGBM with 310 samples...
2025-11-23 09:22:33,959 - trading_bot - INFO - [WFA] Training on 311 samples to score trade 312/14196 (2023-01-25 08:00:00).
2025-11-23 09:22:33,959 - trading_bot - INFO - Training LGBM with 311 samples...
2025-11-23 09:22:36,753 - trading_bot - INFO - [WFA] Training on 312 samples to score trade 313/14196 (2023-01-25 08:20:00).
2025-11-23 09:22:36,753 - trading_bot - INFO - Training LGBM with 312 samples...
2025-11-23 09:22:39,506 - trading_bot - INFO - [WFA] Training on 313 samples to score trade 314/14196 (2023-01-25 08:30:00).
2025-11-23 09:22:39,506 - trading_bot - INFO - Training LGBM with 313 samples...
2025-11-23 09:22:42,299 - trading_bot - INFO - [WFA] Training on 314 samples to score trade 315/14196 (2023-01-25 08:55:00).
2025-11-23 09:22:42,299 - trading_bot - INFO - Training LGBM with 314 samples...
2025-11-23 09:22:45,161 - trading_bot - INFO - [WFA] Training on 315 samples to score trade 316/14196 (2023-01-25 09:20:00).
2025-11-23 09:22:45,161 - trading_bot - INFO - Training LGBM with 315 samples...
2025-11-23 09:22:48,003 - trading_bot - INFO - [WFA] Training on 316 samples to score trade 317/14196 (2023-01-25 09:30:00).
2025-11-23 09:22:48,004 - trading_bot - INFO - Training LGBM with 316 samples...
2025-11-23 09:22:51,138 - trading_bot - INFO - [WFA] Training on 317 samples to score trade 318/14196 (2023-01-25 10:45:00).
2025-11-23 09:22:51,139 - trading_bot - INFO - Training LGBM with 317 samples...
2025-11-23 09:22:53,982 - trading_bot - INFO - [WFA] Training on 318 samples to score trade 319/14196 (2023-01-25 11:30:00).
2025-11-23 09:22:53,983 - trading_bot - INFO - Training LGBM with 318 samples...
2025-11-23 09:22:56,837 - trading_bot - INFO - [WFA] Training on 319 samples to score trade 320/14196 (2023-01-25 12:05:00).
2025-11-23 09:22:56,837 - trading_bot - INFO - Training LGBM with 319 samples...
2025-11-23 09:22:59,862 - trading_bot - INFO - [WFA] Training on 320 samples to score trade 321/14196 (2023-01-25 12:10:00).
2025-11-23 09:22:59,862 - trading_bot - INFO - Training LGBM with 320 samples...
2025-11-23 09:23:03,000 - trading_bot - INFO - [WFA] Training on 321 samples to score trade 322/14196 (2023-01-25 12:25:00).
2025-11-23 09:23:03,001 - trading_bot - INFO - Training LGBM with 321 samples...
2025-11-23 09:23:06,147 - trading_bot - INFO - [WFA] Training on 322 samples to score trade 323/14196 (2023-01-25 13:00:00).
2025-11-23 09:23:06,148 - trading_bot - INFO - Training LGBM with 322 samples...
2025-11-23 09:23:09,247 - trading_bot - INFO - [WFA] Training on 323 samples to score trade 324/14196 (2023-01-25 13:15:00).
2025-11-23 09:23:09,248 - trading_bot - INFO - Training LGBM with 323 samples...
2025-11-23 09:23:12,366 - trading_bot - INFO - [WFA] Training on 324 samples to score trade 325/14196 (2023-01-25 13:45:00).
2025-11-23 09:23:12,367 - trading_bot - INFO - Training LGBM with 324 samples...
2025-11-23 09:23:15,523 - trading_bot - INFO - [WFA] Training on 325 samples to score trade 326/14196 (2023-01-25 13:50:00).
2025-11-23 09:23:15,524 - trading_bot - INFO - Training LGBM with 325 samples...
2025-11-23 09:23:18,961 - trading_bot - INFO - [WFA] Training on 326 samples to score trade 327/14196 (2023-01-25 14:00:00).
2025-11-23 09:23:18,962 - trading_bot - INFO - Training LGBM with 326 samples...
2025-11-23 09:23:22,166 - trading_bot - INFO - [WFA] Training on 327 samples to score trade 328/14196 (2023-01-25 14:35:00).
2025-11-23 09:23:22,167 - trading_bot - INFO - Training LGBM with 327 samples...
2025-11-23 09:23:25,108 - trading_bot - INFO - [WFA] Training on 328 samples to score trade 329/14196 (2023-01-25 16:00:00).
2025-11-23 09:23:25,109 - trading_bot - INFO - Training LGBM with 328 samples...
2025-11-23 09:23:28,889 - trading_bot - INFO - [WFA] Training on 329 samples to score trade 330/14196 (2023-01-25 16:35:00).
2025-11-23 09:23:28,890 - trading_bot - INFO - Training LGBM with 329 samples...
2025-11-23 09:23:31,963 - trading_bot - INFO - [WFA] Training on 330 samples to score trade 331/14196 (2023-01-25 17:00:00).
2025-11-23 09:23:31,963 - trading_bot - INFO - Training LGBM with 330 samples...
2025-11-23 09:23:34,907 - trading_bot - INFO - [WFA] Training on 331 samples to score trade 332/14196 (2023-01-25 17:05:00).
2025-11-23 09:23:34,907 - trading_bot - INFO - Training LGBM with 331 samples...
2025-11-23 09:23:38,043 - trading_bot - INFO - [WFA] Training on 332 samples to score trade 333/14196 (2023-01-25 17:20:00).
2025-11-23 09:23:38,044 - trading_bot - INFO - Training LGBM with 332 samples...
2025-11-23 09:23:41,170 - trading_bot - INFO - [WFA] Training on 333 samples to score trade 334/14196 (2023-01-25 17:40:00).
2025-11-23 09:23:41,170 - trading_bot - INFO - Training LGBM with 333 samples...
2025-11-23 09:23:44,409 - trading_bot - INFO - [WFA] Training on 334 samples to score trade 335/14196 (2023-01-25 18:15:00).
2025-11-23 09:23:44,410 - trading_bot - INFO - Training LGBM with 334 samples...
2025-11-23 09:23:47,634 - trading_bot - INFO - [WFA] Training on 335 samples to score trade 336/14196 (2023-01-25 19:55:00).
2025-11-23 09:23:47,635 - trading_bot - INFO - Training LGBM with 335 samples...
2025-11-23 09:23:50,727 - trading_bot - INFO - [WFA] Training on 336 samples to score trade 337/14196 (2023-01-25 20:00:00).
2025-11-23 09:23:50,728 - trading_bot - INFO - Training LGBM with 336 samples...
2025-11-23 09:23:53,775 - trading_bot - INFO - [WFA] Training on 337 samples to score trade 338/14196 (2023-01-25 20:55:00).
2025-11-23 09:23:53,776 - trading_bot - INFO - Training LGBM with 337 samples...
2025-11-23 09:23:56,965 - trading_bot - INFO - [WFA] Training on 338 samples to score trade 339/14196 (2023-01-25 22:10:00).
2025-11-23 09:23:56,966 - trading_bot - INFO - Training LGBM with 338 samples...
2025-11-23 09:24:00,404 - trading_bot - INFO - [WFA] Training on 339 samples to score trade 340/14196 (2023-01-26 02:55:00).
2025-11-23 09:24:00,405 - trading_bot - INFO - Training LGBM with 339 samples...
2025-11-23 09:24:03,615 - trading_bot - INFO - [WFA] Training on 340 samples to score trade 341/14196 (2023-01-26 03:00:00).
2025-11-23 09:24:03,616 - trading_bot - INFO - Training LGBM with 340 samples...
2025-11-23 09:24:06,890 - trading_bot - INFO - [WFA] Training on 341 samples to score trade 342/14196 (2023-01-26 03:40:00).
2025-11-23 09:24:06,890 - trading_bot - INFO - Training LGBM with 341 samples...
2025-11-23 09:24:10,154 - trading_bot - INFO - [WFA] Training on 342 samples to score trade 343/14196 (2023-01-26 04:15:00).
2025-11-23 09:24:10,155 - trading_bot - INFO - Training LGBM with 342 samples...
2025-11-23 09:24:13,362 - trading_bot - INFO - [WFA] Training on 343 samples to score trade 344/14196 (2023-01-26 04:55:00).
2025-11-23 09:24:13,363 - trading_bot - INFO - Training LGBM with 343 samples...
2025-11-23 09:24:16,673 - trading_bot - INFO - [WFA] Training on 344 samples to score trade 345/14196 (2023-01-26 06:45:00).
2025-11-23 09:24:16,674 - trading_bot - INFO - Training LGBM with 344 samples...
2025-11-23 09:24:20,172 - trading_bot - INFO - [WFA] Training on 345 samples to score trade 346/14196 (2023-01-26 07:50:00).
2025-11-23 09:24:20,173 - trading_bot - INFO - Training LGBM with 345 samples...
2025-11-23 09:24:23,422 - trading_bot - INFO - [WFA] Training on 346 samples to score trade 347/14196 (2023-01-26 08:05:00).
2025-11-23 09:24:23,423 - trading_bot - INFO - Training LGBM with 346 samples...
2025-11-23 09:24:26,730 - trading_bot - INFO - [WFA] Training on 347 samples to score trade 348/14196 (2023-01-26 08:25:00).
2025-11-23 09:24:26,731 - trading_bot - INFO - Training LGBM with 347 samples...
2025-11-23 09:24:30,203 - trading_bot - INFO - [WFA] Training on 348 samples to score trade 349/14196 (2023-01-26 08:30:00).
2025-11-23 09:24:30,204 - trading_bot - INFO - Training LGBM with 348 samples...
2025-11-23 09:24:33,665 - trading_bot - INFO - [WFA] Training on 349 samples to score trade 350/14196 (2023-01-26 09:00:00).
2025-11-23 09:24:33,666 - trading_bot - INFO - Training LGBM with 349 samples...
