2025-11-30 18:51:02,030 - trading_bot - INFO - Fetching SPY bars from Alpaca (5Min)...
2025-11-30 18:51:22,545 - trading_bot - INFO - Loaded H4 data directly: 1081 bars
2025-11-30 18:51:22,548 - trading_bot - INFO - Loaded Daily data directly: 255 bars
2025-11-30 18:51:25,572 - trading_bot - INFO - Generating candidates...
2025-11-30 18:51:30,347 - trading_bot - INFO - Scanning... 10.7% (5000/46762)
2025-11-30 18:51:35,235 - trading_bot - INFO - Scanning... 21.4% (10000/46762)
2025-11-30 18:51:41,375 - trading_bot - INFO - Scanning... 32.1% (15000/46762)
2025-11-30 18:51:47,132 - trading_bot - INFO - Scanning... 42.8% (20000/46762)
2025-11-30 18:51:52,723 - trading_bot - INFO - Scanning... 53.5% (25000/46762)
2025-11-30 18:51:58,719 - trading_bot - INFO - Scanning... 64.2% (30000/46762)
2025-11-30 18:52:04,439 - trading_bot - INFO - Scanning... 74.8% (35000/46762)
2025-11-30 18:52:11,197 - trading_bot - INFO - Scanning... 85.5% (40000/46762)
2025-11-30 18:52:17,403 - trading_bot - INFO - Scanning... 96.2% (45000/46762)
2025-11-30 18:52:19,574 - trading_bot - INFO - Training LGBM with 34531 samples...
2025-11-30 18:52:25,351 - trading_bot - INFO - Fetching SPY bars from Alpaca (5Min)...
2025-11-30 18:52:49,599 - trading_bot - INFO - Loaded H4 data directly: 1075 bars
2025-11-30 18:52:49,602 - trading_bot - INFO - Loaded Daily data directly: 255 bars
2025-11-30 18:52:52,636 - trading_bot - INFO - Generating candidates...
2025-11-30 18:52:57,531 - trading_bot - INFO - Scanning... 10.8% (5000/46223)
2025-11-30 18:53:02,802 - trading_bot - INFO - Scanning... 21.6% (10000/46223)
2025-11-30 18:53:08,297 - trading_bot - INFO - Scanning... 32.5% (15000/46223)
2025-11-30 18:53:14,693 - trading_bot - INFO - Scanning... 43.3% (20000/46223)
2025-11-30 18:53:20,627 - trading_bot - INFO - Scanning... 54.1% (25000/46223)
2025-11-30 18:53:26,477 - trading_bot - INFO - Scanning... 64.9% (30000/46223)
2025-11-30 18:53:32,504 - trading_bot - INFO - Scanning... 75.7% (35000/46223)
2025-11-30 18:53:38,520 - trading_bot - INFO - Scanning... 86.5% (40000/46223)
2025-11-30 18:53:46,212 - trading_bot - INFO - Scanning... 97.4% (45000/46223)
2025-11-30 18:53:47,376 - trading_bot - INFO - Training LGBM with 30895 samples...
2025-11-30 18:53:53,748 - trading_bot - INFO - Fetching SPY bars from Alpaca (5Min)...
2025-11-30 18:54:14,180 - trading_bot - INFO - Loaded H4 data directly: 1077 bars
2025-11-30 18:54:14,183 - trading_bot - INFO - Loaded Daily data directly: 252 bars
2025-11-30 18:54:17,298 - trading_bot - INFO - Generating candidates...
2025-11-30 18:54:22,041 - trading_bot - INFO - Scanning... 10.7% (5000/46780)
2025-11-30 18:54:28,327 - trading_bot - INFO - Scanning... 21.4% (10000/46780)
2025-11-30 18:54:34,466 - trading_bot - INFO - Scanning... 32.1% (15000/46780)
2025-11-30 18:54:40,621 - trading_bot - INFO - Scanning... 42.8% (20000/46780)
2025-11-30 18:54:47,658 - trading_bot - INFO - Scanning... 53.4% (25000/46780)
2025-11-30 18:54:54,248 - trading_bot - INFO - Scanning... 64.1% (30000/46780)
2025-11-30 18:55:01,236 - trading_bot - INFO - Scanning... 74.8% (35000/46780)
2025-11-30 18:55:08,430 - trading_bot - INFO - Scanning... 85.5% (40000/46780)
2025-11-30 18:55:15,808 - trading_bot - INFO - Scanning... 96.2% (45000/46780)
2025-11-30 18:55:18,259 - trading_bot - INFO - Training LGBM with 36678 samples...
2025-11-30 18:55:24,676 - trading_bot - INFO - Fetching SPY bars from Alpaca (5Min)...
2025-11-30 18:55:44,640 - trading_bot - INFO - Loaded H4 data directly: 1075 bars
2025-11-30 18:55:44,643 - trading_bot - INFO - Loaded Daily data directly: 258 bars
2025-11-30 18:55:47,680 - trading_bot - INFO - Generating candidates...
2025-11-30 18:55:52,117 - trading_bot - INFO - Scanning... 10.7% (5000/46766)
2025-11-30 18:55:57,347 - trading_bot - INFO - Scanning... 21.4% (10000/46766)
2025-11-30 18:56:02,415 - trading_bot - INFO - Scanning... 32.1% (15000/46766)
2025-11-30 18:56:08,903 - trading_bot - INFO - Scanning... 42.8% (20000/46766)
2025-11-30 18:56:15,718 - trading_bot - INFO - Scanning... 53.5% (25000/46766)
2025-11-30 18:56:22,526 - trading_bot - INFO - Scanning... 64.1% (30000/46766)
2025-11-30 18:56:28,437 - trading_bot - INFO - Scanning... 74.8% (35000/46766)
2025-11-30 18:56:34,788 - trading_bot - INFO - Scanning... 85.5% (40000/46766)
2025-11-30 18:56:40,631 - trading_bot - INFO - Scanning... 96.2% (45000/46766)
2025-11-30 18:56:43,553 - trading_bot - INFO - Training LGBM with 32571 samples...
2025-11-30 18:56:49,508 - trading_bot - INFO - Fetching SPY bars from Alpaca (5Min)...
2025-11-30 18:57:09,237 - trading_bot - INFO - Loaded H4 data directly: 1093 bars
2025-11-30 18:57:09,240 - trading_bot - INFO - Loaded Daily data directly: 271 bars
2025-11-30 18:57:12,309 - trading_bot - INFO - Generating candidates...
2025-11-30 18:57:16,951 - trading_bot - INFO - Scanning... 10.7% (5000/46894)
2025-11-30 18:57:21,921 - trading_bot - INFO - Scanning... 21.3% (10000/46894)
2025-11-30 18:57:27,520 - trading_bot - INFO - Scanning... 32.0% (15000/46894)
2025-11-30 18:57:33,446 - trading_bot - INFO - Scanning... 42.6% (20000/46894)
2025-11-30 18:57:38,972 - trading_bot - INFO - Scanning... 53.3% (25000/46894)
2025-11-30 18:57:44,104 - trading_bot - INFO - Scanning... 64.0% (30000/46894)
2025-11-30 18:57:50,933 - trading_bot - INFO - Scanning... 74.6% (35000/46894)
2025-11-30 18:57:57,662 - trading_bot - INFO - Scanning... 85.3% (40000/46894)
2025-11-30 18:58:04,860 - trading_bot - INFO - Scanning... 96.0% (45000/46894)
2025-11-30 18:58:07,508 - trading_bot - INFO - Training LGBM with 29537 samples...
