2025-11-21 06:42:29,188 - trading_bot - INFO - Loading data from Data/XAU_5m_data.csv
2025-11-21 06:42:34,125 - trading_bot - INFO - Data loaded: 752303 rows (Base Timeframe 5m)
2025-11-21 06:42:34,192 - trading_bot - INFO - Resampled: H4=16509, H1=63049
2025-11-21 06:43:25,544 - trading_bot - INFO - Detected 129254 FVGs and 52679 OBs on Base Timeframe
2025-11-21 06:43:25,546 - trading_bot - INFO - Generating candidates...
2025-11-21 06:43:32,122 - trading_bot - INFO - Scanning... 0.7% (5000/752303)
2025-11-21 06:43:47,947 - trading_bot - INFO - Scanning... 1.3% (10000/752303)
2025-11-21 06:44:00,438 - trading_bot - INFO - Scanning... 2.0% (15000/752303)
2025-11-21 06:44:05,959 - trading_bot - INFO - Scanning... 2.7% (20000/752303)
2025-11-21 06:44:16,233 - trading_bot - INFO - Scanning... 3.3% (25000/752303)
2025-11-21 06:44:29,749 - trading_bot - INFO - Scanning... 4.0% (30000/752303)
2025-11-21 06:44:46,649 - trading_bot - INFO - Scanning... 4.7% (35000/752303)
2025-11-21 06:44:49,140 - trading_bot - INFO - Scanning... 5.3% (40000/752303)
2025-11-21 06:45:04,196 - trading_bot - INFO - Scanning... 6.0% (45000/752303)
2025-11-21 06:45:18,236 - trading_bot - INFO - Scanning... 6.6% (50000/752303)
2025-11-21 06:45:24,550 - trading_bot - INFO - Scanning... 7.3% (55000/752303)
2025-11-21 06:45:35,272 - trading_bot - INFO - Scanning... 8.0% (60000/752303)
2025-11-21 06:45:50,748 - trading_bot - INFO - Scanning... 8.6% (65000/752303)
2025-11-21 06:46:07,815 - trading_bot - INFO - Scanning... 9.3% (70000/752303)
2025-11-21 06:46:14,392 - trading_bot - INFO - Scanning... 10.0% (75000/752303)
2025-11-21 06:46:20,133 - trading_bot - INFO - Scanning... 10.6% (80000/752303)
2025-11-21 06:46:27,200 - trading_bot - INFO - Scanning... 11.3% (85000/752303)
2025-11-21 06:46:40,150 - trading_bot - INFO - Scanning... 12.0% (90000/752303)
2025-11-21 06:46:57,304 - trading_bot - INFO - Scanning... 12.6% (95000/752303)
2025-11-21 06:47:04,237 - trading_bot - INFO - Scanning... 13.3% (100000/752303)
2025-11-21 06:47:12,753 - trading_bot - INFO - Scanning... 14.0% (105000/752303)
2025-11-21 06:47:19,231 - trading_bot - INFO - Scanning... 14.6% (110000/752303)
2025-11-21 06:47:29,982 - trading_bot - INFO - Scanning... 15.3% (115000/752303)
2025-11-21 06:47:46,147 - trading_bot - INFO - Scanning... 16.0% (120000/752303)
2025-11-21 06:47:56,708 - trading_bot - INFO - Scanning... 16.6% (125000/752303)
2025-11-21 06:48:03,175 - trading_bot - INFO - Scanning... 17.3% (130000/752303)
2025-11-21 06:48:17,126 - trading_bot - INFO - Scanning... 17.9% (135000/752303)
2025-11-21 06:48:27,835 - trading_bot - INFO - Scanning... 18.6% (140000/752303)
2025-11-21 06:48:36,976 - trading_bot - INFO - Scanning... 19.3% (145000/752303)
2025-11-21 06:48:46,393 - trading_bot - INFO - Scanning... 19.9% (150000/752303)
2025-11-21 06:48:50,486 - trading_bot - INFO - Scanning... 20.6% (155000/752303)
2025-11-21 06:49:03,272 - trading_bot - INFO - Scanning... 21.3% (160000/752303)
2025-11-21 06:49:17,015 - trading_bot - INFO - Scanning... 21.9% (165000/752303)
2025-11-21 06:49:23,081 - trading_bot - INFO - Scanning... 22.6% (170000/752303)
2025-11-21 06:49:37,371 - trading_bot - INFO - Scanning... 23.3% (175000/752303)
2025-11-21 06:49:44,302 - trading_bot - INFO - Scanning... 23.9% (180000/752303)
2025-11-21 06:49:56,612 - trading_bot - INFO - Scanning... 24.6% (185000/752303)
2025-11-21 06:50:01,421 - trading_bot - INFO - Scanning... 25.3% (190000/752303)
2025-11-21 06:50:13,818 - trading_bot - INFO - Scanning... 25.9% (195000/752303)
2025-11-21 06:50:27,459 - trading_bot - INFO - Scanning... 26.6% (200000/752303)
2025-11-21 06:50:39,627 - trading_bot - INFO - Scanning... 27.2% (205000/752303)
2025-11-21 06:50:44,350 - trading_bot - INFO - Scanning... 27.9% (210000/752303)
2025-11-21 06:50:51,919 - trading_bot - INFO - Scanning... 28.6% (215000/752303)
2025-11-21 06:51:06,662 - trading_bot - INFO - Scanning... 29.2% (220000/752303)
2025-11-21 06:51:20,830 - trading_bot - INFO - Scanning... 29.9% (225000/752303)
2025-11-21 06:51:32,572 - trading_bot - INFO - Scanning... 30.6% (230000/752303)
2025-11-21 06:51:47,116 - trading_bot - INFO - Scanning... 31.2% (235000/752303)
2025-11-21 06:52:08,270 - trading_bot - INFO - Scanning... 31.9% (240000/752303)
2025-11-21 06:52:32,324 - trading_bot - INFO - Scanning... 32.6% (245000/752303)
2025-11-21 06:52:47,559 - trading_bot - INFO - Scanning... 33.2% (250000/752303)
2025-11-21 06:53:00,547 - trading_bot - INFO - Scanning... 33.9% (255000/752303)
2025-11-21 06:53:14,313 - trading_bot - INFO - Scanning... 34.6% (260000/752303)
2025-11-21 06:53:19,232 - trading_bot - INFO - Scanning... 35.2% (265000/752303)
2025-11-21 06:53:35,413 - trading_bot - INFO - Scanning... 35.9% (270000/752303)
2025-11-21 06:53:39,176 - trading_bot - INFO - Scanning... 36.6% (275000/752303)
2025-11-21 06:53:54,556 - trading_bot - INFO - Scanning... 37.2% (280000/752303)
2025-11-21 06:54:11,850 - trading_bot - INFO - Scanning... 37.9% (285000/752303)
2025-11-21 06:54:26,484 - trading_bot - INFO - Scanning... 38.5% (290000/752303)
2025-11-21 06:54:36,637 - trading_bot - INFO - Scanning... 39.2% (295000/752303)
2025-11-21 06:54:42,311 - trading_bot - INFO - Scanning... 39.9% (300000/752303)
2025-11-21 06:54:54,154 - trading_bot - INFO - Scanning... 40.5% (305000/752303)
2025-11-21 06:55:13,202 - trading_bot - INFO - Scanning... 41.2% (310000/752303)
2025-11-21 06:55:23,997 - trading_bot - INFO - Scanning... 41.9% (315000/752303)
2025-11-21 06:55:42,714 - trading_bot - INFO - Scanning... 42.5% (320000/752303)
2025-11-21 06:55:52,658 - trading_bot - INFO - Scanning... 43.2% (325000/752303)
2025-11-21 06:56:07,180 - trading_bot - INFO - Scanning... 43.9% (330000/752303)
2025-11-21 06:56:26,514 - trading_bot - INFO - Scanning... 44.5% (335000/752303)
2025-11-21 06:56:40,081 - trading_bot - INFO - Scanning... 45.2% (340000/752303)
2025-11-21 06:56:50,268 - trading_bot - INFO - Scanning... 45.9% (345000/752303)
2025-11-21 06:56:57,034 - trading_bot - INFO - Scanning... 46.5% (350000/752303)
2025-11-21 06:57:08,253 - trading_bot - INFO - Scanning... 47.2% (355000/752303)
2025-11-21 06:57:17,375 - trading_bot - INFO - Scanning... 47.9% (360000/752303)
2025-11-21 06:57:30,018 - trading_bot - INFO - Scanning... 48.5% (365000/752303)
2025-11-21 06:57:43,516 - trading_bot - INFO - Scanning... 49.2% (370000/752303)
2025-11-21 06:58:10,631 - trading_bot - INFO - Scanning... 49.8% (375000/752303)
2025-11-21 06:58:23,708 - trading_bot - INFO - Scanning... 50.5% (380000/752303)
2025-11-21 06:58:37,021 - trading_bot - INFO - Scanning... 51.2% (385000/752303)
2025-11-21 06:58:47,396 - trading_bot - INFO - Scanning... 51.8% (390000/752303)
2025-11-21 06:59:02,914 - trading_bot - INFO - Scanning... 52.5% (395000/752303)
2025-11-21 06:59:22,642 - trading_bot - INFO - Scanning... 53.2% (400000/752303)
2025-11-21 06:59:35,783 - trading_bot - INFO - Scanning... 53.8% (405000/752303)
2025-11-21 06:59:53,736 - trading_bot - INFO - Scanning... 54.5% (410000/752303)
2025-11-21 07:00:11,404 - trading_bot - INFO - Scanning... 55.2% (415000/752303)
2025-11-21 07:00:26,201 - trading_bot - INFO - Scanning... 55.8% (420000/752303)
2025-11-21 07:00:33,476 - trading_bot - INFO - Scanning... 56.5% (425000/752303)
2025-11-21 07:00:43,673 - trading_bot - INFO - Scanning... 57.2% (430000/752303)
2025-11-21 07:00:56,130 - trading_bot - INFO - Scanning... 57.8% (435000/752303)
2025-11-21 07:01:09,218 - trading_bot - INFO - Scanning... 58.5% (440000/752303)
2025-11-21 07:01:25,346 - trading_bot - INFO - Scanning... 59.2% (445000/752303)
2025-11-21 07:01:49,375 - trading_bot - INFO - Scanning... 59.8% (450000/752303)
2025-11-21 07:02:02,718 - trading_bot - INFO - Scanning... 60.5% (455000/752303)
2025-11-21 07:02:16,531 - trading_bot - INFO - Scanning... 61.1% (460000/752303)
2025-11-21 07:02:29,201 - trading_bot - INFO - Scanning... 61.8% (465000/752303)
2025-11-21 07:02:44,899 - trading_bot - INFO - Scanning... 62.5% (470000/752303)
2025-11-21 07:03:10,401 - trading_bot - INFO - Scanning... 63.1% (475000/752303)
2025-11-21 07:03:33,255 - trading_bot - INFO - Scanning... 63.8% (480000/752303)
2025-11-21 07:03:51,413 - trading_bot - INFO - Scanning... 64.5% (485000/752303)
2025-11-21 07:04:06,851 - trading_bot - INFO - Scanning... 65.1% (490000/752303)
2025-11-21 07:04:25,006 - trading_bot - INFO - Scanning... 65.8% (495000/752303)
2025-11-21 07:04:43,989 - trading_bot - INFO - Scanning... 66.5% (500000/752303)
2025-11-21 07:04:49,005 - trading_bot - INFO - Scanning... 67.1% (505000/752303)
2025-11-21 07:05:08,898 - trading_bot - INFO - Scanning... 67.8% (510000/752303)
2025-11-21 07:05:17,415 - trading_bot - INFO - Scanning... 68.5% (515000/752303)
2025-11-21 07:05:29,200 - trading_bot - INFO - Scanning... 69.1% (520000/752303)
2025-11-21 07:06:02,373 - trading_bot - INFO - Scanning... 69.8% (525000/752303)
2025-11-21 07:06:24,517 - trading_bot - INFO - Scanning... 70.5% (530000/752303)
2025-11-21 07:06:40,865 - trading_bot - INFO - Scanning... 71.1% (535000/752303)
2025-11-21 07:07:04,389 - trading_bot - INFO - Scanning... 71.8% (540000/752303)
2025-11-21 07:07:14,620 - trading_bot - INFO - Scanning... 72.4% (545000/752303)
2025-11-21 07:07:39,535 - trading_bot - INFO - Scanning... 73.1% (550000/752303)
2025-11-21 07:08:00,213 - trading_bot - INFO - Scanning... 73.8% (555000/752303)
2025-11-21 07:08:13,115 - trading_bot - INFO - Scanning... 74.4% (560000/752303)
2025-11-21 07:08:18,741 - trading_bot - INFO - Scanning... 75.1% (565000/752303)
2025-11-21 07:08:48,340 - trading_bot - INFO - Scanning... 75.8% (570000/752303)
2025-11-21 07:09:08,974 - trading_bot - INFO - Scanning... 76.4% (575000/752303)
2025-11-21 07:09:27,891 - trading_bot - INFO - Scanning... 77.1% (580000/752303)
2025-11-21 07:09:49,141 - trading_bot - INFO - Scanning... 77.8% (585000/752303)
2025-11-21 07:10:07,673 - trading_bot - INFO - Scanning... 78.4% (590000/752303)
2025-11-21 07:10:30,707 - trading_bot - INFO - Scanning... 79.1% (595000/752303)
2025-11-21 07:10:46,510 - trading_bot - INFO - Scanning... 79.8% (600000/752303)
2025-11-21 07:11:08,679 - trading_bot - INFO - Scanning... 80.4% (605000/752303)
2025-11-21 07:11:28,024 - trading_bot - INFO - Scanning... 81.1% (610000/752303)
2025-11-21 07:11:45,136 - trading_bot - INFO - Scanning... 81.7% (615000/752303)
2025-11-21 07:11:53,933 - trading_bot - INFO - Scanning... 82.4% (620000/752303)
2025-11-21 07:12:08,446 - trading_bot - INFO - Scanning... 83.1% (625000/752303)
2025-11-21 07:12:34,337 - trading_bot - INFO - Scanning... 83.7% (630000/752303)
2025-11-21 07:12:46,341 - trading_bot - INFO - Scanning... 84.4% (635000/752303)
2025-11-21 07:12:59,601 - trading_bot - INFO - Scanning... 85.1% (640000/752303)
2025-11-21 07:13:10,415 - trading_bot - INFO - Scanning... 85.7% (645000/752303)
2025-11-21 07:13:34,484 - trading_bot - INFO - Scanning... 86.4% (650000/752303)
2025-11-21 07:13:47,715 - trading_bot - INFO - Scanning... 87.1% (655000/752303)
2025-11-21 07:14:01,767 - trading_bot - INFO - Scanning... 87.7% (660000/752303)
2025-11-21 07:14:42,371 - trading_bot - INFO - Scanning... 88.4% (665000/752303)
2025-11-21 07:15:07,270 - trading_bot - INFO - Scanning... 89.1% (670000/752303)
2025-11-21 07:15:26,681 - trading_bot - INFO - Scanning... 89.7% (675000/752303)
2025-11-21 07:15:41,605 - trading_bot - INFO - Scanning... 90.4% (680000/752303)
2025-11-21 07:16:01,393 - trading_bot - INFO - Scanning... 91.1% (685000/752303)
2025-11-21 07:16:16,119 - trading_bot - INFO - Scanning... 91.7% (690000/752303)
2025-11-21 07:16:29,112 - trading_bot - INFO - Scanning... 92.4% (695000/752303)
2025-11-21 07:17:06,742 - trading_bot - INFO - Scanning... 93.0% (700000/752303)
2025-11-21 07:17:31,691 - trading_bot - INFO - Scanning... 93.7% (705000/752303)
2025-11-21 07:17:45,000 - trading_bot - INFO - Scanning... 94.4% (710000/752303)
2025-11-21 07:18:02,275 - trading_bot - INFO - Scanning... 95.0% (715000/752303)
2025-11-21 07:18:15,899 - trading_bot - INFO - Scanning... 95.7% (720000/752303)
2025-11-21 07:18:35,187 - trading_bot - INFO - Scanning... 96.4% (725000/752303)
2025-11-21 07:18:58,116 - trading_bot - INFO - Scanning... 97.0% (730000/752303)
2025-11-21 07:19:22,661 - trading_bot - INFO - Scanning... 97.7% (735000/752303)
2025-11-21 07:19:48,070 - trading_bot - INFO - Scanning... 98.4% (740000/752303)
2025-11-21 07:19:54,180 - trading_bot - INFO - Scanning... 99.0% (745000/752303)
2025-11-21 07:20:09,414 - trading_bot - INFO - Scanning... 99.7% (750000/752303)
2025-11-21 07:20:13,685 - trading_bot - INFO - Generated 167775 candidates
2025-11-21 07:20:13,698 - trading_bot - INFO - Starting WFA from 2015-01-09 04:00:00 to 2025-10-31 18:45:00
2025-11-21 07:20:13,702 - trading_bot - INFO - Fold: Train 2015-01-09 -> 2019-01-09 (61703), Test -> 2019-07-09 (8506)
2025-11-21 07:20:13,703 - trading_bot - INFO - Training LGBM with 61703 samples...
2025-11-21 07:20:19,655 - trading_bot - INFO - Fold: Train 2015-07-09 -> 2019-07-09 (61347), Test -> 2020-01-09 (6485)
2025-11-21 07:20:19,656 - trading_bot - INFO - Training LGBM with 61347 samples...
2025-11-21 07:20:24,824 - trading_bot - INFO - Fold: Train 2016-01-09 -> 2020-01-09 (59723), Test -> 2020-07-09 (7218)
2025-11-21 07:20:24,827 - trading_bot - INFO - Training LGBM with 59723 samples...
2025-11-21 07:20:29,940 - trading_bot - INFO - Fold: Train 2016-07-09 -> 2020-07-09 (61156), Test -> 2021-01-09 (7731)
2025-11-21 07:20:29,941 - trading_bot - INFO - Training LGBM with 61156 samples...
2025-11-21 07:20:35,140 - trading_bot - INFO - Fold: Train 2017-01-09 -> 2021-01-09 (61856), Test -> 2021-07-09 (6751)
2025-11-21 07:20:35,141 - trading_bot - INFO - Training LGBM with 61856 samples...
2025-11-21 07:20:40,314 - trading_bot - INFO - Fold: Train 2017-07-09 -> 2021-07-09 (61270), Test -> 2022-01-09 (9741)
2025-11-21 07:20:40,315 - trading_bot - INFO - Training LGBM with 61270 samples...
2025-11-21 07:20:45,505 - trading_bot - INFO - Fold: Train 2018-01-09 -> 2022-01-09 (64957), Test -> 2022-07-09 (7250)
2025-11-21 07:20:45,506 - trading_bot - INFO - Training LGBM with 64957 samples...
2025-11-21 07:20:50,699 - trading_bot - INFO - Fold: Train 2018-07-09 -> 2022-07-09 (61745), Test -> 2023-01-09 (9285)
2025-11-21 07:20:50,700 - trading_bot - INFO - Training LGBM with 61745 samples...
2025-11-21 07:20:55,874 - trading_bot - INFO - Fold: Train 2019-01-09 -> 2023-01-09 (62967), Test -> 2023-07-09 (10121)
2025-11-21 07:20:55,875 - trading_bot - INFO - Training LGBM with 62967 samples...
2025-11-21 07:21:01,156 - trading_bot - INFO - Fold: Train 2019-07-09 -> 2023-07-09 (64582), Test -> 2024-01-09 (7997)
2025-11-21 07:21:01,158 - trading_bot - INFO - Training LGBM with 64582 samples...
2025-11-21 07:21:06,361 - trading_bot - INFO - Fold: Train 2020-01-09 -> 2024-01-09 (66094), Test -> 2024-07-09 (8559)
2025-11-21 07:21:06,362 - trading_bot - INFO - Training LGBM with 66094 samples...
2025-11-21 07:21:11,564 - trading_bot - INFO - Fold: Train 2020-07-09 -> 2024-07-09 (67435), Test -> 2025-01-09 (8003)
2025-11-21 07:21:11,565 - trading_bot - INFO - Training LGBM with 67435 samples...
2025-11-21 07:21:17,517 - trading_bot - INFO - Fold: Train 2021-01-09 -> 2025-01-09 (67707), Test -> 2025-07-09 (4150)
2025-11-21 07:21:17,518 - trading_bot - INFO - Training LGBM with 67707 samples...
2025-11-21 07:21:22,729 - trading_bot - INFO - Fold: Train 2021-07-09 -> 2025-07-09 (65106), Test -> 2026-01-09 (4275)
2025-11-21 07:21:22,731 - trading_bot - INFO - Training LGBM with 65106 samples...
2025-11-21 07:21:27,946 - trading_bot - INFO - Backtesting 2018 trades out of 106072 candidates...
2025-11-21 07:21:28,497 - trading_bot - INFO - Reports saved to reports/20251121_072128
