2025-11-24 19:08:33,158 - trading_bot - INFO - Loading data from Data/XAU_5m_data.csv
2025-11-24 19:08:36,377 - trading_bot - INFO - Data loaded: 1425019 rows (Base Timeframe 5m)
2025-11-24 19:08:36,377 - trading_bot - INFO - Loading data from Data/XAU_4h_data.csv
2025-11-24 19:08:36,436 - trading_bot - INFO - Loaded H4 data directly: 32418 bars
2025-11-24 19:08:36,437 - trading_bot - INFO - Loading data from Data/XAU_1d_data.csv
2025-11-24 19:08:36,447 - trading_bot - INFO - Loaded Daily data directly: 5440 bars
2025-11-24 19:08:36,525 - trading_bot - INFO - H4=32418, H1=123660
2025-11-24 19:08:45,029 - trading_bot - INFO - Using SMC (Smart Money Concepts) strategy
2025-11-24 19:09:34,977 - trading_bot - INFO - Detected 242462 FVGs and 96574 OBs on Base Timeframe
2025-11-24 19:09:34,977 - trading_bot - INFO - Generating candidates...
2025-11-24 19:09:40,902 - trading_bot - INFO - Scanning... 0.4% (5000/1425019)
2025-11-24 19:09:47,023 - trading_bot - INFO - Scanning... 0.7% (10000/1425019)
2025-11-24 19:09:53,195 - trading_bot - INFO - Scanning... 1.1% (15000/1425019)
2025-11-24 19:10:00,212 - trading_bot - INFO - Scanning... 1.4% (20000/1425019)
2025-11-24 19:10:07,403 - trading_bot - INFO - Scanning... 1.8% (25000/1425019)
2025-11-24 19:10:09,863 - trading_bot - INFO - Scanning... 2.1% (30000/1425019)
2025-11-24 19:10:16,375 - trading_bot - INFO - Scanning... 2.5% (35000/1425019)
2025-11-24 19:10:22,120 - trading_bot - INFO - Scanning... 2.8% (40000/1425019)
2025-11-24 19:10:28,138 - trading_bot - INFO - Scanning... 3.2% (45000/1425019)
2025-11-24 19:10:35,005 - trading_bot - INFO - Scanning... 3.5% (50000/1425019)
2025-11-24 19:10:42,617 - trading_bot - INFO - Scanning... 3.9% (55000/1425019)
2025-11-24 19:10:48,698 - trading_bot - INFO - Scanning... 4.2% (60000/1425019)
2025-11-24 19:10:53,687 - trading_bot - INFO - Scanning... 4.6% (65000/1425019)
2025-11-24 19:10:59,656 - trading_bot - INFO - Scanning... 4.9% (70000/1425019)
2025-11-24 19:11:06,972 - trading_bot - INFO - Scanning... 5.3% (75000/1425019)
2025-11-24 19:11:14,510 - trading_bot - INFO - Scanning... 5.6% (80000/1425019)
2025-11-24 19:11:22,366 - trading_bot - INFO - Scanning... 6.0% (85000/1425019)
2025-11-24 19:11:26,406 - trading_bot - INFO - Scanning... 6.3% (90000/1425019)
2025-11-24 19:11:32,232 - trading_bot - INFO - Scanning... 6.7% (95000/1425019)
2025-11-24 19:11:39,282 - trading_bot - INFO - Scanning... 7.0% (100000/1425019)
2025-11-24 19:11:41,540 - trading_bot - INFO - Scanning... 7.4% (105000/1425019)
2025-11-24 19:11:48,866 - trading_bot - INFO - Scanning... 7.7% (110000/1425019)
2025-11-24 19:11:52,282 - trading_bot - INFO - Scanning... 8.1% (115000/1425019)
2025-11-24 19:11:57,914 - trading_bot - INFO - Scanning... 8.4% (120000/1425019)
2025-11-24 19:12:04,890 - trading_bot - INFO - Scanning... 8.8% (125000/1425019)
2025-11-24 19:12:11,275 - trading_bot - INFO - Scanning... 9.1% (130000/1425019)
2025-11-24 19:12:15,304 - trading_bot - INFO - Scanning... 9.5% (135000/1425019)
2025-11-24 19:12:21,078 - trading_bot - INFO - Scanning... 9.8% (140000/1425019)
2025-11-24 19:12:26,668 - trading_bot - INFO - Scanning... 10.2% (145000/1425019)
2025-11-24 19:12:30,798 - trading_bot - INFO - Scanning... 10.5% (150000/1425019)
2025-11-24 19:12:35,340 - trading_bot - INFO - Scanning... 10.9% (155000/1425019)
2025-11-24 19:12:38,109 - trading_bot - INFO - Scanning... 11.2% (160000/1425019)
2025-11-24 19:12:40,840 - trading_bot - INFO - Scanning... 11.6% (165000/1425019)
2025-11-24 19:12:46,784 - trading_bot - INFO - Scanning... 11.9% (170000/1425019)
2025-11-24 19:12:50,986 - trading_bot - INFO - Scanning... 12.3% (175000/1425019)
2025-11-24 19:12:55,701 - trading_bot - INFO - Scanning... 12.6% (180000/1425019)
2025-11-24 19:13:02,737 - trading_bot - INFO - Scanning... 13.0% (185000/1425019)
2025-11-24 19:13:09,699 - trading_bot - INFO - Scanning... 13.3% (190000/1425019)
2025-11-24 19:13:15,803 - trading_bot - INFO - Scanning... 13.7% (195000/1425019)
2025-11-24 19:13:21,166 - trading_bot - INFO - Scanning... 14.0% (200000/1425019)
2025-11-24 19:13:28,013 - trading_bot - INFO - Scanning... 14.4% (205000/1425019)
2025-11-24 19:13:34,783 - trading_bot - INFO - Scanning... 14.7% (210000/1425019)
2025-11-24 19:13:42,307 - trading_bot - INFO - Scanning... 15.1% (215000/1425019)
2025-11-24 19:13:46,808 - trading_bot - INFO - Scanning... 15.4% (220000/1425019)
2025-11-24 19:13:51,426 - trading_bot - INFO - Scanning... 15.8% (225000/1425019)
2025-11-24 19:13:56,494 - trading_bot - INFO - Scanning... 16.1% (230000/1425019)
2025-11-24 19:14:02,838 - trading_bot - INFO - Scanning... 16.5% (235000/1425019)
2025-11-24 19:14:08,938 - trading_bot - INFO - Scanning... 16.8% (240000/1425019)
2025-11-24 19:14:14,759 - trading_bot - INFO - Scanning... 17.2% (245000/1425019)
2025-11-24 19:14:21,496 - trading_bot - INFO - Scanning... 17.5% (250000/1425019)
2025-11-24 19:14:27,959 - trading_bot - INFO - Scanning... 17.9% (255000/1425019)
2025-11-24 19:14:33,027 - trading_bot - INFO - Scanning... 18.2% (260000/1425019)
2025-11-24 19:14:35,915 - trading_bot - INFO - Scanning... 18.6% (265000/1425019)
2025-11-24 19:14:43,690 - trading_bot - INFO - Scanning... 18.9% (270000/1425019)
2025-11-24 19:14:51,146 - trading_bot - INFO - Scanning... 19.3% (275000/1425019)
2025-11-24 19:14:56,749 - trading_bot - INFO - Scanning... 19.6% (280000/1425019)
2025-11-24 19:15:01,773 - trading_bot - INFO - Scanning... 20.0% (285000/1425019)
2025-11-24 19:15:06,230 - trading_bot - INFO - Scanning... 20.4% (290000/1425019)
2025-11-24 19:15:11,731 - trading_bot - INFO - Scanning... 20.7% (295000/1425019)
2025-11-24 19:15:16,026 - trading_bot - INFO - Scanning... 21.1% (300000/1425019)
2025-11-24 19:15:20,945 - trading_bot - INFO - Scanning... 21.4% (305000/1425019)
2025-11-24 19:15:26,532 - trading_bot - INFO - Scanning... 21.8% (310000/1425019)
2025-11-24 19:15:31,133 - trading_bot - INFO - Scanning... 22.1% (315000/1425019)
2025-11-24 19:15:38,157 - trading_bot - INFO - Scanning... 22.5% (320000/1425019)
2025-11-24 19:15:44,845 - trading_bot - INFO - Scanning... 22.8% (325000/1425019)
2025-11-24 19:15:52,733 - trading_bot - INFO - Scanning... 23.2% (330000/1425019)
2025-11-24 19:16:00,847 - trading_bot - INFO - Scanning... 23.5% (335000/1425019)
2025-11-24 19:16:05,644 - trading_bot - INFO - Scanning... 23.9% (340000/1425019)
2025-11-24 19:16:10,956 - trading_bot - INFO - Scanning... 24.2% (345000/1425019)
2025-11-24 19:16:16,051 - trading_bot - INFO - Scanning... 24.6% (350000/1425019)
2025-11-24 19:16:21,185 - trading_bot - INFO - Scanning... 24.9% (355000/1425019)
2025-11-24 19:16:29,640 - trading_bot - INFO - Scanning... 25.3% (360000/1425019)
2025-11-24 19:16:35,191 - trading_bot - INFO - Scanning... 25.6% (365000/1425019)
2025-11-24 19:16:43,513 - trading_bot - INFO - Scanning... 26.0% (370000/1425019)
2025-11-24 19:16:48,498 - trading_bot - INFO - Scanning... 26.3% (375000/1425019)
2025-11-24 19:16:56,001 - trading_bot - INFO - Scanning... 26.7% (380000/1425019)
2025-11-24 19:17:02,319 - trading_bot - INFO - Scanning... 27.0% (385000/1425019)
2025-11-24 19:17:11,114 - trading_bot - INFO - Scanning... 27.4% (390000/1425019)
2025-11-24 19:17:17,853 - trading_bot - INFO - Scanning... 27.7% (395000/1425019)
2025-11-24 19:17:22,734 - trading_bot - INFO - Scanning... 28.1% (400000/1425019)
2025-11-24 19:17:28,222 - trading_bot - INFO - Scanning... 28.4% (405000/1425019)
2025-11-24 19:17:34,761 - trading_bot - INFO - Scanning... 28.8% (410000/1425019)
2025-11-24 19:17:39,922 - trading_bot - INFO - Scanning... 29.1% (415000/1425019)
2025-11-24 19:17:47,829 - trading_bot - INFO - Scanning... 29.5% (420000/1425019)
2025-11-24 19:17:54,518 - trading_bot - INFO - Scanning... 29.8% (425000/1425019)
2025-11-24 19:18:00,384 - trading_bot - INFO - Scanning... 30.2% (430000/1425019)
2025-11-24 19:18:09,937 - trading_bot - INFO - Scanning... 30.5% (435000/1425019)
2025-11-24 19:18:18,364 - trading_bot - INFO - Scanning... 30.9% (440000/1425019)
2025-11-24 19:18:25,907 - trading_bot - INFO - Scanning... 31.2% (445000/1425019)
2025-11-24 19:18:29,182 - trading_bot - INFO - Scanning... 31.6% (450000/1425019)
2025-11-24 19:18:38,460 - trading_bot - INFO - Scanning... 31.9% (455000/1425019)
2025-11-24 19:18:44,049 - trading_bot - INFO - Scanning... 32.3% (460000/1425019)
2025-11-24 19:18:53,246 - trading_bot - INFO - Scanning... 32.6% (465000/1425019)
2025-11-24 19:19:01,074 - trading_bot - INFO - Scanning... 33.0% (470000/1425019)
2025-11-24 19:19:10,796 - trading_bot - INFO - Scanning... 33.3% (475000/1425019)
2025-11-24 19:19:18,205 - trading_bot - INFO - Scanning... 33.7% (480000/1425019)
2025-11-24 19:19:25,718 - trading_bot - INFO - Scanning... 34.0% (485000/1425019)
2025-11-24 19:19:34,707 - trading_bot - INFO - Scanning... 34.4% (490000/1425019)
2025-11-24 19:19:37,718 - trading_bot - INFO - Scanning... 34.7% (495000/1425019)
2025-11-24 19:19:43,936 - trading_bot - INFO - Scanning... 35.1% (500000/1425019)
2025-11-24 19:19:49,300 - trading_bot - INFO - Scanning... 35.4% (505000/1425019)
2025-11-24 19:19:56,541 - trading_bot - INFO - Scanning... 35.8% (510000/1425019)
2025-11-24 19:20:05,648 - trading_bot - INFO - Scanning... 36.1% (515000/1425019)
2025-11-24 19:20:09,688 - trading_bot - INFO - Scanning... 36.5% (520000/1425019)
2025-11-24 19:20:17,398 - trading_bot - INFO - Scanning... 36.8% (525000/1425019)
2025-11-24 19:20:21,933 - trading_bot - INFO - Scanning... 37.2% (530000/1425019)
2025-11-24 19:20:29,961 - trading_bot - INFO - Scanning... 37.5% (535000/1425019)
2025-11-24 19:20:37,176 - trading_bot - INFO - Scanning... 37.9% (540000/1425019)
2025-11-24 19:20:43,652 - trading_bot - INFO - Scanning... 38.2% (545000/1425019)
2025-11-24 19:20:48,408 - trading_bot - INFO - Scanning... 38.6% (550000/1425019)
2025-11-24 19:20:53,733 - trading_bot - INFO - Scanning... 38.9% (555000/1425019)
2025-11-24 19:21:00,245 - trading_bot - INFO - Scanning... 39.3% (560000/1425019)
2025-11-24 19:21:03,503 - trading_bot - INFO - Scanning... 39.6% (565000/1425019)
2025-11-24 19:21:11,412 - trading_bot - INFO - Scanning... 40.0% (570000/1425019)
2025-11-24 19:21:13,786 - trading_bot - INFO - Scanning... 40.4% (575000/1425019)
2025-11-24 19:21:15,678 - trading_bot - INFO - Scanning... 40.7% (580000/1425019)
2025-11-24 19:21:21,759 - trading_bot - INFO - Scanning... 41.1% (585000/1425019)
2025-11-24 19:21:26,206 - trading_bot - INFO - Scanning... 41.4% (590000/1425019)
2025-11-24 19:21:31,857 - trading_bot - INFO - Scanning... 41.8% (595000/1425019)
2025-11-24 19:21:38,845 - trading_bot - INFO - Scanning... 42.1% (600000/1425019)
2025-11-24 19:21:42,781 - trading_bot - INFO - Scanning... 42.5% (605000/1425019)
2025-11-24 19:21:45,090 - trading_bot - INFO - Scanning... 42.8% (610000/1425019)
2025-11-24 19:21:50,407 - trading_bot - INFO - Scanning... 43.2% (615000/1425019)
2025-11-24 19:21:58,471 - trading_bot - INFO - Scanning... 43.5% (620000/1425019)
2025-11-24 19:22:03,054 - trading_bot - INFO - Scanning... 43.9% (625000/1425019)
2025-11-24 19:22:09,106 - trading_bot - INFO - Scanning... 44.2% (630000/1425019)
2025-11-24 19:22:13,269 - trading_bot - INFO - Scanning... 44.6% (635000/1425019)
2025-11-24 19:22:20,749 - trading_bot - INFO - Scanning... 44.9% (640000/1425019)
2025-11-24 19:22:30,410 - trading_bot - INFO - Scanning... 45.3% (645000/1425019)
2025-11-24 19:22:35,357 - trading_bot - INFO - Scanning... 45.6% (650000/1425019)
2025-11-24 19:22:44,505 - trading_bot - INFO - Scanning... 46.0% (655000/1425019)
2025-11-24 19:22:47,901 - trading_bot - INFO - Scanning... 46.3% (660000/1425019)
2025-11-24 19:22:52,482 - trading_bot - INFO - Scanning... 46.7% (665000/1425019)
2025-11-24 19:22:56,944 - trading_bot - INFO - Scanning... 47.0% (670000/1425019)
2025-11-24 19:23:00,585 - trading_bot - INFO - Scanning... 47.4% (675000/1425019)
2025-11-24 19:23:10,447 - trading_bot - INFO - Scanning... 47.7% (680000/1425019)
2025-11-24 19:23:15,183 - trading_bot - INFO - Scanning... 48.1% (685000/1425019)
2025-11-24 19:23:19,177 - trading_bot - INFO - Scanning... 48.4% (690000/1425019)
2025-11-24 19:23:23,944 - trading_bot - INFO - Scanning... 48.8% (695000/1425019)
2025-11-24 19:23:29,810 - trading_bot - INFO - Scanning... 49.1% (700000/1425019)
2025-11-24 19:23:33,767 - trading_bot - INFO - Scanning... 49.5% (705000/1425019)
2025-11-24 19:23:39,355 - trading_bot - INFO - Scanning... 49.8% (710000/1425019)
2025-11-24 19:23:43,689 - trading_bot - INFO - Scanning... 50.2% (715000/1425019)
2025-11-24 19:23:47,477 - trading_bot - INFO - Scanning... 50.5% (720000/1425019)
2025-11-24 19:23:53,778 - trading_bot - INFO - Scanning... 50.9% (725000/1425019)
2025-11-24 19:23:58,700 - trading_bot - INFO - Scanning... 51.2% (730000/1425019)
2025-11-24 19:24:05,598 - trading_bot - INFO - Scanning... 51.6% (735000/1425019)
2025-11-24 19:24:11,332 - trading_bot - INFO - Scanning... 51.9% (740000/1425019)
2025-11-24 19:24:17,217 - trading_bot - INFO - Scanning... 52.3% (745000/1425019)
2025-11-24 19:24:22,730 - trading_bot - INFO - Scanning... 52.6% (750000/1425019)
2025-11-24 19:24:29,263 - trading_bot - INFO - Scanning... 53.0% (755000/1425019)
2025-11-24 19:24:35,095 - trading_bot - INFO - Scanning... 53.3% (760000/1425019)
2025-11-24 19:24:42,811 - trading_bot - INFO - Scanning... 53.7% (765000/1425019)
2025-11-24 19:24:48,350 - trading_bot - INFO - Scanning... 54.0% (770000/1425019)
2025-11-24 19:24:54,157 - trading_bot - INFO - Scanning... 54.4% (775000/1425019)
2025-11-24 19:24:57,968 - trading_bot - INFO - Scanning... 54.7% (780000/1425019)
2025-11-24 19:25:02,303 - trading_bot - INFO - Scanning... 55.1% (785000/1425019)
2025-11-24 19:25:07,981 - trading_bot - INFO - Scanning... 55.4% (790000/1425019)
2025-11-24 19:25:14,200 - trading_bot - INFO - Scanning... 55.8% (795000/1425019)
2025-11-24 19:25:23,449 - trading_bot - INFO - Scanning... 56.1% (800000/1425019)
2025-11-24 19:25:30,390 - trading_bot - INFO - Scanning... 56.5% (805000/1425019)
2025-11-24 19:25:36,201 - trading_bot - INFO - Scanning... 56.8% (810000/1425019)
2025-11-24 19:25:38,761 - trading_bot - INFO - Scanning... 57.2% (815000/1425019)
2025-11-24 19:25:42,563 - trading_bot - INFO - Scanning... 57.5% (820000/1425019)
2025-11-24 19:25:50,020 - trading_bot - INFO - Scanning... 57.9% (825000/1425019)
2025-11-24 19:25:58,719 - trading_bot - INFO - Scanning... 58.2% (830000/1425019)
2025-11-24 19:26:06,219 - trading_bot - INFO - Scanning... 58.6% (835000/1425019)
2025-11-24 19:26:15,193 - trading_bot - INFO - Scanning... 58.9% (840000/1425019)
2025-11-24 19:26:21,363 - trading_bot - INFO - Scanning... 59.3% (845000/1425019)
2025-11-24 19:26:29,319 - trading_bot - INFO - Scanning... 59.6% (850000/1425019)
2025-11-24 19:26:35,431 - trading_bot - INFO - Scanning... 60.0% (855000/1425019)
2025-11-24 19:26:42,588 - trading_bot - INFO - Scanning... 60.4% (860000/1425019)
2025-11-24 19:26:48,612 - trading_bot - INFO - Scanning... 60.7% (865000/1425019)
2025-11-24 19:26:55,116 - trading_bot - INFO - Scanning... 61.1% (870000/1425019)
2025-11-24 19:27:02,253 - trading_bot - INFO - Scanning... 61.4% (875000/1425019)
2025-11-24 19:27:09,707 - trading_bot - INFO - Scanning... 61.8% (880000/1425019)
2025-11-24 19:27:21,966 - trading_bot - INFO - Scanning... 62.1% (885000/1425019)
2025-11-24 19:27:29,281 - trading_bot - INFO - Scanning... 62.5% (890000/1425019)
2025-11-24 19:27:36,658 - trading_bot - INFO - Scanning... 62.8% (895000/1425019)
2025-11-24 19:27:41,282 - trading_bot - INFO - Scanning... 63.2% (900000/1425019)
2025-11-24 19:27:46,246 - trading_bot - INFO - Scanning... 63.5% (905000/1425019)
2025-11-24 19:27:55,900 - trading_bot - INFO - Scanning... 63.9% (910000/1425019)
2025-11-24 19:28:04,735 - trading_bot - INFO - Scanning... 64.2% (915000/1425019)
2025-11-24 19:28:11,054 - trading_bot - INFO - Scanning... 64.6% (920000/1425019)
2025-11-24 19:28:15,904 - trading_bot - INFO - Scanning... 64.9% (925000/1425019)
2025-11-24 19:28:21,910 - trading_bot - INFO - Scanning... 65.3% (930000/1425019)
2025-11-24 19:28:26,158 - trading_bot - INFO - Scanning... 65.6% (935000/1425019)
2025-11-24 19:28:28,787 - trading_bot - INFO - Scanning... 66.0% (940000/1425019)
2025-11-24 19:28:34,318 - trading_bot - INFO - Scanning... 66.3% (945000/1425019)
2025-11-24 19:28:40,409 - trading_bot - INFO - Scanning... 66.7% (950000/1425019)
2025-11-24 19:28:50,079 - trading_bot - INFO - Scanning... 67.0% (955000/1425019)
2025-11-24 19:28:56,860 - trading_bot - INFO - Scanning... 67.4% (960000/1425019)
2025-11-24 19:29:01,080 - trading_bot - INFO - Scanning... 67.7% (965000/1425019)
2025-11-24 19:29:09,445 - trading_bot - INFO - Scanning... 68.1% (970000/1425019)
2025-11-24 19:29:17,229 - trading_bot - INFO - Scanning... 68.4% (975000/1425019)
2025-11-24 19:29:24,914 - trading_bot - INFO - Scanning... 68.8% (980000/1425019)
2025-11-24 19:29:32,506 - trading_bot - INFO - Scanning... 69.1% (985000/1425019)
2025-11-24 19:29:39,139 - trading_bot - INFO - Scanning... 69.5% (990000/1425019)
2025-11-24 19:29:47,192 - trading_bot - INFO - Scanning... 69.8% (995000/1425019)
2025-11-24 19:29:54,952 - trading_bot - INFO - Scanning... 70.2% (1000000/1425019)
2025-11-24 19:30:00,997 - trading_bot - INFO - Scanning... 70.5% (1005000/1425019)
2025-11-24 19:30:07,181 - trading_bot - INFO - Scanning... 70.9% (1010000/1425019)
2025-11-24 19:30:11,558 - trading_bot - INFO - Scanning... 71.2% (1015000/1425019)
2025-11-24 19:30:17,367 - trading_bot - INFO - Scanning... 71.6% (1020000/1425019)
2025-11-24 19:30:26,606 - trading_bot - INFO - Scanning... 71.9% (1025000/1425019)
2025-11-24 19:30:34,050 - trading_bot - INFO - Scanning... 72.3% (1030000/1425019)
2025-11-24 19:30:43,228 - trading_bot - INFO - Scanning... 72.6% (1035000/1425019)
2025-11-24 19:30:47,175 - trading_bot - INFO - Scanning... 73.0% (1040000/1425019)
2025-11-24 19:30:51,317 - trading_bot - INFO - Scanning... 73.3% (1045000/1425019)
2025-11-24 19:30:56,253 - trading_bot - INFO - Scanning... 73.7% (1050000/1425019)
2025-11-24 19:31:01,120 - trading_bot - INFO - Scanning... 74.0% (1055000/1425019)
2025-11-24 19:31:08,071 - trading_bot - INFO - Scanning... 74.4% (1060000/1425019)
2025-11-24 19:31:20,141 - trading_bot - INFO - Scanning... 74.7% (1065000/1425019)
2025-11-24 19:31:31,092 - trading_bot - INFO - Scanning... 75.1% (1070000/1425019)
2025-11-24 19:31:35,752 - trading_bot - INFO - Scanning... 75.4% (1075000/1425019)
2025-11-24 19:31:46,663 - trading_bot - INFO - Scanning... 75.8% (1080000/1425019)
2025-11-24 19:31:52,939 - trading_bot - INFO - Scanning... 76.1% (1085000/1425019)
2025-11-24 19:32:01,502 - trading_bot - INFO - Scanning... 76.5% (1090000/1425019)
2025-11-24 19:32:08,837 - trading_bot - INFO - Scanning... 76.8% (1095000/1425019)
2025-11-24 19:32:13,826 - trading_bot - INFO - Scanning... 77.2% (1100000/1425019)
2025-11-24 19:32:24,459 - trading_bot - INFO - Scanning... 77.5% (1105000/1425019)
2025-11-24 19:32:29,499 - trading_bot - INFO - Scanning... 77.9% (1110000/1425019)
2025-11-24 19:32:33,979 - trading_bot - INFO - Scanning... 78.2% (1115000/1425019)
2025-11-24 19:32:43,591 - trading_bot - INFO - Scanning... 78.6% (1120000/1425019)
2025-11-24 19:32:50,542 - trading_bot - INFO - Scanning... 78.9% (1125000/1425019)
2025-11-24 19:32:59,219 - trading_bot - INFO - Scanning... 79.3% (1130000/1425019)
2025-11-24 19:33:08,690 - trading_bot - INFO - Scanning... 79.6% (1135000/1425019)
2025-11-24 19:33:15,709 - trading_bot - INFO - Scanning... 80.0% (1140000/1425019)
2025-11-24 19:33:22,818 - trading_bot - INFO - Scanning... 80.3% (1145000/1425019)
2025-11-24 19:33:27,191 - trading_bot - INFO - Scanning... 80.7% (1150000/1425019)
2025-11-24 19:33:34,198 - trading_bot - INFO - Scanning... 81.1% (1155000/1425019)
2025-11-24 19:33:40,877 - trading_bot - INFO - Scanning... 81.4% (1160000/1425019)
2025-11-24 19:33:48,991 - trading_bot - INFO - Scanning... 81.8% (1165000/1425019)
2025-11-24 19:33:58,176 - trading_bot - INFO - Scanning... 82.1% (1170000/1425019)
2025-11-24 19:34:09,418 - trading_bot - INFO - Scanning... 82.5% (1175000/1425019)
2025-11-24 19:34:15,968 - trading_bot - INFO - Scanning... 82.8% (1180000/1425019)
2025-11-24 19:34:24,052 - trading_bot - INFO - Scanning... 83.2% (1185000/1425019)
2025-11-24 19:34:32,933 - trading_bot - INFO - Scanning... 83.5% (1190000/1425019)
2025-11-24 19:34:43,182 - trading_bot - INFO - Scanning... 83.9% (1195000/1425019)
2025-11-24 19:34:51,902 - trading_bot - INFO - Scanning... 84.2% (1200000/1425019)
2025-11-24 19:34:56,796 - trading_bot - INFO - Scanning... 84.6% (1205000/1425019)
2025-11-24 19:35:03,920 - trading_bot - INFO - Scanning... 84.9% (1210000/1425019)
2025-11-24 19:35:11,850 - trading_bot - INFO - Scanning... 85.3% (1215000/1425019)
2025-11-24 19:35:16,992 - trading_bot - INFO - Scanning... 85.6% (1220000/1425019)
2025-11-24 19:35:23,148 - trading_bot - INFO - Scanning... 86.0% (1225000/1425019)
2025-11-24 19:35:32,889 - trading_bot - INFO - Scanning... 86.3% (1230000/1425019)
2025-11-24 19:35:43,269 - trading_bot - INFO - Scanning... 86.7% (1235000/1425019)
2025-11-24 19:35:52,941 - trading_bot - INFO - Scanning... 87.0% (1240000/1425019)
2025-11-24 19:36:00,702 - trading_bot - INFO - Scanning... 87.4% (1245000/1425019)
2025-11-24 19:36:07,999 - trading_bot - INFO - Scanning... 87.7% (1250000/1425019)
2025-11-24 19:36:17,144 - trading_bot - INFO - Scanning... 88.1% (1255000/1425019)
2025-11-24 19:36:23,121 - trading_bot - INFO - Scanning... 88.4% (1260000/1425019)
2025-11-24 19:36:31,253 - trading_bot - INFO - Scanning... 88.8% (1265000/1425019)
2025-11-24 19:36:36,474 - trading_bot - INFO - Scanning... 89.1% (1270000/1425019)
2025-11-24 19:36:45,538 - trading_bot - INFO - Scanning... 89.5% (1275000/1425019)
2025-11-24 19:36:53,744 - trading_bot - INFO - Scanning... 89.8% (1280000/1425019)
2025-11-24 19:37:02,668 - trading_bot - INFO - Scanning... 90.2% (1285000/1425019)
2025-11-24 19:37:13,725 - trading_bot - INFO - Scanning... 90.5% (1290000/1425019)
2025-11-24 19:37:21,530 - trading_bot - INFO - Scanning... 90.9% (1295000/1425019)
2025-11-24 19:37:30,867 - trading_bot - INFO - Scanning... 91.2% (1300000/1425019)
2025-11-24 19:37:37,762 - trading_bot - INFO - Scanning... 91.6% (1305000/1425019)
2025-11-24 19:37:42,072 - trading_bot - INFO - Scanning... 91.9% (1310000/1425019)
2025-11-24 19:37:49,028 - trading_bot - INFO - Scanning... 92.3% (1315000/1425019)
2025-11-24 19:37:56,829 - trading_bot - INFO - Scanning... 92.6% (1320000/1425019)
2025-11-24 19:38:08,026 - trading_bot - INFO - Scanning... 93.0% (1325000/1425019)
2025-11-24 19:38:13,896 - trading_bot - INFO - Scanning... 93.3% (1330000/1425019)
2025-11-24 19:38:21,982 - trading_bot - INFO - Scanning... 93.7% (1335000/1425019)
2025-11-24 19:38:32,590 - trading_bot - INFO - Scanning... 94.0% (1340000/1425019)
2025-11-24 19:38:42,988 - trading_bot - INFO - Scanning... 94.4% (1345000/1425019)
2025-11-24 19:38:51,349 - trading_bot - INFO - Scanning... 94.7% (1350000/1425019)
2025-11-24 19:39:00,078 - trading_bot - INFO - Scanning... 95.1% (1355000/1425019)
2025-11-24 19:39:05,515 - trading_bot - INFO - Scanning... 95.4% (1360000/1425019)
2025-11-24 19:39:19,355 - trading_bot - INFO - Scanning... 95.8% (1365000/1425019)
2025-11-24 19:39:24,537 - trading_bot - INFO - Scanning... 96.1% (1370000/1425019)
2025-11-24 19:39:33,155 - trading_bot - INFO - Scanning... 96.5% (1375000/1425019)
2025-11-24 19:39:46,066 - trading_bot - INFO - Scanning... 96.8% (1380000/1425019)
2025-11-24 19:39:57,483 - trading_bot - INFO - Scanning... 97.2% (1385000/1425019)
2025-11-24 19:40:08,026 - trading_bot - INFO - Scanning... 97.5% (1390000/1425019)
2025-11-24 19:40:17,539 - trading_bot - INFO - Scanning... 97.9% (1395000/1425019)
2025-11-24 19:40:24,997 - trading_bot - INFO - Scanning... 98.2% (1400000/1425019)
2025-11-24 19:40:35,319 - trading_bot - INFO - Scanning... 98.6% (1405000/1425019)
2025-11-24 19:40:44,078 - trading_bot - INFO - Scanning... 98.9% (1410000/1425019)
2025-11-24 19:40:58,399 - trading_bot - INFO - Scanning... 99.3% (1415000/1425019)
2025-11-24 19:41:11,056 - trading_bot - INFO - Scanning... 99.6% (1420000/1425019)
2025-11-24 19:41:27,411 - trading_bot - INFO - Generated 113336 candidates
2025-11-24 19:41:27,418 - trading_bot - INFO - Applied adaptive filter profile 'baseline': 113336 / 113336 candidates retained.
