2025-11-20 20:56:27,332 - trading_bot - INFO - Loading data from Data/XAU_5m_data.csv
2025-11-20 20:56:31,741 - trading_bot - INFO - Data loaded: 1425019 rows (Base Timeframe 5m)
2025-11-20 20:56:31,915 - trading_bot - INFO - Resampled: H4=32553, H1=123660
2025-11-20 20:57:35,243 - trading_bot - INFO - Detected 242462 FVGs and 96574 OBs on Base Timeframe
2025-11-20 20:57:35,244 - trading_bot - INFO - Generating candidates...
2025-11-20 22:13:14,130 - trading_bot - INFO - Generated 299247 candidates
2025-11-20 22:13:14,147 - trading_bot - INFO - Starting WFA from 2004-06-16 12:00:00 to 2025-10-31 18:45:00
2025-11-20 22:13:14,152 - trading_bot - INFO - Fold: Train 2004-06-16 -> 2014-06-16 (121406), Test -> 2014-12-16 (8304)
2025-11-20 22:13:14,154 - trading_bot - INFO - Training LGBM with 121406 samples...
2025-11-20 22:13:26,905 - trading_bot - INFO - Fold: Train 2004-12-16 -> 2014-12-16 (123406), Test -> 2015-06-16 (8530)
2025-11-20 22:13:26,907 - trading_bot - INFO - Training LGBM with 123406 samples...
2025-11-20 22:13:38,797 - trading_bot - INFO - Fold: Train 2005-06-16 -> 2015-06-16 (125481), Test -> 2015-12-16 (8073)
2025-11-20 22:13:38,799 - trading_bot - INFO - Training LGBM with 125481 samples...
2025-11-20 22:14:13,699 - trading_bot - INFO - Fold: Train 2005-12-16 -> 2015-12-16 (128675), Test -> 2016-06-16 (6899)
2025-11-20 22:14:13,706 - trading_bot - INFO - Training LGBM with 128675 samples...
2025-11-20 22:14:44,434 - trading_bot - INFO - Fold: Train 2006-06-16 -> 2016-06-16 (131925), Test -> 2016-12-16 (6976)
2025-11-20 22:14:44,441 - trading_bot - INFO - Training LGBM with 131925 samples...
2025-11-20 22:15:15,048 - trading_bot - INFO - Fold: Train 2006-12-16 -> 2016-12-16 (133505), Test -> 2017-06-16 (6537)
2025-11-20 22:15:15,055 - trading_bot - INFO - Training LGBM with 133505 samples...
2025-11-20 22:15:46,004 - trading_bot - INFO - Fold: Train 2007-06-16 -> 2017-06-16 (134941), Test -> 2017-12-16 (7567)
2025-11-20 22:15:46,012 - trading_bot - INFO - Training LGBM with 134941 samples...
2025-11-20 22:16:17,945 - trading_bot - INFO - Fold: Train 2007-12-16 -> 2017-12-16 (136684), Test -> 2018-06-16 (8696)
2025-11-20 22:16:17,953 - trading_bot - INFO - Training LGBM with 136684 samples...
2025-11-20 22:16:48,709 - trading_bot - INFO - Fold: Train 2008-06-16 -> 2018-06-16 (141107), Test -> 2018-12-16 (8780)
2025-11-20 22:16:48,719 - trading_bot - INFO - Training LGBM with 141107 samples...
2025-11-20 22:17:20,899 - trading_bot - INFO - Fold: Train 2008-12-16 -> 2018-12-16 (142052), Test -> 2019-06-16 (8837)
2025-11-20 22:17:20,907 - trading_bot - INFO - Training LGBM with 142052 samples...
2025-11-20 22:17:50,243 - trading_bot - INFO - Fold: Train 2009-06-16 -> 2019-06-16 (144407), Test -> 2019-12-16 (7294)
2025-11-20 22:17:50,250 - trading_bot - INFO - Training LGBM with 144407 samples...
2025-11-20 22:18:17,059 - trading_bot - INFO - Fold: Train 2009-12-16 -> 2019-12-16 (147457), Test -> 2020-06-16 (6517)
2025-11-20 22:18:17,070 - trading_bot - INFO - Training LGBM with 147457 samples...
2025-11-20 22:18:42,830 - trading_bot - INFO - Fold: Train 2010-06-16 -> 2020-06-16 (147566), Test -> 2020-12-16 (8342)
2025-11-20 22:18:42,837 - trading_bot - INFO - Training LGBM with 147566 samples...
2025-11-20 22:19:12,182 - trading_bot - INFO - Fold: Train 2010-12-16 -> 2020-12-16 (149772), Test -> 2021-06-16 (6642)
2025-11-20 22:19:12,190 - trading_bot - INFO - Training LGBM with 149772 samples...
2025-11-20 22:19:40,389 - trading_bot - INFO - Fold: Train 2011-06-16 -> 2021-06-16 (152124), Test -> 2021-12-16 (9145)
2025-11-20 22:19:40,397 - trading_bot - INFO - Training LGBM with 152124 samples...
2025-11-20 22:20:06,463 - trading_bot - INFO - Fold: Train 2011-12-16 -> 2021-12-16 (155103), Test -> 2022-06-16 (6793)
2025-11-20 22:20:06,473 - trading_bot - INFO - Training LGBM with 155103 samples...
2025-11-20 22:20:22,215 - trading_bot - INFO - Fold: Train 2012-06-16 -> 2022-06-16 (155449), Test -> 2022-12-16 (10384)
2025-11-20 22:20:22,224 - trading_bot - INFO - Training LGBM with 155449 samples...
2025-11-20 22:20:37,274 - trading_bot - INFO - Fold: Train 2012-12-16 -> 2022-12-16 (158743), Test -> 2023-06-16 (9689)
2025-11-20 22:20:37,283 - trading_bot - INFO - Training LGBM with 158743 samples...
2025-11-20 22:20:52,738 - trading_bot - INFO - Fold: Train 2013-06-16 -> 2023-06-16 (160477), Test -> 2023-12-16 (8573)
2025-11-20 22:20:52,749 - trading_bot - INFO - Training LGBM with 160477 samples...
2025-11-20 22:21:08,457 - trading_bot - INFO - Fold: Train 2013-12-16 -> 2023-12-16 (161492), Test -> 2024-06-16 (6879)
2025-11-20 22:21:08,466 - trading_bot - INFO - Training LGBM with 161492 samples...
2025-11-20 22:21:23,118 - trading_bot - INFO - Fold: Train 2014-06-16 -> 2024-06-16 (159457), Test -> 2024-12-16 (8521)
2025-11-20 22:21:23,128 - trading_bot - INFO - Training LGBM with 159457 samples...
2025-11-20 22:21:38,566 - trading_bot - INFO - Fold: Train 2014-12-16 -> 2024-12-16 (159674), Test -> 2025-06-16 (5096)
2025-11-20 22:21:38,576 - trading_bot - INFO - Training LGBM with 159674 samples...
2025-11-20 22:21:53,964 - trading_bot - INFO - Fold: Train 2015-06-16 -> 2025-06-16 (156240), Test -> 2025-12-16 (4767)
2025-11-20 22:21:53,974 - trading_bot - INFO - Training LGBM with 156240 samples...
2025-11-20 22:22:10,959 - trading_bot - INFO - Backtesting 1240 trades out of 177841 candidates...
2025-11-20 22:22:12,410 - trading_bot - INFO - Reports saved to reports/20251120_222211
