2025-11-21 19:54:23,236 - trading_bot - INFO - Loading data from Data/XAU_5m_data.csv
2025-11-21 19:54:28,390 - trading_bot - INFO - Data loaded: 402933 rows (Base Timeframe 5m)
2025-11-21 19:54:28,428 - trading_bot - INFO - Resampled: H4=8822, H1=33712
2025-11-21 19:54:56,764 - trading_bot - INFO - Detected 69451 FVGs and 30770 OBs on Base Timeframe
2025-11-21 19:54:56,765 - trading_bot - INFO - Generating candidates...
2025-11-21 19:55:01,787 - trading_bot - INFO - Scanning... 1.2% (5000/402933)
2025-11-21 19:55:06,099 - trading_bot - INFO - Scanning... 2.5% (10000/402933)
2025-11-21 19:55:11,640 - trading_bot - INFO - Scanning... 3.7% (15000/402933)
2025-11-21 19:55:15,427 - trading_bot - INFO - Scanning... 5.0% (20000/402933)
2025-11-21 19:55:26,742 - trading_bot - INFO - Scanning... 6.2% (25000/402933)
2025-11-21 19:55:33,679 - trading_bot - INFO - Scanning... 7.4% (30000/402933)
2025-11-21 19:55:38,498 - trading_bot - INFO - Scanning... 8.7% (35000/402933)
2025-11-21 19:55:44,853 - trading_bot - INFO - Scanning... 9.9% (40000/402933)
2025-11-21 19:55:50,225 - trading_bot - INFO - Scanning... 11.2% (45000/402933)
2025-11-21 19:56:00,133 - trading_bot - INFO - Scanning... 12.4% (50000/402933)
2025-11-21 19:56:04,024 - trading_bot - INFO - Scanning... 13.6% (55000/402933)
2025-11-21 19:56:12,123 - trading_bot - INFO - Scanning... 14.9% (60000/402933)
2025-11-21 19:56:21,841 - trading_bot - INFO - Scanning... 16.1% (65000/402933)
2025-11-21 19:56:28,426 - trading_bot - INFO - Scanning... 17.4% (70000/402933)
2025-11-21 19:56:31,096 - trading_bot - INFO - Scanning... 18.6% (75000/402933)
2025-11-21 19:56:35,744 - trading_bot - INFO - Scanning... 19.9% (80000/402933)
2025-11-21 19:56:42,046 - trading_bot - INFO - Scanning... 21.1% (85000/402933)
2025-11-21 19:56:48,735 - trading_bot - INFO - Scanning... 22.3% (90000/402933)
2025-11-21 19:56:55,724 - trading_bot - INFO - Scanning... 23.6% (95000/402933)
2025-11-21 19:57:05,424 - trading_bot - INFO - Scanning... 24.8% (100000/402933)
2025-11-21 19:57:12,677 - trading_bot - INFO - Scanning... 26.1% (105000/402933)
2025-11-21 19:57:17,953 - trading_bot - INFO - Scanning... 27.3% (110000/402933)
2025-11-21 19:57:24,036 - trading_bot - INFO - Scanning... 28.5% (115000/402933)
2025-11-21 19:57:31,983 - trading_bot - INFO - Scanning... 29.8% (120000/402933)
2025-11-21 19:57:41,798 - trading_bot - INFO - Scanning... 31.0% (125000/402933)
2025-11-21 19:57:53,527 - trading_bot - INFO - Scanning... 32.3% (130000/402933)
2025-11-21 19:57:58,785 - trading_bot - INFO - Scanning... 33.5% (135000/402933)
2025-11-21 19:58:08,735 - trading_bot - INFO - Scanning... 34.7% (140000/402933)
2025-11-21 19:58:16,145 - trading_bot - INFO - Scanning... 36.0% (145000/402933)
2025-11-21 19:58:25,597 - trading_bot - INFO - Scanning... 37.2% (150000/402933)
2025-11-21 19:58:28,538 - trading_bot - INFO - Scanning... 38.5% (155000/402933)
2025-11-21 19:58:37,518 - trading_bot - INFO - Scanning... 39.7% (160000/402933)
2025-11-21 19:58:41,873 - trading_bot - INFO - Scanning... 40.9% (165000/402933)
2025-11-21 19:58:45,331 - trading_bot - INFO - Scanning... 42.2% (170000/402933)
2025-11-21 19:59:00,680 - trading_bot - INFO - Scanning... 43.4% (175000/402933)
2025-11-21 19:59:11,361 - trading_bot - INFO - Scanning... 44.7% (180000/402933)
2025-11-21 19:59:20,324 - trading_bot - INFO - Scanning... 45.9% (185000/402933)
2025-11-21 19:59:30,634 - trading_bot - INFO - Scanning... 47.2% (190000/402933)
2025-11-21 19:59:34,633 - trading_bot - INFO - Scanning... 48.4% (195000/402933)
2025-11-21 19:59:46,191 - trading_bot - INFO - Scanning... 49.6% (200000/402933)
2025-11-21 19:59:54,995 - trading_bot - INFO - Scanning... 50.9% (205000/402933)
2025-11-21 20:00:01,940 - trading_bot - INFO - Scanning... 52.1% (210000/402933)
2025-11-21 20:00:05,115 - trading_bot - INFO - Scanning... 53.4% (215000/402933)
2025-11-21 20:00:17,531 - trading_bot - INFO - Scanning... 54.6% (220000/402933)
2025-11-21 20:00:29,686 - trading_bot - INFO - Scanning... 55.8% (225000/402933)
2025-11-21 20:00:38,579 - trading_bot - INFO - Scanning... 57.1% (230000/402933)
2025-11-21 20:00:47,719 - trading_bot - INFO - Scanning... 58.3% (235000/402933)
2025-11-21 20:00:56,198 - trading_bot - INFO - Scanning... 59.6% (240000/402933)
2025-11-21 20:01:07,821 - trading_bot - INFO - Scanning... 60.8% (245000/402933)
2025-11-21 20:01:15,307 - trading_bot - INFO - Scanning... 62.0% (250000/402933)
2025-11-21 20:01:25,907 - trading_bot - INFO - Scanning... 63.3% (255000/402933)
2025-11-21 20:01:32,848 - trading_bot - INFO - Scanning... 64.5% (260000/402933)
2025-11-21 20:01:43,588 - trading_bot - INFO - Scanning... 65.8% (265000/402933)
2025-11-21 20:01:48,099 - trading_bot - INFO - Scanning... 67.0% (270000/402933)
2025-11-21 20:01:55,092 - trading_bot - INFO - Scanning... 68.2% (275000/402933)
2025-11-21 20:02:07,510 - trading_bot - INFO - Scanning... 69.5% (280000/402933)
2025-11-21 20:02:13,614 - trading_bot - INFO - Scanning... 70.7% (285000/402933)
2025-11-21 20:02:19,336 - trading_bot - INFO - Scanning... 72.0% (290000/402933)
2025-11-21 20:02:26,192 - trading_bot - INFO - Scanning... 73.2% (295000/402933)
2025-11-21 20:02:38,899 - trading_bot - INFO - Scanning... 74.5% (300000/402933)
2025-11-21 20:02:45,585 - trading_bot - INFO - Scanning... 75.7% (305000/402933)
2025-11-21 20:02:53,969 - trading_bot - INFO - Scanning... 76.9% (310000/402933)
2025-11-21 20:03:13,707 - trading_bot - INFO - Scanning... 78.2% (315000/402933)
2025-11-21 20:03:28,379 - trading_bot - INFO - Scanning... 79.4% (320000/402933)
2025-11-21 20:03:38,904 - trading_bot - INFO - Scanning... 80.7% (325000/402933)
2025-11-21 20:03:45,553 - trading_bot - INFO - Scanning... 81.9% (330000/402933)
2025-11-21 20:03:53,966 - trading_bot - INFO - Scanning... 83.1% (335000/402933)
2025-11-21 20:04:04,618 - trading_bot - INFO - Scanning... 84.4% (340000/402933)
2025-11-21 20:04:13,826 - trading_bot - INFO - Scanning... 85.6% (345000/402933)
2025-11-21 20:04:30,243 - trading_bot - INFO - Scanning... 86.9% (350000/402933)
2025-11-21 20:04:45,938 - trading_bot - INFO - Scanning... 88.1% (355000/402933)
2025-11-21 20:04:54,829 - trading_bot - INFO - Scanning... 89.3% (360000/402933)
2025-11-21 20:05:02,645 - trading_bot - INFO - Scanning... 90.6% (365000/402933)
2025-11-21 20:05:12,457 - trading_bot - INFO - Scanning... 91.8% (370000/402933)
2025-11-21 20:05:18,473 - trading_bot - INFO - Scanning... 93.1% (375000/402933)
2025-11-21 20:05:30,508 - trading_bot - INFO - Scanning... 94.3% (380000/402933)
2025-11-21 20:05:49,458 - trading_bot - INFO - Scanning... 95.5% (385000/402933)
2025-11-21 20:06:03,360 - trading_bot - INFO - Scanning... 96.8% (390000/402933)
2025-11-21 20:06:07,162 - trading_bot - INFO - Scanning... 98.0% (395000/402933)
2025-11-21 20:06:16,055 - trading_bot - INFO - Scanning... 99.3% (400000/402933)
2025-11-21 20:06:18,046 - trading_bot - INFO - Generated 91092 candidates
2025-11-21 20:06:18,048 - trading_bot - INFO - Training LGBM with 91092 samples...
2025-11-21 20:06:23,988 - trading_bot - INFO - Model saved to models/lgbm_model.pkl
