2025-11-21 20:20:02,393 - trading_bot - INFO - Loading data from Data/XAU_5m_data.csv
2025-11-21 20:20:07,398 - trading_bot - INFO - Data loaded: 402933 rows (Base Timeframe 5m)
2025-11-21 20:20:07,436 - trading_bot - INFO - Resampled: H4=8822, H1=33712
2025-11-21 20:20:34,225 - trading_bot - INFO - Detected 69451 FVGs and 30770 OBs on Base Timeframe
2025-11-21 20:20:34,225 - trading_bot - INFO - Generating candidates...
2025-11-21 20:20:39,106 - trading_bot - INFO - Scanning... 1.2% (5000/402933)
2025-11-21 20:20:43,348 - trading_bot - INFO - Scanning... 2.5% (10000/402933)
2025-11-21 20:20:48,723 - trading_bot - INFO - Scanning... 3.7% (15000/402933)
2025-11-21 20:20:52,497 - trading_bot - INFO - Scanning... 5.0% (20000/402933)
2025-11-21 20:21:03,463 - trading_bot - INFO - Scanning... 6.2% (25000/402933)
2025-11-21 20:21:10,388 - trading_bot - INFO - Scanning... 7.4% (30000/402933)
2025-11-21 20:21:15,125 - trading_bot - INFO - Scanning... 8.7% (35000/402933)
2025-11-21 20:21:21,334 - trading_bot - INFO - Scanning... 9.9% (40000/402933)
2025-11-21 20:21:26,489 - trading_bot - INFO - Scanning... 11.2% (45000/402933)
2025-11-21 20:21:36,094 - trading_bot - INFO - Scanning... 12.4% (50000/402933)
2025-11-21 20:21:39,938 - trading_bot - INFO - Scanning... 13.6% (55000/402933)
2025-11-21 20:21:47,542 - trading_bot - INFO - Scanning... 14.9% (60000/402933)
2025-11-21 20:21:56,729 - trading_bot - INFO - Scanning... 16.1% (65000/402933)
2025-11-21 20:22:03,158 - trading_bot - INFO - Scanning... 17.4% (70000/402933)
2025-11-21 20:22:05,759 - trading_bot - INFO - Scanning... 18.6% (75000/402933)
2025-11-21 20:22:10,225 - trading_bot - INFO - Scanning... 19.9% (80000/402933)
2025-11-21 20:22:16,448 - trading_bot - INFO - Scanning... 21.1% (85000/402933)
2025-11-21 20:22:23,046 - trading_bot - INFO - Scanning... 22.3% (90000/402933)
2025-11-21 20:22:29,859 - trading_bot - INFO - Scanning... 23.6% (95000/402933)
2025-11-21 20:22:39,191 - trading_bot - INFO - Scanning... 24.8% (100000/402933)
2025-11-21 20:22:46,000 - trading_bot - INFO - Scanning... 26.1% (105000/402933)
2025-11-21 20:22:51,215 - trading_bot - INFO - Scanning... 27.3% (110000/402933)
2025-11-21 20:22:57,180 - trading_bot - INFO - Scanning... 28.5% (115000/402933)
2025-11-21 20:23:05,000 - trading_bot - INFO - Scanning... 29.8% (120000/402933)
2025-11-21 20:23:14,700 - trading_bot - INFO - Scanning... 31.0% (125000/402933)
2025-11-21 20:23:26,032 - trading_bot - INFO - Scanning... 32.3% (130000/402933)
2025-11-21 20:23:31,164 - trading_bot - INFO - Scanning... 33.5% (135000/402933)
2025-11-21 20:23:40,969 - trading_bot - INFO - Scanning... 34.7% (140000/402933)
2025-11-21 20:23:48,081 - trading_bot - INFO - Scanning... 36.0% (145000/402933)
2025-11-21 20:23:57,416 - trading_bot - INFO - Scanning... 37.2% (150000/402933)
2025-11-21 20:24:00,207 - trading_bot - INFO - Scanning... 38.5% (155000/402933)
2025-11-21 20:24:08,910 - trading_bot - INFO - Scanning... 39.7% (160000/402933)
2025-11-21 20:24:13,262 - trading_bot - INFO - Scanning... 40.9% (165000/402933)
2025-11-21 20:24:16,637 - trading_bot - INFO - Scanning... 42.2% (170000/402933)
2025-11-21 20:24:31,370 - trading_bot - INFO - Scanning... 43.4% (175000/402933)
2025-11-21 20:24:41,223 - trading_bot - INFO - Scanning... 44.7% (180000/402933)
2025-11-21 20:24:49,829 - trading_bot - INFO - Scanning... 45.9% (185000/402933)
2025-11-21 20:24:59,526 - trading_bot - INFO - Scanning... 47.2% (190000/402933)
2025-11-21 20:25:03,392 - trading_bot - INFO - Scanning... 48.4% (195000/402933)
2025-11-21 20:25:14,748 - trading_bot - INFO - Scanning... 49.6% (200000/402933)
2025-11-21 20:25:23,265 - trading_bot - INFO - Scanning... 50.9% (205000/402933)
2025-11-21 20:25:30,051 - trading_bot - INFO - Scanning... 52.1% (210000/402933)
2025-11-21 20:25:33,206 - trading_bot - INFO - Scanning... 53.4% (215000/402933)
2025-11-21 20:25:45,334 - trading_bot - INFO - Scanning... 54.6% (220000/402933)
2025-11-21 20:25:57,288 - trading_bot - INFO - Scanning... 55.8% (225000/402933)
2025-11-21 20:26:06,174 - trading_bot - INFO - Scanning... 57.1% (230000/402933)
2025-11-21 20:26:15,420 - trading_bot - INFO - Scanning... 58.3% (235000/402933)
2025-11-21 20:26:24,057 - trading_bot - INFO - Scanning... 59.6% (240000/402933)
2025-11-21 20:26:35,469 - trading_bot - INFO - Scanning... 60.8% (245000/402933)
2025-11-21 20:26:42,775 - trading_bot - INFO - Scanning... 62.0% (250000/402933)
2025-11-21 20:26:53,249 - trading_bot - INFO - Scanning... 63.3% (255000/402933)
2025-11-21 20:27:00,228 - trading_bot - INFO - Scanning... 64.5% (260000/402933)
2025-11-21 20:27:11,060 - trading_bot - INFO - Scanning... 65.8% (265000/402933)
2025-11-21 20:27:15,562 - trading_bot - INFO - Scanning... 67.0% (270000/402933)
2025-11-21 20:27:22,492 - trading_bot - INFO - Scanning... 68.2% (275000/402933)
2025-11-21 20:27:34,657 - trading_bot - INFO - Scanning... 69.5% (280000/402933)
2025-11-21 20:27:40,531 - trading_bot - INFO - Scanning... 70.7% (285000/402933)
2025-11-21 20:27:46,188 - trading_bot - INFO - Scanning... 72.0% (290000/402933)
2025-11-21 20:27:52,867 - trading_bot - INFO - Scanning... 73.2% (295000/402933)
2025-11-21 20:28:05,683 - trading_bot - INFO - Scanning... 74.5% (300000/402933)
2025-11-21 20:28:12,673 - trading_bot - INFO - Scanning... 75.7% (305000/402933)
2025-11-21 20:28:20,951 - trading_bot - INFO - Scanning... 76.9% (310000/402933)
2025-11-21 20:28:40,490 - trading_bot - INFO - Scanning... 78.2% (315000/402933)
2025-11-21 20:28:55,167 - trading_bot - INFO - Scanning... 79.4% (320000/402933)
2025-11-21 20:29:05,609 - trading_bot - INFO - Scanning... 80.7% (325000/402933)
2025-11-21 20:29:12,488 - trading_bot - INFO - Scanning... 81.9% (330000/402933)
2025-11-21 20:29:21,225 - trading_bot - INFO - Scanning... 83.1% (335000/402933)
2025-11-21 20:29:32,245 - trading_bot - INFO - Scanning... 84.4% (340000/402933)
2025-11-21 20:29:41,419 - trading_bot - INFO - Scanning... 85.6% (345000/402933)
2025-11-21 20:29:58,175 - trading_bot - INFO - Scanning... 86.9% (350000/402933)
2025-11-21 20:30:14,382 - trading_bot - INFO - Scanning... 88.1% (355000/402933)
2025-11-21 20:30:23,126 - trading_bot - INFO - Scanning... 89.3% (360000/402933)
2025-11-21 20:30:30,849 - trading_bot - INFO - Scanning... 90.6% (365000/402933)
2025-11-21 20:30:40,525 - trading_bot - INFO - Scanning... 91.8% (370000/402933)
2025-11-21 20:30:46,513 - trading_bot - INFO - Scanning... 93.1% (375000/402933)
2025-11-21 20:30:58,607 - trading_bot - INFO - Scanning... 94.3% (380000/402933)
2025-11-21 20:31:17,743 - trading_bot - INFO - Scanning... 95.5% (385000/402933)
2025-11-21 20:31:31,802 - trading_bot - INFO - Scanning... 96.8% (390000/402933)
2025-11-21 20:31:35,632 - trading_bot - INFO - Scanning... 98.0% (395000/402933)
2025-11-21 20:31:44,434 - trading_bot - INFO - Scanning... 99.3% (400000/402933)
2025-11-21 20:31:46,392 - trading_bot - INFO - Generated 91092 candidates
2025-11-21 20:31:46,397 - trading_bot - INFO - Training LGBM with 91092 samples...
2025-11-21 20:31:52,780 - trading_bot - INFO - Model saved to models/lgbm_model.pkl
