2025-11-20 21:54:31,783 - trading_bot - INFO - Loading data from Data/XAU_5m_data.csv
2025-11-20 21:54:36,089 - trading_bot - INFO - Data loaded: 752303 rows (Base Timeframe 5m)
2025-11-20 21:54:36,170 - trading_bot - INFO - Resampled: H4=16509, H1=63049
2025-11-20 21:55:13,622 - trading_bot - INFO - Detected 129254 FVGs and 52679 OBs on Base Timeframe
2025-11-20 21:55:13,623 - trading_bot - INFO - Generating candidates...
2025-11-20 22:34:54,996 - trading_bot - INFO - Generated 167775 candidates
2025-11-20 22:34:55,014 - trading_bot - INFO - Starting WFA from 2015-01-09 04:00:00 to 2025-10-31 18:45:00
2025-11-20 22:34:55,019 - trading_bot - INFO - Fold: Train 2015-01-09 -> 2019-01-09 (61703), Test -> 2019-07-09 (8506)
2025-11-20 22:34:55,020 - trading_bot - INFO - Training LGBM with 61703 samples...
2025-11-20 22:35:05,060 - trading_bot - INFO - Fold: Train 2015-07-09 -> 2019-07-09 (61347), Test -> 2020-01-09 (6485)
2025-11-20 22:35:05,064 - trading_bot - INFO - Training LGBM with 61347 samples...
2025-11-20 22:35:15,276 - trading_bot - INFO - Fold: Train 2016-01-09 -> 2020-01-09 (59723), Test -> 2020-07-09 (7218)
2025-11-20 22:35:15,280 - trading_bot - INFO - Training LGBM with 59723 samples...
2025-11-20 22:35:25,520 - trading_bot - INFO - Fold: Train 2016-07-09 -> 2020-07-09 (61156), Test -> 2021-01-09 (7731)
2025-11-20 22:35:25,524 - trading_bot - INFO - Training LGBM with 61156 samples...
2025-11-20 22:35:35,913 - trading_bot - INFO - Fold: Train 2017-01-09 -> 2021-01-09 (61856), Test -> 2021-07-09 (6751)
2025-11-20 22:35:35,917 - trading_bot - INFO - Training LGBM with 61856 samples...
2025-11-20 22:35:46,436 - trading_bot - INFO - Fold: Train 2017-07-09 -> 2021-07-09 (61270), Test -> 2022-01-09 (9741)
2025-11-20 22:35:46,439 - trading_bot - INFO - Training LGBM with 61270 samples...
2025-11-20 22:35:57,018 - trading_bot - INFO - Fold: Train 2018-01-09 -> 2022-01-09 (64957), Test -> 2022-07-09 (7250)
2025-11-20 22:35:57,021 - trading_bot - INFO - Training LGBM with 64957 samples...
2025-11-20 22:36:03,591 - trading_bot - INFO - Fold: Train 2018-07-09 -> 2022-07-09 (61745), Test -> 2023-01-09 (9285)
2025-11-20 22:36:03,594 - trading_bot - INFO - Training LGBM with 61745 samples...
2025-11-20 22:36:11,156 - trading_bot - INFO - Fold: Train 2019-01-09 -> 2023-01-09 (62967), Test -> 2023-07-09 (10121)
2025-11-20 22:36:11,159 - trading_bot - INFO - Training LGBM with 62967 samples...
2025-11-20 22:36:17,010 - trading_bot - INFO - Fold: Train 2019-07-09 -> 2023-07-09 (64582), Test -> 2024-01-09 (7997)
2025-11-20 22:36:17,015 - trading_bot - INFO - Training LGBM with 64582 samples...
2025-11-20 22:36:23,652 - trading_bot - INFO - Fold: Train 2020-01-09 -> 2024-01-09 (66094), Test -> 2024-07-09 (8559)
2025-11-20 22:36:23,655 - trading_bot - INFO - Training LGBM with 66094 samples...
2025-11-20 22:36:30,370 - trading_bot - INFO - Fold: Train 2020-07-09 -> 2024-07-09 (67435), Test -> 2025-01-09 (8003)
2025-11-20 22:36:30,373 - trading_bot - INFO - Training LGBM with 67435 samples...
2025-11-20 22:36:37,228 - trading_bot - INFO - Fold: Train 2021-01-09 -> 2025-01-09 (67707), Test -> 2025-07-09 (4150)
2025-11-20 22:36:37,231 - trading_bot - INFO - Training LGBM with 67707 samples...
2025-11-20 22:36:44,092 - trading_bot - INFO - Fold: Train 2021-07-09 -> 2025-07-09 (65106), Test -> 2026-01-09 (4275)
2025-11-20 22:36:44,095 - trading_bot - INFO - Training LGBM with 65106 samples...
2025-11-20 22:36:51,066 - trading_bot - INFO - Backtesting 2040 trades out of 106072 candidates...
2025-11-20 22:36:52,031 - trading_bot - INFO - Reports saved to reports/20251120_223651
