2025-11-20 20:36:28,625 - trading_bot - INFO - Loading data from Data/XAU_1m_data.csv
2025-11-20 20:36:42,362 - trading_bot - INFO - Data loaded: 6631694 rows M1
2025-11-20 20:36:42,874 - trading_bot - INFO - Resampled: H4=32268, H1=122564
2025-11-20 20:36:49,700 - trading_bot - INFO - Detected 18292 FVGs and 10347 OBs
2025-11-20 20:36:49,700 - trading_bot - INFO - Generating candidates...
2025-11-20 20:37:42,289 - trading_bot - INFO - Generated 25333 candidates
2025-11-20 20:37:42,291 - trading_bot - INFO - Starting WFA from 2004-06-29 16:00:00 to 2025-10-21 23:00:00
2025-11-20 20:37:42,292 - trading_bot - INFO - Fold: Train 2004-06-29 -> 2008-06-29 (4028), Test -> 2008-12-29 (644)
2025-11-20 20:37:42,293 - trading_bot - INFO - Training LGBM with 4028 samples...
2025-11-20 20:37:47,122 - trading_bot - INFO - Fold: Train 2004-12-29 -> 2008-12-29 (4017), Test -> 2009-06-29 (546)
2025-11-20 20:37:47,123 - trading_bot - INFO - Training LGBM with 4017 samples...
2025-11-20 20:37:50,935 - trading_bot - INFO - Fold: Train 2005-06-29 -> 2009-06-29 (3953), Test -> 2009-12-29 (375)
2025-11-20 20:37:50,936 - trading_bot - INFO - Training LGBM with 3953 samples...
2025-11-20 20:37:54,721 - trading_bot - INFO - Fold: Train 2005-12-29 -> 2009-12-29 (3660), Test -> 2010-06-29 (523)
2025-11-20 20:37:54,722 - trading_bot - INFO - Training LGBM with 3660 samples...
2025-11-20 20:37:58,580 - trading_bot - INFO - Fold: Train 2006-06-29 -> 2010-06-29 (3880), Test -> 2010-12-29 (496)
2025-11-20 20:37:58,582 - trading_bot - INFO - Training LGBM with 3880 samples...
2025-11-20 20:38:02,402 - trading_bot - INFO - Fold: Train 2006-12-29 -> 2010-12-29 (3928), Test -> 2011-06-29 (494)
2025-11-20 20:38:02,403 - trading_bot - INFO - Training LGBM with 3928 samples...
2025-11-20 20:38:06,157 - trading_bot - INFO - Fold: Train 2007-06-29 -> 2011-06-29 (3871), Test -> 2011-12-29 (476)
2025-11-20 20:38:06,158 - trading_bot - INFO - Training LGBM with 3871 samples...
2025-11-20 20:38:09,882 - trading_bot - INFO - Fold: Train 2007-12-29 -> 2011-12-29 (3940), Test -> 2012-06-29 (631)
2025-11-20 20:38:09,883 - trading_bot - INFO - Training LGBM with 3940 samples...
2025-11-20 20:38:13,737 - trading_bot - INFO - Fold: Train 2008-06-29 -> 2012-06-29 (4185), Test -> 2012-12-29 (626)
2025-11-20 20:38:13,738 - trading_bot - INFO - Training LGBM with 4185 samples...
2025-11-20 20:38:17,540 - trading_bot - INFO - Fold: Train 2008-12-29 -> 2012-12-29 (4167), Test -> 2013-06-29 (593)
2025-11-20 20:38:17,541 - trading_bot - INFO - Training LGBM with 4167 samples...
2025-11-20 20:38:21,386 - trading_bot - INFO - Fold: Train 2009-06-29 -> 2013-06-29 (4214), Test -> 2013-12-29 (662)
2025-11-20 20:38:21,387 - trading_bot - INFO - Training LGBM with 4214 samples...
2025-11-20 20:38:25,207 - trading_bot - INFO - Fold: Train 2009-12-29 -> 2013-12-29 (4501), Test -> 2014-06-29 (758)
2025-11-20 20:38:25,207 - trading_bot - INFO - Training LGBM with 4501 samples...
2025-11-20 20:38:28,980 - trading_bot - INFO - Fold: Train 2010-06-29 -> 2014-06-29 (4736), Test -> 2014-12-29 (716)
2025-11-20 20:38:28,981 - trading_bot - INFO - Training LGBM with 4736 samples...
2025-11-20 20:38:32,732 - trading_bot - INFO - Fold: Train 2010-12-29 -> 2014-12-29 (4956), Test -> 2015-06-29 (678)
2025-11-20 20:38:32,733 - trading_bot - INFO - Training LGBM with 4956 samples...
2025-11-20 20:38:36,503 - trading_bot - INFO - Fold: Train 2011-06-29 -> 2015-06-29 (5140), Test -> 2015-12-29 (759)
2025-11-20 20:38:36,504 - trading_bot - INFO - Training LGBM with 5140 samples...
2025-11-20 20:38:40,238 - trading_bot - INFO - Fold: Train 2011-12-29 -> 2015-12-29 (5423), Test -> 2016-06-29 (535)
2025-11-20 20:38:40,239 - trading_bot - INFO - Training LGBM with 5423 samples...
2025-11-20 20:38:43,985 - trading_bot - INFO - Fold: Train 2012-06-29 -> 2016-06-29 (5327), Test -> 2016-12-29 (591)
2025-11-20 20:38:43,986 - trading_bot - INFO - Training LGBM with 5327 samples...
2025-11-20 20:38:47,789 - trading_bot - INFO - Fold: Train 2012-12-29 -> 2016-12-29 (5292), Test -> 2017-06-29 (581)
2025-11-20 20:38:47,790 - trading_bot - INFO - Training LGBM with 5292 samples...
2025-11-20 20:38:51,536 - trading_bot - INFO - Fold: Train 2013-06-29 -> 2017-06-29 (5280), Test -> 2017-12-29 (544)
2025-11-20 20:38:51,537 - trading_bot - INFO - Training LGBM with 5280 samples...
2025-11-20 20:38:55,319 - trading_bot - INFO - Fold: Train 2013-12-29 -> 2017-12-29 (5162), Test -> 2018-06-29 (811)
2025-11-20 20:38:55,320 - trading_bot - INFO - Training LGBM with 5162 samples...
2025-11-20 20:38:59,048 - trading_bot - INFO - Fold: Train 2014-06-29 -> 2018-06-29 (5215), Test -> 2018-12-29 (721)
2025-11-20 20:38:59,049 - trading_bot - INFO - Training LGBM with 5215 samples...
2025-11-20 20:39:02,779 - trading_bot - INFO - Fold: Train 2014-12-29 -> 2018-12-29 (5220), Test -> 2019-06-29 (682)
2025-11-20 20:39:02,780 - trading_bot - INFO - Training LGBM with 5220 samples...
2025-11-20 20:39:06,520 - trading_bot - INFO - Fold: Train 2015-06-29 -> 2019-06-29 (5224), Test -> 2019-12-29 (615)
2025-11-20 20:39:06,520 - trading_bot - INFO - Training LGBM with 5224 samples...
2025-11-20 20:39:10,266 - trading_bot - INFO - Fold: Train 2015-12-29 -> 2019-12-29 (5080), Test -> 2020-06-29 (586)
2025-11-20 20:39:10,268 - trading_bot - INFO - Training LGBM with 5080 samples...
2025-11-20 20:39:13,999 - trading_bot - INFO - Fold: Train 2016-06-29 -> 2020-06-29 (5131), Test -> 2020-12-29 (669)
2025-11-20 20:39:14,000 - trading_bot - INFO - Training LGBM with 5131 samples...
2025-11-20 20:39:17,769 - trading_bot - INFO - Fold: Train 2016-12-29 -> 2020-12-29 (5209), Test -> 2021-06-29 (582)
2025-11-20 20:39:17,770 - trading_bot - INFO - Training LGBM with 5209 samples...
2025-11-20 20:39:21,602 - trading_bot - INFO - Fold: Train 2017-06-29 -> 2021-06-29 (5210), Test -> 2021-12-29 (747)
2025-11-20 20:39:21,603 - trading_bot - INFO - Training LGBM with 5210 samples...
2025-11-20 20:39:25,335 - trading_bot - INFO - Fold: Train 2017-12-29 -> 2021-12-29 (5413), Test -> 2022-06-29 (653)
2025-11-20 20:39:25,335 - trading_bot - INFO - Training LGBM with 5413 samples...
2025-11-20 20:39:29,077 - trading_bot - INFO - Fold: Train 2018-06-29 -> 2022-06-29 (5255), Test -> 2022-12-29 (800)
2025-11-20 20:39:29,078 - trading_bot - INFO - Training LGBM with 5255 samples...
2025-11-20 20:39:32,830 - trading_bot - INFO - Fold: Train 2018-12-29 -> 2022-12-29 (5334), Test -> 2023-06-29 (793)
2025-11-20 20:39:32,831 - trading_bot - INFO - Training LGBM with 5334 samples...
2025-11-20 20:39:36,696 - trading_bot - INFO - Fold: Train 2019-06-29 -> 2023-06-29 (5445), Test -> 2023-12-29 (693)
2025-11-20 20:39:36,697 - trading_bot - INFO - Training LGBM with 5445 samples...
2025-11-20 20:39:40,702 - trading_bot - INFO - Fold: Train 2019-12-29 -> 2023-12-29 (5523), Test -> 2024-06-29 (665)
2025-11-20 20:39:40,703 - trading_bot - INFO - Training LGBM with 5523 samples...
2025-11-20 20:39:44,588 - trading_bot - INFO - Fold: Train 2020-06-29 -> 2024-06-29 (5602), Test -> 2024-12-29 (594)
2025-11-20 20:39:44,588 - trading_bot - INFO - Training LGBM with 5602 samples...
2025-11-20 20:39:48,420 - trading_bot - INFO - Fold: Train 2020-12-29 -> 2024-12-29 (5527), Test -> 2025-06-29 (329)
2025-11-20 20:39:48,421 - trading_bot - INFO - Training LGBM with 5527 samples...
2025-11-20 20:39:52,369 - trading_bot - INFO - Fold: Train 2021-06-29 -> 2025-06-29 (5274), Test -> 2025-12-29 (137)
2025-11-20 20:39:52,370 - trading_bot - INFO - Training LGBM with 5274 samples...
2025-11-20 20:39:56,205 - trading_bot - INFO - Backtesting 2071 trades out of 21305 candidates...
2025-11-20 20:39:56,641 - trading_bot - INFO - Reports saved to reports/20251120_203956
