2025-11-22 23:10:50,416 - trading_bot - INFO - Loading data from Data/XAU_5m_data.csv
2025-11-22 23:10:54,918 - trading_bot - INFO - Data loaded: 352856 rows (Base Timeframe 5m)
2025-11-22 23:10:54,918 - trading_bot - INFO - Loading data from Data/XAU_4h_data.csv
2025-11-22 23:10:55,008 - trading_bot - INFO - Loaded H4 data directly: 7728 bars
2025-11-22 23:10:55,009 - trading_bot - INFO - Loading data from Data/XAU_1d_data.csv
2025-11-22 23:10:55,023 - trading_bot - INFO - Loaded Daily data directly: 1291 bars
2025-11-22 23:10:55,048 - trading_bot - INFO - H4=7728, H1=29530
2025-11-22 23:10:58,158 - trading_bot - INFO - Using SMC (Smart Money Concepts) strategy
2025-11-22 23:11:12,407 - trading_bot - INFO - Detected 60577 FVGs and 25456 OBs on Base Timeframe
2025-11-22 23:11:12,408 - trading_bot - INFO - Generating candidates...
2025-11-22 23:11:14,534 - trading_bot - INFO - Scanning... 1.4% (5000/352856)
2025-11-22 23:11:17,981 - trading_bot - INFO - Scanning... 2.8% (10000/352856)
2025-11-22 23:11:21,323 - trading_bot - INFO - Scanning... 4.3% (15000/352856)
2025-11-22 23:11:23,944 - trading_bot - INFO - Scanning... 5.7% (20000/352856)
2025-11-22 23:11:25,746 - trading_bot - INFO - Scanning... 7.1% (25000/352856)
2025-11-22 23:11:28,518 - trading_bot - INFO - Scanning... 8.5% (30000/352856)
2025-11-22 23:11:31,427 - trading_bot - INFO - Scanning... 9.9% (35000/352856)
2025-11-22 23:11:34,545 - trading_bot - INFO - Scanning... 11.3% (40000/352856)
2025-11-22 23:11:38,436 - trading_bot - INFO - Scanning... 12.8% (45000/352856)
2025-11-22 23:11:41,538 - trading_bot - INFO - Scanning... 14.2% (50000/352856)
2025-11-22 23:11:44,682 - trading_bot - INFO - Scanning... 15.6% (55000/352856)
2025-11-22 23:11:48,070 - trading_bot - INFO - Scanning... 17.0% (60000/352856)
2025-11-22 23:11:51,166 - trading_bot - INFO - Scanning... 18.4% (65000/352856)
2025-11-22 23:11:54,816 - trading_bot - INFO - Scanning... 19.8% (70000/352856)
2025-11-22 23:11:57,238 - trading_bot - INFO - Scanning... 21.3% (75000/352856)
2025-11-22 23:12:00,033 - trading_bot - INFO - Scanning... 22.7% (80000/352856)
2025-11-22 23:12:03,272 - trading_bot - INFO - Scanning... 24.1% (85000/352856)
2025-11-22 23:12:05,827 - trading_bot - INFO - Scanning... 25.5% (90000/352856)
2025-11-22 23:12:08,140 - trading_bot - INFO - Scanning... 26.9% (95000/352856)
2025-11-22 23:12:11,982 - trading_bot - INFO - Scanning... 28.3% (100000/352856)
2025-11-22 23:12:15,054 - trading_bot - INFO - Scanning... 29.8% (105000/352856)
2025-11-22 23:12:18,674 - trading_bot - INFO - Scanning... 31.2% (110000/352856)
2025-11-22 23:12:21,630 - trading_bot - INFO - Scanning... 32.6% (115000/352856)
2025-11-22 23:12:24,889 - trading_bot - INFO - Scanning... 34.0% (120000/352856)
2025-11-22 23:12:27,439 - trading_bot - INFO - Scanning... 35.4% (125000/352856)
2025-11-22 23:12:29,664 - trading_bot - INFO - Scanning... 36.8% (130000/352856)
2025-11-22 23:12:33,103 - trading_bot - INFO - Scanning... 38.3% (135000/352856)
2025-11-22 23:12:35,868 - trading_bot - INFO - Scanning... 39.7% (140000/352856)
2025-11-22 23:12:39,228 - trading_bot - INFO - Scanning... 41.1% (145000/352856)
2025-11-22 23:12:43,602 - trading_bot - INFO - Scanning... 42.5% (150000/352856)
2025-11-22 23:12:47,323 - trading_bot - INFO - Scanning... 43.9% (155000/352856)
2025-11-22 23:12:50,260 - trading_bot - INFO - Scanning... 45.3% (160000/352856)
2025-11-22 23:12:53,139 - trading_bot - INFO - Scanning... 46.8% (165000/352856)
2025-11-22 23:12:57,212 - trading_bot - INFO - Scanning... 48.2% (170000/352856)
2025-11-22 23:13:01,465 - trading_bot - INFO - Scanning... 49.6% (175000/352856)
2025-11-22 23:13:04,173 - trading_bot - INFO - Scanning... 51.0% (180000/352856)
2025-11-22 23:13:06,663 - trading_bot - INFO - Scanning... 52.4% (185000/352856)
2025-11-22 23:13:09,905 - trading_bot - INFO - Scanning... 53.8% (190000/352856)
2025-11-22 23:13:12,929 - trading_bot - INFO - Scanning... 55.3% (195000/352856)
2025-11-22 23:13:15,839 - trading_bot - INFO - Scanning... 56.7% (200000/352856)
2025-11-22 23:13:18,773 - trading_bot - INFO - Scanning... 58.1% (205000/352856)
2025-11-22 23:13:22,869 - trading_bot - INFO - Scanning... 59.5% (210000/352856)
2025-11-22 23:13:27,539 - trading_bot - INFO - Scanning... 60.9% (215000/352856)
2025-11-22 23:13:30,926 - trading_bot - INFO - Scanning... 62.3% (220000/352856)
2025-11-22 23:13:34,468 - trading_bot - INFO - Scanning... 63.8% (225000/352856)
2025-11-22 23:13:37,620 - trading_bot - INFO - Scanning... 65.2% (230000/352856)
2025-11-22 23:13:41,063 - trading_bot - INFO - Scanning... 66.6% (235000/352856)
2025-11-22 23:13:43,184 - trading_bot - INFO - Scanning... 68.0% (240000/352856)
2025-11-22 23:13:46,727 - trading_bot - INFO - Scanning... 69.4% (245000/352856)
2025-11-22 23:13:49,869 - trading_bot - INFO - Scanning... 70.9% (250000/352856)
2025-11-22 23:13:52,472 - trading_bot - INFO - Scanning... 72.3% (255000/352856)
2025-11-22 23:13:56,299 - trading_bot - INFO - Scanning... 73.7% (260000/352856)
2025-11-22 23:14:00,724 - trading_bot - INFO - Scanning... 75.1% (265000/352856)
2025-11-22 23:14:04,367 - trading_bot - INFO - Scanning... 76.5% (270000/352856)
2025-11-22 23:14:07,683 - trading_bot - INFO - Scanning... 77.9% (275000/352856)
2025-11-22 23:14:11,041 - trading_bot - INFO - Scanning... 79.4% (280000/352856)
2025-11-22 23:14:14,105 - trading_bot - INFO - Scanning... 80.8% (285000/352856)
2025-11-22 23:14:16,475 - trading_bot - INFO - Scanning... 82.2% (290000/352856)
2025-11-22 23:14:20,235 - trading_bot - INFO - Scanning... 83.6% (295000/352856)
2025-11-22 23:14:23,824 - trading_bot - INFO - Scanning... 85.0% (300000/352856)
2025-11-22 23:14:27,953 - trading_bot - INFO - Scanning... 86.4% (305000/352856)
2025-11-22 23:14:31,711 - trading_bot - INFO - Scanning... 87.9% (310000/352856)
2025-11-22 23:14:35,451 - trading_bot - INFO - Scanning... 89.3% (315000/352856)
2025-11-22 23:14:40,203 - trading_bot - INFO - Scanning... 90.7% (320000/352856)
2025-11-22 23:14:44,183 - trading_bot - INFO - Scanning... 92.1% (325000/352856)
2025-11-22 23:14:48,285 - trading_bot - INFO - Scanning... 93.5% (330000/352856)
2025-11-22 23:14:52,023 - trading_bot - INFO - Scanning... 94.9% (335000/352856)
2025-11-22 23:14:56,180 - trading_bot - INFO - Scanning... 96.4% (340000/352856)
2025-11-22 23:15:00,098 - trading_bot - INFO - Scanning... 97.8% (345000/352856)
2025-11-22 23:15:04,049 - trading_bot - INFO - Scanning... 99.2% (350000/352856)
2025-11-22 23:15:05,996 - trading_bot - INFO - Generated 35503 candidates
2025-11-22 23:15:05,998 - trading_bot - INFO - Training LGBM with 35503 samples...
2025-11-22 23:15:11,537 - trading_bot - INFO - Model saved to models/lgbm_model.pkl
