2025-11-21 19:33:40,390 - trading_bot - INFO - Loading data from Data/XAU_5m_data.csv
2025-11-21 19:33:45,245 - trading_bot - INFO - Data loaded: 121011 rows (Base Timeframe 5m)
2025-11-21 19:33:45,261 - trading_bot - INFO - Resampled: H4=2643, H1=10097
2025-11-21 19:33:53,304 - trading_bot - INFO - Detected 21111 FVGs and 11427 OBs on Base Timeframe
2025-11-21 19:33:53,304 - trading_bot - INFO - Generating candidates...
2025-11-21 19:33:56,074 - trading_bot - INFO - Scanning... 4.1% (5000/121011)
2025-11-21 19:33:59,837 - trading_bot - INFO - Scanning... 8.3% (10000/121011)
2025-11-21 19:34:02,409 - trading_bot - INFO - Scanning... 12.4% (15000/121011)
2025-11-21 19:34:05,011 - trading_bot - INFO - Scanning... 16.5% (20000/121011)
2025-11-21 19:34:08,089 - trading_bot - INFO - Scanning... 20.7% (25000/121011)
2025-11-21 19:34:11,345 - trading_bot - INFO - Scanning... 24.8% (30000/121011)
2025-11-21 19:34:17,031 - trading_bot - INFO - Scanning... 28.9% (35000/121011)
2025-11-21 19:34:19,130 - trading_bot - INFO - Scanning... 33.1% (40000/121011)
2025-11-21 19:34:23,026 - trading_bot - INFO - Scanning... 37.2% (45000/121011)
2025-11-21 19:34:25,715 - trading_bot - INFO - Scanning... 41.3% (50000/121011)
2025-11-21 19:34:29,892 - trading_bot - INFO - Scanning... 45.5% (55000/121011)
2025-11-21 19:34:31,588 - trading_bot - INFO - Scanning... 49.6% (60000/121011)
2025-11-21 19:34:35,248 - trading_bot - INFO - Scanning... 53.7% (65000/121011)
2025-11-21 19:34:40,523 - trading_bot - INFO - Scanning... 57.8% (70000/121011)
2025-11-21 19:34:44,739 - trading_bot - INFO - Scanning... 62.0% (75000/121011)
2025-11-21 19:34:47,749 - trading_bot - INFO - Scanning... 66.1% (80000/121011)
2025-11-21 19:34:51,050 - trading_bot - INFO - Scanning... 70.2% (85000/121011)
2025-11-21 19:34:53,549 - trading_bot - INFO - Scanning... 74.4% (90000/121011)
2025-11-21 19:34:56,724 - trading_bot - INFO - Scanning... 78.5% (95000/121011)
2025-11-21 19:35:02,726 - trading_bot - INFO - Scanning... 82.6% (100000/121011)
2025-11-21 19:35:05,477 - trading_bot - INFO - Scanning... 86.8% (105000/121011)
2025-11-21 19:35:10,377 - trading_bot - INFO - Scanning... 90.9% (110000/121011)
2025-11-21 19:35:12,407 - trading_bot - INFO - Scanning... 95.0% (115000/121011)
2025-11-21 19:35:16,105 - trading_bot - INFO - Scanning... 99.2% (120000/121011)
2025-11-21 19:35:16,639 - trading_bot - INFO - Generated 25113 candidates
2025-11-21 19:35:16,652 - trading_bot - INFO - Model loaded from models/lgbm_model.pkl
2025-11-21 19:35:16,737 - trading_bot - INFO - Backtesting 391 trades out of 25113 candidates...
2025-11-21 19:35:16,737 - trading_bot - INFO - Initial capital: $6000.00, Risk per trade: 0.50%
2025-11-21 19:35:16,737 - trading_bot - INFO - Progress: 0.3% (1/391) | Equity: $6040.30 | Win Rate: 0.0% (0W/0L)
2025-11-21 19:35:16,738 - trading_bot - INFO - Progress: 5.1% (20/391) | Equity: $6227.83 | Win Rate: 68.4% (13W/6L)
2025-11-21 19:35:16,739 - trading_bot - INFO - Progress: 10.0% (39/391) | Equity: $6641.94 | Win Rate: 84.2% (32W/6L)
2025-11-21 19:35:16,740 - trading_bot - INFO - Progress: 14.8% (58/391) | Equity: $7306.21 | Win Rate: 84.2% (48W/9L)
2025-11-21 19:35:16,740 - trading_bot - INFO - Progress: 19.7% (77/391) | Equity: $8580.11 | Win Rate: 88.2% (67W/9L)
2025-11-21 19:35:16,741 - trading_bot - INFO - Progress: 24.6% (96/391) | Equity: $9322.61 | Win Rate: 89.5% (85W/10L)
2025-11-21 19:35:16,742 - trading_bot - INFO - Progress: 29.4% (115/391) | Equity: $10631.74 | Win Rate: 91.2% (104W/10L)
2025-11-21 19:35:16,742 - trading_bot - INFO - Progress: 34.3% (134/391) | Equity: $11915.08 | Win Rate: 92.5% (123W/10L)
2025-11-21 19:35:16,743 - trading_bot - INFO - Progress: 39.1% (153/391) | Equity: $13132.40 | Win Rate: 93.4% (142W/10L)
2025-11-21 19:35:16,744 - trading_bot - INFO - Progress: 44.0% (172/391) | Equity: $14230.21 | Win Rate: 94.2% (161W/10L)
2025-11-21 19:35:16,744 - trading_bot - INFO - Progress: 48.8% (191/391) | Equity: $15559.89 | Win Rate: 94.2% (179W/11L)
2025-11-21 19:35:16,745 - trading_bot - INFO - Progress: 53.7% (210/391) | Equity: $17038.59 | Win Rate: 94.7% (198W/11L)
2025-11-21 19:35:16,746 - trading_bot - INFO - Progress: 58.6% (229/391) | Equity: $18336.32 | Win Rate: 94.7% (216W/12L)
2025-11-21 19:35:16,747 - trading_bot - INFO - Progress: 63.4% (248/391) | Equity: $19514.14 | Win Rate: 94.7% (234W/13L)
2025-11-21 19:35:16,747 - trading_bot - INFO - Progress: 68.3% (267/391) | Equity: $20870.92 | Win Rate: 94.7% (252W/14L)
2025-11-21 19:35:16,748 - trading_bot - INFO - Progress: 73.1% (286/391) | Equity: $22248.78 | Win Rate: 94.7% (270W/15L)
2025-11-21 19:35:16,749 - trading_bot - INFO - Progress: 78.0% (305/391) | Equity: $23626.59 | Win Rate: 95.1% (289W/15L)
2025-11-21 19:35:16,749 - trading_bot - INFO - Progress: 82.9% (324/391) | Equity: $24853.94 | Win Rate: 95.4% (308W/15L)
2025-11-21 19:35:16,750 - trading_bot - INFO - Progress: 87.7% (343/391) | Equity: $26052.91 | Win Rate: 95.6% (327W/15L)
2025-11-21 19:35:16,751 - trading_bot - INFO - Progress: 92.6% (362/391) | Equity: $27493.27 | Win Rate: 95.8% (346W/15L)
2025-11-21 19:35:16,751 - trading_bot - INFO - Progress: 97.4% (381/391) | Equity: $29020.59 | Win Rate: 96.1% (365W/15L)
2025-11-21 19:35:16,752 - trading_bot - INFO - Progress: 100.0% (391/391) | Equity: $29809.40 | Win Rate: 96.2% (375W/15L)
2025-11-21 19:35:16,752 - trading_bot - INFO - Backtest complete! Final Equity: $29809.40 | Total PnL: $23809.40 | Win Rate: 96.2% (376W/15L)
2025-11-21 19:35:17,142 - trading_bot - INFO - Reports saved to reports/20251121_193516
