2025-11-20 20:54:55,737 - trading_bot - INFO - Loading data from Data/XAU_1m_data.csv
2025-11-20 20:55:17,713 - trading_bot - INFO - Data loaded: 6631694 rows (Base Timeframe 5m)
2025-11-20 20:55:18,260 - trading_bot - INFO - Resampled: H4=32268, H1=122564
2025-11-20 20:59:57,303 - trading_bot - INFO - Detected 1231454 FVGs and 361986 OBs on Base Timeframe
2025-11-20 20:59:57,304 - trading_bot - INFO - Generating candidates...
2025-11-22 03:09:00,041 - trading_bot - INFO - Generated 1404103 candidates
2025-11-22 03:09:00,101 - trading_bot - INFO - Starting WFA from 2004-06-16 12:02:00 to 2025-10-31 22:09:00
2025-11-22 03:09:00,118 - trading_bot - INFO - Fold: Train 2004-06-16 -> 2014-06-16 (528733), Test -> 2014-12-16 (41434)
2025-11-22 03:09:00,122 - trading_bot - INFO - Training LGBM with 528733 samples...
2025-11-22 03:09:07,352 - trading_bot - INFO - Fold: Train 2004-12-16 -> 2014-12-16 (551456), Test -> 2015-06-16 (42475)
2025-11-22 03:09:07,356 - trading_bot - INFO - Training LGBM with 551456 samples...
2025-11-22 03:09:14,581 - trading_bot - INFO - Fold: Train 2005-06-16 -> 2015-06-16 (575580), Test -> 2015-12-16 (40274)
2025-11-22 03:09:14,586 - trading_bot - INFO - Training LGBM with 575580 samples...
2025-11-22 03:09:21,885 - trading_bot - INFO - Fold: Train 2005-12-16 -> 2015-12-16 (603453), Test -> 2016-06-16 (34406)
2025-11-22 03:09:21,889 - trading_bot - INFO - Training LGBM with 603453 samples...
2025-11-22 03:09:29,284 - trading_bot - INFO - Fold: Train 2006-06-16 -> 2016-06-16 (627518), Test -> 2016-12-16 (34873)
2025-11-22 03:09:29,291 - trading_bot - INFO - Training LGBM with 627518 samples...
2025-11-22 03:09:36,772 - trading_bot - INFO - Fold: Train 2006-12-16 -> 2016-12-16 (645925), Test -> 2017-06-16 (32687)
2025-11-22 03:09:36,780 - trading_bot - INFO - Training LGBM with 645925 samples...
2025-11-22 03:09:44,347 - trading_bot - INFO - Fold: Train 2007-06-16 -> 2017-06-16 (660060), Test -> 2017-12-16 (37833)
2025-11-22 03:09:44,353 - trading_bot - INFO - Training LGBM with 660060 samples...
2025-11-22 03:09:51,972 - trading_bot - INFO - Fold: Train 2007-12-16 -> 2017-12-16 (674763), Test -> 2018-06-16 (43476)
2025-11-22 03:09:51,979 - trading_bot - INFO - Training LGBM with 674763 samples...
2025-11-22 03:09:59,691 - trading_bot - INFO - Fold: Train 2008-06-16 -> 2018-06-16 (699250), Test -> 2018-12-16 (43891)
2025-11-22 03:09:59,695 - trading_bot - INFO - Training LGBM with 699250 samples...
2025-11-22 03:10:07,494 - trading_bot - INFO - Fold: Train 2008-12-16 -> 2018-12-16 (706142), Test -> 2019-06-16 (44157)
2025-11-22 03:10:07,500 - trading_bot - INFO - Training LGBM with 706142 samples...
2025-11-22 03:10:15,315 - trading_bot - INFO - Fold: Train 2009-06-16 -> 2019-06-16 (719228), Test -> 2019-12-16 (36469)
2025-11-22 03:10:15,320 - trading_bot - INFO - Training LGBM with 719228 samples...
2025-11-22 03:10:23,189 - trading_bot - INFO - Fold: Train 2009-12-16 -> 2019-12-16 (734414), Test -> 2020-06-16 (32521)
2025-11-22 03:10:23,195 - trading_bot - INFO - Training LGBM with 734414 samples...
2025-11-22 03:10:31,089 - trading_bot - INFO - Fold: Train 2010-06-16 -> 2020-06-16 (735094), Test -> 2020-12-16 (41690)
2025-11-22 03:10:31,095 - trading_bot - INFO - Training LGBM with 735094 samples...
2025-11-22 03:10:39,026 - trading_bot - INFO - Fold: Train 2010-12-16 -> 2020-12-16 (746678), Test -> 2021-06-16 (33200)
2025-11-22 03:10:39,031 - trading_bot - INFO - Training LGBM with 746678 samples...
2025-11-22 03:10:46,967 - trading_bot - INFO - Fold: Train 2011-06-16 -> 2021-06-16 (759234), Test -> 2021-12-16 (45717)
2025-11-22 03:10:46,974 - trading_bot - INFO - Training LGBM with 759234 samples...
2025-11-22 03:10:55,032 - trading_bot - INFO - Fold: Train 2011-12-16 -> 2021-12-16 (774127), Test -> 2022-06-16 (33951)
2025-11-22 03:10:55,038 - trading_bot - INFO - Training LGBM with 774127 samples...
2025-11-22 03:11:03,153 - trading_bot - INFO - Fold: Train 2012-06-16 -> 2022-06-16 (776453), Test -> 2022-12-16 (51789)
2025-11-22 03:11:03,159 - trading_bot - INFO - Training LGBM with 776453 samples...
2025-11-22 03:11:11,255 - trading_bot - INFO - Fold: Train 2012-12-16 -> 2022-12-16 (792818), Test -> 2023-06-16 (48352)
2025-11-22 03:11:11,261 - trading_bot - INFO - Training LGBM with 792818 samples...
2025-11-22 03:11:19,421 - trading_bot - INFO - Fold: Train 2013-06-16 -> 2023-06-16 (801440), Test -> 2023-12-16 (42910)
2025-11-22 03:11:19,427 - trading_bot - INFO - Training LGBM with 801440 samples...
2025-11-22 03:11:27,602 - trading_bot - INFO - Fold: Train 2013-12-16 -> 2023-12-16 (806604), Test -> 2024-06-16 (34366)
2025-11-22 03:11:27,608 - trading_bot - INFO - Training LGBM with 806604 samples...
2025-11-22 03:11:35,769 - trading_bot - INFO - Fold: Train 2014-06-16 -> 2024-06-16 (796471), Test -> 2024-12-16 (43173)
2025-11-22 03:11:35,776 - trading_bot - INFO - Training LGBM with 796471 samples...
2025-11-22 03:11:43,930 - trading_bot - INFO - Fold: Train 2014-12-16 -> 2024-12-16 (798210), Test -> 2025-06-16 (25714)
2025-11-22 03:11:43,936 - trading_bot - INFO - Training LGBM with 798210 samples...
2025-11-22 03:11:52,021 - trading_bot - INFO - Fold: Train 2015-06-16 -> 2025-06-16 (781449), Test -> 2025-12-16 (10012)
2025-11-22 03:11:52,027 - trading_bot - INFO - Training LGBM with 781449 samples...
2025-11-22 03:12:00,115 - trading_bot - INFO - Backtesting 2037 trades out of 875370 candidates...
2025-11-22 03:12:00,537 - trading_bot - INFO - Reports saved to reports/20251122_031200
