2025-11-21 16:33:01,413 - trading_bot - INFO - Loading data from Data/XAU_5m_data.csv
2025-11-21 16:33:06,215 - trading_bot - INFO - Data loaded: 752303 rows (Base Timeframe 5m)
2025-11-21 16:33:06,314 - trading_bot - INFO - Resampled: H4=16509, H1=63049
2025-11-21 16:33:46,547 - trading_bot - INFO - Detected 129254 FVGs and 52679 OBs on Base Timeframe
2025-11-21 16:33:46,548 - trading_bot - INFO - Generating candidates...
2025-11-21 16:33:51,967 - trading_bot - INFO - Scanning... 0.7% (5000/752303)
2025-11-21 16:34:04,678 - trading_bot - INFO - Scanning... 1.3% (10000/752303)
2025-11-21 16:34:14,849 - trading_bot - INFO - Scanning... 2.0% (15000/752303)
2025-11-21 16:34:19,512 - trading_bot - INFO - Scanning... 2.7% (20000/752303)
2025-11-21 16:34:27,978 - trading_bot - INFO - Scanning... 3.3% (25000/752303)
2025-11-21 16:34:39,281 - trading_bot - INFO - Scanning... 4.0% (30000/752303)
2025-11-21 16:34:53,051 - trading_bot - INFO - Scanning... 4.7% (35000/752303)
2025-11-21 16:34:55,163 - trading_bot - INFO - Scanning... 5.3% (40000/752303)
2025-11-21 16:35:47,181 - trading_bot - INFO - Scanning... 6.0% (45000/752303)
2025-11-21 16:37:15,848 - trading_bot - INFO - Scanning... 6.6% (50000/752303)
2025-11-21 16:37:57,479 - trading_bot - INFO - Scanning... 7.3% (55000/752303)
2025-11-21 16:39:02,171 - trading_bot - INFO - Scanning... 8.0% (60000/752303)
2025-11-21 16:40:41,202 - trading_bot - INFO - Scanning... 8.6% (65000/752303)
2025-11-21 16:42:22,810 - trading_bot - INFO - Scanning... 9.3% (70000/752303)
2025-11-21 16:43:03,950 - trading_bot - INFO - Scanning... 10.0% (75000/752303)
2025-11-21 16:43:42,064 - trading_bot - INFO - Scanning... 10.6% (80000/752303)
2025-11-21 16:44:25,673 - trading_bot - INFO - Scanning... 11.3% (85000/752303)
2025-11-21 16:45:47,756 - trading_bot - INFO - Scanning... 12.0% (90000/752303)
2025-11-21 16:47:41,813 - trading_bot - INFO - Scanning... 12.6% (95000/752303)
2025-11-21 16:48:54,858 - trading_bot - INFO - Scanning... 13.3% (100000/752303)
2025-11-21 17:04:14,825 - trading_bot - INFO - Scanning... 14.0% (105000/752303)
2025-11-21 17:16:35,685 - trading_bot - INFO - Scanning... 14.6% (110000/752303)
2025-11-21 17:33:09,240 - trading_bot - INFO - Scanning... 15.3% (115000/752303)
2025-11-21 17:34:23,443 - trading_bot - INFO - Scanning... 16.0% (120000/752303)
2025-11-21 17:35:04,982 - trading_bot - INFO - Scanning... 16.6% (125000/752303)
2025-11-21 17:35:39,868 - trading_bot - INFO - Scanning... 17.3% (130000/752303)
2025-11-21 17:53:31,466 - trading_bot - INFO - Scanning... 17.9% (135000/752303)
2025-11-21 17:54:37,852 - trading_bot - INFO - Scanning... 18.6% (140000/752303)
2025-11-21 17:55:41,841 - trading_bot - INFO - Scanning... 19.3% (145000/752303)
2025-11-21 18:27:13,029 - trading_bot - INFO - Scanning... 19.9% (150000/752303)
2025-11-21 18:27:19,487 - trading_bot - INFO - Scanning... 20.6% (155000/752303)
2025-11-21 18:28:53,771 - trading_bot - INFO - Scanning... 21.3% (160000/752303)
2025-11-21 18:46:11,537 - trading_bot - INFO - Scanning... 21.9% (165000/752303)
2025-11-21 18:46:45,661 - trading_bot - INFO - Scanning... 22.6% (170000/752303)
2025-11-21 18:48:22,216 - trading_bot - INFO - Scanning... 23.3% (175000/752303)
2025-11-21 18:49:22,575 - trading_bot - INFO - Scanning... 23.9% (180000/752303)
2025-11-21 19:05:43,824 - trading_bot - INFO - Scanning... 24.6% (185000/752303)
2025-11-21 19:05:47,139 - trading_bot - INFO - Scanning... 25.3% (190000/752303)
2025-11-21 19:05:55,178 - trading_bot - INFO - Scanning... 25.9% (195000/752303)
2025-11-21 19:06:03,398 - trading_bot - INFO - Scanning... 26.6% (200000/752303)
2025-11-21 19:06:10,858 - trading_bot - INFO - Scanning... 27.2% (205000/752303)
2025-11-21 19:06:13,751 - trading_bot - INFO - Scanning... 27.9% (210000/752303)
2025-11-21 19:06:18,363 - trading_bot - INFO - Scanning... 28.6% (215000/752303)
2025-11-21 19:06:27,073 - trading_bot - INFO - Scanning... 29.2% (220000/752303)
2025-11-21 19:06:35,446 - trading_bot - INFO - Scanning... 29.9% (225000/752303)
2025-11-21 19:06:42,819 - trading_bot - INFO - Scanning... 30.6% (230000/752303)
2025-11-21 19:06:51,504 - trading_bot - INFO - Scanning... 31.2% (235000/752303)
2025-11-21 19:07:04,186 - trading_bot - INFO - Scanning... 31.9% (240000/752303)
2025-11-21 19:07:18,920 - trading_bot - INFO - Scanning... 32.6% (245000/752303)
2025-11-21 19:07:28,215 - trading_bot - INFO - Scanning... 33.2% (250000/752303)
2025-11-21 19:07:36,066 - trading_bot - INFO - Scanning... 33.9% (255000/752303)
2025-11-21 19:07:45,043 - trading_bot - INFO - Scanning... 34.6% (260000/752303)
2025-11-21 19:07:49,245 - trading_bot - INFO - Scanning... 35.2% (265000/752303)
2025-11-21 19:08:01,398 - trading_bot - INFO - Scanning... 35.9% (270000/752303)
2025-11-21 19:08:04,342 - trading_bot - INFO - Scanning... 36.6% (275000/752303)
2025-11-21 19:08:14,270 - trading_bot - INFO - Scanning... 37.2% (280000/752303)
2025-11-21 19:08:25,271 - trading_bot - INFO - Scanning... 37.9% (285000/752303)
2025-11-21 19:08:34,608 - trading_bot - INFO - Scanning... 38.5% (290000/752303)
2025-11-21 19:08:41,114 - trading_bot - INFO - Scanning... 39.2% (295000/752303)
2025-11-21 19:08:44,704 - trading_bot - INFO - Scanning... 39.9% (300000/752303)
2025-11-21 19:08:52,293 - trading_bot - INFO - Scanning... 40.5% (305000/752303)
2025-11-21 19:09:04,504 - trading_bot - INFO - Scanning... 41.2% (310000/752303)
2025-11-21 19:09:11,854 - trading_bot - INFO - Scanning... 41.9% (315000/752303)
2025-11-21 19:09:23,589 - trading_bot - INFO - Scanning... 42.5% (320000/752303)
2025-11-21 19:09:30,135 - trading_bot - INFO - Scanning... 43.2% (325000/752303)
2025-11-21 19:09:39,140 - trading_bot - INFO - Scanning... 43.9% (330000/752303)
2025-11-21 19:09:54,537 - trading_bot - INFO - Scanning... 44.5% (335000/752303)
2025-11-21 19:10:03,904 - trading_bot - INFO - Scanning... 45.2% (340000/752303)
2025-11-21 19:10:11,475 - trading_bot - INFO - Scanning... 45.9% (345000/752303)
2025-11-21 19:10:16,350 - trading_bot - INFO - Scanning... 46.5% (350000/752303)
2025-11-21 19:10:23,889 - trading_bot - INFO - Scanning... 47.2% (355000/752303)
2025-11-21 19:10:30,313 - trading_bot - INFO - Scanning... 47.9% (360000/752303)
2025-11-21 19:10:39,392 - trading_bot - INFO - Scanning... 48.5% (365000/752303)
2025-11-21 19:10:48,856 - trading_bot - INFO - Scanning... 49.2% (370000/752303)
2025-11-21 19:11:07,605 - trading_bot - INFO - Scanning... 49.8% (375000/752303)
2025-11-21 19:11:17,464 - trading_bot - INFO - Scanning... 50.5% (380000/752303)
2025-11-21 19:11:27,161 - trading_bot - INFO - Scanning... 51.2% (385000/752303)
2025-11-21 19:11:34,219 - trading_bot - INFO - Scanning... 51.8% (390000/752303)
2025-11-21 19:11:44,415 - trading_bot - INFO - Scanning... 52.5% (395000/752303)
2025-11-21 19:11:57,576 - trading_bot - INFO - Scanning... 53.2% (400000/752303)
2025-11-21 19:12:06,261 - trading_bot - INFO - Scanning... 53.8% (405000/752303)
2025-11-21 19:12:17,433 - trading_bot - INFO - Scanning... 54.5% (410000/752303)
2025-11-21 19:12:28,464 - trading_bot - INFO - Scanning... 55.2% (415000/752303)
2025-11-21 19:12:38,872 - trading_bot - INFO - Scanning... 55.8% (420000/752303)
2025-11-21 19:12:44,396 - trading_bot - INFO - Scanning... 56.5% (425000/752303)
2025-11-21 19:12:51,090 - trading_bot - INFO - Scanning... 57.2% (430000/752303)
2025-11-21 19:12:59,369 - trading_bot - INFO - Scanning... 57.8% (435000/752303)
2025-11-21 19:13:08,937 - trading_bot - INFO - Scanning... 58.5% (440000/752303)
2025-11-21 19:13:19,861 - trading_bot - INFO - Scanning... 59.2% (445000/752303)
2025-11-21 19:13:35,979 - trading_bot - INFO - Scanning... 59.8% (450000/752303)
2025-11-21 19:13:45,378 - trading_bot - INFO - Scanning... 60.5% (455000/752303)
2025-11-21 19:13:54,230 - trading_bot - INFO - Scanning... 61.1% (460000/752303)
2025-11-21 19:14:02,586 - trading_bot - INFO - Scanning... 61.8% (465000/752303)
2025-11-21 19:14:12,692 - trading_bot - INFO - Scanning... 62.5% (470000/752303)
2025-11-21 19:14:28,544 - trading_bot - INFO - Scanning... 63.1% (475000/752303)
2025-11-21 19:14:43,286 - trading_bot - INFO - Scanning... 63.8% (480000/752303)
2025-11-21 19:14:54,605 - trading_bot - INFO - Scanning... 64.5% (485000/752303)
2025-11-21 19:15:04,445 - trading_bot - INFO - Scanning... 65.1% (490000/752303)
2025-11-21 19:15:15,871 - trading_bot - INFO - Scanning... 65.8% (495000/752303)
2025-11-21 19:15:28,349 - trading_bot - INFO - Scanning... 66.5% (500000/752303)
2025-11-21 19:15:32,113 - trading_bot - INFO - Scanning... 67.1% (505000/752303)
2025-11-21 19:15:45,178 - trading_bot - INFO - Scanning... 67.8% (510000/752303)
2025-11-21 19:15:50,658 - trading_bot - INFO - Scanning... 68.5% (515000/752303)
2025-11-21 19:15:59,214 - trading_bot - INFO - Scanning... 69.1% (520000/752303)
2025-11-21 19:16:20,304 - trading_bot - INFO - Scanning... 69.8% (525000/752303)
2025-11-21 19:16:34,508 - trading_bot - INFO - Scanning... 70.5% (530000/752303)
2025-11-21 19:16:44,784 - trading_bot - INFO - Scanning... 71.1% (535000/752303)
2025-11-21 19:16:58,830 - trading_bot - INFO - Scanning... 71.8% (540000/752303)
2025-11-21 19:17:05,234 - trading_bot - INFO - Scanning... 72.4% (545000/752303)
2025-11-21 19:17:21,031 - trading_bot - INFO - Scanning... 73.1% (550000/752303)
2025-11-21 19:17:34,450 - trading_bot - INFO - Scanning... 73.8% (555000/752303)
2025-11-21 19:17:43,077 - trading_bot - INFO - Scanning... 74.4% (560000/752303)
2025-11-21 19:17:47,367 - trading_bot - INFO - Scanning... 75.1% (565000/752303)
2025-11-21 19:18:05,469 - trading_bot - INFO - Scanning... 75.8% (570000/752303)
2025-11-21 19:18:18,428 - trading_bot - INFO - Scanning... 76.4% (575000/752303)
2025-11-21 19:18:30,910 - trading_bot - INFO - Scanning... 77.1% (580000/752303)
2025-11-21 19:18:44,354 - trading_bot - INFO - Scanning... 77.8% (585000/752303)
2025-11-21 19:18:55,939 - trading_bot - INFO - Scanning... 78.4% (590000/752303)
2025-11-21 19:19:10,739 - trading_bot - INFO - Scanning... 79.1% (595000/752303)
2025-11-21 19:19:20,783 - trading_bot - INFO - Scanning... 79.8% (600000/752303)
2025-11-21 19:19:34,786 - trading_bot - INFO - Scanning... 80.4% (605000/752303)
2025-11-21 19:19:47,320 - trading_bot - INFO - Scanning... 81.1% (610000/752303)
2025-11-21 19:19:58,062 - trading_bot - INFO - Scanning... 81.7% (615000/752303)
2025-11-21 19:20:03,771 - trading_bot - INFO - Scanning... 82.4% (620000/752303)
2025-11-21 19:20:13,060 - trading_bot - INFO - Scanning... 83.1% (625000/752303)
2025-11-21 19:20:29,455 - trading_bot - INFO - Scanning... 83.7% (630000/752303)
2025-11-21 19:20:36,964 - trading_bot - INFO - Scanning... 84.4% (635000/752303)
2025-11-21 19:20:45,304 - trading_bot - INFO - Scanning... 85.1% (640000/752303)
2025-11-21 19:20:52,221 - trading_bot - INFO - Scanning... 85.7% (645000/752303)
2025-11-21 19:21:07,365 - trading_bot - INFO - Scanning... 86.4% (650000/752303)
2025-11-21 19:21:15,725 - trading_bot - INFO - Scanning... 87.1% (655000/752303)
2025-11-21 19:21:24,617 - trading_bot - INFO - Scanning... 87.7% (660000/752303)
2025-11-21 19:21:48,903 - trading_bot - INFO - Scanning... 88.4% (665000/752303)
2025-11-21 19:22:04,110 - trading_bot - INFO - Scanning... 89.1% (670000/752303)
2025-11-21 19:22:15,995 - trading_bot - INFO - Scanning... 89.7% (675000/752303)
2025-11-21 19:22:25,888 - trading_bot - INFO - Scanning... 90.4% (680000/752303)
2025-11-21 19:22:38,677 - trading_bot - INFO - Scanning... 91.1% (685000/752303)
2025-11-21 19:22:48,156 - trading_bot - INFO - Scanning... 91.7% (690000/752303)
2025-11-21 19:22:56,098 - trading_bot - INFO - Scanning... 92.4% (695000/752303)
2025-11-21 19:23:19,383 - trading_bot - INFO - Scanning... 93.0% (700000/752303)
2025-11-21 19:23:35,083 - trading_bot - INFO - Scanning... 93.7% (705000/752303)
2025-11-21 19:23:43,821 - trading_bot - INFO - Scanning... 94.4% (710000/752303)
2025-11-21 19:23:54,748 - trading_bot - INFO - Scanning... 95.0% (715000/752303)
2025-11-21 19:24:03,580 - trading_bot - INFO - Scanning... 95.7% (720000/752303)
2025-11-21 19:24:16,261 - trading_bot - INFO - Scanning... 96.4% (725000/752303)
2025-11-21 19:24:30,210 - trading_bot - INFO - Scanning... 97.0% (730000/752303)
2025-11-21 19:24:45,179 - trading_bot - INFO - Scanning... 97.7% (735000/752303)
2025-11-21 19:25:01,076 - trading_bot - INFO - Scanning... 98.4% (740000/752303)
2025-11-21 19:25:05,057 - trading_bot - INFO - Scanning... 99.0% (745000/752303)
2025-11-21 19:25:15,400 - trading_bot - INFO - Scanning... 99.7% (750000/752303)
2025-11-21 19:25:18,180 - trading_bot - INFO - Generated 167775 candidates
2025-11-21 19:25:18,188 - trading_bot - INFO - Starting WFA from 2015-01-09 04:00:00 to 2025-10-31 18:45:00
2025-11-21 19:25:18,191 - trading_bot - INFO - Fold: Train 2015-01-09 -> 2019-01-09 (61703), Test -> 2019-07-09 (8506)
2025-11-21 19:25:18,192 - trading_bot - INFO - Training LGBM with 61703 samples...
2025-11-21 19:25:23,887 - trading_bot - INFO - Fold: Train 2015-07-09 -> 2019-07-09 (61347), Test -> 2020-01-09 (6485)
2025-11-21 19:25:23,889 - trading_bot - INFO - Training LGBM with 61347 samples...
2025-11-21 19:25:29,517 - trading_bot - INFO - Fold: Train 2016-01-09 -> 2020-01-09 (59723), Test -> 2020-07-09 (7218)
2025-11-21 19:25:29,519 - trading_bot - INFO - Training LGBM with 59723 samples...
2025-11-21 19:25:35,175 - trading_bot - INFO - Fold: Train 2016-07-09 -> 2020-07-09 (61156), Test -> 2021-01-09 (7731)
2025-11-21 19:25:35,177 - trading_bot - INFO - Training LGBM with 61156 samples...
2025-11-21 19:25:40,795 - trading_bot - INFO - Fold: Train 2017-01-09 -> 2021-01-09 (61856), Test -> 2021-07-09 (6751)
2025-11-21 19:25:40,796 - trading_bot - INFO - Training LGBM with 61856 samples...
2025-11-21 19:25:46,427 - trading_bot - INFO - Fold: Train 2017-07-09 -> 2021-07-09 (61270), Test -> 2022-01-09 (9741)
2025-11-21 19:25:46,429 - trading_bot - INFO - Training LGBM with 61270 samples...
2025-11-21 19:25:52,207 - trading_bot - INFO - Fold: Train 2018-01-09 -> 2022-01-09 (64957), Test -> 2022-07-09 (7250)
2025-11-21 19:25:52,209 - trading_bot - INFO - Training LGBM with 64957 samples...
2025-11-21 19:25:57,906 - trading_bot - INFO - Fold: Train 2018-07-09 -> 2022-07-09 (61745), Test -> 2023-01-09 (9285)
2025-11-21 19:25:57,907 - trading_bot - INFO - Training LGBM with 61745 samples...
2025-11-21 19:26:03,546 - trading_bot - INFO - Fold: Train 2019-01-09 -> 2023-01-09 (62967), Test -> 2023-07-09 (10121)
2025-11-21 19:26:03,548 - trading_bot - INFO - Training LGBM with 62967 samples...
2025-11-21 19:26:09,464 - trading_bot - INFO - Fold: Train 2019-07-09 -> 2023-07-09 (64582), Test -> 2024-01-09 (7997)
2025-11-21 19:26:09,465 - trading_bot - INFO - Training LGBM with 64582 samples...
2025-11-21 19:26:15,205 - trading_bot - INFO - Fold: Train 2020-01-09 -> 2024-01-09 (66094), Test -> 2024-07-09 (8559)
2025-11-21 19:26:15,207 - trading_bot - INFO - Training LGBM with 66094 samples...
2025-11-21 19:26:21,001 - trading_bot - INFO - Fold: Train 2020-07-09 -> 2024-07-09 (67435), Test -> 2025-01-09 (8003)
2025-11-21 19:26:21,002 - trading_bot - INFO - Training LGBM with 67435 samples...
2025-11-21 19:26:26,743 - trading_bot - INFO - Fold: Train 2021-01-09 -> 2025-01-09 (67707), Test -> 2025-07-09 (4150)
2025-11-21 19:26:26,745 - trading_bot - INFO - Training LGBM with 67707 samples...
2025-11-21 19:26:32,508 - trading_bot - INFO - Fold: Train 2021-07-09 -> 2025-07-09 (65106), Test -> 2026-01-09 (4275)
2025-11-21 19:26:32,509 - trading_bot - INFO - Training LGBM with 65106 samples...
2025-11-21 19:26:38,194 - trading_bot - INFO - Backtesting 2040 trades out of 106072 candidates...
2025-11-21 19:26:38,675 - trading_bot - INFO - Reports saved to reports/20251121_192638
