2025-11-21 19:17:38,029 - trading_bot - INFO - Loading data from Data/XAU_5m_data.csv
2025-11-21 19:17:43,277 - trading_bot - INFO - Data loaded: 402933 rows (Base Timeframe 5m)
2025-11-21 19:17:43,414 - trading_bot - INFO - Resampled: H4=8822, H1=33712
2025-11-21 19:18:11,040 - trading_bot - INFO - Detected 69451 FVGs and 30770 OBs on Base Timeframe
2025-11-21 19:18:11,041 - trading_bot - INFO - Generating candidates...
2025-11-21 19:18:16,330 - trading_bot - INFO - Scanning... 1.2% (5000/402933)
2025-11-21 19:18:20,939 - trading_bot - INFO - Scanning... 2.5% (10000/402933)
2025-11-21 19:18:26,774 - trading_bot - INFO - Scanning... 3.7% (15000/402933)
2025-11-21 19:18:30,960 - trading_bot - INFO - Scanning... 5.0% (20000/402933)
2025-11-21 19:18:42,932 - trading_bot - INFO - Scanning... 6.2% (25000/402933)
2025-11-21 19:18:50,377 - trading_bot - INFO - Scanning... 7.4% (30000/402933)
2025-11-21 19:18:55,434 - trading_bot - INFO - Scanning... 8.7% (35000/402933)
2025-11-21 19:19:02,084 - trading_bot - INFO - Scanning... 9.9% (40000/402933)
2025-11-21 19:19:07,751 - trading_bot - INFO - Scanning... 11.2% (45000/402933)
2025-11-21 19:19:18,327 - trading_bot - INFO - Scanning... 12.4% (50000/402933)
2025-11-21 19:19:22,449 - trading_bot - INFO - Scanning... 13.6% (55000/402933)
2025-11-21 19:19:30,732 - trading_bot - INFO - Scanning... 14.9% (60000/402933)
2025-11-21 19:19:41,010 - trading_bot - INFO - Scanning... 16.1% (65000/402933)
2025-11-21 19:19:48,072 - trading_bot - INFO - Scanning... 17.4% (70000/402933)
2025-11-21 19:19:50,946 - trading_bot - INFO - Scanning... 18.6% (75000/402933)
2025-11-21 19:19:55,720 - trading_bot - INFO - Scanning... 19.9% (80000/402933)
2025-11-21 19:20:02,166 - trading_bot - INFO - Scanning... 21.1% (85000/402933)
2025-11-21 19:20:09,303 - trading_bot - INFO - Scanning... 22.3% (90000/402933)
2025-11-21 19:20:16,515 - trading_bot - INFO - Scanning... 23.6% (95000/402933)
2025-11-21 19:20:26,621 - trading_bot - INFO - Scanning... 24.8% (100000/402933)
2025-11-21 19:20:34,069 - trading_bot - INFO - Scanning... 26.1% (105000/402933)
2025-11-21 19:20:39,570 - trading_bot - INFO - Scanning... 27.3% (110000/402933)
2025-11-21 19:20:45,947 - trading_bot - INFO - Scanning... 28.5% (115000/402933)
2025-11-21 19:20:54,441 - trading_bot - INFO - Scanning... 29.8% (120000/402933)
2025-11-21 19:21:04,721 - trading_bot - INFO - Scanning... 31.0% (125000/402933)
2025-11-21 19:21:16,888 - trading_bot - INFO - Scanning... 32.3% (130000/402933)
2025-11-21 19:21:22,421 - trading_bot - INFO - Scanning... 33.5% (135000/402933)
2025-11-21 19:21:33,085 - trading_bot - INFO - Scanning... 34.7% (140000/402933)
2025-11-21 19:21:40,677 - trading_bot - INFO - Scanning... 36.0% (145000/402933)
2025-11-21 19:21:50,796 - trading_bot - INFO - Scanning... 37.2% (150000/402933)
2025-11-21 19:21:53,775 - trading_bot - INFO - Scanning... 38.5% (155000/402933)
2025-11-21 19:22:03,289 - trading_bot - INFO - Scanning... 39.7% (160000/402933)
2025-11-21 19:22:07,765 - trading_bot - INFO - Scanning... 40.9% (165000/402933)
2025-11-21 19:22:11,560 - trading_bot - INFO - Scanning... 42.2% (170000/402933)
2025-11-21 19:22:27,539 - trading_bot - INFO - Scanning... 43.4% (175000/402933)
2025-11-21 19:22:38,431 - trading_bot - INFO - Scanning... 44.7% (180000/402933)
2025-11-21 19:22:47,691 - trading_bot - INFO - Scanning... 45.9% (185000/402933)
2025-11-21 19:22:58,281 - trading_bot - INFO - Scanning... 47.2% (190000/402933)
2025-11-21 19:23:02,505 - trading_bot - INFO - Scanning... 48.4% (195000/402933)
2025-11-21 19:23:14,773 - trading_bot - INFO - Scanning... 49.6% (200000/402933)
2025-11-21 19:23:23,973 - trading_bot - INFO - Scanning... 50.9% (205000/402933)
2025-11-21 19:23:31,143 - trading_bot - INFO - Scanning... 52.1% (210000/402933)
2025-11-21 19:23:34,408 - trading_bot - INFO - Scanning... 53.4% (215000/402933)
2025-11-21 19:23:47,005 - trading_bot - INFO - Scanning... 54.6% (220000/402933)
2025-11-21 19:23:59,617 - trading_bot - INFO - Scanning... 55.8% (225000/402933)
2025-11-21 19:24:08,676 - trading_bot - INFO - Scanning... 57.1% (230000/402933)
2025-11-21 19:24:18,336 - trading_bot - INFO - Scanning... 58.3% (235000/402933)
2025-11-21 19:24:27,234 - trading_bot - INFO - Scanning... 59.6% (240000/402933)
2025-11-21 19:24:39,129 - trading_bot - INFO - Scanning... 60.8% (245000/402933)
2025-11-21 19:24:46,623 - trading_bot - INFO - Scanning... 62.0% (250000/402933)
2025-11-21 19:24:57,511 - trading_bot - INFO - Scanning... 63.3% (255000/402933)
2025-11-21 19:25:04,570 - trading_bot - INFO - Scanning... 64.5% (260000/402933)
2025-11-21 19:25:15,672 - trading_bot - INFO - Scanning... 65.8% (265000/402933)
2025-11-21 19:25:20,499 - trading_bot - INFO - Scanning... 67.0% (270000/402933)
2025-11-21 19:25:28,075 - trading_bot - INFO - Scanning... 68.2% (275000/402933)
2025-11-21 19:25:41,413 - trading_bot - INFO - Scanning... 69.5% (280000/402933)
2025-11-21 19:25:47,854 - trading_bot - INFO - Scanning... 70.7% (285000/402933)
2025-11-21 19:25:53,914 - trading_bot - INFO - Scanning... 72.0% (290000/402933)
2025-11-21 19:26:01,038 - trading_bot - INFO - Scanning... 73.2% (295000/402933)
2025-11-21 19:26:15,056 - trading_bot - INFO - Scanning... 74.5% (300000/402933)
2025-11-21 19:26:22,335 - trading_bot - INFO - Scanning... 75.7% (305000/402933)
2025-11-21 19:26:31,255 - trading_bot - INFO - Scanning... 76.9% (310000/402933)
2025-11-21 19:26:51,232 - trading_bot - INFO - Scanning... 78.2% (315000/402933)
2025-11-21 19:27:05,552 - trading_bot - INFO - Scanning... 79.4% (320000/402933)
2025-11-21 19:27:15,812 - trading_bot - INFO - Scanning... 80.7% (325000/402933)
2025-11-21 19:27:22,256 - trading_bot - INFO - Scanning... 81.9% (330000/402933)
2025-11-21 19:27:30,347 - trading_bot - INFO - Scanning... 83.1% (335000/402933)
2025-11-21 19:27:40,847 - trading_bot - INFO - Scanning... 84.4% (340000/402933)
2025-11-21 19:27:49,645 - trading_bot - INFO - Scanning... 85.6% (345000/402933)
2025-11-21 19:28:05,781 - trading_bot - INFO - Scanning... 86.9% (350000/402933)
2025-11-21 19:28:21,565 - trading_bot - INFO - Scanning... 88.1% (355000/402933)
2025-11-21 19:28:30,025 - trading_bot - INFO - Scanning... 89.3% (360000/402933)
2025-11-21 19:28:37,597 - trading_bot - INFO - Scanning... 90.6% (365000/402933)
2025-11-21 19:28:47,111 - trading_bot - INFO - Scanning... 91.8% (370000/402933)
2025-11-21 19:28:52,888 - trading_bot - INFO - Scanning... 93.1% (375000/402933)
2025-11-21 19:29:04,749 - trading_bot - INFO - Scanning... 94.3% (380000/402933)
2025-11-21 19:29:23,689 - trading_bot - INFO - Scanning... 95.5% (385000/402933)
2025-11-21 19:29:37,469 - trading_bot - INFO - Scanning... 96.8% (390000/402933)
2025-11-21 19:29:41,275 - trading_bot - INFO - Scanning... 98.0% (395000/402933)
2025-11-21 19:29:49,893 - trading_bot - INFO - Scanning... 99.3% (400000/402933)
2025-11-21 19:29:52,661 - trading_bot - INFO - Generated 91174 candidates
2025-11-21 19:29:52,662 - trading_bot - INFO - Training LGBM with 91174 samples...
2025-11-21 19:29:58,572 - trading_bot - INFO - Model saved to models/lgbm_model.pkl
