2025-11-19 21:24:02,734 - trading_bot - INFO - Loading data from Data/XAUUSD_M1.csv
2025-11-19 21:24:02,734 - trading_bot - INFO - Detected 7 data columns but only 6 headers. Patching headers.
2025-11-19 21:24:03,236 - trading_bot - INFO - Data loaded: 200000 rows M1
2025-11-19 21:24:03,255 - trading_bot - INFO - Resampled: H4=902, H1=3336
2025-11-19 21:24:03,483 - trading_bot - INFO - Detected 556 FVGs and 321 OBs
2025-11-19 21:24:03,483 - trading_bot - INFO - Generating candidates...
2025-11-19 21:24:04,181 - trading_bot - INFO - Generated 472 candidates
2025-11-19 21:24:04,181 - trading_bot - WARNING - Could not load model: [Errno 2] No such file or directory: 'models/lgbm_model.pkl'. Training on historical part of data as fallback or failing?
2025-11-19 21:24:04,181 - trading_bot - INFO - Training temporary model on first 50% of data for backtest...
2025-11-19 21:24:04,181 - trading_bot - INFO - Training LGBM with 236 samples...
2025-11-19 21:24:05,267 - trading_bot - INFO - Backtesting 155 trades out of 472 candidates...
2025-11-19 21:24:05,268 - trading_bot - INFO - Cycle payout: $500.00 at 2025-05-28 07:00:00
2025-11-19 21:24:05,268 - trading_bot - INFO - Cycle payout: $2176.81 at 2025-06-23 14:00:00
2025-11-19 21:24:05,269 - trading_bot - INFO - Cycle payout: $1673.84 at 2025-07-07 22:00:00
2025-11-19 21:24:05,270 - trading_bot - INFO - Cycle payout: $1789.92 at 2025-07-24 12:00:00
2025-11-19 21:24:05,270 - trading_bot - INFO - Cycle payout: $33.59 at 2025-08-12 16:00:00
2025-11-19 21:24:05,270 - trading_bot - INFO - Cycle reset from $5779.65 to $6000
2025-11-19 21:24:05,270 - trading_bot - INFO - Cycle reset from $5822.29 to $6000
2025-11-19 21:24:05,271 - trading_bot - WARNING - Max drawdown reached. Equity: 5503.48, Limit: 5520.00
2025-11-19 21:24:05,586 - trading_bot - INFO - Reports saved to reports
