2025-11-23 19:32:35,034 - trading_bot - INFO - Loading data from Data/XAU_5m_data.csv
2025-11-23 19:32:39,295 - trading_bot - INFO - Data loaded: 396587 rows (Base Timeframe 5m)
2025-11-23 19:32:39,295 - trading_bot - INFO - Loading data from Data/XAU_4h_data.csv
2025-11-23 19:32:39,360 - trading_bot - INFO - Loaded H4 data directly: 8685 bars
2025-11-23 19:32:39,360 - trading_bot - INFO - Loading data from Data/XAU_1d_data.csv
2025-11-23 19:32:39,372 - trading_bot - INFO - Loaded Daily data directly: 1451 bars
2025-11-23 19:32:39,393 - trading_bot - INFO - H4=8685, H1=33183
2025-11-23 19:32:42,955 - trading_bot - INFO - Using SMC (Smart Money Concepts) strategy
2025-11-23 19:33:04,677 - trading_bot - INFO - Detected 68342 FVGs and 30008 OBs on Base Timeframe
2025-11-23 19:33:04,677 - trading_bot - INFO - Generating candidates...
2025-11-23 19:33:07,324 - trading_bot - INFO - Scanning... 1.3% (5000/396587)
2025-11-23 19:33:11,346 - trading_bot - INFO - Scanning... 2.5% (10000/396587)
2025-11-23 19:33:15,447 - trading_bot - INFO - Scanning... 3.8% (15000/396587)
2025-11-23 19:33:18,615 - trading_bot - INFO - Scanning... 5.0% (20000/396587)
2025-11-23 19:33:20,961 - trading_bot - INFO - Scanning... 6.3% (25000/396587)
2025-11-23 19:33:24,217 - trading_bot - INFO - Scanning... 7.6% (30000/396587)
2025-11-23 19:33:27,743 - trading_bot - INFO - Scanning... 8.8% (35000/396587)
2025-11-23 19:33:31,620 - trading_bot - INFO - Scanning... 10.1% (40000/396587)
2025-11-23 19:33:36,328 - trading_bot - INFO - Scanning... 11.3% (45000/396587)
2025-11-23 19:33:40,120 - trading_bot - INFO - Scanning... 12.6% (50000/396587)
2025-11-23 19:33:43,879 - trading_bot - INFO - Scanning... 13.9% (55000/396587)
2025-11-23 19:33:47,826 - trading_bot - INFO - Scanning... 15.1% (60000/396587)
2025-11-23 19:33:51,541 - trading_bot - INFO - Scanning... 16.4% (65000/396587)
2025-11-23 19:33:55,878 - trading_bot - INFO - Scanning... 17.7% (70000/396587)
2025-11-23 19:33:59,041 - trading_bot - INFO - Scanning... 18.9% (75000/396587)
2025-11-23 19:34:02,607 - trading_bot - INFO - Scanning... 20.2% (80000/396587)
2025-11-23 19:34:06,673 - trading_bot - INFO - Scanning... 21.4% (85000/396587)
2025-11-23 19:34:09,937 - trading_bot - INFO - Scanning... 22.7% (90000/396587)
2025-11-23 19:34:12,932 - trading_bot - INFO - Scanning... 24.0% (95000/396587)
2025-11-23 19:34:17,735 - trading_bot - INFO - Scanning... 25.2% (100000/396587)
2025-11-23 19:34:21,658 - trading_bot - INFO - Scanning... 26.5% (105000/396587)
2025-11-23 19:34:26,284 - trading_bot - INFO - Scanning... 27.7% (110000/396587)
2025-11-23 19:34:30,007 - trading_bot - INFO - Scanning... 29.0% (115000/396587)
2025-11-23 19:34:34,109 - trading_bot - INFO - Scanning... 30.3% (120000/396587)
2025-11-23 19:34:37,311 - trading_bot - INFO - Scanning... 31.5% (125000/396587)
2025-11-23 19:34:40,355 - trading_bot - INFO - Scanning... 32.8% (130000/396587)
2025-11-23 19:34:44,658 - trading_bot - INFO - Scanning... 34.0% (135000/396587)
2025-11-23 19:34:48,593 - trading_bot - INFO - Scanning... 35.3% (140000/396587)
2025-11-23 19:34:52,914 - trading_bot - INFO - Scanning... 36.6% (145000/396587)
2025-11-23 19:34:58,450 - trading_bot - INFO - Scanning... 37.8% (150000/396587)
2025-11-23 19:35:03,054 - trading_bot - INFO - Scanning... 39.1% (155000/396587)
2025-11-23 19:35:06,837 - trading_bot - INFO - Scanning... 40.3% (160000/396587)
2025-11-23 19:35:10,620 - trading_bot - INFO - Scanning... 41.6% (165000/396587)
2025-11-23 19:35:15,556 - trading_bot - INFO - Scanning... 42.9% (170000/396587)
2025-11-23 19:35:20,723 - trading_bot - INFO - Scanning... 44.1% (175000/396587)
2025-11-23 19:35:24,110 - trading_bot - INFO - Scanning... 45.4% (180000/396587)
2025-11-23 19:35:27,201 - trading_bot - INFO - Scanning... 46.6% (185000/396587)
2025-11-23 19:35:31,212 - trading_bot - INFO - Scanning... 47.9% (190000/396587)
2025-11-23 19:35:35,010 - trading_bot - INFO - Scanning... 49.2% (195000/396587)
2025-11-23 19:35:38,614 - trading_bot - INFO - Scanning... 50.4% (200000/396587)
2025-11-23 19:35:42,308 - trading_bot - INFO - Scanning... 51.7% (205000/396587)
2025-11-23 19:35:47,569 - trading_bot - INFO - Scanning... 53.0% (210000/396587)
2025-11-23 19:35:53,319 - trading_bot - INFO - Scanning... 54.2% (215000/396587)
2025-11-23 19:35:57,540 - trading_bot - INFO - Scanning... 55.5% (220000/396587)
2025-11-23 19:36:01,974 - trading_bot - INFO - Scanning... 56.7% (225000/396587)
2025-11-23 19:36:06,110 - trading_bot - INFO - Scanning... 58.0% (230000/396587)
2025-11-23 19:36:10,851 - trading_bot - INFO - Scanning... 59.3% (235000/396587)
2025-11-23 19:36:13,724 - trading_bot - INFO - Scanning... 60.5% (240000/396587)
2025-11-23 19:36:18,066 - trading_bot - INFO - Scanning... 61.8% (245000/396587)
2025-11-23 19:36:22,009 - trading_bot - INFO - Scanning... 63.0% (250000/396587)
2025-11-23 19:36:25,206 - trading_bot - INFO - Scanning... 64.3% (255000/396587)
2025-11-23 19:36:29,925 - trading_bot - INFO - Scanning... 65.6% (260000/396587)
2025-11-23 19:36:35,290 - trading_bot - INFO - Scanning... 66.8% (265000/396587)
2025-11-23 19:36:39,825 - trading_bot - INFO - Scanning... 68.1% (270000/396587)
2025-11-23 19:36:44,009 - trading_bot - INFO - Scanning... 69.3% (275000/396587)
2025-11-23 19:36:48,016 - trading_bot - INFO - Scanning... 70.6% (280000/396587)
2025-11-23 19:36:51,689 - trading_bot - INFO - Scanning... 71.9% (285000/396587)
2025-11-23 19:36:54,692 - trading_bot - INFO - Scanning... 73.1% (290000/396587)
2025-11-23 19:36:59,266 - trading_bot - INFO - Scanning... 74.4% (295000/396587)
2025-11-23 19:37:03,598 - trading_bot - INFO - Scanning... 75.6% (300000/396587)
2025-11-23 19:37:08,440 - trading_bot - INFO - Scanning... 76.9% (305000/396587)
2025-11-23 19:37:13,268 - trading_bot - INFO - Scanning... 78.2% (310000/396587)
2025-11-23 19:37:18,610 - trading_bot - INFO - Scanning... 79.4% (315000/396587)
2025-11-23 19:37:25,487 - trading_bot - INFO - Scanning... 80.7% (320000/396587)
2025-11-23 19:37:30,825 - trading_bot - INFO - Scanning... 81.9% (325000/396587)
2025-11-23 19:37:36,223 - trading_bot - INFO - Scanning... 83.2% (330000/396587)
2025-11-23 19:37:40,810 - trading_bot - INFO - Scanning... 84.5% (335000/396587)
2025-11-23 19:37:45,928 - trading_bot - INFO - Scanning... 85.7% (340000/396587)
2025-11-23 19:37:51,014 - trading_bot - INFO - Scanning... 87.0% (345000/396587)
2025-11-23 19:37:55,948 - trading_bot - INFO - Scanning... 88.3% (350000/396587)
2025-11-23 19:38:00,354 - trading_bot - INFO - Scanning... 89.5% (355000/396587)
2025-11-23 19:38:05,490 - trading_bot - INFO - Scanning... 90.8% (360000/396587)
2025-11-23 19:38:11,884 - trading_bot - INFO - Scanning... 92.0% (365000/396587)
2025-11-23 19:38:18,360 - trading_bot - INFO - Scanning... 93.3% (370000/396587)
2025-11-23 19:38:22,300 - trading_bot - INFO - Scanning... 94.6% (375000/396587)
2025-11-23 19:38:27,259 - trading_bot - INFO - Scanning... 95.8% (380000/396587)
2025-11-23 19:38:32,875 - trading_bot - INFO - Scanning... 97.1% (385000/396587)
2025-11-23 19:38:38,332 - trading_bot - INFO - Scanning... 98.3% (390000/396587)
2025-11-23 19:38:45,746 - trading_bot - INFO - Scanning... 99.6% (395000/396587)
2025-11-23 19:38:47,536 - trading_bot - INFO - Generated 30748 candidates
2025-11-23 19:38:47,538 - trading_bot - INFO - Applied adaptive filter profile 'baseline': 30748 / 30748 candidates retained.
2025-11-23 19:38:47,540 - trading_bot - INFO - Training LGBM with 30748 samples...
2025-11-23 19:38:52,283 - trading_bot - INFO - Model saved to models/lgbm_model.pkl
