2025-11-22 22:28:46,694 - trading_bot - INFO - Loading data from Data/XAU_5m_data.csv
2025-11-22 22:28:53,263 - trading_bot - INFO - Data loaded: 43457 rows (Base Timeframe 5m)
2025-11-22 22:28:53,263 - trading_bot - INFO - Loading data from Data/XAU_4h_data.csv
2025-11-22 22:28:53,351 - trading_bot - INFO - Loaded H4 data directly: 952 bars
2025-11-22 22:28:53,351 - trading_bot - INFO - Loading data from Data/XAU_1d_data.csv
2025-11-22 22:28:53,369 - trading_bot - INFO - Loaded Daily data directly: 160 bars
2025-11-22 22:28:53,377 - trading_bot - INFO - H4=952, H1=3630
2025-11-22 22:28:53,919 - trading_bot - INFO - Using SMC (Smart Money Concepts) strategy
2025-11-22 22:28:57,225 - trading_bot - INFO - Detected 7706 FVGs and 4524 OBs on Base Timeframe
2025-11-22 22:28:57,225 - trading_bot - INFO - Generating candidates...
2025-11-22 22:28:59,889 - trading_bot - INFO - Scanning... 11.5% (5000/43457)
2025-11-22 22:29:02,564 - trading_bot - INFO - Scanning... 23.0% (10000/43457)
2025-11-22 22:29:05,241 - trading_bot - INFO - Scanning... 34.5% (15000/43457)
2025-11-22 22:29:07,876 - trading_bot - INFO - Scanning... 46.0% (20000/43457)
2025-11-22 22:29:10,550 - trading_bot - INFO - Scanning... 57.5% (25000/43457)
2025-11-22 22:29:13,238 - trading_bot - INFO - Scanning... 69.0% (30000/43457)
2025-11-22 22:29:15,894 - trading_bot - INFO - Scanning... 80.5% (35000/43457)
2025-11-22 22:29:18,596 - trading_bot - INFO - Scanning... 92.0% (40000/43457)
2025-11-22 22:29:20,337 - trading_bot - INFO - Generated 2 candidates
2025-11-22 22:29:20,338 - trading_bot - INFO - ======================================================================
2025-11-22 22:29:20,338 - trading_bot - INFO - VARIABLE OPTIMIZATION
2025-11-22 22:29:20,338 - trading_bot - INFO - ======================================================================
2025-11-22 22:29:20,338 - trading_bot - INFO - Testing period: 2025-01-01 to 2025-10-01
2025-11-22 22:29:20,338 - trading_bot - INFO - Max drawdown limit: 8.0%
2025-11-22 22:29:20,338 - trading_bot - INFO - Initial capital: $6000.00
2025-11-22 22:29:20,338 - trading_bot - INFO - Loading data from Data/XAU_5m_data.csv
2025-11-22 22:29:27,603 - trading_bot - INFO - Loading data from Data/XAU_4h_data.csv
2025-11-22 22:29:27,692 - trading_bot - INFO - Loaded H4 data directly: 952 bars
2025-11-22 22:29:31,474 - trading_bot - INFO - Generating candidates...
2025-11-22 22:29:33,311 - trading_bot - INFO - Scanning... 11.5% (5000/43457)
2025-11-22 22:29:35,273 - trading_bot - INFO - Scanning... 23.0% (10000/43457)
2025-11-22 22:29:37,224 - trading_bot - INFO - Scanning... 34.5% (15000/43457)
2025-11-22 22:29:39,185 - trading_bot - INFO - Scanning... 46.0% (20000/43457)
2025-11-22 22:29:41,142 - trading_bot - INFO - Scanning... 57.5% (25000/43457)
2025-11-22 22:29:43,107 - trading_bot - INFO - Scanning... 69.0% (30000/43457)
2025-11-22 22:29:45,065 - trading_bot - INFO - Scanning... 80.5% (35000/43457)
2025-11-22 22:29:47,032 - trading_bot - INFO - Scanning... 92.0% (40000/43457)
2025-11-22 22:29:48,306 - trading_bot - INFO - Generated 0 candidates with default config
2025-11-22 22:29:48,315 - trading_bot - INFO - Model loaded from models/lgbm_model.pkl
