2025-11-27 08:09:36,105 - trading_bot - INFO - Fetching BTC crypto bars from Alpaca (5Min)...
2025-11-27 08:09:44,994 - trading_bot - INFO - Data loaded: 25810 rows (Base Timeframe 5m)
2025-11-27 08:09:44,999 - trading_bot - INFO - Loaded H4 data directly: 541 bars
2025-11-27 08:09:45,001 - trading_bot - INFO - Loaded Daily data directly: 91 bars
2025-11-27 08:09:45,003 - trading_bot - INFO - H4=541, H1=2161
2025-11-27 08:09:45,186 - trading_bot - INFO - Using Crypto Momentum strategy
2025-11-27 08:09:46,033 - trading_bot - INFO - Generated 136 candidates
2025-11-27 08:09:46,033 - trading_bot - INFO - Applied adaptive filter profile 'crypto_baseline': 136 / 136 candidates retained.
2025-11-27 08:09:46,060 - trading_bot - INFO - Model loaded from /Users/rileymartin/ML-Trading-Bot/models/lgbm_model.pkl
2025-11-27 08:09:46,062 - trading_bot - WARNING - Could not load model: "['dist_to_range_low', 'dist_to_range_high'] not in index". Training on first 50% of data as fallback.
2025-11-27 08:09:46,063 - trading_bot - INFO - Training ensemble LightGBM with 68 samples (scale_pos_weight=0.33)...
2025-11-27 08:09:46,085 - trading_bot - INFO - Fold 1/2 AUC proxy: mean prob 0.765
2025-11-27 08:09:46,091 - trading_bot - INFO - Fold 2/2 AUC proxy: mean prob 0.735
2025-11-27 08:09:46,092 - trading_bot - INFO - Skipped meta-label training (insufficient samples).
2025-11-27 08:09:46,095 - trading_bot - INFO - 
============================================================
2025-11-27 08:09:46,095 - trading_bot - INFO - PRE-FILTER STATISTICS
2025-11-27 08:09:46,095 - trading_bot - INFO - ============================================================
2025-11-27 08:09:46,095 - trading_bot - INFO - Total candidates: 136
2025-11-27 08:09:46,095 - trading_bot - INFO - Mean probability: 0.750
2025-11-27 08:09:46,095 - trading_bot - INFO - Median probability: 0.750
2025-11-27 08:09:46,095 - trading_bot - INFO - Std probability: 0.000
2025-11-27 08:09:46,095 - trading_bot - INFO - Min probability: 0.750
2025-11-27 08:09:46,095 - trading_bot - INFO - Max probability: 0.750
2025-11-27 08:09:46,095 - trading_bot - INFO - 
Probability distribution:
2025-11-27 08:09:46,095 - trading_bot - INFO -   < 0.3: 0 (0.0%)
2025-11-27 08:09:46,096 - trading_bot - INFO -   0.3-0.4: 0 (0.0%)
2025-11-27 08:09:46,096 - trading_bot - INFO -   0.4-0.5: 0 (0.0%)
2025-11-27 08:09:46,096 - trading_bot - INFO -   0.5-0.6: 0 (0.0%)
2025-11-27 08:09:46,096 - trading_bot - INFO -   >= 0.6: 136 (100.0%)
2025-11-27 08:09:46,096 - trading_bot - INFO - 
Using threshold: 0.519
2025-11-27 08:09:46,096 - trading_bot - INFO - Candidates above threshold: 136 (100.0%)
2025-11-27 08:09:46,101 - trading_bot - INFO - After cooldown filter: 89 trades (removed 47 clustered trades)
2025-11-27 08:09:46,101 - trading_bot - INFO - Backtesting 89 trades out of 136 candidates...
2025-11-27 08:09:46,101 - trading_bot - INFO - Initial capital: $10000.00, Risk per trade: 6.50%
2025-11-27 08:09:46,103 - trading_bot - INFO - Entering cooldown: 3 consecutive losses
2025-11-27 08:09:46,103 - trading_bot - INFO - Entering cooldown: 4 consecutive losses
2025-11-27 08:09:46,104 - trading_bot - INFO - Backtest complete! Final Equity: $6198.77 | Total PnL: $-3801.23 | Win Rate: 64.6% (31W/17L)
2025-11-27 08:09:46,575 - trading_bot - INFO - Reports saved to reports/20251127_080946
