2025-11-22 14:58:36,687 - trading_bot - INFO - Loading data from Data/XAU_5m_data.csv
2025-11-22 14:58:40,779 - trading_bot - INFO - Data loaded: 352856 rows (Base Timeframe 5m)
2025-11-22 14:58:40,779 - trading_bot - INFO - Loading data from Data/XAU_4h_data.csv
2025-11-22 14:58:40,841 - trading_bot - INFO - Loaded H4 data directly: 7728 bars
2025-11-22 14:58:40,860 - trading_bot - INFO - H4=7728, H1=29530
2025-11-22 14:59:03,626 - trading_bot - INFO - Detected 60577 FVGs and 25456 OBs on Base Timeframe
2025-11-22 14:59:03,626 - trading_bot - INFO - Generating candidates...
2025-11-22 14:59:08,111 - trading_bot - INFO - Scanning... 1.4% (5000/352856)
2025-11-22 14:59:12,185 - trading_bot - INFO - Scanning... 2.8% (10000/352856)
2025-11-22 14:59:16,443 - trading_bot - INFO - Scanning... 4.3% (15000/352856)
2025-11-22 14:59:19,633 - trading_bot - INFO - Scanning... 5.7% (20000/352856)
2025-11-22 14:59:28,142 - trading_bot - INFO - Scanning... 7.1% (25000/352856)
2025-11-22 14:59:33,604 - trading_bot - INFO - Scanning... 8.5% (30000/352856)
2025-11-22 14:59:37,553 - trading_bot - INFO - Scanning... 9.9% (35000/352856)
2025-11-22 14:59:42,239 - trading_bot - INFO - Scanning... 11.3% (40000/352856)
2025-11-22 14:59:47,321 - trading_bot - INFO - Scanning... 12.8% (45000/352856)
2025-11-22 14:59:55,294 - trading_bot - INFO - Scanning... 14.2% (50000/352856)
2025-11-22 14:59:58,400 - trading_bot - INFO - Scanning... 15.6% (55000/352856)
2025-11-22 15:00:04,078 - trading_bot - INFO - Scanning... 17.0% (60000/352856)
2025-11-22 15:00:10,992 - trading_bot - INFO - Scanning... 18.4% (65000/352856)
2025-11-22 15:00:15,828 - trading_bot - INFO - Scanning... 19.8% (70000/352856)
2025-11-22 15:00:17,995 - trading_bot - INFO - Scanning... 21.3% (75000/352856)
2025-11-22 15:00:21,427 - trading_bot - INFO - Scanning... 22.7% (80000/352856)
2025-11-22 15:00:25,969 - trading_bot - INFO - Scanning... 24.1% (85000/352856)
2025-11-22 15:00:30,892 - trading_bot - INFO - Scanning... 25.5% (90000/352856)
2025-11-22 15:00:36,020 - trading_bot - INFO - Scanning... 26.9% (95000/352856)
2025-11-22 15:00:42,987 - trading_bot - INFO - Scanning... 28.3% (100000/352856)
2025-11-22 15:00:48,098 - trading_bot - INFO - Scanning... 29.8% (105000/352856)
2025-11-22 15:00:52,087 - trading_bot - INFO - Scanning... 31.2% (110000/352856)
2025-11-22 15:00:56,611 - trading_bot - INFO - Scanning... 32.6% (115000/352856)
2025-11-22 15:01:02,488 - trading_bot - INFO - Scanning... 34.0% (120000/352856)
2025-11-22 15:01:09,751 - trading_bot - INFO - Scanning... 35.4% (125000/352856)
2025-11-22 15:01:18,107 - trading_bot - INFO - Scanning... 36.8% (130000/352856)
2025-11-22 15:01:22,090 - trading_bot - INFO - Scanning... 38.3% (135000/352856)
2025-11-22 15:01:29,442 - trading_bot - INFO - Scanning... 39.7% (140000/352856)
2025-11-22 15:01:34,826 - trading_bot - INFO - Scanning... 41.1% (145000/352856)
2025-11-22 15:01:41,853 - trading_bot - INFO - Scanning... 42.5% (150000/352856)
2025-11-22 15:01:44,110 - trading_bot - INFO - Scanning... 43.9% (155000/352856)
2025-11-22 15:01:50,748 - trading_bot - INFO - Scanning... 45.3% (160000/352856)
2025-11-22 15:01:54,083 - trading_bot - INFO - Scanning... 46.8% (165000/352856)
2025-11-22 15:01:56,816 - trading_bot - INFO - Scanning... 48.2% (170000/352856)
2025-11-22 15:02:07,878 - trading_bot - INFO - Scanning... 49.6% (175000/352856)
2025-11-22 15:02:15,448 - trading_bot - INFO - Scanning... 51.0% (180000/352856)
2025-11-22 15:02:22,125 - trading_bot - INFO - Scanning... 52.4% (185000/352856)
2025-11-22 15:02:29,550 - trading_bot - INFO - Scanning... 53.8% (190000/352856)
2025-11-22 15:02:32,640 - trading_bot - INFO - Scanning... 55.3% (195000/352856)
2025-11-22 15:02:41,098 - trading_bot - INFO - Scanning... 56.7% (200000/352856)
2025-11-22 15:02:47,584 - trading_bot - INFO - Scanning... 58.1% (205000/352856)
2025-11-22 15:02:52,692 - trading_bot - INFO - Scanning... 59.5% (210000/352856)
2025-11-22 15:02:55,223 - trading_bot - INFO - Scanning... 60.9% (215000/352856)
2025-11-22 15:03:04,100 - trading_bot - INFO - Scanning... 62.3% (220000/352856)
2025-11-22 15:03:13,145 - trading_bot - INFO - Scanning... 63.8% (225000/352856)
2025-11-22 15:03:19,915 - trading_bot - INFO - Scanning... 65.2% (230000/352856)
2025-11-22 15:03:26,706 - trading_bot - INFO - Scanning... 66.6% (235000/352856)
2025-11-22 15:03:33,036 - trading_bot - INFO - Scanning... 68.0% (240000/352856)
2025-11-22 15:03:41,563 - trading_bot - INFO - Scanning... 69.4% (245000/352856)
2025-11-22 15:03:47,190 - trading_bot - INFO - Scanning... 70.9% (250000/352856)
2025-11-22 15:03:54,994 - trading_bot - INFO - Scanning... 72.3% (255000/352856)
2025-11-22 15:04:00,244 - trading_bot - INFO - Scanning... 73.7% (260000/352856)
2025-11-22 15:04:08,163 - trading_bot - INFO - Scanning... 75.1% (265000/352856)
2025-11-22 15:04:11,813 - trading_bot - INFO - Scanning... 76.5% (270000/352856)
2025-11-22 15:04:17,084 - trading_bot - INFO - Scanning... 77.9% (275000/352856)
2025-11-22 15:04:26,216 - trading_bot - INFO - Scanning... 79.4% (280000/352856)
2025-11-22 15:04:30,772 - trading_bot - INFO - Scanning... 80.8% (285000/352856)
2025-11-22 15:04:35,146 - trading_bot - INFO - Scanning... 82.2% (290000/352856)
2025-11-22 15:04:40,313 - trading_bot - INFO - Scanning... 83.6% (295000/352856)
2025-11-22 15:04:49,404 - trading_bot - INFO - Scanning... 85.0% (300000/352856)
2025-11-22 15:04:54,220 - trading_bot - INFO - Scanning... 86.4% (305000/352856)
2025-11-22 15:05:00,300 - trading_bot - INFO - Scanning... 87.9% (310000/352856)
2025-11-22 15:05:14,019 - trading_bot - INFO - Scanning... 89.3% (315000/352856)
2025-11-22 15:05:24,281 - trading_bot - INFO - Scanning... 90.7% (320000/352856)
2025-11-22 15:05:31,650 - trading_bot - INFO - Scanning... 92.1% (325000/352856)
2025-11-22 15:05:36,714 - trading_bot - INFO - Scanning... 93.5% (330000/352856)
2025-11-22 15:05:43,045 - trading_bot - INFO - Scanning... 94.9% (335000/352856)
2025-11-22 15:05:50,885 - trading_bot - INFO - Scanning... 96.4% (340000/352856)
2025-11-22 15:05:57,376 - trading_bot - INFO - Scanning... 97.8% (345000/352856)
2025-11-22 15:06:09,195 - trading_bot - INFO - Scanning... 99.2% (350000/352856)
2025-11-22 15:06:16,229 - trading_bot - INFO - Generated 82115 candidates
2025-11-22 15:06:16,230 - trading_bot - INFO - Training LGBM with 82115 samples...
2025-11-22 15:06:21,573 - trading_bot - INFO - Model saved to models/lgbm_model.pkl
