2025-11-24 19:10:26,470 - trading_bot - INFO - Loading data from Data/XAU_5m_data.csv
2025-11-24 19:10:29,704 - trading_bot - INFO - Data loaded: 1425019 rows (Base Timeframe 5m)
2025-11-24 19:10:29,704 - trading_bot - INFO - Loading data from Data/XAU_4h_data.csv
2025-11-24 19:10:29,759 - trading_bot - INFO - Loaded H4 data directly: 32418 bars
2025-11-24 19:10:29,759 - trading_bot - INFO - Loading data from Data/XAU_1d_data.csv
2025-11-24 19:10:29,770 - trading_bot - INFO - Loaded Daily data directly: 5440 bars
2025-11-24 19:10:29,841 - trading_bot - INFO - H4=32418, H1=123660
2025-11-24 19:10:38,368 - trading_bot - INFO - Using SMC (Smart Money Concepts) strategy
2025-11-24 19:11:26,668 - trading_bot - INFO - Detected 242462 FVGs and 96574 OBs on Base Timeframe
2025-11-24 19:11:26,668 - trading_bot - INFO - Generating candidates...
2025-11-24 19:11:32,275 - trading_bot - INFO - Scanning... 0.4% (5000/1425019)
2025-11-24 19:11:38,467 - trading_bot - INFO - Scanning... 0.7% (10000/1425019)
2025-11-24 19:11:44,625 - trading_bot - INFO - Scanning... 1.1% (15000/1425019)
2025-11-24 19:11:51,058 - trading_bot - INFO - Scanning... 1.4% (20000/1425019)
2025-11-24 19:11:58,110 - trading_bot - INFO - Scanning... 1.8% (25000/1425019)
2025-11-24 19:12:00,499 - trading_bot - INFO - Scanning... 2.1% (30000/1425019)
2025-11-24 19:12:06,839 - trading_bot - INFO - Scanning... 2.5% (35000/1425019)
2025-11-24 19:12:12,365 - trading_bot - INFO - Scanning... 2.8% (40000/1425019)
2025-11-24 19:12:17,880 - trading_bot - INFO - Scanning... 3.2% (45000/1425019)
2025-11-24 19:12:24,303 - trading_bot - INFO - Scanning... 3.5% (50000/1425019)
2025-11-24 19:12:31,768 - trading_bot - INFO - Scanning... 3.9% (55000/1425019)
2025-11-24 19:12:37,747 - trading_bot - INFO - Scanning... 4.2% (60000/1425019)
2025-11-24 19:12:42,744 - trading_bot - INFO - Scanning... 4.6% (65000/1425019)
2025-11-24 19:12:48,743 - trading_bot - INFO - Scanning... 4.9% (70000/1425019)
2025-11-24 19:12:56,051 - trading_bot - INFO - Scanning... 5.3% (75000/1425019)
2025-11-24 19:13:03,629 - trading_bot - INFO - Scanning... 5.6% (80000/1425019)
2025-11-24 19:13:11,541 - trading_bot - INFO - Scanning... 6.0% (85000/1425019)
2025-11-24 19:13:15,623 - trading_bot - INFO - Scanning... 6.3% (90000/1425019)
2025-11-24 19:13:21,249 - trading_bot - INFO - Scanning... 6.7% (95000/1425019)
2025-11-24 19:13:28,152 - trading_bot - INFO - Scanning... 7.0% (100000/1425019)
2025-11-24 19:13:30,383 - trading_bot - INFO - Scanning... 7.4% (105000/1425019)
2025-11-24 19:13:37,573 - trading_bot - INFO - Scanning... 7.7% (110000/1425019)
2025-11-24 19:13:40,940 - trading_bot - INFO - Scanning... 8.1% (115000/1425019)
2025-11-24 19:13:46,410 - trading_bot - INFO - Scanning... 8.4% (120000/1425019)
2025-11-24 19:13:53,237 - trading_bot - INFO - Scanning... 8.8% (125000/1425019)
2025-11-24 19:13:59,531 - trading_bot - INFO - Scanning... 9.1% (130000/1425019)
2025-11-24 19:14:03,676 - trading_bot - INFO - Scanning... 9.5% (135000/1425019)
2025-11-24 19:14:09,534 - trading_bot - INFO - Scanning... 9.8% (140000/1425019)
2025-11-24 19:14:15,087 - trading_bot - INFO - Scanning... 10.2% (145000/1425019)
2025-11-24 19:14:19,443 - trading_bot - INFO - Scanning... 10.5% (150000/1425019)
2025-11-24 19:14:24,148 - trading_bot - INFO - Scanning... 10.9% (155000/1425019)
2025-11-24 19:14:26,987 - trading_bot - INFO - Scanning... 11.2% (160000/1425019)
2025-11-24 19:14:30,271 - trading_bot - INFO - Scanning... 11.6% (165000/1425019)
2025-11-24 19:14:36,240 - trading_bot - INFO - Scanning... 11.9% (170000/1425019)
2025-11-24 19:14:40,527 - trading_bot - INFO - Scanning... 12.3% (175000/1425019)
2025-11-24 19:14:45,261 - trading_bot - INFO - Scanning... 12.6% (180000/1425019)
2025-11-24 19:14:52,285 - trading_bot - INFO - Scanning... 13.0% (185000/1425019)
2025-11-24 19:14:59,218 - trading_bot - INFO - Scanning... 13.3% (190000/1425019)
2025-11-24 19:15:05,304 - trading_bot - INFO - Scanning... 13.7% (195000/1425019)
2025-11-24 19:15:10,689 - trading_bot - INFO - Scanning... 14.0% (200000/1425019)
2025-11-24 19:15:17,475 - trading_bot - INFO - Scanning... 14.4% (205000/1425019)
2025-11-24 19:15:24,214 - trading_bot - INFO - Scanning... 14.7% (210000/1425019)
2025-11-24 19:15:31,754 - trading_bot - INFO - Scanning... 15.1% (215000/1425019)
2025-11-24 19:15:36,220 - trading_bot - INFO - Scanning... 15.4% (220000/1425019)
2025-11-24 19:15:40,775 - trading_bot - INFO - Scanning... 15.8% (225000/1425019)
2025-11-24 19:15:45,827 - trading_bot - INFO - Scanning... 16.1% (230000/1425019)
2025-11-24 19:15:52,085 - trading_bot - INFO - Scanning... 16.5% (235000/1425019)
2025-11-24 19:15:57,964 - trading_bot - INFO - Scanning... 16.8% (240000/1425019)
2025-11-24 19:16:03,737 - trading_bot - INFO - Scanning... 17.2% (245000/1425019)
2025-11-24 19:16:10,083 - trading_bot - INFO - Scanning... 17.5% (250000/1425019)
2025-11-24 19:16:16,341 - trading_bot - INFO - Scanning... 17.9% (255000/1425019)
2025-11-24 19:16:20,839 - trading_bot - INFO - Scanning... 18.2% (260000/1425019)
2025-11-24 19:16:23,694 - trading_bot - INFO - Scanning... 18.6% (265000/1425019)
2025-11-24 19:16:31,394 - trading_bot - INFO - Scanning... 18.9% (270000/1425019)
2025-11-24 19:16:38,657 - trading_bot - INFO - Scanning... 19.3% (275000/1425019)
2025-11-24 19:16:44,175 - trading_bot - INFO - Scanning... 19.6% (280000/1425019)
2025-11-24 19:16:49,151 - trading_bot - INFO - Scanning... 20.0% (285000/1425019)
2025-11-24 19:16:53,646 - trading_bot - INFO - Scanning... 20.4% (290000/1425019)
2025-11-24 19:16:59,127 - trading_bot - INFO - Scanning... 20.7% (295000/1425019)
2025-11-24 19:17:03,404 - trading_bot - INFO - Scanning... 21.1% (300000/1425019)
2025-11-24 19:17:08,305 - trading_bot - INFO - Scanning... 21.4% (305000/1425019)
2025-11-24 19:17:13,892 - trading_bot - INFO - Scanning... 21.8% (310000/1425019)
2025-11-24 19:17:18,532 - trading_bot - INFO - Scanning... 22.1% (315000/1425019)
2025-11-24 19:17:25,651 - trading_bot - INFO - Scanning... 22.5% (320000/1425019)
2025-11-24 19:17:32,372 - trading_bot - INFO - Scanning... 22.8% (325000/1425019)
2025-11-24 19:17:40,252 - trading_bot - INFO - Scanning... 23.2% (330000/1425019)
2025-11-24 19:17:48,372 - trading_bot - INFO - Scanning... 23.5% (335000/1425019)
2025-11-24 19:17:53,543 - trading_bot - INFO - Scanning... 23.9% (340000/1425019)
2025-11-24 19:17:59,263 - trading_bot - INFO - Scanning... 24.2% (345000/1425019)
2025-11-24 19:18:04,654 - trading_bot - INFO - Scanning... 24.6% (350000/1425019)
2025-11-24 19:18:09,956 - trading_bot - INFO - Scanning... 24.9% (355000/1425019)
2025-11-24 19:18:18,451 - trading_bot - INFO - Scanning... 25.3% (360000/1425019)
2025-11-24 19:18:24,412 - trading_bot - INFO - Scanning... 25.6% (365000/1425019)
2025-11-24 19:18:33,212 - trading_bot - INFO - Scanning... 26.0% (370000/1425019)
2025-11-24 19:18:38,625 - trading_bot - INFO - Scanning... 26.3% (375000/1425019)
2025-11-24 19:18:46,223 - trading_bot - INFO - Scanning... 26.7% (380000/1425019)
2025-11-24 19:18:52,818 - trading_bot - INFO - Scanning... 27.0% (385000/1425019)
2025-11-24 19:19:01,779 - trading_bot - INFO - Scanning... 27.4% (390000/1425019)
2025-11-24 19:19:08,586 - trading_bot - INFO - Scanning... 27.7% (395000/1425019)
2025-11-24 19:19:13,594 - trading_bot - INFO - Scanning... 28.1% (400000/1425019)
2025-11-24 19:19:19,399 - trading_bot - INFO - Scanning... 28.4% (405000/1425019)
2025-11-24 19:19:26,240 - trading_bot - INFO - Scanning... 28.8% (410000/1425019)
2025-11-24 19:19:31,699 - trading_bot - INFO - Scanning... 29.1% (415000/1425019)
2025-11-24 19:19:39,922 - trading_bot - INFO - Scanning... 29.5% (420000/1425019)
2025-11-24 19:19:46,853 - trading_bot - INFO - Scanning... 29.8% (425000/1425019)
2025-11-24 19:19:52,909 - trading_bot - INFO - Scanning... 30.2% (430000/1425019)
2025-11-24 19:20:02,620 - trading_bot - INFO - Scanning... 30.5% (435000/1425019)
2025-11-24 19:20:11,295 - trading_bot - INFO - Scanning... 30.9% (440000/1425019)
2025-11-24 19:20:18,892 - trading_bot - INFO - Scanning... 31.2% (445000/1425019)
2025-11-24 19:20:22,142 - trading_bot - INFO - Scanning... 31.6% (450000/1425019)
2025-11-24 19:20:31,067 - trading_bot - INFO - Scanning... 31.9% (455000/1425019)
2025-11-24 19:20:36,704 - trading_bot - INFO - Scanning... 32.3% (460000/1425019)
2025-11-24 19:20:45,909 - trading_bot - INFO - Scanning... 32.6% (465000/1425019)
2025-11-24 19:20:53,718 - trading_bot - INFO - Scanning... 33.0% (470000/1425019)
2025-11-24 19:21:03,294 - trading_bot - INFO - Scanning... 33.3% (475000/1425019)
2025-11-24 19:21:10,704 - trading_bot - INFO - Scanning... 33.7% (480000/1425019)
2025-11-24 19:21:17,565 - trading_bot - INFO - Scanning... 34.0% (485000/1425019)
2025-11-24 19:21:25,757 - trading_bot - INFO - Scanning... 34.4% (490000/1425019)
2025-11-24 19:21:28,520 - trading_bot - INFO - Scanning... 34.7% (495000/1425019)
2025-11-24 19:21:34,563 - trading_bot - INFO - Scanning... 35.1% (500000/1425019)
2025-11-24 19:21:39,645 - trading_bot - INFO - Scanning... 35.4% (505000/1425019)
2025-11-24 19:21:46,127 - trading_bot - INFO - Scanning... 35.8% (510000/1425019)
2025-11-24 19:21:54,844 - trading_bot - INFO - Scanning... 36.1% (515000/1425019)
2025-11-24 19:21:58,777 - trading_bot - INFO - Scanning... 36.5% (520000/1425019)
2025-11-24 19:22:05,911 - trading_bot - INFO - Scanning... 36.8% (525000/1425019)
2025-11-24 19:22:10,223 - trading_bot - INFO - Scanning... 37.2% (530000/1425019)
2025-11-24 19:22:17,993 - trading_bot - INFO - Scanning... 37.5% (535000/1425019)
2025-11-24 19:22:25,079 - trading_bot - INFO - Scanning... 37.9% (540000/1425019)
2025-11-24 19:22:31,187 - trading_bot - INFO - Scanning... 38.2% (545000/1425019)
2025-11-24 19:22:35,782 - trading_bot - INFO - Scanning... 38.6% (550000/1425019)
2025-11-24 19:22:40,918 - trading_bot - INFO - Scanning... 38.9% (555000/1425019)
2025-11-24 19:22:47,453 - trading_bot - INFO - Scanning... 39.3% (560000/1425019)
2025-11-24 19:22:50,772 - trading_bot - INFO - Scanning... 39.6% (565000/1425019)
2025-11-24 19:22:58,304 - trading_bot - INFO - Scanning... 40.0% (570000/1425019)
2025-11-24 19:23:00,662 - trading_bot - INFO - Scanning... 40.4% (575000/1425019)
2025-11-24 19:23:02,612 - trading_bot - INFO - Scanning... 40.7% (580000/1425019)
2025-11-24 19:23:08,868 - trading_bot - INFO - Scanning... 41.1% (585000/1425019)
2025-11-24 19:23:13,377 - trading_bot - INFO - Scanning... 41.4% (590000/1425019)
2025-11-24 19:23:18,946 - trading_bot - INFO - Scanning... 41.8% (595000/1425019)
2025-11-24 19:23:25,557 - trading_bot - INFO - Scanning... 42.1% (600000/1425019)
2025-11-24 19:23:29,519 - trading_bot - INFO - Scanning... 42.5% (605000/1425019)
2025-11-24 19:23:31,840 - trading_bot - INFO - Scanning... 42.8% (610000/1425019)
2025-11-24 19:23:37,192 - trading_bot - INFO - Scanning... 43.2% (615000/1425019)
2025-11-24 19:23:45,376 - trading_bot - INFO - Scanning... 43.5% (620000/1425019)
2025-11-24 19:23:49,965 - trading_bot - INFO - Scanning... 43.9% (625000/1425019)
2025-11-24 19:23:56,360 - trading_bot - INFO - Scanning... 44.2% (630000/1425019)
2025-11-24 19:24:00,643 - trading_bot - INFO - Scanning... 44.6% (635000/1425019)
2025-11-24 19:24:08,227 - trading_bot - INFO - Scanning... 44.9% (640000/1425019)
2025-11-24 19:24:17,967 - trading_bot - INFO - Scanning... 45.3% (645000/1425019)
2025-11-24 19:24:22,819 - trading_bot - INFO - Scanning... 45.6% (650000/1425019)
2025-11-24 19:24:32,031 - trading_bot - INFO - Scanning... 46.0% (655000/1425019)
2025-11-24 19:24:35,283 - trading_bot - INFO - Scanning... 46.3% (660000/1425019)
2025-11-24 19:24:39,653 - trading_bot - INFO - Scanning... 46.7% (665000/1425019)
2025-11-24 19:24:44,132 - trading_bot - INFO - Scanning... 47.0% (670000/1425019)
2025-11-24 19:24:47,851 - trading_bot - INFO - Scanning... 47.4% (675000/1425019)
2025-11-24 19:24:57,624 - trading_bot - INFO - Scanning... 47.7% (680000/1425019)
2025-11-24 19:25:02,550 - trading_bot - INFO - Scanning... 48.1% (685000/1425019)
2025-11-24 19:25:06,913 - trading_bot - INFO - Scanning... 48.4% (690000/1425019)
2025-11-24 19:25:11,843 - trading_bot - INFO - Scanning... 48.8% (695000/1425019)
2025-11-24 19:25:17,821 - trading_bot - INFO - Scanning... 49.1% (700000/1425019)
2025-11-24 19:25:21,758 - trading_bot - INFO - Scanning... 49.5% (705000/1425019)
2025-11-24 19:25:27,217 - trading_bot - INFO - Scanning... 49.8% (710000/1425019)
2025-11-24 19:25:31,338 - trading_bot - INFO - Scanning... 50.2% (715000/1425019)
2025-11-24 19:25:34,864 - trading_bot - INFO - Scanning... 50.5% (720000/1425019)
2025-11-24 19:25:40,995 - trading_bot - INFO - Scanning... 50.9% (725000/1425019)
2025-11-24 19:25:45,512 - trading_bot - INFO - Scanning... 51.2% (730000/1425019)
2025-11-24 19:25:51,886 - trading_bot - INFO - Scanning... 51.6% (735000/1425019)
2025-11-24 19:25:57,363 - trading_bot - INFO - Scanning... 51.9% (740000/1425019)
2025-11-24 19:26:03,288 - trading_bot - INFO - Scanning... 52.3% (745000/1425019)
2025-11-24 19:26:08,596 - trading_bot - INFO - Scanning... 52.6% (750000/1425019)
2025-11-24 19:26:15,154 - trading_bot - INFO - Scanning... 53.0% (755000/1425019)
2025-11-24 19:26:21,018 - trading_bot - INFO - Scanning... 53.3% (760000/1425019)
2025-11-24 19:26:28,474 - trading_bot - INFO - Scanning... 53.7% (765000/1425019)
2025-11-24 19:26:33,902 - trading_bot - INFO - Scanning... 54.0% (770000/1425019)
2025-11-24 19:26:39,421 - trading_bot - INFO - Scanning... 54.4% (775000/1425019)
2025-11-24 19:26:43,252 - trading_bot - INFO - Scanning... 54.7% (780000/1425019)
2025-11-24 19:26:47,210 - trading_bot - INFO - Scanning... 55.1% (785000/1425019)
2025-11-24 19:26:52,441 - trading_bot - INFO - Scanning... 55.4% (790000/1425019)
2025-11-24 19:26:58,632 - trading_bot - INFO - Scanning... 55.8% (795000/1425019)
2025-11-24 19:27:08,163 - trading_bot - INFO - Scanning... 56.1% (800000/1425019)
2025-11-24 19:27:15,124 - trading_bot - INFO - Scanning... 56.5% (805000/1425019)
2025-11-24 19:27:21,056 - trading_bot - INFO - Scanning... 56.8% (810000/1425019)
2025-11-24 19:27:23,562 - trading_bot - INFO - Scanning... 57.2% (815000/1425019)
2025-11-24 19:27:27,349 - trading_bot - INFO - Scanning... 57.5% (820000/1425019)
2025-11-24 19:27:34,716 - trading_bot - INFO - Scanning... 57.9% (825000/1425019)
2025-11-24 19:27:43,276 - trading_bot - INFO - Scanning... 58.2% (830000/1425019)
2025-11-24 19:27:50,420 - trading_bot - INFO - Scanning... 58.6% (835000/1425019)
2025-11-24 19:27:59,028 - trading_bot - INFO - Scanning... 58.9% (840000/1425019)
2025-11-24 19:28:04,952 - trading_bot - INFO - Scanning... 59.3% (845000/1425019)
2025-11-24 19:28:12,870 - trading_bot - INFO - Scanning... 59.6% (850000/1425019)
2025-11-24 19:28:18,974 - trading_bot - INFO - Scanning... 60.0% (855000/1425019)
2025-11-24 19:28:25,971 - trading_bot - INFO - Scanning... 60.4% (860000/1425019)
2025-11-24 19:28:31,912 - trading_bot - INFO - Scanning... 60.7% (865000/1425019)
2025-11-24 19:28:38,427 - trading_bot - INFO - Scanning... 61.1% (870000/1425019)
2025-11-24 19:28:44,816 - trading_bot - INFO - Scanning... 61.4% (875000/1425019)
2025-11-24 19:28:51,785 - trading_bot - INFO - Scanning... 61.8% (880000/1425019)
2025-11-24 19:29:03,624 - trading_bot - INFO - Scanning... 62.1% (885000/1425019)
2025-11-24 19:29:10,827 - trading_bot - INFO - Scanning... 62.5% (890000/1425019)
2025-11-24 19:29:18,289 - trading_bot - INFO - Scanning... 62.8% (895000/1425019)
2025-11-24 19:29:22,896 - trading_bot - INFO - Scanning... 63.2% (900000/1425019)
2025-11-24 19:29:27,920 - trading_bot - INFO - Scanning... 63.5% (905000/1425019)
2025-11-24 19:29:37,821 - trading_bot - INFO - Scanning... 63.9% (910000/1425019)
2025-11-24 19:29:46,429 - trading_bot - INFO - Scanning... 64.2% (915000/1425019)
2025-11-24 19:29:52,541 - trading_bot - INFO - Scanning... 64.6% (920000/1425019)
2025-11-24 19:29:57,392 - trading_bot - INFO - Scanning... 64.9% (925000/1425019)
2025-11-24 19:30:03,311 - trading_bot - INFO - Scanning... 65.3% (930000/1425019)
2025-11-24 19:30:07,578 - trading_bot - INFO - Scanning... 65.6% (935000/1425019)
2025-11-24 19:30:10,307 - trading_bot - INFO - Scanning... 66.0% (940000/1425019)
2025-11-24 19:30:15,813 - trading_bot - INFO - Scanning... 66.3% (945000/1425019)
2025-11-24 19:30:21,922 - trading_bot - INFO - Scanning... 66.7% (950000/1425019)
2025-11-24 19:30:31,900 - trading_bot - INFO - Scanning... 67.0% (955000/1425019)
2025-11-24 19:30:38,453 - trading_bot - INFO - Scanning... 67.4% (960000/1425019)
2025-11-24 19:30:42,614 - trading_bot - INFO - Scanning... 67.7% (965000/1425019)
2025-11-24 19:30:50,864 - trading_bot - INFO - Scanning... 68.1% (970000/1425019)
2025-11-24 19:30:58,515 - trading_bot - INFO - Scanning... 68.4% (975000/1425019)
2025-11-24 19:31:06,135 - trading_bot - INFO - Scanning... 68.8% (980000/1425019)
2025-11-24 19:31:13,380 - trading_bot - INFO - Scanning... 69.1% (985000/1425019)
2025-11-24 19:31:19,737 - trading_bot - INFO - Scanning... 69.5% (990000/1425019)
2025-11-24 19:31:28,081 - trading_bot - INFO - Scanning... 69.8% (995000/1425019)
2025-11-24 19:31:36,271 - trading_bot - INFO - Scanning... 70.2% (1000000/1425019)
2025-11-24 19:31:42,690 - trading_bot - INFO - Scanning... 70.5% (1005000/1425019)
2025-11-24 19:31:49,301 - trading_bot - INFO - Scanning... 70.9% (1010000/1425019)
2025-11-24 19:31:53,616 - trading_bot - INFO - Scanning... 71.2% (1015000/1425019)
2025-11-24 19:31:59,347 - trading_bot - INFO - Scanning... 71.6% (1020000/1425019)
2025-11-24 19:32:07,988 - trading_bot - INFO - Scanning... 71.9% (1025000/1425019)
2025-11-24 19:32:15,227 - trading_bot - INFO - Scanning... 72.3% (1030000/1425019)
2025-11-24 19:32:24,214 - trading_bot - INFO - Scanning... 72.6% (1035000/1425019)
2025-11-24 19:32:28,135 - trading_bot - INFO - Scanning... 73.0% (1040000/1425019)
2025-11-24 19:32:32,223 - trading_bot - INFO - Scanning... 73.3% (1045000/1425019)
2025-11-24 19:32:37,062 - trading_bot - INFO - Scanning... 73.7% (1050000/1425019)
2025-11-24 19:32:41,871 - trading_bot - INFO - Scanning... 74.0% (1055000/1425019)
2025-11-24 19:32:48,641 - trading_bot - INFO - Scanning... 74.4% (1060000/1425019)
2025-11-24 19:33:00,601 - trading_bot - INFO - Scanning... 74.7% (1065000/1425019)
2025-11-24 19:33:10,782 - trading_bot - INFO - Scanning... 75.1% (1070000/1425019)
2025-11-24 19:33:15,289 - trading_bot - INFO - Scanning... 75.4% (1075000/1425019)
2025-11-24 19:33:25,212 - trading_bot - INFO - Scanning... 75.8% (1080000/1425019)
2025-11-24 19:33:31,074 - trading_bot - INFO - Scanning... 76.1% (1085000/1425019)
2025-11-24 19:33:39,573 - trading_bot - INFO - Scanning... 76.5% (1090000/1425019)
2025-11-24 19:33:46,807 - trading_bot - INFO - Scanning... 76.8% (1095000/1425019)
2025-11-24 19:33:51,720 - trading_bot - INFO - Scanning... 77.2% (1100000/1425019)
2025-11-24 19:34:02,257 - trading_bot - INFO - Scanning... 77.5% (1105000/1425019)
2025-11-24 19:34:07,288 - trading_bot - INFO - Scanning... 77.9% (1110000/1425019)
2025-11-24 19:34:11,772 - trading_bot - INFO - Scanning... 78.2% (1115000/1425019)
2025-11-24 19:34:21,404 - trading_bot - INFO - Scanning... 78.6% (1120000/1425019)
2025-11-24 19:34:28,350 - trading_bot - INFO - Scanning... 78.9% (1125000/1425019)
2025-11-24 19:34:36,858 - trading_bot - INFO - Scanning... 79.3% (1130000/1425019)
2025-11-24 19:34:46,163 - trading_bot - INFO - Scanning... 79.6% (1135000/1425019)
2025-11-24 19:34:53,141 - trading_bot - INFO - Scanning... 80.0% (1140000/1425019)
2025-11-24 19:35:00,208 - trading_bot - INFO - Scanning... 80.3% (1145000/1425019)
2025-11-24 19:35:04,527 - trading_bot - INFO - Scanning... 80.7% (1150000/1425019)
2025-11-24 19:35:11,578 - trading_bot - INFO - Scanning... 81.1% (1155000/1425019)
2025-11-24 19:35:18,162 - trading_bot - INFO - Scanning... 81.4% (1160000/1425019)
2025-11-24 19:35:26,262 - trading_bot - INFO - Scanning... 81.8% (1165000/1425019)
2025-11-24 19:35:35,283 - trading_bot - INFO - Scanning... 82.1% (1170000/1425019)
2025-11-24 19:35:46,492 - trading_bot - INFO - Scanning... 82.5% (1175000/1425019)
2025-11-24 19:35:53,135 - trading_bot - INFO - Scanning... 82.8% (1180000/1425019)
2025-11-24 19:36:01,197 - trading_bot - INFO - Scanning... 83.2% (1185000/1425019)
2025-11-24 19:36:10,018 - trading_bot - INFO - Scanning... 83.5% (1190000/1425019)
2025-11-24 19:36:20,234 - trading_bot - INFO - Scanning... 83.9% (1195000/1425019)
2025-11-24 19:36:28,896 - trading_bot - INFO - Scanning... 84.2% (1200000/1425019)
2025-11-24 19:36:33,778 - trading_bot - INFO - Scanning... 84.6% (1205000/1425019)
2025-11-24 19:36:40,939 - trading_bot - INFO - Scanning... 84.9% (1210000/1425019)
2025-11-24 19:36:48,763 - trading_bot - INFO - Scanning... 85.3% (1215000/1425019)
2025-11-24 19:36:54,090 - trading_bot - INFO - Scanning... 85.6% (1220000/1425019)
2025-11-24 19:37:00,411 - trading_bot - INFO - Scanning... 86.0% (1225000/1425019)
2025-11-24 19:37:10,123 - trading_bot - INFO - Scanning... 86.3% (1230000/1425019)
2025-11-24 19:37:20,547 - trading_bot - INFO - Scanning... 86.7% (1235000/1425019)
2025-11-24 19:37:30,149 - trading_bot - INFO - Scanning... 87.0% (1240000/1425019)
2025-11-24 19:37:37,815 - trading_bot - INFO - Scanning... 87.4% (1245000/1425019)
2025-11-24 19:37:45,048 - trading_bot - INFO - Scanning... 87.7% (1250000/1425019)
2025-11-24 19:37:54,346 - trading_bot - INFO - Scanning... 88.1% (1255000/1425019)
2025-11-24 19:38:00,269 - trading_bot - INFO - Scanning... 88.4% (1260000/1425019)
2025-11-24 19:38:08,569 - trading_bot - INFO - Scanning... 88.8% (1265000/1425019)
2025-11-24 19:38:13,903 - trading_bot - INFO - Scanning... 89.1% (1270000/1425019)
2025-11-24 19:38:22,958 - trading_bot - INFO - Scanning... 89.5% (1275000/1425019)
2025-11-24 19:38:30,916 - trading_bot - INFO - Scanning... 89.8% (1280000/1425019)
2025-11-24 19:38:39,630 - trading_bot - INFO - Scanning... 90.2% (1285000/1425019)
2025-11-24 19:38:50,561 - trading_bot - INFO - Scanning... 90.5% (1290000/1425019)
2025-11-24 19:38:58,384 - trading_bot - INFO - Scanning... 90.9% (1295000/1425019)
2025-11-24 19:39:07,686 - trading_bot - INFO - Scanning... 91.2% (1300000/1425019)
2025-11-24 19:39:14,646 - trading_bot - INFO - Scanning... 91.6% (1305000/1425019)
2025-11-24 19:39:18,948 - trading_bot - INFO - Scanning... 91.9% (1310000/1425019)
2025-11-24 19:39:25,863 - trading_bot - INFO - Scanning... 92.3% (1315000/1425019)
2025-11-24 19:39:33,512 - trading_bot - INFO - Scanning... 92.6% (1320000/1425019)
2025-11-24 19:39:49,273 - trading_bot - INFO - Scanning... 93.0% (1325000/1425019)
2025-11-24 19:39:55,410 - trading_bot - INFO - Scanning... 93.3% (1330000/1425019)
2025-11-24 19:40:03,954 - trading_bot - INFO - Scanning... 93.7% (1335000/1425019)
2025-11-24 19:40:15,326 - trading_bot - INFO - Scanning... 94.0% (1340000/1425019)
2025-11-24 19:40:26,337 - trading_bot - INFO - Scanning... 94.4% (1345000/1425019)
2025-11-24 19:40:34,890 - trading_bot - INFO - Scanning... 94.7% (1350000/1425019)
2025-11-24 19:40:43,907 - trading_bot - INFO - Scanning... 95.1% (1355000/1425019)
2025-11-24 19:40:49,505 - trading_bot - INFO - Scanning... 95.4% (1360000/1425019)
2025-11-24 19:41:04,233 - trading_bot - INFO - Scanning... 95.8% (1365000/1425019)
2025-11-24 19:41:09,775 - trading_bot - INFO - Scanning... 96.1% (1370000/1425019)
2025-11-24 19:41:18,853 - trading_bot - INFO - Scanning... 96.5% (1375000/1425019)
2025-11-24 19:41:27,416 - trading_bot - INFO - Scanning... 96.8% (1380000/1425019)
2025-11-24 19:41:38,243 - trading_bot - INFO - Scanning... 97.2% (1385000/1425019)
2025-11-24 19:41:48,002 - trading_bot - INFO - Scanning... 97.5% (1390000/1425019)
2025-11-24 19:41:57,110 - trading_bot - INFO - Scanning... 97.9% (1395000/1425019)
2025-11-24 19:42:04,108 - trading_bot - INFO - Scanning... 98.2% (1400000/1425019)
2025-11-24 19:42:14,311 - trading_bot - INFO - Scanning... 98.6% (1405000/1425019)
2025-11-24 19:42:22,663 - trading_bot - INFO - Scanning... 98.9% (1410000/1425019)
2025-11-24 19:42:36,341 - trading_bot - INFO - Scanning... 99.3% (1415000/1425019)
2025-11-24 19:42:48,297 - trading_bot - INFO - Scanning... 99.6% (1420000/1425019)
2025-11-24 19:43:04,326 - trading_bot - INFO - Generated 113336 candidates
2025-11-24 19:43:04,332 - trading_bot - INFO - Applied adaptive filter profile 'baseline': 113336 / 113336 candidates retained.
