2025-11-27 14:15:02,477 - trading_bot - INFO - Fetching BTC crypto bars from Alpaca (5Min)...
2025-11-27 14:15:13,451 - trading_bot - INFO - Model loaded from /Users/rileymartin/ML-Trading-Bot/models/lgbm_model.pkl
2025-11-27 14:15:13,451 - alpaca_live_runner - INFO - Starting Alpaca polling loop (symbol=BTC, interval=60s, dry_run=True)...
2025-11-27 14:15:14,098 - trading_bot - INFO - Generating candidates...
2025-11-27 14:15:14,643 - trading_bot - INFO - Generating candidates...
2025-11-27 14:15:15,183 - trading_bot - INFO - Generating candidates...
2025-11-27 14:15:15,728 - trading_bot - INFO - Generating candidates...
2025-11-27 14:15:16,270 - trading_bot - INFO - Generating candidates...
2025-11-27 14:15:16,837 - trading_bot - INFO - Generating candidates...
2025-11-27 14:15:17,387 - trading_bot - INFO - Generating candidates...
2025-11-27 14:15:17,974 - trading_bot - INFO - Generating candidates...
2025-11-27 14:15:18,526 - trading_bot - INFO - Generating candidates...
2025-11-27 14:15:19,064 - trading_bot - INFO - Generating candidates...
2025-11-27 14:15:19,610 - trading_bot - INFO - Generating candidates...
2025-11-27 14:15:20,153 - trading_bot - INFO - Generating candidates...
2025-11-27 14:15:20,698 - trading_bot - INFO - Generating candidates...
2025-11-27 14:15:21,241 - trading_bot - INFO - Generating candidates...
2025-11-27 14:15:21,786 - trading_bot - INFO - Generating candidates...
2025-11-27 14:15:22,332 - trading_bot - INFO - Generating candidates...
2025-11-27 14:15:22,887 - trading_bot - INFO - Generating candidates...
2025-11-27 14:15:23,482 - trading_bot - INFO - Generating candidates...
2025-11-27 14:15:24,032 - trading_bot - INFO - Generating candidates...
2025-11-27 14:15:24,580 - trading_bot - INFO - Generating candidates...
2025-11-27 14:15:25,130 - trading_bot - INFO - Generating candidates...
2025-11-27 14:15:25,674 - trading_bot - INFO - Generating candidates...
2025-11-27 14:15:26,256 - trading_bot - INFO - Generating candidates...
2025-11-27 14:15:26,850 - trading_bot - INFO - Generating candidates...
2025-11-27 14:15:27,470 - trading_bot - INFO - Generating candidates...
2025-11-27 14:15:28,094 - trading_bot - INFO - Generating candidates...
2025-11-27 14:15:28,754 - trading_bot - INFO - Generating candidates...
2025-11-27 14:15:29,341 - trading_bot - INFO - Generating candidates...
2025-11-27 14:15:29,895 - trading_bot - INFO - Generating candidates...
2025-11-27 14:15:30,448 - trading_bot - INFO - Generating candidates...
2025-11-27 14:15:31,223 - trading_bot - INFO - Generating candidates...
2025-11-27 14:15:32,901 - trading_bot - INFO - Generating candidates...
2025-11-27 14:15:33,422 - trading_bot - INFO - Generating candidates...
2025-11-27 14:15:33,913 - trading_bot - INFO - Generating candidates...
2025-11-27 14:15:34,433 - trading_bot - INFO - Generating candidates...
2025-11-27 14:17:37,913 - trading_bot - INFO - Generating candidates...
2025-11-27 14:17:38,413 - trading_bot - INFO - Generating candidates...
2025-11-27 14:17:38,903 - trading_bot - INFO - Generating candidates...
2025-11-27 14:17:39,370 - trading_bot - INFO - Generating candidates...
2025-11-27 14:17:39,834 - trading_bot - INFO - Generating candidates...
2025-11-27 14:17:40,298 - trading_bot - INFO - Generating candidates...
2025-11-27 14:17:40,864 - trading_bot - INFO - Generating candidates...
2025-11-27 14:17:41,695 - trading_bot - INFO - Generating candidates...
2025-11-27 14:17:42,347 - trading_bot - INFO - Generating candidates...
2025-11-27 14:17:43,026 - trading_bot - INFO - Generating candidates...
2025-11-27 14:17:43,694 - trading_bot - INFO - Generating candidates...
2025-11-27 14:17:44,366 - trading_bot - INFO - Generating candidates...
2025-11-27 14:17:45,111 - trading_bot - INFO - Generating candidates...
2025-11-27 14:17:45,784 - trading_bot - INFO - Generating candidates...
2025-11-27 14:17:46,435 - trading_bot - INFO - Generating candidates...
2025-11-27 15:01:42,250 - urllib3.connectionpool - WARNING - Retrying (Retry(total=4, connect=None, read=None, redirect=None, status=None)) after connection broken by 'ConnectionResetError(54, 'Connection reset by peer')': /v2/stocks/BTC/bars?timeframe=5Min&limit=50
2025-11-27 15:19:04,889 - urllib3.connectionpool - WARNING - Retrying (Retry(total=4, connect=None, read=None, redirect=None, status=None)) after connection broken by 'ConnectionResetError(54, 'Connection reset by peer')': /v2/stocks/BTC/bars?timeframe=5Min&limit=50
