2025-11-21 20:35:40,073 - trading_bot - INFO - Loading data from Data/XAU_5m_data.csv
2025-11-21 20:35:44,878 - trading_bot - INFO - Data loaded: 352856 rows (Base Timeframe 5m)
2025-11-21 20:35:44,912 - trading_bot - INFO - Resampled: H4=7727, H1=29530
2025-11-21 20:36:08,231 - trading_bot - INFO - Detected 60577 FVGs and 25456 OBs on Base Timeframe
2025-11-21 20:36:08,231 - trading_bot - INFO - Generating candidates...
2025-11-21 20:36:12,656 - trading_bot - INFO - Scanning... 1.4% (5000/352856)
2025-11-21 20:36:16,455 - trading_bot - INFO - Scanning... 2.8% (10000/352856)
2025-11-21 20:36:21,239 - trading_bot - INFO - Scanning... 4.3% (15000/352856)
2025-11-21 20:36:24,635 - trading_bot - INFO - Scanning... 5.7% (20000/352856)
2025-11-21 20:36:34,220 - trading_bot - INFO - Scanning... 7.1% (25000/352856)
2025-11-21 20:36:40,258 - trading_bot - INFO - Scanning... 8.5% (30000/352856)
2025-11-21 20:36:44,521 - trading_bot - INFO - Scanning... 9.9% (35000/352856)
2025-11-21 20:36:49,951 - trading_bot - INFO - Scanning... 11.3% (40000/352856)
2025-11-21 20:36:54,547 - trading_bot - INFO - Scanning... 12.8% (45000/352856)
2025-11-21 20:37:03,084 - trading_bot - INFO - Scanning... 14.2% (50000/352856)
2025-11-21 20:37:06,548 - trading_bot - INFO - Scanning... 15.6% (55000/352856)
2025-11-21 20:37:13,604 - trading_bot - INFO - Scanning... 17.0% (60000/352856)
2025-11-21 20:37:21,806 - trading_bot - INFO - Scanning... 18.4% (65000/352856)
2025-11-21 20:37:27,632 - trading_bot - INFO - Scanning... 19.8% (70000/352856)
2025-11-21 20:37:30,056 - trading_bot - INFO - Scanning... 21.3% (75000/352856)
2025-11-21 20:37:34,109 - trading_bot - INFO - Scanning... 22.7% (80000/352856)
2025-11-21 20:37:39,566 - trading_bot - INFO - Scanning... 24.1% (85000/352856)
2025-11-21 20:37:45,483 - trading_bot - INFO - Scanning... 25.5% (90000/352856)
2025-11-21 20:37:51,661 - trading_bot - INFO - Scanning... 26.9% (95000/352856)
2025-11-21 20:38:00,076 - trading_bot - INFO - Scanning... 28.3% (100000/352856)
2025-11-21 20:38:06,224 - trading_bot - INFO - Scanning... 29.8% (105000/352856)
2025-11-21 20:38:11,067 - trading_bot - INFO - Scanning... 31.2% (110000/352856)
2025-11-21 20:38:16,560 - trading_bot - INFO - Scanning... 32.6% (115000/352856)
2025-11-21 20:38:23,595 - trading_bot - INFO - Scanning... 34.0% (120000/352856)
2025-11-21 20:38:32,028 - trading_bot - INFO - Scanning... 35.4% (125000/352856)
2025-11-21 20:38:41,926 - trading_bot - INFO - Scanning... 36.8% (130000/352856)
2025-11-21 20:38:46,641 - trading_bot - INFO - Scanning... 38.3% (135000/352856)
2025-11-21 20:38:55,323 - trading_bot - INFO - Scanning... 39.7% (140000/352856)
2025-11-21 20:39:01,666 - trading_bot - INFO - Scanning... 41.1% (145000/352856)
2025-11-21 20:39:10,173 - trading_bot - INFO - Scanning... 42.5% (150000/352856)
2025-11-21 20:39:12,889 - trading_bot - INFO - Scanning... 43.9% (155000/352856)
2025-11-21 20:39:20,940 - trading_bot - INFO - Scanning... 45.3% (160000/352856)
2025-11-21 20:39:24,858 - trading_bot - INFO - Scanning... 46.8% (165000/352856)
2025-11-21 20:39:27,999 - trading_bot - INFO - Scanning... 48.2% (170000/352856)
2025-11-21 20:39:41,269 - trading_bot - INFO - Scanning... 49.6% (175000/352856)
2025-11-21 20:39:50,376 - trading_bot - INFO - Scanning... 51.0% (180000/352856)
2025-11-21 20:39:58,169 - trading_bot - INFO - Scanning... 52.4% (185000/352856)
2025-11-21 20:40:07,072 - trading_bot - INFO - Scanning... 53.8% (190000/352856)
2025-11-21 20:40:10,834 - trading_bot - INFO - Scanning... 55.3% (195000/352856)
2025-11-21 20:40:21,804 - trading_bot - INFO - Scanning... 56.7% (200000/352856)
2025-11-21 20:40:29,545 - trading_bot - INFO - Scanning... 58.1% (205000/352856)
2025-11-21 20:40:35,752 - trading_bot - INFO - Scanning... 59.5% (210000/352856)
2025-11-21 20:40:38,645 - trading_bot - INFO - Scanning... 60.9% (215000/352856)
2025-11-21 20:40:49,251 - trading_bot - INFO - Scanning... 62.3% (220000/352856)
2025-11-21 20:40:59,944 - trading_bot - INFO - Scanning... 63.8% (225000/352856)
2025-11-21 20:41:07,832 - trading_bot - INFO - Scanning... 65.2% (230000/352856)
2025-11-21 20:41:16,200 - trading_bot - INFO - Scanning... 66.6% (235000/352856)
2025-11-21 20:41:23,838 - trading_bot - INFO - Scanning... 68.0% (240000/352856)
2025-11-21 20:41:34,208 - trading_bot - INFO - Scanning... 69.4% (245000/352856)
2025-11-21 20:41:40,789 - trading_bot - INFO - Scanning... 70.9% (250000/352856)
2025-11-21 20:41:50,142 - trading_bot - INFO - Scanning... 72.3% (255000/352856)
2025-11-21 20:41:56,350 - trading_bot - INFO - Scanning... 73.7% (260000/352856)
2025-11-21 20:42:05,654 - trading_bot - INFO - Scanning... 75.1% (265000/352856)
2025-11-21 20:42:09,705 - trading_bot - INFO - Scanning... 76.5% (270000/352856)
2025-11-21 20:42:16,106 - trading_bot - INFO - Scanning... 77.9% (275000/352856)
2025-11-21 20:42:26,993 - trading_bot - INFO - Scanning... 79.4% (280000/352856)
2025-11-21 20:42:32,381 - trading_bot - INFO - Scanning... 80.8% (285000/352856)
2025-11-21 20:42:37,532 - trading_bot - INFO - Scanning... 82.2% (290000/352856)
2025-11-21 20:42:43,699 - trading_bot - INFO - Scanning... 83.6% (295000/352856)
2025-11-21 20:42:55,308 - trading_bot - INFO - Scanning... 85.0% (300000/352856)
2025-11-21 20:43:01,427 - trading_bot - INFO - Scanning... 86.4% (305000/352856)
2025-11-21 20:43:09,022 - trading_bot - INFO - Scanning... 87.9% (310000/352856)
2025-11-21 20:43:27,000 - trading_bot - INFO - Scanning... 89.3% (315000/352856)
2025-11-21 20:43:40,380 - trading_bot - INFO - Scanning... 90.7% (320000/352856)
2025-11-21 20:43:50,228 - trading_bot - INFO - Scanning... 92.1% (325000/352856)
2025-11-21 20:43:56,404 - trading_bot - INFO - Scanning... 93.5% (330000/352856)
2025-11-21 20:44:04,293 - trading_bot - INFO - Scanning... 94.9% (335000/352856)
2025-11-21 20:44:14,147 - trading_bot - INFO - Scanning... 96.4% (340000/352856)
2025-11-21 20:44:22,308 - trading_bot - INFO - Scanning... 97.8% (345000/352856)
2025-11-21 20:44:37,039 - trading_bot - INFO - Scanning... 99.2% (350000/352856)
2025-11-21 20:44:46,056 - trading_bot - INFO - Generated 82115 candidates
2025-11-21 20:44:46,058 - trading_bot - INFO - Training LGBM with 82115 samples...
2025-11-21 20:44:52,070 - trading_bot - INFO - Model saved to models/lgbm_model.pkl
