2025-11-25 06:21:51,781 - trading_bot - INFO - Fetching SPY bars from Alpaca (5Min)...
2025-11-25 06:23:41,623 - trading_bot - INFO - Data loaded: 269294 rows (Base Timeframe 5m)
2025-11-25 06:23:41,643 - trading_bot - INFO - Loaded H4 data directly: 6209 bars
2025-11-25 06:23:41,655 - trading_bot - INFO - Loaded Daily data directly: 1489 bars
2025-11-25 06:23:41,672 - trading_bot - INFO - H4=6209, H1=22826
2025-11-25 06:23:43,564 - trading_bot - INFO - Using SMC (Smart Money Concepts) strategy
2025-11-25 06:23:55,160 - trading_bot - INFO - Detected 49084 FVGs and 18263 OBs on Base Timeframe
2025-11-25 06:23:55,160 - trading_bot - INFO - Generating candidates...
2025-11-25 06:23:59,305 - trading_bot - INFO - Scanning... 1.9% (5000/269294)
2025-11-25 06:24:04,694 - trading_bot - INFO - Scanning... 3.7% (10000/269294)
2025-11-25 06:24:07,360 - trading_bot - INFO - Scanning... 5.6% (15000/269294)
2025-11-25 06:24:11,776 - trading_bot - INFO - Scanning... 7.4% (20000/269294)
2025-11-25 06:24:15,200 - trading_bot - INFO - Scanning... 9.3% (25000/269294)
2025-11-25 06:24:20,497 - trading_bot - INFO - Scanning... 11.1% (30000/269294)
2025-11-25 06:24:24,497 - trading_bot - INFO - Scanning... 13.0% (35000/269294)
2025-11-25 06:24:29,115 - trading_bot - INFO - Scanning... 14.9% (40000/269294)
2025-11-25 06:24:33,700 - trading_bot - INFO - Scanning... 16.7% (45000/269294)
2025-11-25 06:24:38,517 - trading_bot - INFO - Scanning... 18.6% (50000/269294)
2025-11-25 06:24:42,476 - trading_bot - INFO - Scanning... 20.4% (55000/269294)
2025-11-25 06:24:47,493 - trading_bot - INFO - Scanning... 22.3% (60000/269294)
2025-11-25 06:24:53,102 - trading_bot - INFO - Scanning... 24.1% (65000/269294)
2025-11-25 06:24:57,469 - trading_bot - INFO - Scanning... 26.0% (70000/269294)
2025-11-25 06:25:02,214 - trading_bot - INFO - Scanning... 27.9% (75000/269294)
2025-11-25 06:25:06,257 - trading_bot - INFO - Scanning... 29.7% (80000/269294)
2025-11-25 06:25:10,524 - trading_bot - INFO - Scanning... 31.6% (85000/269294)
2025-11-25 06:25:15,267 - trading_bot - INFO - Scanning... 33.4% (90000/269294)
2025-11-25 06:25:20,081 - trading_bot - INFO - Scanning... 35.3% (95000/269294)
2025-11-25 06:25:24,240 - trading_bot - INFO - Scanning... 37.1% (100000/269294)
2025-11-25 06:25:28,275 - trading_bot - INFO - Scanning... 39.0% (105000/269294)
2025-11-25 06:25:32,327 - trading_bot - INFO - Scanning... 40.8% (110000/269294)
2025-11-25 06:25:36,730 - trading_bot - INFO - Scanning... 42.7% (115000/269294)
2025-11-25 06:25:40,197 - trading_bot - INFO - Scanning... 44.6% (120000/269294)
2025-11-25 06:25:46,069 - trading_bot - INFO - Scanning... 46.4% (125000/269294)
2025-11-25 06:25:49,696 - trading_bot - INFO - Scanning... 48.3% (130000/269294)
2025-11-25 06:25:54,130 - trading_bot - INFO - Scanning... 50.1% (135000/269294)
2025-11-25 06:25:59,129 - trading_bot - INFO - Scanning... 52.0% (140000/269294)
2025-11-25 06:26:03,448 - trading_bot - INFO - Scanning... 53.8% (145000/269294)
2025-11-25 06:26:07,447 - trading_bot - INFO - Scanning... 55.7% (150000/269294)
2025-11-25 06:26:11,715 - trading_bot - INFO - Scanning... 57.6% (155000/269294)
2025-11-25 06:26:16,299 - trading_bot - INFO - Scanning... 59.4% (160000/269294)
2025-11-25 06:26:20,426 - trading_bot - INFO - Scanning... 61.3% (165000/269294)
2025-11-25 06:26:25,124 - trading_bot - INFO - Scanning... 63.1% (170000/269294)
2025-11-25 06:26:30,960 - trading_bot - INFO - Scanning... 65.0% (175000/269294)
2025-11-25 06:26:35,902 - trading_bot - INFO - Scanning... 66.8% (180000/269294)
2025-11-25 06:26:41,279 - trading_bot - INFO - Scanning... 68.7% (185000/269294)
2025-11-25 06:26:47,105 - trading_bot - INFO - Scanning... 70.6% (190000/269294)
2025-11-25 06:26:52,483 - trading_bot - INFO - Scanning... 72.4% (195000/269294)
2025-11-25 06:26:58,077 - trading_bot - INFO - Scanning... 74.3% (200000/269294)
2025-11-25 06:27:03,903 - trading_bot - INFO - Scanning... 76.1% (205000/269294)
2025-11-25 06:27:10,113 - trading_bot - INFO - Scanning... 78.0% (210000/269294)
2025-11-25 06:27:16,319 - trading_bot - INFO - Scanning... 79.8% (215000/269294)
2025-11-25 06:27:21,377 - trading_bot - INFO - Scanning... 81.7% (220000/269294)
2025-11-25 06:27:28,196 - trading_bot - INFO - Scanning... 83.6% (225000/269294)
2025-11-25 06:27:32,228 - trading_bot - INFO - Scanning... 85.4% (230000/269294)
2025-11-25 06:27:37,797 - trading_bot - INFO - Scanning... 87.3% (235000/269294)
2025-11-25 06:27:44,026 - trading_bot - INFO - Scanning... 89.1% (240000/269294)
2025-11-25 06:27:50,312 - trading_bot - INFO - Scanning... 91.0% (245000/269294)
2025-11-25 06:27:54,663 - trading_bot - INFO - Scanning... 92.8% (250000/269294)
2025-11-25 06:28:01,911 - trading_bot - INFO - Scanning... 94.7% (255000/269294)
2025-11-25 06:28:08,205 - trading_bot - INFO - Scanning... 96.5% (260000/269294)
2025-11-25 06:28:15,385 - trading_bot - INFO - Scanning... 98.4% (265000/269294)
2025-11-25 06:28:22,312 - trading_bot - INFO - Generated 32209 candidates
