2025-11-22 23:15:51,883 - trading_bot - INFO - Loading data from Data/XAU_5m_data.csv
2025-11-22 23:15:55,050 - trading_bot - INFO - Data loaded: 43457 rows (Base Timeframe 5m)
2025-11-22 23:15:55,050 - trading_bot - INFO - Loading data from Data/XAU_4h_data.csv
2025-11-22 23:15:55,106 - trading_bot - INFO - Loaded H4 data directly: 952 bars
2025-11-22 23:15:55,106 - trading_bot - INFO - Loading data from Data/XAU_1d_data.csv
2025-11-22 23:15:55,116 - trading_bot - INFO - Loaded Daily data directly: 160 bars
2025-11-22 23:15:55,122 - trading_bot - INFO - H4=952, H1=3630
2025-11-22 23:15:55,384 - trading_bot - INFO - Using SMC (Smart Money Concepts) strategy
2025-11-22 23:15:56,889 - trading_bot - INFO - Detected 7706 FVGs and 4524 OBs on Base Timeframe
2025-11-22 23:15:56,889 - trading_bot - INFO - Generating candidates...
2025-11-22 23:15:58,420 - trading_bot - INFO - Scanning... 11.5% (5000/43457)
2025-11-22 23:16:00,264 - trading_bot - INFO - Scanning... 23.0% (10000/43457)
2025-11-22 23:16:02,107 - trading_bot - INFO - Scanning... 34.5% (15000/43457)
2025-11-22 23:16:03,818 - trading_bot - INFO - Scanning... 46.0% (20000/43457)
2025-11-22 23:16:05,557 - trading_bot - INFO - Scanning... 57.5% (25000/43457)
2025-11-22 23:16:07,457 - trading_bot - INFO - Scanning... 69.0% (30000/43457)
2025-11-22 23:16:09,254 - trading_bot - INFO - Scanning... 80.5% (35000/43457)
2025-11-22 23:16:11,361 - trading_bot - INFO - Scanning... 92.0% (40000/43457)
2025-11-22 23:16:12,645 - trading_bot - INFO - Generated 4120 candidates
2025-11-22 23:16:12,654 - trading_bot - INFO - Model loaded from models/lgbm_model.pkl
2025-11-22 23:16:12,690 - trading_bot - INFO - 
============================================================
2025-11-22 23:16:12,690 - trading_bot - INFO - PRE-FILTER STATISTICS
2025-11-22 23:16:12,690 - trading_bot - INFO - ============================================================
2025-11-22 23:16:12,690 - trading_bot - INFO - Total candidates: 4120
2025-11-22 23:16:12,690 - trading_bot - INFO - Mean probability: 0.508
2025-11-22 23:16:12,690 - trading_bot - INFO - Median probability: 0.498
2025-11-22 23:16:12,691 - trading_bot - INFO - Std probability: 0.175
2025-11-22 23:16:12,691 - trading_bot - INFO - Min probability: 0.025
2025-11-22 23:16:12,691 - trading_bot - INFO - Max probability: 0.966
2025-11-22 23:16:12,691 - trading_bot - INFO - 
Probability distribution:
2025-11-22 23:16:12,691 - trading_bot - INFO -   < 0.3: 465 (11.3%)
2025-11-22 23:16:12,691 - trading_bot - INFO -   0.3-0.4: 558 (13.5%)
2025-11-22 23:16:12,691 - trading_bot - INFO -   0.4-0.5: 1060 (25.7%)
2025-11-22 23:16:12,691 - trading_bot - INFO -   0.5-0.6: 905 (22.0%)
2025-11-22 23:16:12,691 - trading_bot - INFO -   >= 0.6: 1132 (27.5%)
2025-11-22 23:16:12,691 - trading_bot - INFO - 
Using threshold: 0.22
2025-11-22 23:16:12,692 - trading_bot - INFO - Candidates above threshold: 3880 (94.2%)
2025-11-22 23:16:12,742 - trading_bot - INFO - After cooldown filter: 1333 trades (removed 2547 clustered trades)
2025-11-22 23:16:12,742 - trading_bot - INFO - Backtesting 1333 trades out of 4120 candidates...
2025-11-22 23:16:12,742 - trading_bot - INFO - Initial capital: $6000.00, Risk per trade: 0.70%
2025-11-22 23:16:12,746 - trading_bot - WARNING - Max drawdown reached. Equity: 5494.90, Limit: 5520.00
2025-11-22 23:16:12,746 - trading_bot - INFO - Backtest complete! Final Equity: $5494.90 | Total PnL: $-505.10 | Win Rate: 46.8% (29W/33L)
2025-11-22 23:16:13,207 - trading_bot - INFO - Reports saved to reports/20251122_231612
