2025-11-21 19:08:00,589 - trading_bot - INFO - Loading data from Data/XAU_5m_data.csv
2025-11-21 19:08:06,397 - trading_bot - INFO - Data loaded: 121011 rows (Base Timeframe 5m)
2025-11-21 19:08:06,411 - trading_bot - INFO - Resampled: H4=2643, H1=10097
2025-11-21 19:08:14,775 - trading_bot - INFO - Detected 21111 FVGs and 11427 OBs on Base Timeframe
2025-11-21 19:08:14,775 - trading_bot - INFO - Generating candidates...
2025-11-21 19:08:17,394 - trading_bot - INFO - Scanning... 4.1% (5000/121011)
2025-11-21 19:08:20,909 - trading_bot - INFO - Scanning... 8.3% (10000/121011)
2025-11-21 19:08:23,552 - trading_bot - INFO - Scanning... 12.4% (15000/121011)
2025-11-21 19:08:26,423 - trading_bot - INFO - Scanning... 16.5% (20000/121011)
2025-11-21 19:08:29,668 - trading_bot - INFO - Scanning... 20.7% (25000/121011)
2025-11-21 19:08:32,991 - trading_bot - INFO - Scanning... 24.8% (30000/121011)
2025-11-21 19:08:38,895 - trading_bot - INFO - Scanning... 28.9% (35000/121011)
2025-11-21 19:08:41,122 - trading_bot - INFO - Scanning... 33.1% (40000/121011)
2025-11-21 19:08:45,383 - trading_bot - INFO - Scanning... 37.2% (45000/121011)
2025-11-21 19:08:48,010 - trading_bot - INFO - Scanning... 41.3% (50000/121011)
2025-11-21 19:08:52,631 - trading_bot - INFO - Scanning... 45.5% (55000/121011)
2025-11-21 19:08:54,453 - trading_bot - INFO - Scanning... 49.6% (60000/121011)
2025-11-21 19:08:58,480 - trading_bot - INFO - Scanning... 53.7% (65000/121011)
2025-11-21 19:09:04,014 - trading_bot - INFO - Scanning... 57.8% (70000/121011)
2025-11-21 19:09:08,696 - trading_bot - INFO - Scanning... 62.0% (75000/121011)
2025-11-21 19:09:12,074 - trading_bot - INFO - Scanning... 66.1% (80000/121011)
2025-11-21 19:09:15,745 - trading_bot - INFO - Scanning... 70.2% (85000/121011)
2025-11-21 19:09:18,562 - trading_bot - INFO - Scanning... 74.4% (90000/121011)
2025-11-21 19:09:21,962 - trading_bot - INFO - Scanning... 78.5% (95000/121011)
2025-11-21 19:09:28,895 - trading_bot - INFO - Scanning... 82.6% (100000/121011)
2025-11-21 19:09:31,817 - trading_bot - INFO - Scanning... 86.8% (105000/121011)
2025-11-21 19:09:36,381 - trading_bot - INFO - Scanning... 90.9% (110000/121011)
2025-11-21 19:09:38,499 - trading_bot - INFO - Scanning... 95.0% (115000/121011)
2025-11-21 19:09:42,671 - trading_bot - INFO - Scanning... 99.2% (120000/121011)
2025-11-21 19:09:43,211 - trading_bot - INFO - Generated 25113 candidates
2025-11-21 19:09:43,214 - trading_bot - INFO - Starting WFA from 2024-01-08 04:00:00 to 2025-10-31 18:45:00
2025-11-21 19:09:43,214 - trading_bot - INFO - Will process ~3 folds
