2025-11-22 23:23:44,751 - trading_bot - INFO - Loading data from Data/XAU_5m_data.csv
2025-11-22 23:23:47,921 - trading_bot - INFO - Data loaded: 352856 rows (Base Timeframe 5m)
2025-11-22 23:23:47,921 - trading_bot - INFO - Loading data from Data/XAU_4h_data.csv
2025-11-22 23:23:47,977 - trading_bot - INFO - Loaded H4 data directly: 7728 bars
2025-11-22 23:23:47,978 - trading_bot - INFO - Loading data from Data/XAU_1d_data.csv
2025-11-22 23:23:47,988 - trading_bot - INFO - Loaded Daily data directly: 1291 bars
2025-11-22 23:23:48,007 - trading_bot - INFO - H4=7728, H1=29530
2025-11-22 23:23:50,120 - trading_bot - INFO - Using SMC (Smart Money Concepts) strategy
2025-11-22 23:24:02,552 - trading_bot - INFO - Detected 60577 FVGs and 25456 OBs on Base Timeframe
2025-11-22 23:24:02,552 - trading_bot - INFO - Generating candidates...
2025-11-22 23:24:04,432 - trading_bot - INFO - Scanning... 1.4% (5000/352856)
2025-11-22 23:24:07,219 - trading_bot - INFO - Scanning... 2.8% (10000/352856)
2025-11-22 23:24:10,069 - trading_bot - INFO - Scanning... 4.3% (15000/352856)
2025-11-22 23:24:12,271 - trading_bot - INFO - Scanning... 5.7% (20000/352856)
2025-11-22 23:24:13,950 - trading_bot - INFO - Scanning... 7.1% (25000/352856)
2025-11-22 23:24:16,238 - trading_bot - INFO - Scanning... 8.5% (30000/352856)
2025-11-22 23:24:18,732 - trading_bot - INFO - Scanning... 9.9% (35000/352856)
2025-11-22 23:24:21,389 - trading_bot - INFO - Scanning... 11.3% (40000/352856)
2025-11-22 23:24:24,578 - trading_bot - INFO - Scanning... 12.8% (45000/352856)
2025-11-22 23:24:27,204 - trading_bot - INFO - Scanning... 14.2% (50000/352856)
2025-11-22 23:24:29,833 - trading_bot - INFO - Scanning... 15.6% (55000/352856)
2025-11-22 23:24:32,566 - trading_bot - INFO - Scanning... 17.0% (60000/352856)
2025-11-22 23:24:35,196 - trading_bot - INFO - Scanning... 18.4% (65000/352856)
2025-11-22 23:24:38,225 - trading_bot - INFO - Scanning... 19.8% (70000/352856)
2025-11-22 23:24:40,439 - trading_bot - INFO - Scanning... 21.3% (75000/352856)
2025-11-22 23:24:42,958 - trading_bot - INFO - Scanning... 22.7% (80000/352856)
2025-11-22 23:24:45,799 - trading_bot - INFO - Scanning... 24.1% (85000/352856)
2025-11-22 23:24:48,081 - trading_bot - INFO - Scanning... 25.5% (90000/352856)
2025-11-22 23:24:50,171 - trading_bot - INFO - Scanning... 26.9% (95000/352856)
2025-11-22 23:24:53,569 - trading_bot - INFO - Scanning... 28.3% (100000/352856)
2025-11-22 23:24:56,330 - trading_bot - INFO - Scanning... 29.8% (105000/352856)
2025-11-22 23:24:59,512 - trading_bot - INFO - Scanning... 31.2% (110000/352856)
2025-11-22 23:25:02,147 - trading_bot - INFO - Scanning... 32.6% (115000/352856)
2025-11-22 23:25:05,005 - trading_bot - INFO - Scanning... 34.0% (120000/352856)
2025-11-22 23:25:07,278 - trading_bot - INFO - Scanning... 35.4% (125000/352856)
2025-11-22 23:25:09,327 - trading_bot - INFO - Scanning... 36.8% (130000/352856)
2025-11-22 23:25:12,396 - trading_bot - INFO - Scanning... 38.3% (135000/352856)
2025-11-22 23:25:14,864 - trading_bot - INFO - Scanning... 39.7% (140000/352856)
2025-11-22 23:25:17,778 - trading_bot - INFO - Scanning... 41.1% (145000/352856)
2025-11-22 23:25:21,481 - trading_bot - INFO - Scanning... 42.5% (150000/352856)
2025-11-22 23:25:24,692 - trading_bot - INFO - Scanning... 43.9% (155000/352856)
2025-11-22 23:25:27,282 - trading_bot - INFO - Scanning... 45.3% (160000/352856)
2025-11-22 23:25:29,870 - trading_bot - INFO - Scanning... 46.8% (165000/352856)
2025-11-22 23:25:33,429 - trading_bot - INFO - Scanning... 48.2% (170000/352856)
2025-11-22 23:25:37,080 - trading_bot - INFO - Scanning... 49.6% (175000/352856)
2025-11-22 23:25:39,494 - trading_bot - INFO - Scanning... 51.0% (180000/352856)
2025-11-22 23:25:41,719 - trading_bot - INFO - Scanning... 52.4% (185000/352856)
2025-11-22 23:25:44,592 - trading_bot - INFO - Scanning... 53.8% (190000/352856)
2025-11-22 23:25:47,337 - trading_bot - INFO - Scanning... 55.3% (195000/352856)
2025-11-22 23:25:49,906 - trading_bot - INFO - Scanning... 56.7% (200000/352856)
2025-11-22 23:25:52,571 - trading_bot - INFO - Scanning... 58.1% (205000/352856)
2025-11-22 23:25:56,136 - trading_bot - INFO - Scanning... 59.5% (210000/352856)
2025-11-22 23:26:00,047 - trading_bot - INFO - Scanning... 60.9% (215000/352856)
2025-11-22 23:26:02,997 - trading_bot - INFO - Scanning... 62.3% (220000/352856)
2025-11-22 23:26:06,051 - trading_bot - INFO - Scanning... 63.8% (225000/352856)
2025-11-22 23:26:08,914 - trading_bot - INFO - Scanning... 65.2% (230000/352856)
2025-11-22 23:26:12,027 - trading_bot - INFO - Scanning... 66.6% (235000/352856)
2025-11-22 23:26:13,995 - trading_bot - INFO - Scanning... 68.0% (240000/352856)
2025-11-22 23:26:17,043 - trading_bot - INFO - Scanning... 69.4% (245000/352856)
2025-11-22 23:26:19,898 - trading_bot - INFO - Scanning... 70.9% (250000/352856)
2025-11-22 23:26:22,217 - trading_bot - INFO - Scanning... 72.3% (255000/352856)
2025-11-22 23:26:25,595 - trading_bot - INFO - Scanning... 73.7% (260000/352856)
2025-11-22 23:26:29,453 - trading_bot - INFO - Scanning... 75.1% (265000/352856)
2025-11-22 23:26:32,693 - trading_bot - INFO - Scanning... 76.5% (270000/352856)
2025-11-22 23:26:35,676 - trading_bot - INFO - Scanning... 77.9% (275000/352856)
2025-11-22 23:26:38,551 - trading_bot - INFO - Scanning... 79.4% (280000/352856)
2025-11-22 23:26:41,199 - trading_bot - INFO - Scanning... 80.8% (285000/352856)
2025-11-22 23:26:43,421 - trading_bot - INFO - Scanning... 82.2% (290000/352856)
2025-11-22 23:26:46,677 - trading_bot - INFO - Scanning... 83.6% (295000/352856)
2025-11-22 23:26:49,784 - trading_bot - INFO - Scanning... 85.0% (300000/352856)
2025-11-22 23:26:53,317 - trading_bot - INFO - Scanning... 86.4% (305000/352856)
2025-11-22 23:26:56,604 - trading_bot - INFO - Scanning... 87.9% (310000/352856)
2025-11-22 23:26:59,896 - trading_bot - INFO - Scanning... 89.3% (315000/352856)
2025-11-22 23:27:03,876 - trading_bot - INFO - Scanning... 90.7% (320000/352856)
2025-11-22 23:27:07,246 - trading_bot - INFO - Scanning... 92.1% (325000/352856)
2025-11-22 23:27:10,805 - trading_bot - INFO - Scanning... 93.5% (330000/352856)
2025-11-22 23:27:14,068 - trading_bot - INFO - Scanning... 94.9% (335000/352856)
2025-11-22 23:27:17,701 - trading_bot - INFO - Scanning... 96.4% (340000/352856)
2025-11-22 23:27:21,078 - trading_bot - INFO - Scanning... 97.8% (345000/352856)
2025-11-22 23:27:24,587 - trading_bot - INFO - Scanning... 99.2% (350000/352856)
2025-11-22 23:27:26,279 - trading_bot - INFO - Generated 27434 candidates
2025-11-22 23:27:26,280 - trading_bot - INFO - Training LGBM with 27434 samples...
2025-11-22 23:27:31,356 - trading_bot - INFO - Model saved to models/lgbm_model.pkl
