2025-11-20 22:10:09,363 - trading_bot - INFO - Loading data from Data/XAU_5m_data.csv
2025-11-20 22:10:13,315 - trading_bot - INFO - Data loaded: 752303 rows (Base Timeframe 5m)
2025-11-20 22:10:13,398 - trading_bot - INFO - Resampled: H4=16509, H1=63049
2025-11-20 22:10:47,232 - trading_bot - INFO - Detected 129254 FVGs and 52679 OBs on Base Timeframe
2025-11-20 22:10:47,233 - trading_bot - INFO - Generating candidates...
2025-11-20 22:10:51,973 - trading_bot - INFO - Scanning... 0.7% (5000/752303)
2025-11-20 22:11:03,429 - trading_bot - INFO - Scanning... 1.3% (10000/752303)
2025-11-20 22:11:12,357 - trading_bot - INFO - Scanning... 2.0% (15000/752303)
2025-11-20 22:11:16,442 - trading_bot - INFO - Scanning... 2.7% (20000/752303)
2025-11-20 22:11:24,194 - trading_bot - INFO - Scanning... 3.3% (25000/752303)
2025-11-20 22:11:33,353 - trading_bot - INFO - Scanning... 4.0% (30000/752303)
2025-11-20 22:11:44,872 - trading_bot - INFO - Scanning... 4.7% (35000/752303)
2025-11-20 22:11:46,788 - trading_bot - INFO - Scanning... 5.3% (40000/752303)
2025-11-20 22:11:57,161 - trading_bot - INFO - Scanning... 6.0% (45000/752303)
2025-11-20 22:12:06,683 - trading_bot - INFO - Scanning... 6.6% (50000/752303)
2025-11-20 22:12:10,992 - trading_bot - INFO - Scanning... 7.3% (55000/752303)
2025-11-20 22:12:17,960 - trading_bot - INFO - Scanning... 8.0% (60000/752303)
2025-11-20 22:12:33,175 - trading_bot - INFO - Scanning... 8.6% (65000/752303)
2025-11-20 22:13:14,855 - trading_bot - INFO - Scanning... 9.3% (70000/752303)
2025-11-20 22:13:19,529 - trading_bot - INFO - Scanning... 10.0% (75000/752303)
2025-11-20 22:13:23,545 - trading_bot - INFO - Scanning... 10.6% (80000/752303)
2025-11-20 22:13:28,717 - trading_bot - INFO - Scanning... 11.3% (85000/752303)
2025-11-20 22:13:37,937 - trading_bot - INFO - Scanning... 12.0% (90000/752303)
2025-11-20 22:14:26,864 - trading_bot - INFO - Scanning... 12.6% (95000/752303)
2025-11-20 22:14:43,213 - trading_bot - INFO - Scanning... 13.3% (100000/752303)
2025-11-20 22:15:07,967 - trading_bot - INFO - Scanning... 14.0% (105000/752303)
2025-11-20 22:15:26,640 - trading_bot - INFO - Scanning... 14.6% (110000/752303)
2025-11-20 22:15:57,691 - trading_bot - INFO - Scanning... 15.3% (115000/752303)
2025-11-20 22:16:44,506 - trading_bot - INFO - Scanning... 16.0% (120000/752303)
2025-11-20 22:17:14,873 - trading_bot - INFO - Scanning... 16.6% (125000/752303)
2025-11-20 22:17:33,330 - trading_bot - INFO - Scanning... 17.3% (130000/752303)
2025-11-20 22:18:09,171 - trading_bot - INFO - Scanning... 17.9% (135000/752303)
2025-11-20 22:18:40,809 - trading_bot - INFO - Scanning... 18.6% (140000/752303)
2025-11-20 22:19:09,664 - trading_bot - INFO - Scanning... 19.3% (145000/752303)
2025-11-20 22:19:38,711 - trading_bot - INFO - Scanning... 19.9% (150000/752303)
2025-11-20 22:19:51,541 - trading_bot - INFO - Scanning... 20.6% (155000/752303)
2025-11-20 22:20:23,693 - trading_bot - INFO - Scanning... 21.3% (160000/752303)
2025-11-20 22:20:53,690 - trading_bot - INFO - Scanning... 21.9% (165000/752303)
2025-11-20 22:21:06,951 - trading_bot - INFO - Scanning... 22.6% (170000/752303)
2025-11-20 22:21:37,962 - trading_bot - INFO - Scanning... 23.3% (175000/752303)
2025-11-20 22:21:52,519 - trading_bot - INFO - Scanning... 23.9% (180000/752303)
2025-11-20 22:22:19,955 - trading_bot - INFO - Scanning... 24.6% (185000/752303)
2025-11-20 22:22:30,634 - trading_bot - INFO - Scanning... 25.3% (190000/752303)
2025-11-20 22:22:56,317 - trading_bot - INFO - Scanning... 25.9% (195000/752303)
2025-11-20 22:23:24,986 - trading_bot - INFO - Scanning... 26.6% (200000/752303)
2025-11-20 22:23:49,786 - trading_bot - INFO - Scanning... 27.2% (205000/752303)
2025-11-20 22:23:58,973 - trading_bot - INFO - Scanning... 27.9% (210000/752303)
2025-11-20 22:24:15,704 - trading_bot - INFO - Scanning... 28.6% (215000/752303)
2025-11-20 22:24:49,053 - trading_bot - INFO - Scanning... 29.2% (220000/752303)
2025-11-20 22:25:18,769 - trading_bot - INFO - Scanning... 29.9% (225000/752303)
2025-11-20 22:25:40,660 - trading_bot - INFO - Scanning... 30.6% (230000/752303)
2025-11-20 22:26:05,085 - trading_bot - INFO - Scanning... 31.2% (235000/752303)
2025-11-20 22:26:36,929 - trading_bot - INFO - Scanning... 31.9% (240000/752303)
2025-11-20 22:27:10,469 - trading_bot - INFO - Scanning... 32.6% (245000/752303)
2025-11-20 22:27:29,947 - trading_bot - INFO - Scanning... 33.2% (250000/752303)
2025-11-20 22:27:47,316 - trading_bot - INFO - Scanning... 33.9% (255000/752303)
2025-11-20 22:28:06,512 - trading_bot - INFO - Scanning... 34.6% (260000/752303)
2025-11-20 22:28:13,828 - trading_bot - INFO - Scanning... 35.2% (265000/752303)
2025-11-20 22:28:39,341 - trading_bot - INFO - Scanning... 35.9% (270000/752303)
2025-11-20 22:28:45,191 - trading_bot - INFO - Scanning... 36.6% (275000/752303)
2025-11-20 22:29:09,031 - trading_bot - INFO - Scanning... 37.2% (280000/752303)
2025-11-20 22:29:34,209 - trading_bot - INFO - Scanning... 37.9% (285000/752303)
2025-11-20 22:29:56,965 - trading_bot - INFO - Scanning... 38.5% (290000/752303)
2025-11-20 22:30:11,349 - trading_bot - INFO - Scanning... 39.2% (295000/752303)
2025-11-20 22:30:19,578 - trading_bot - INFO - Scanning... 39.9% (300000/752303)
2025-11-20 22:30:36,968 - trading_bot - INFO - Scanning... 40.5% (305000/752303)
2025-11-20 22:31:05,252 - trading_bot - INFO - Scanning... 41.2% (310000/752303)
2025-11-20 22:31:21,118 - trading_bot - INFO - Scanning... 41.9% (315000/752303)
2025-11-20 22:31:47,240 - trading_bot - INFO - Scanning... 42.5% (320000/752303)
2025-11-20 22:32:01,164 - trading_bot - INFO - Scanning... 43.2% (325000/752303)
2025-11-20 22:32:20,440 - trading_bot - INFO - Scanning... 43.9% (330000/752303)
2025-11-20 22:32:45,902 - trading_bot - INFO - Scanning... 44.5% (335000/752303)
2025-11-20 22:33:03,678 - trading_bot - INFO - Scanning... 45.2% (340000/752303)
2025-11-20 22:33:16,978 - trading_bot - INFO - Scanning... 45.9% (345000/752303)
2025-11-20 22:33:25,536 - trading_bot - INFO - Scanning... 46.5% (350000/752303)
2025-11-20 22:33:39,913 - trading_bot - INFO - Scanning... 47.2% (355000/752303)
2025-11-20 22:33:51,779 - trading_bot - INFO - Scanning... 47.9% (360000/752303)
2025-11-20 22:34:08,374 - trading_bot - INFO - Scanning... 48.5% (365000/752303)
2025-11-20 22:34:26,760 - trading_bot - INFO - Scanning... 49.2% (370000/752303)
2025-11-20 22:35:05,431 - trading_bot - INFO - Scanning... 49.8% (375000/752303)
2025-11-20 22:35:25,632 - trading_bot - INFO - Scanning... 50.5% (380000/752303)
2025-11-20 22:35:47,158 - trading_bot - INFO - Scanning... 51.2% (385000/752303)
2025-11-20 22:36:05,042 - trading_bot - INFO - Scanning... 51.8% (390000/752303)
2025-11-20 22:36:31,333 - trading_bot - INFO - Scanning... 52.5% (395000/752303)
2025-11-20 22:37:02,677 - trading_bot - INFO - Scanning... 53.2% (400000/752303)
2025-11-20 22:37:19,878 - trading_bot - INFO - Scanning... 53.8% (405000/752303)
2025-11-20 22:37:43,272 - trading_bot - INFO - Scanning... 54.5% (410000/752303)
2025-11-20 22:38:06,166 - trading_bot - INFO - Scanning... 55.2% (415000/752303)
2025-11-20 22:38:25,131 - trading_bot - INFO - Scanning... 55.8% (420000/752303)
2025-11-20 22:38:34,092 - trading_bot - INFO - Scanning... 56.5% (425000/752303)
2025-11-20 22:38:46,267 - trading_bot - INFO - Scanning... 57.2% (430000/752303)
2025-11-20 22:39:00,643 - trading_bot - INFO - Scanning... 57.8% (435000/752303)
2025-11-20 22:39:15,928 - trading_bot - INFO - Scanning... 58.5% (440000/752303)
2025-11-20 22:39:34,202 - trading_bot - INFO - Scanning... 59.2% (445000/752303)
2025-11-20 22:40:00,915 - trading_bot - INFO - Scanning... 59.8% (450000/752303)
2025-11-20 22:40:15,519 - trading_bot - INFO - Scanning... 60.5% (455000/752303)
2025-11-20 22:40:30,235 - trading_bot - INFO - Scanning... 61.1% (460000/752303)
2025-11-20 22:40:44,045 - trading_bot - INFO - Scanning... 61.8% (465000/752303)
2025-11-20 22:41:01,029 - trading_bot - INFO - Scanning... 62.5% (470000/752303)
2025-11-20 22:41:29,231 - trading_bot - INFO - Scanning... 63.1% (475000/752303)
2025-11-20 22:41:53,416 - trading_bot - INFO - Scanning... 63.8% (480000/752303)
2025-11-20 22:42:13,200 - trading_bot - INFO - Scanning... 64.5% (485000/752303)
2025-11-20 22:42:30,697 - trading_bot - INFO - Scanning... 65.1% (490000/752303)
2025-11-20 22:42:51,717 - trading_bot - INFO - Scanning... 65.8% (495000/752303)
2025-11-20 22:43:12,697 - trading_bot - INFO - Scanning... 66.5% (500000/752303)
2025-11-20 22:43:18,104 - trading_bot - INFO - Scanning... 67.1% (505000/752303)
2025-11-20 22:43:40,912 - trading_bot - INFO - Scanning... 67.8% (510000/752303)
2025-11-20 22:43:50,680 - trading_bot - INFO - Scanning... 68.5% (515000/752303)
2025-11-20 22:44:04,514 - trading_bot - INFO - Scanning... 69.1% (520000/752303)
2025-11-20 22:44:41,603 - trading_bot - INFO - Scanning... 69.8% (525000/752303)
2025-11-20 22:45:07,085 - trading_bot - INFO - Scanning... 70.5% (530000/752303)
2025-11-20 22:45:26,018 - trading_bot - INFO - Scanning... 71.1% (535000/752303)
2025-11-20 22:45:52,359 - trading_bot - INFO - Scanning... 71.8% (540000/752303)
2025-11-20 22:46:04,141 - trading_bot - INFO - Scanning... 72.4% (545000/752303)
2025-11-20 22:46:32,675 - trading_bot - INFO - Scanning... 73.1% (550000/752303)
2025-11-20 22:46:56,704 - trading_bot - INFO - Scanning... 73.8% (555000/752303)
2025-11-20 22:47:11,359 - trading_bot - INFO - Scanning... 74.4% (560000/752303)
2025-11-20 22:47:17,837 - trading_bot - INFO - Scanning... 75.1% (565000/752303)
2025-11-20 22:47:51,008 - trading_bot - INFO - Scanning... 75.8% (570000/752303)
2025-11-20 22:48:14,156 - trading_bot - INFO - Scanning... 76.4% (575000/752303)
2025-11-20 22:48:36,283 - trading_bot - INFO - Scanning... 77.1% (580000/752303)
2025-11-20 22:49:00,605 - trading_bot - INFO - Scanning... 77.8% (585000/752303)
2025-11-20 22:49:21,373 - trading_bot - INFO - Scanning... 78.4% (590000/752303)
2025-11-20 22:49:47,183 - trading_bot - INFO - Scanning... 79.1% (595000/752303)
2025-11-20 22:50:05,304 - trading_bot - INFO - Scanning... 79.8% (600000/752303)
2025-11-20 22:50:30,652 - trading_bot - INFO - Scanning... 80.4% (605000/752303)
2025-11-20 22:50:52,745 - trading_bot - INFO - Scanning... 81.1% (610000/752303)
2025-11-20 22:51:12,070 - trading_bot - INFO - Scanning... 81.7% (615000/752303)
2025-11-20 22:51:22,119 - trading_bot - INFO - Scanning... 82.4% (620000/752303)
2025-11-20 22:51:38,432 - trading_bot - INFO - Scanning... 83.1% (625000/752303)
2025-11-20 22:52:07,862 - trading_bot - INFO - Scanning... 83.7% (630000/752303)
2025-11-20 22:52:21,330 - trading_bot - INFO - Scanning... 84.4% (635000/752303)
2025-11-20 22:52:35,467 - trading_bot - INFO - Scanning... 85.1% (640000/752303)
2025-11-20 22:52:47,379 - trading_bot - INFO - Scanning... 85.7% (645000/752303)
2025-11-20 22:53:14,821 - trading_bot - INFO - Scanning... 86.4% (650000/752303)
2025-11-20 22:53:29,653 - trading_bot - INFO - Scanning... 87.1% (655000/752303)
2025-11-20 22:53:45,560 - trading_bot - INFO - Scanning... 87.7% (660000/752303)
2025-11-20 22:54:30,020 - trading_bot - INFO - Scanning... 88.4% (665000/752303)
2025-11-20 22:54:57,697 - trading_bot - INFO - Scanning... 89.1% (670000/752303)
2025-11-20 22:55:19,111 - trading_bot - INFO - Scanning... 89.7% (675000/752303)
2025-11-20 22:55:36,957 - trading_bot - INFO - Scanning... 90.4% (680000/752303)
2025-11-20 22:55:59,826 - trading_bot - INFO - Scanning... 91.1% (685000/752303)
2025-11-20 22:56:16,681 - trading_bot - INFO - Scanning... 91.7% (690000/752303)
2025-11-20 22:56:31,003 - trading_bot - INFO - Scanning... 92.4% (695000/752303)
2025-11-20 22:57:12,611 - trading_bot - INFO - Scanning... 93.0% (700000/752303)
2025-11-20 22:57:40,415 - trading_bot - INFO - Scanning... 93.7% (705000/752303)
2025-11-20 22:57:55,738 - trading_bot - INFO - Scanning... 94.4% (710000/752303)
2025-11-20 22:58:14,672 - trading_bot - INFO - Scanning... 95.0% (715000/752303)
2025-11-20 22:58:30,310 - trading_bot - INFO - Scanning... 95.7% (720000/752303)
2025-11-20 22:58:52,813 - trading_bot - INFO - Scanning... 96.4% (725000/752303)
2025-11-20 22:59:17,776 - trading_bot - INFO - Scanning... 97.0% (730000/752303)
2025-11-20 22:59:44,556 - trading_bot - INFO - Scanning... 97.7% (735000/752303)
2025-11-20 23:00:13,003 - trading_bot - INFO - Scanning... 98.4% (740000/752303)
2025-11-20 23:00:19,808 - trading_bot - INFO - Scanning... 99.0% (745000/752303)
2025-11-20 23:00:37,576 - trading_bot - INFO - Scanning... 99.7% (750000/752303)
2025-11-20 23:00:42,067 - trading_bot - INFO - Generated 167775 candidates
2025-11-20 23:00:42,078 - trading_bot - INFO - Starting WFA from 2015-01-09 04:00:00 to 2025-10-31 18:45:00
2025-11-20 23:00:42,083 - trading_bot - INFO - Fold: Train 2015-01-09 -> 2019-01-09 (61703), Test -> 2019-07-09 (8506)
2025-11-20 23:00:42,084 - trading_bot - INFO - Training LGBM with 61703 samples...
2025-11-20 23:00:50,293 - trading_bot - INFO - Fold: Train 2015-07-09 -> 2019-07-09 (61347), Test -> 2020-01-09 (6485)
2025-11-20 23:00:50,296 - trading_bot - INFO - Training LGBM with 61347 samples...
2025-11-20 23:00:58,551 - trading_bot - INFO - Fold: Train 2016-01-09 -> 2020-01-09 (59723), Test -> 2020-07-09 (7218)
2025-11-20 23:00:58,554 - trading_bot - INFO - Training LGBM with 59723 samples...
2025-11-20 23:01:06,786 - trading_bot - INFO - Fold: Train 2016-07-09 -> 2020-07-09 (61156), Test -> 2021-01-09 (7731)
2025-11-20 23:01:06,789 - trading_bot - INFO - Training LGBM with 61156 samples...
2025-11-20 23:01:15,104 - trading_bot - INFO - Fold: Train 2017-01-09 -> 2021-01-09 (61856), Test -> 2021-07-09 (6751)
2025-11-20 23:01:15,106 - trading_bot - INFO - Training LGBM with 61856 samples...
2025-11-20 23:01:24,582 - trading_bot - INFO - Fold: Train 2017-07-09 -> 2021-07-09 (61270), Test -> 2022-01-09 (9741)
2025-11-20 23:01:24,584 - trading_bot - INFO - Training LGBM with 61270 samples...
2025-11-20 23:01:32,977 - trading_bot - INFO - Fold: Train 2018-01-09 -> 2022-01-09 (64957), Test -> 2022-07-09 (7250)
2025-11-20 23:01:32,980 - trading_bot - INFO - Training LGBM with 64957 samples...
2025-11-20 23:01:41,717 - trading_bot - INFO - Fold: Train 2018-07-09 -> 2022-07-09 (61745), Test -> 2023-01-09 (9285)
2025-11-20 23:01:41,719 - trading_bot - INFO - Training LGBM with 61745 samples...
2025-11-20 23:01:50,459 - trading_bot - INFO - Fold: Train 2019-01-09 -> 2023-01-09 (62967), Test -> 2023-07-09 (10121)
2025-11-20 23:01:50,462 - trading_bot - INFO - Training LGBM with 62967 samples...
2025-11-20 23:02:00,374 - trading_bot - INFO - Fold: Train 2019-07-09 -> 2023-07-09 (64582), Test -> 2024-01-09 (7997)
2025-11-20 23:02:00,378 - trading_bot - INFO - Training LGBM with 64582 samples...
2025-11-20 23:02:09,286 - trading_bot - INFO - Fold: Train 2020-01-09 -> 2024-01-09 (66094), Test -> 2024-07-09 (8559)
2025-11-20 23:02:09,290 - trading_bot - INFO - Training LGBM with 66094 samples...
2025-11-20 23:02:18,263 - trading_bot - INFO - Fold: Train 2020-07-09 -> 2024-07-09 (67435), Test -> 2025-01-09 (8003)
2025-11-20 23:02:18,266 - trading_bot - INFO - Training LGBM with 67435 samples...
2025-11-20 23:02:27,391 - trading_bot - INFO - Fold: Train 2021-01-09 -> 2025-01-09 (67707), Test -> 2025-07-09 (4150)
2025-11-20 23:02:27,394 - trading_bot - INFO - Training LGBM with 67707 samples...
2025-11-20 23:02:36,539 - trading_bot - INFO - Fold: Train 2021-07-09 -> 2025-07-09 (65106), Test -> 2026-01-09 (4275)
2025-11-20 23:02:36,542 - trading_bot - INFO - Training LGBM with 65106 samples...
2025-11-20 23:02:45,650 - trading_bot - INFO - Backtesting 2040 trades out of 106072 candidates...
2025-11-20 23:02:46,395 - trading_bot - INFO - Reports saved to reports/20251120_230246
