2025-11-21 19:10:06,607 - trading_bot - INFO - Loading data from Data/XAU_5m_data.csv
2025-11-21 19:10:10,735 - trading_bot - INFO - Data loaded: 121011 rows (Base Timeframe 5m)
2025-11-21 19:10:10,750 - trading_bot - INFO - Resampled: H4=2643, H1=10097
2025-11-21 19:10:16,591 - trading_bot - INFO - Detected 21111 FVGs and 11427 OBs on Base Timeframe
2025-11-21 19:10:16,591 - trading_bot - INFO - Generating candidates...
2025-11-21 19:10:18,724 - trading_bot - INFO - Scanning... 4.1% (5000/121011)
2025-11-21 19:10:21,163 - trading_bot - INFO - Scanning... 8.3% (10000/121011)
2025-11-21 19:10:22,927 - trading_bot - INFO - Scanning... 12.4% (15000/121011)
2025-11-21 19:10:24,875 - trading_bot - INFO - Scanning... 16.5% (20000/121011)
2025-11-21 19:10:27,514 - trading_bot - INFO - Scanning... 20.7% (25000/121011)
2025-11-21 19:10:30,254 - trading_bot - INFO - Scanning... 24.8% (30000/121011)
2025-11-21 19:10:34,689 - trading_bot - INFO - Scanning... 28.9% (35000/121011)
2025-11-21 19:10:36,385 - trading_bot - INFO - Scanning... 33.1% (40000/121011)
2025-11-21 19:10:39,667 - trading_bot - INFO - Scanning... 37.2% (45000/121011)
2025-11-21 19:10:41,424 - trading_bot - INFO - Scanning... 41.3% (50000/121011)
2025-11-21 19:10:44,691 - trading_bot - INFO - Scanning... 45.5% (55000/121011)
2025-11-21 19:10:46,297 - trading_bot - INFO - Scanning... 49.6% (60000/121011)
2025-11-21 19:10:49,047 - trading_bot - INFO - Scanning... 53.7% (65000/121011)
2025-11-21 19:10:52,812 - trading_bot - INFO - Scanning... 57.8% (70000/121011)
2025-11-21 19:10:55,764 - trading_bot - INFO - Scanning... 62.0% (75000/121011)
2025-11-21 19:10:58,003 - trading_bot - INFO - Scanning... 66.1% (80000/121011)
2025-11-21 19:11:00,495 - trading_bot - INFO - Scanning... 70.2% (85000/121011)
2025-11-21 19:11:02,420 - trading_bot - INFO - Scanning... 74.4% (90000/121011)
2025-11-21 19:11:05,048 - trading_bot - INFO - Scanning... 78.5% (95000/121011)
2025-11-21 19:11:10,704 - trading_bot - INFO - Scanning... 82.6% (100000/121011)
2025-11-21 19:11:13,476 - trading_bot - INFO - Scanning... 86.8% (105000/121011)
2025-11-21 19:11:17,243 - trading_bot - INFO - Scanning... 90.9% (110000/121011)
2025-11-21 19:11:19,100 - trading_bot - INFO - Scanning... 95.0% (115000/121011)
2025-11-21 19:11:22,624 - trading_bot - INFO - Scanning... 99.2% (120000/121011)
2025-11-21 19:11:23,059 - trading_bot - INFO - Generated 25113 candidates
2025-11-21 19:11:23,062 - trading_bot - INFO - Starting WFA from 2024-01-08 04:00:00 to 2025-10-31 18:45:00
2025-11-21 19:11:23,062 - trading_bot - INFO - Will process ~3 folds
