2025-11-22 23:06:48,031 - trading_bot - INFO - Loading data from Data/XAU_5m_data.csv
2025-11-22 23:06:52,463 - trading_bot - INFO - Data loaded: 1374942 rows (Base Timeframe 5m)
2025-11-22 23:06:52,463 - trading_bot - INFO - Loading data from Data/XAU_4h_data.csv
2025-11-22 23:06:52,544 - trading_bot - INFO - Loaded H4 data directly: 31459 bars
2025-11-22 23:06:52,544 - trading_bot - INFO - Loading data from Data/XAU_1d_data.csv
2025-11-22 23:06:52,565 - trading_bot - INFO - Loaded Daily data directly: 5280 bars
2025-11-22 23:06:52,653 - trading_bot - INFO - H4=31459, H1=119478
2025-11-22 23:07:05,183 - trading_bot - INFO - Using SMC (Smart Money Concepts) strategy
2025-11-22 23:08:24,668 - trading_bot - INFO - Detected 233588 FVGs and 91260 OBs on Base Timeframe
2025-11-22 23:08:24,668 - trading_bot - INFO - Generating candidates...
2025-11-22 23:08:35,367 - trading_bot - INFO - Scanning... 0.4% (5000/1374942)
2025-11-22 23:08:47,002 - trading_bot - INFO - Scanning... 0.7% (10000/1374942)
2025-11-22 23:08:58,471 - trading_bot - INFO - Scanning... 1.1% (15000/1374942)
2025-11-22 23:09:12,344 - trading_bot - INFO - Scanning... 1.5% (20000/1374942)
2025-11-22 23:09:26,504 - trading_bot - INFO - Scanning... 1.8% (25000/1374942)
2025-11-22 23:09:30,772 - trading_bot - INFO - Scanning... 2.2% (30000/1374942)
2025-11-22 23:09:42,163 - trading_bot - INFO - Scanning... 2.5% (35000/1374942)
2025-11-22 23:09:51,971 - trading_bot - INFO - Scanning... 2.9% (40000/1374942)
2025-11-22 23:10:02,262 - trading_bot - INFO - Scanning... 3.3% (45000/1374942)
2025-11-22 23:10:16,049 - trading_bot - INFO - Scanning... 3.6% (50000/1374942)
2025-11-22 23:10:30,976 - trading_bot - INFO - Scanning... 4.0% (55000/1374942)
2025-11-22 23:10:43,125 - trading_bot - INFO - Scanning... 4.4% (60000/1374942)
2025-11-22 23:10:52,456 - trading_bot - INFO - Scanning... 4.7% (65000/1374942)
2025-11-22 23:11:02,102 - trading_bot - INFO - Scanning... 5.1% (70000/1374942)
2025-11-22 23:11:11,562 - trading_bot - INFO - Scanning... 5.5% (75000/1374942)
2025-11-22 23:11:21,179 - trading_bot - INFO - Scanning... 5.8% (80000/1374942)
2025-11-22 23:11:30,738 - trading_bot - INFO - Scanning... 6.2% (85000/1374942)
2025-11-22 23:11:35,675 - trading_bot - INFO - Scanning... 6.5% (90000/1374942)
2025-11-22 23:11:42,620 - trading_bot - INFO - Scanning... 6.9% (95000/1374942)
2025-11-22 23:11:51,161 - trading_bot - INFO - Scanning... 7.3% (100000/1374942)
2025-11-22 23:11:53,745 - trading_bot - INFO - Scanning... 7.6% (105000/1374942)
2025-11-22 23:12:02,589 - trading_bot - INFO - Scanning... 8.0% (110000/1374942)
2025-11-22 23:12:06,454 - trading_bot - INFO - Scanning... 8.4% (115000/1374942)
2025-11-22 23:12:13,054 - trading_bot - INFO - Scanning... 8.7% (120000/1374942)
2025-11-22 23:12:21,613 - trading_bot - INFO - Scanning... 9.1% (125000/1374942)
2025-11-22 23:12:29,498 - trading_bot - INFO - Scanning... 9.5% (130000/1374942)
2025-11-22 23:12:34,405 - trading_bot - INFO - Scanning... 9.8% (135000/1374942)
2025-11-22 23:12:41,468 - trading_bot - INFO - Scanning... 10.2% (140000/1374942)
2025-11-22 23:12:48,102 - trading_bot - INFO - Scanning... 10.5% (145000/1374942)
2025-11-22 23:12:52,779 - trading_bot - INFO - Scanning... 10.9% (150000/1374942)
2025-11-22 23:12:58,025 - trading_bot - INFO - Scanning... 11.3% (155000/1374942)
2025-11-22 23:13:01,273 - trading_bot - INFO - Scanning... 11.6% (160000/1374942)
2025-11-22 23:13:04,410 - trading_bot - INFO - Scanning... 12.0% (165000/1374942)
2025-11-22 23:13:11,303 - trading_bot - INFO - Scanning... 12.4% (170000/1374942)
2025-11-22 23:13:16,195 - trading_bot - INFO - Scanning... 12.7% (175000/1374942)
2025-11-22 23:13:21,704 - trading_bot - INFO - Scanning... 13.1% (180000/1374942)
2025-11-22 23:13:30,164 - trading_bot - INFO - Scanning... 13.5% (185000/1374942)
2025-11-22 23:13:38,134 - trading_bot - INFO - Scanning... 13.8% (190000/1374942)
2025-11-22 23:13:45,271 - trading_bot - INFO - Scanning... 14.2% (195000/1374942)
2025-11-22 23:13:51,510 - trading_bot - INFO - Scanning... 14.5% (200000/1374942)
2025-11-22 23:13:59,525 - trading_bot - INFO - Scanning... 14.9% (205000/1374942)
2025-11-22 23:14:07,514 - trading_bot - INFO - Scanning... 15.3% (210000/1374942)
2025-11-22 23:14:16,372 - trading_bot - INFO - Scanning... 15.6% (215000/1374942)
2025-11-22 23:14:21,535 - trading_bot - INFO - Scanning... 16.0% (220000/1374942)
2025-11-22 23:14:26,922 - trading_bot - INFO - Scanning... 16.4% (225000/1374942)
2025-11-22 23:14:32,782 - trading_bot - INFO - Scanning... 16.7% (230000/1374942)
2025-11-22 23:14:40,332 - trading_bot - INFO - Scanning... 17.1% (235000/1374942)
2025-11-22 23:14:47,120 - trading_bot - INFO - Scanning... 17.5% (240000/1374942)
2025-11-22 23:14:53,717 - trading_bot - INFO - Scanning... 17.8% (245000/1374942)
2025-11-22 23:15:01,231 - trading_bot - INFO - Scanning... 18.2% (250000/1374942)
2025-11-22 23:15:08,890 - trading_bot - INFO - Scanning... 18.5% (255000/1374942)
2025-11-22 23:15:14,525 - trading_bot - INFO - Scanning... 18.9% (260000/1374942)
2025-11-22 23:15:17,631 - trading_bot - INFO - Scanning... 19.3% (265000/1374942)
2025-11-22 23:15:26,302 - trading_bot - INFO - Scanning... 19.6% (270000/1374942)
2025-11-22 23:15:34,596 - trading_bot - INFO - Scanning... 20.0% (275000/1374942)
2025-11-22 23:15:41,081 - trading_bot - INFO - Scanning... 20.4% (280000/1374942)
2025-11-22 23:15:46,780 - trading_bot - INFO - Scanning... 20.7% (285000/1374942)
2025-11-22 23:15:51,845 - trading_bot - INFO - Scanning... 21.1% (290000/1374942)
2025-11-22 23:15:57,881 - trading_bot - INFO - Scanning... 21.5% (295000/1374942)
2025-11-22 23:16:02,685 - trading_bot - INFO - Scanning... 21.8% (300000/1374942)
2025-11-22 23:16:08,286 - trading_bot - INFO - Scanning... 22.2% (305000/1374942)
2025-11-22 23:16:14,677 - trading_bot - INFO - Scanning... 22.5% (310000/1374942)
2025-11-22 23:16:19,543 - trading_bot - INFO - Scanning... 22.9% (315000/1374942)
2025-11-22 23:16:27,342 - trading_bot - INFO - Scanning... 23.3% (320000/1374942)
2025-11-22 23:16:35,218 - trading_bot - INFO - Scanning... 23.6% (325000/1374942)
2025-11-22 23:16:44,360 - trading_bot - INFO - Scanning... 24.0% (330000/1374942)
2025-11-22 23:16:53,855 - trading_bot - INFO - Scanning... 24.4% (335000/1374942)
2025-11-22 23:16:59,607 - trading_bot - INFO - Scanning... 24.7% (340000/1374942)
2025-11-22 23:17:05,791 - trading_bot - INFO - Scanning... 25.1% (345000/1374942)
2025-11-22 23:17:11,927 - trading_bot - INFO - Scanning... 25.5% (350000/1374942)
2025-11-22 23:17:18,248 - trading_bot - INFO - Scanning... 25.8% (355000/1374942)
2025-11-22 23:17:28,202 - trading_bot - INFO - Scanning... 26.2% (360000/1374942)
2025-11-22 23:17:34,473 - trading_bot - INFO - Scanning... 26.5% (365000/1374942)
2025-11-22 23:17:44,668 - trading_bot - INFO - Scanning... 26.9% (370000/1374942)
2025-11-22 23:17:50,567 - trading_bot - INFO - Scanning... 27.3% (375000/1374942)
2025-11-22 23:17:59,095 - trading_bot - INFO - Scanning... 27.6% (380000/1374942)
2025-11-22 23:18:06,458 - trading_bot - INFO - Scanning... 28.0% (385000/1374942)
2025-11-22 23:18:16,500 - trading_bot - INFO - Scanning... 28.4% (390000/1374942)
2025-11-22 23:18:23,660 - trading_bot - INFO - Scanning... 28.7% (395000/1374942)
2025-11-22 23:18:28,777 - trading_bot - INFO - Scanning... 29.1% (400000/1374942)
2025-11-22 23:18:35,052 - trading_bot - INFO - Scanning... 29.5% (405000/1374942)
2025-11-22 23:18:42,306 - trading_bot - INFO - Scanning... 29.8% (410000/1374942)
2025-11-22 23:18:47,953 - trading_bot - INFO - Scanning... 30.2% (415000/1374942)
2025-11-22 23:18:57,230 - trading_bot - INFO - Scanning... 30.5% (420000/1374942)
2025-11-22 23:19:04,588 - trading_bot - INFO - Scanning... 30.9% (425000/1374942)
2025-11-22 23:19:10,792 - trading_bot - INFO - Scanning... 31.3% (430000/1374942)
2025-11-22 23:19:21,789 - trading_bot - INFO - Scanning... 31.6% (435000/1374942)
2025-11-22 23:19:30,918 - trading_bot - INFO - Scanning... 32.0% (440000/1374942)
2025-11-22 23:19:38,522 - trading_bot - INFO - Scanning... 32.4% (445000/1374942)
2025-11-22 23:19:41,994 - trading_bot - INFO - Scanning... 32.7% (450000/1374942)
2025-11-22 23:19:51,516 - trading_bot - INFO - Scanning... 33.1% (455000/1374942)
2025-11-22 23:19:57,601 - trading_bot - INFO - Scanning... 33.5% (460000/1374942)
2025-11-22 23:20:07,157 - trading_bot - INFO - Scanning... 33.8% (465000/1374942)
2025-11-22 23:20:15,878 - trading_bot - INFO - Scanning... 34.2% (470000/1374942)
2025-11-22 23:20:26,848 - trading_bot - INFO - Scanning... 34.5% (475000/1374942)
2025-11-22 23:20:34,456 - trading_bot - INFO - Scanning... 34.9% (480000/1374942)
2025-11-22 23:20:42,497 - trading_bot - INFO - Scanning... 35.3% (485000/1374942)
2025-11-22 23:20:51,710 - trading_bot - INFO - Scanning... 35.6% (490000/1374942)
2025-11-22 23:20:54,917 - trading_bot - INFO - Scanning... 36.0% (495000/1374942)
2025-11-22 23:21:01,813 - trading_bot - INFO - Scanning... 36.4% (500000/1374942)
2025-11-22 23:21:07,734 - trading_bot - INFO - Scanning... 36.7% (505000/1374942)
2025-11-22 23:21:15,379 - trading_bot - INFO - Scanning... 37.1% (510000/1374942)
2025-11-22 23:21:25,634 - trading_bot - INFO - Scanning... 37.5% (515000/1374942)
2025-11-22 23:21:29,967 - trading_bot - INFO - Scanning... 37.8% (520000/1374942)
2025-11-22 23:21:37,679 - trading_bot - INFO - Scanning... 38.2% (525000/1374942)
2025-11-22 23:21:42,373 - trading_bot - INFO - Scanning... 38.5% (530000/1374942)
2025-11-22 23:21:50,876 - trading_bot - INFO - Scanning... 38.9% (535000/1374942)
2025-11-22 23:21:58,534 - trading_bot - INFO - Scanning... 39.3% (540000/1374942)
2025-11-22 23:22:05,128 - trading_bot - INFO - Scanning... 39.6% (545000/1374942)
2025-11-22 23:22:10,191 - trading_bot - INFO - Scanning... 40.0% (550000/1374942)
2025-11-22 23:22:15,902 - trading_bot - INFO - Scanning... 40.4% (555000/1374942)
2025-11-22 23:22:23,094 - trading_bot - INFO - Scanning... 40.7% (560000/1374942)
2025-11-22 23:22:26,462 - trading_bot - INFO - Scanning... 41.1% (565000/1374942)
2025-11-22 23:22:34,875 - trading_bot - INFO - Scanning... 41.5% (570000/1374942)
2025-11-22 23:22:37,331 - trading_bot - INFO - Scanning... 41.8% (575000/1374942)
2025-11-22 23:22:39,353 - trading_bot - INFO - Scanning... 42.2% (580000/1374942)
2025-11-22 23:22:46,089 - trading_bot - INFO - Scanning... 42.5% (585000/1374942)
2025-11-22 23:22:50,983 - trading_bot - INFO - Scanning... 42.9% (590000/1374942)
2025-11-22 23:22:57,176 - trading_bot - INFO - Scanning... 43.3% (595000/1374942)
2025-11-22 23:23:04,505 - trading_bot - INFO - Scanning... 43.6% (600000/1374942)
2025-11-22 23:23:08,805 - trading_bot - INFO - Scanning... 44.0% (605000/1374942)
2025-11-22 23:23:11,082 - trading_bot - INFO - Scanning... 44.4% (610000/1374942)
2025-11-22 23:23:16,739 - trading_bot - INFO - Scanning... 44.7% (615000/1374942)
2025-11-22 23:23:25,602 - trading_bot - INFO - Scanning... 45.1% (620000/1374942)
2025-11-22 23:23:30,631 - trading_bot - INFO - Scanning... 45.5% (625000/1374942)
2025-11-22 23:23:37,551 - trading_bot - INFO - Scanning... 45.8% (630000/1374942)
2025-11-22 23:23:42,280 - trading_bot - INFO - Scanning... 46.2% (635000/1374942)
2025-11-22 23:23:50,661 - trading_bot - INFO - Scanning... 46.5% (640000/1374942)
2025-11-22 23:24:01,761 - trading_bot - INFO - Scanning... 46.9% (645000/1374942)
2025-11-22 23:24:07,310 - trading_bot - INFO - Scanning... 47.3% (650000/1374942)
2025-11-22 23:24:17,603 - trading_bot - INFO - Scanning... 47.6% (655000/1374942)
2025-11-22 23:24:21,238 - trading_bot - INFO - Scanning... 48.0% (660000/1374942)
2025-11-22 23:24:26,321 - trading_bot - INFO - Scanning... 48.4% (665000/1374942)
2025-11-22 23:24:31,384 - trading_bot - INFO - Scanning... 48.7% (670000/1374942)
2025-11-22 23:24:35,513 - trading_bot - INFO - Scanning... 49.1% (675000/1374942)
2025-11-22 23:24:47,172 - trading_bot - INFO - Scanning... 49.5% (680000/1374942)
2025-11-22 23:24:52,828 - trading_bot - INFO - Scanning... 49.8% (685000/1374942)
2025-11-22 23:24:57,470 - trading_bot - INFO - Scanning... 50.2% (690000/1374942)
2025-11-22 23:25:02,846 - trading_bot - INFO - Scanning... 50.5% (695000/1374942)
2025-11-22 23:25:09,476 - trading_bot - INFO - Scanning... 50.9% (700000/1374942)
2025-11-22 23:25:13,864 - trading_bot - INFO - Scanning... 51.3% (705000/1374942)
2025-11-22 23:25:20,175 - trading_bot - INFO - Scanning... 51.6% (710000/1374942)
2025-11-22 23:25:24,992 - trading_bot - INFO - Scanning... 52.0% (715000/1374942)
2025-11-22 23:25:28,858 - trading_bot - INFO - Scanning... 52.4% (720000/1374942)
2025-11-22 23:25:35,820 - trading_bot - INFO - Scanning... 52.7% (725000/1374942)
2025-11-22 23:25:41,093 - trading_bot - INFO - Scanning... 53.1% (730000/1374942)
2025-11-22 23:25:48,634 - trading_bot - INFO - Scanning... 53.5% (735000/1374942)
2025-11-22 23:25:54,936 - trading_bot - INFO - Scanning... 53.8% (740000/1374942)
2025-11-22 23:26:01,341 - trading_bot - INFO - Scanning... 54.2% (745000/1374942)
2025-11-22 23:26:07,807 - trading_bot - INFO - Scanning... 54.5% (750000/1374942)
2025-11-22 23:26:15,248 - trading_bot - INFO - Scanning... 54.9% (755000/1374942)
2025-11-22 23:26:21,707 - trading_bot - INFO - Scanning... 55.3% (760000/1374942)
2025-11-22 23:26:30,874 - trading_bot - INFO - Scanning... 55.6% (765000/1374942)
2025-11-22 23:26:37,146 - trading_bot - INFO - Scanning... 56.0% (770000/1374942)
2025-11-22 23:26:43,703 - trading_bot - INFO - Scanning... 56.4% (775000/1374942)
2025-11-22 23:26:48,248 - trading_bot - INFO - Scanning... 56.7% (780000/1374942)
2025-11-22 23:26:53,123 - trading_bot - INFO - Scanning... 57.1% (785000/1374942)
2025-11-22 23:26:59,157 - trading_bot - INFO - Scanning... 57.5% (790000/1374942)
2025-11-22 23:27:05,913 - trading_bot - INFO - Scanning... 57.8% (795000/1374942)
2025-11-22 23:27:16,703 - trading_bot - INFO - Scanning... 58.2% (800000/1374942)
2025-11-22 23:27:24,904 - trading_bot - INFO - Scanning... 58.5% (805000/1374942)
2025-11-22 23:27:31,925 - trading_bot - INFO - Scanning... 58.9% (810000/1374942)
2025-11-22 23:27:34,611 - trading_bot - INFO - Scanning... 59.3% (815000/1374942)
2025-11-22 23:27:38,988 - trading_bot - INFO - Scanning... 59.6% (820000/1374942)
2025-11-22 23:27:48,286 - trading_bot - INFO - Scanning... 60.0% (825000/1374942)
2025-11-22 23:27:58,863 - trading_bot - INFO - Scanning... 60.4% (830000/1374942)
2025-11-22 23:28:07,206 - trading_bot - INFO - Scanning... 60.7% (835000/1374942)
2025-11-22 23:28:17,349 - trading_bot - INFO - Scanning... 61.1% (840000/1374942)
2025-11-22 23:28:24,163 - trading_bot - INFO - Scanning... 61.5% (845000/1374942)
2025-11-22 23:28:33,280 - trading_bot - INFO - Scanning... 61.8% (850000/1374942)
2025-11-22 23:28:40,118 - trading_bot - INFO - Scanning... 62.2% (855000/1374942)
2025-11-22 23:28:48,293 - trading_bot - INFO - Scanning... 62.5% (860000/1374942)
2025-11-22 23:28:55,311 - trading_bot - INFO - Scanning... 62.9% (865000/1374942)
2025-11-22 23:29:03,268 - trading_bot - INFO - Scanning... 63.3% (870000/1374942)
2025-11-22 23:29:10,958 - trading_bot - INFO - Scanning... 63.6% (875000/1374942)
2025-11-22 23:29:19,257 - trading_bot - INFO - Scanning... 64.0% (880000/1374942)
2025-11-22 23:29:33,126 - trading_bot - INFO - Scanning... 64.4% (885000/1374942)
2025-11-22 23:29:41,141 - trading_bot - INFO - Scanning... 64.7% (890000/1374942)
2025-11-22 23:29:49,342 - trading_bot - INFO - Scanning... 65.1% (895000/1374942)
2025-11-22 23:29:54,554 - trading_bot - INFO - Scanning... 65.5% (900000/1374942)
2025-11-22 23:30:00,043 - trading_bot - INFO - Scanning... 65.8% (905000/1374942)
2025-11-22 23:30:10,838 - trading_bot - INFO - Scanning... 66.2% (910000/1374942)
2025-11-22 23:30:20,823 - trading_bot - INFO - Scanning... 66.5% (915000/1374942)
2025-11-22 23:30:27,815 - trading_bot - INFO - Scanning... 66.9% (920000/1374942)
2025-11-22 23:30:33,187 - trading_bot - INFO - Scanning... 67.3% (925000/1374942)
2025-11-22 23:30:39,897 - trading_bot - INFO - Scanning... 67.6% (930000/1374942)
2025-11-22 23:30:44,811 - trading_bot - INFO - Scanning... 68.0% (935000/1374942)
2025-11-22 23:30:47,648 - trading_bot - INFO - Scanning... 68.4% (940000/1374942)
2025-11-22 23:30:53,655 - trading_bot - INFO - Scanning... 68.7% (945000/1374942)
2025-11-22 23:31:00,317 - trading_bot - INFO - Scanning... 69.1% (950000/1374942)
2025-11-22 23:31:11,215 - trading_bot - INFO - Scanning... 69.5% (955000/1374942)
2025-11-22 23:31:18,828 - trading_bot - INFO - Scanning... 69.8% (960000/1374942)
2025-11-22 23:31:23,203 - trading_bot - INFO - Scanning... 70.2% (965000/1374942)
2025-11-22 23:31:32,489 - trading_bot - INFO - Scanning... 70.5% (970000/1374942)
2025-11-22 23:31:40,992 - trading_bot - INFO - Scanning... 70.9% (975000/1374942)
2025-11-22 23:31:49,285 - trading_bot - INFO - Scanning... 71.3% (980000/1374942)
2025-11-22 23:31:56,923 - trading_bot - INFO - Scanning... 71.6% (985000/1374942)
2025-11-22 23:32:04,055 - trading_bot - INFO - Scanning... 72.0% (990000/1374942)
2025-11-22 23:32:13,408 - trading_bot - INFO - Scanning... 72.4% (995000/1374942)
2025-11-22 23:32:22,094 - trading_bot - INFO - Scanning... 72.7% (1000000/1374942)
2025-11-22 23:32:28,660 - trading_bot - INFO - Scanning... 73.1% (1005000/1374942)
2025-11-22 23:32:35,687 - trading_bot - INFO - Scanning... 73.5% (1010000/1374942)
2025-11-22 23:32:41,231 - trading_bot - INFO - Scanning... 73.8% (1015000/1374942)
2025-11-22 23:32:48,277 - trading_bot - INFO - Scanning... 74.2% (1020000/1374942)
2025-11-22 23:32:58,273 - trading_bot - INFO - Scanning... 74.5% (1025000/1374942)
2025-11-22 23:33:06,742 - trading_bot - INFO - Scanning... 74.9% (1030000/1374942)
2025-11-22 23:33:17,345 - trading_bot - INFO - Scanning... 75.3% (1035000/1374942)
2025-11-22 23:33:21,741 - trading_bot - INFO - Scanning... 75.6% (1040000/1374942)
2025-11-22 23:33:26,520 - trading_bot - INFO - Scanning... 76.0% (1045000/1374942)
2025-11-22 23:33:32,115 - trading_bot - INFO - Scanning... 76.4% (1050000/1374942)
2025-11-22 23:33:37,611 - trading_bot - INFO - Scanning... 76.7% (1055000/1374942)
2025-11-22 23:33:45,921 - trading_bot - INFO - Scanning... 77.1% (1060000/1374942)
2025-11-22 23:33:59,929 - trading_bot - INFO - Scanning... 77.5% (1065000/1374942)
2025-11-22 23:34:12,040 - trading_bot - INFO - Scanning... 77.8% (1070000/1374942)
2025-11-22 23:34:16,955 - trading_bot - INFO - Scanning... 78.2% (1075000/1374942)
2025-11-22 23:34:28,865 - trading_bot - INFO - Scanning... 78.5% (1080000/1374942)
2025-11-22 23:34:35,775 - trading_bot - INFO - Scanning... 78.9% (1085000/1374942)
2025-11-22 23:34:45,551 - trading_bot - INFO - Scanning... 79.3% (1090000/1374942)
2025-11-22 23:34:53,869 - trading_bot - INFO - Scanning... 79.6% (1095000/1374942)
2025-11-22 23:34:59,329 - trading_bot - INFO - Scanning... 80.0% (1100000/1374942)
2025-11-22 23:35:11,703 - trading_bot - INFO - Scanning... 80.4% (1105000/1374942)
2025-11-22 23:35:17,521 - trading_bot - INFO - Scanning... 80.7% (1110000/1374942)
2025-11-22 23:35:23,012 - trading_bot - INFO - Scanning... 81.1% (1115000/1374942)
2025-11-22 23:35:33,996 - trading_bot - INFO - Scanning... 81.5% (1120000/1374942)
2025-11-22 23:35:42,044 - trading_bot - INFO - Scanning... 81.8% (1125000/1374942)
2025-11-22 23:35:55,692 - trading_bot - INFO - Scanning... 82.2% (1130000/1374942)
2025-11-22 23:36:07,091 - trading_bot - INFO - Scanning... 82.5% (1135000/1374942)
2025-11-22 23:36:15,158 - trading_bot - INFO - Scanning... 82.9% (1140000/1374942)
2025-11-22 23:36:23,465 - trading_bot - INFO - Scanning... 83.3% (1145000/1374942)
2025-11-22 23:36:28,387 - trading_bot - INFO - Scanning... 83.6% (1150000/1374942)
2025-11-22 23:36:36,409 - trading_bot - INFO - Scanning... 84.0% (1155000/1374942)
2025-11-22 23:36:45,481 - trading_bot - INFO - Scanning... 84.4% (1160000/1374942)
2025-11-22 23:37:16,157 - trading_bot - INFO - Scanning... 84.7% (1165000/1374942)
2025-11-22 23:37:39,152 - trading_bot - INFO - Scanning... 85.1% (1170000/1374942)
2025-11-22 23:53:19,518 - trading_bot - INFO - Scanning... 85.5% (1175000/1374942)
2025-11-22 23:53:27,997 - trading_bot - INFO - Scanning... 85.8% (1180000/1374942)
2025-11-22 23:53:37,697 - trading_bot - INFO - Scanning... 86.2% (1185000/1374942)
2025-11-22 23:53:48,314 - trading_bot - INFO - Scanning... 86.5% (1190000/1374942)
2025-11-22 23:53:59,998 - trading_bot - INFO - Scanning... 86.9% (1195000/1374942)
2025-11-22 23:54:10,063 - trading_bot - INFO - Scanning... 87.3% (1200000/1374942)
2025-11-22 23:54:15,820 - trading_bot - INFO - Scanning... 87.6% (1205000/1374942)
2025-11-22 23:54:24,250 - trading_bot - INFO - Scanning... 88.0% (1210000/1374942)
2025-11-22 23:54:33,031 - trading_bot - INFO - Scanning... 88.4% (1215000/1374942)
2025-11-22 23:54:38,981 - trading_bot - INFO - Scanning... 88.7% (1220000/1374942)
2025-11-22 23:54:46,048 - trading_bot - INFO - Scanning... 89.1% (1225000/1374942)
2025-11-22 23:54:57,188 - trading_bot - INFO - Scanning... 89.5% (1230000/1374942)
2025-11-22 23:55:09,766 - trading_bot - INFO - Scanning... 89.8% (1235000/1374942)
2025-11-22 23:55:21,003 - trading_bot - INFO - Scanning... 90.2% (1240000/1374942)
2025-11-22 23:55:29,925 - trading_bot - INFO - Scanning... 90.5% (1245000/1374942)
2025-11-22 23:55:38,558 - trading_bot - INFO - Scanning... 90.9% (1250000/1374942)
2025-11-22 23:55:49,115 - trading_bot - INFO - Scanning... 91.3% (1255000/1374942)
2025-11-22 23:55:55,682 - trading_bot - INFO - Scanning... 91.6% (1260000/1374942)
2025-11-22 23:56:05,435 - trading_bot - INFO - Scanning... 92.0% (1265000/1374942)
2025-11-22 23:56:11,383 - trading_bot - INFO - Scanning... 92.4% (1270000/1374942)
2025-11-22 23:56:22,162 - trading_bot - INFO - Scanning... 92.7% (1275000/1374942)
2025-11-22 23:56:31,900 - trading_bot - INFO - Scanning... 93.1% (1280000/1374942)
2025-11-22 23:56:42,167 - trading_bot - INFO - Scanning... 93.5% (1285000/1374942)
2025-11-22 23:56:54,608 - trading_bot - INFO - Scanning... 93.8% (1290000/1374942)
2025-11-22 23:57:03,301 - trading_bot - INFO - Scanning... 94.2% (1295000/1374942)
2025-11-22 23:57:45,662 - trading_bot - INFO - Scanning... 94.5% (1300000/1374942)
2025-11-22 23:58:21,405 - trading_bot - INFO - Scanning... 94.9% (1305000/1374942)
2025-11-22 23:58:44,593 - trading_bot - INFO - Scanning... 95.3% (1310000/1374942)
2025-11-22 23:59:12,853 - trading_bot - INFO - Scanning... 95.6% (1315000/1374942)
2025-11-22 23:59:27,269 - trading_bot - INFO - Scanning... 96.0% (1320000/1374942)
2025-11-22 23:59:57,081 - trading_bot - INFO - Scanning... 96.4% (1325000/1374942)
2025-11-23 00:00:21,294 - trading_bot - INFO - Scanning... 96.7% (1330000/1374942)
2025-11-23 00:00:51,827 - trading_bot - INFO - Scanning... 97.1% (1335000/1374942)
2025-11-23 00:01:38,891 - trading_bot - INFO - Scanning... 97.5% (1340000/1374942)
2025-11-23 00:02:20,652 - trading_bot - INFO - Scanning... 97.8% (1345000/1374942)
2025-11-23 00:02:51,525 - trading_bot - INFO - Scanning... 98.2% (1350000/1374942)
2025-11-23 00:03:20,120 - trading_bot - INFO - Scanning... 98.5% (1355000/1374942)
2025-11-23 00:03:41,231 - trading_bot - INFO - Scanning... 98.9% (1360000/1374942)
2025-11-23 00:04:26,261 - trading_bot - INFO - Scanning... 99.3% (1365000/1374942)
2025-11-23 00:04:41,726 - trading_bot - INFO - Scanning... 99.6% (1370000/1374942)
2025-11-23 00:05:09,419 - trading_bot - INFO - Generated 138513 candidates
2025-11-23 00:05:09,427 - trading_bot - INFO - Training LGBM with 138513 samples...
2025-11-23 00:05:20,201 - trading_bot - INFO - Model saved to models/lgbm_model.pkl
