2025-11-25 06:29:17,295 - trading_bot - INFO - Fetching SPY bars from Alpaca (5Min)...
2025-11-25 06:31:08,830 - trading_bot - INFO - Data loaded: 269294 rows (Base Timeframe 5m)
2025-11-25 06:31:08,848 - trading_bot - INFO - Loaded H4 data directly: 6209 bars
2025-11-25 06:31:08,861 - trading_bot - INFO - Loaded Daily data directly: 1489 bars
2025-11-25 06:31:08,879 - trading_bot - INFO - H4=6209, H1=22826
2025-11-25 06:31:10,791 - trading_bot - INFO - Using SMC (Smart Money Concepts) strategy
2025-11-25 06:31:22,703 - trading_bot - INFO - Detected 49084 FVGs and 18263 OBs on Base Timeframe
2025-11-25 06:31:22,704 - trading_bot - INFO - Generating candidates...
2025-11-25 06:31:27,115 - trading_bot - INFO - Scanning... 1.9% (5000/269294)
2025-11-25 06:31:32,815 - trading_bot - INFO - Scanning... 3.7% (10000/269294)
2025-11-25 06:31:35,782 - trading_bot - INFO - Scanning... 5.6% (15000/269294)
2025-11-25 06:31:40,726 - trading_bot - INFO - Scanning... 7.4% (20000/269294)
2025-11-25 06:31:44,502 - trading_bot - INFO - Scanning... 9.3% (25000/269294)
2025-11-25 06:31:49,889 - trading_bot - INFO - Scanning... 11.1% (30000/269294)
2025-11-25 06:31:53,830 - trading_bot - INFO - Scanning... 13.0% (35000/269294)
2025-11-25 06:31:58,555 - trading_bot - INFO - Scanning... 14.9% (40000/269294)
2025-11-25 06:32:03,144 - trading_bot - INFO - Scanning... 16.7% (45000/269294)
2025-11-25 06:32:07,892 - trading_bot - INFO - Scanning... 18.6% (50000/269294)
2025-11-25 06:32:11,751 - trading_bot - INFO - Scanning... 20.4% (55000/269294)
2025-11-25 06:32:16,843 - trading_bot - INFO - Scanning... 22.3% (60000/269294)
2025-11-25 06:32:22,791 - trading_bot - INFO - Scanning... 24.1% (65000/269294)
2025-11-25 06:32:27,306 - trading_bot - INFO - Scanning... 26.0% (70000/269294)
2025-11-25 06:32:32,443 - trading_bot - INFO - Scanning... 27.9% (75000/269294)
2025-11-25 06:32:36,827 - trading_bot - INFO - Scanning... 29.7% (80000/269294)
2025-11-25 06:32:40,989 - trading_bot - INFO - Scanning... 31.6% (85000/269294)
2025-11-25 06:32:46,256 - trading_bot - INFO - Scanning... 33.4% (90000/269294)
2025-11-25 06:32:51,516 - trading_bot - INFO - Scanning... 35.3% (95000/269294)
2025-11-25 06:32:55,796 - trading_bot - INFO - Scanning... 37.1% (100000/269294)
2025-11-25 06:32:59,935 - trading_bot - INFO - Scanning... 39.0% (105000/269294)
2025-11-25 06:33:04,256 - trading_bot - INFO - Scanning... 40.8% (110000/269294)
2025-11-25 06:33:09,145 - trading_bot - INFO - Scanning... 42.7% (115000/269294)
2025-11-25 06:33:13,105 - trading_bot - INFO - Scanning... 44.6% (120000/269294)
2025-11-25 06:33:19,110 - trading_bot - INFO - Scanning... 46.4% (125000/269294)
2025-11-25 06:33:22,776 - trading_bot - INFO - Scanning... 48.3% (130000/269294)
2025-11-25 06:33:27,451 - trading_bot - INFO - Scanning... 50.1% (135000/269294)
2025-11-25 06:33:32,925 - trading_bot - INFO - Scanning... 52.0% (140000/269294)
2025-11-25 06:33:37,353 - trading_bot - INFO - Scanning... 53.8% (145000/269294)
2025-11-25 06:33:41,351 - trading_bot - INFO - Scanning... 55.7% (150000/269294)
2025-11-25 06:33:45,841 - trading_bot - INFO - Scanning... 57.6% (155000/269294)
2025-11-25 06:33:50,474 - trading_bot - INFO - Scanning... 59.4% (160000/269294)
2025-11-25 06:33:54,479 - trading_bot - INFO - Scanning... 61.3% (165000/269294)
2025-11-25 06:33:58,815 - trading_bot - INFO - Scanning... 63.1% (170000/269294)
2025-11-25 06:34:04,466 - trading_bot - INFO - Scanning... 65.0% (175000/269294)
2025-11-25 06:34:09,268 - trading_bot - INFO - Scanning... 66.8% (180000/269294)
2025-11-25 06:34:14,370 - trading_bot - INFO - Scanning... 68.7% (185000/269294)
2025-11-25 06:34:19,685 - trading_bot - INFO - Scanning... 70.6% (190000/269294)
2025-11-25 06:34:24,926 - trading_bot - INFO - Scanning... 72.4% (195000/269294)
2025-11-25 06:34:30,106 - trading_bot - INFO - Scanning... 74.3% (200000/269294)
2025-11-25 06:34:35,506 - trading_bot - INFO - Scanning... 76.1% (205000/269294)
2025-11-25 06:34:40,595 - trading_bot - INFO - Scanning... 78.0% (210000/269294)
2025-11-25 06:34:45,556 - trading_bot - INFO - Scanning... 79.8% (215000/269294)
2025-11-25 06:34:49,748 - trading_bot - INFO - Scanning... 81.7% (220000/269294)
2025-11-25 06:34:55,570 - trading_bot - INFO - Scanning... 83.6% (225000/269294)
2025-11-25 06:34:59,514 - trading_bot - INFO - Scanning... 85.4% (230000/269294)
2025-11-25 06:35:04,851 - trading_bot - INFO - Scanning... 87.3% (235000/269294)
2025-11-25 06:35:10,530 - trading_bot - INFO - Scanning... 89.1% (240000/269294)
2025-11-25 06:35:16,318 - trading_bot - INFO - Scanning... 91.0% (245000/269294)
2025-11-25 06:35:20,362 - trading_bot - INFO - Scanning... 92.8% (250000/269294)
2025-11-25 06:35:27,086 - trading_bot - INFO - Scanning... 94.7% (255000/269294)
2025-11-25 06:35:32,947 - trading_bot - INFO - Scanning... 96.5% (260000/269294)
2025-11-25 06:35:39,768 - trading_bot - INFO - Scanning... 98.4% (265000/269294)
2025-11-25 06:35:46,330 - trading_bot - INFO - Generated 32209 candidates
