2025-11-27 08:10:37,799 - trading_bot - INFO - Fetching BTC crypto bars from Alpaca (5Min)...
2025-11-27 08:10:46,408 - trading_bot - INFO - Data loaded: 25810 rows (Base Timeframe 5m)
2025-11-27 08:10:46,411 - trading_bot - INFO - Loaded H4 data directly: 541 bars
2025-11-27 08:10:46,412 - trading_bot - INFO - Loaded Daily data directly: 91 bars
2025-11-27 08:10:46,414 - trading_bot - INFO - H4=541, H1=2161
2025-11-27 08:10:46,591 - trading_bot - INFO - Using Crypto Momentum strategy
2025-11-27 08:10:47,355 - trading_bot - INFO - Generated 136 candidates
2025-11-27 08:10:47,355 - trading_bot - INFO - Applied adaptive filter profile 'crypto_baseline': 136 / 136 candidates retained.
2025-11-27 08:10:47,377 - trading_bot - INFO - Model loaded from /Users/rileymartin/ML-Trading-Bot/models/lgbm_model.pkl
2025-11-27 08:10:47,379 - trading_bot - WARNING - Could not load model: "['dist_to_range_low', 'dist_to_range_high'] not in index". Training on first 50% of data as fallback.
2025-11-27 08:10:47,380 - trading_bot - INFO - Training ensemble LightGBM with 68 samples (scale_pos_weight=0.33)...
2025-11-27 08:10:47,395 - trading_bot - INFO - Fold 1/2 AUC proxy: mean prob 0.765
2025-11-27 08:10:47,402 - trading_bot - INFO - Fold 2/2 AUC proxy: mean prob 0.735
2025-11-27 08:10:47,402 - trading_bot - INFO - Skipped meta-label training (insufficient samples).
2025-11-27 08:10:47,405 - trading_bot - INFO - 
============================================================
2025-11-27 08:10:47,405 - trading_bot - INFO - PRE-FILTER STATISTICS
2025-11-27 08:10:47,405 - trading_bot - INFO - ============================================================
2025-11-27 08:10:47,405 - trading_bot - INFO - Total candidates: 136
2025-11-27 08:10:47,405 - trading_bot - INFO - Mean probability: 0.750
2025-11-27 08:10:47,405 - trading_bot - INFO - Median probability: 0.750
2025-11-27 08:10:47,405 - trading_bot - INFO - Std probability: 0.000
2025-11-27 08:10:47,405 - trading_bot - INFO - Min probability: 0.750
2025-11-27 08:10:47,405 - trading_bot - INFO - Max probability: 0.750
2025-11-27 08:10:47,405 - trading_bot - INFO - 
Probability distribution:
2025-11-27 08:10:47,405 - trading_bot - INFO -   < 0.3: 0 (0.0%)
2025-11-27 08:10:47,405 - trading_bot - INFO -   0.3-0.4: 0 (0.0%)
2025-11-27 08:10:47,406 - trading_bot - INFO -   0.4-0.5: 0 (0.0%)
2025-11-27 08:10:47,406 - trading_bot - INFO -   0.5-0.6: 0 (0.0%)
2025-11-27 08:10:47,406 - trading_bot - INFO -   >= 0.6: 136 (100.0%)
2025-11-27 08:10:47,406 - trading_bot - INFO - 
Using threshold: 0.519
2025-11-27 08:10:47,406 - trading_bot - INFO - Candidates above threshold: 136 (100.0%)
2025-11-27 08:10:47,409 - trading_bot - INFO - After cooldown filter: 89 trades (removed 47 clustered trades)
2025-11-27 08:10:47,409 - trading_bot - INFO - Backtesting 89 trades out of 136 candidates...
2025-11-27 08:10:47,409 - trading_bot - INFO - Initial capital: $10000.00, Risk per trade: 6.50%
2025-11-27 08:10:47,410 - trading_bot - INFO - Cycle payout: $530.81 at 2024-01-17 16:35:00+00:00
2025-11-27 08:10:47,410 - trading_bot - WARNING - Max drawdown reached. Equity: 8833.82, Limit: 9000.00
2025-11-27 08:10:47,410 - trading_bot - INFO - Backtest complete! Final Equity: $8833.82 | Total PnL: $-635.37 | Win Rate: 72.2% (13W/5L)
2025-11-27 08:10:47,842 - trading_bot - INFO - Reports saved to reports/20251127_081047
