2025-11-27 18:31:02,697 - trading_bot - INFO - Fetching BTC crypto bars from Alpaca (5Min)...
2025-11-27 18:31:13,987 - trading_bot - INFO - Model loaded from /Users/rileymartin/ML-Trading-Bot/models/lgbm_model.pkl
2025-11-27 18:31:13,988 - alpaca_live_runner - INFO - Starting Alpaca polling loop (symbol=BTC, interval=60s, dry_run=True)...
2025-11-27 18:31:14,644 - alpaca_live_runner - INFO -  Alpaca returned 50 bars for BTC (limit=50)
2025-11-27 18:31:14,644 - alpaca_live_runner - INFO -  Last local timestamp: 2025-11-26 00:00:00+00:00
2025-11-27 18:31:14,645 - alpaca_live_runner - INFO -  Filtered 50 bars, kept 50 new bars
2025-11-27 18:31:14,645 - alpaca_live_runner - INFO -  Fetched 50 new bars for BTC (latest: 2025-11-27 04:05:00)
2025-11-27 18:31:14,758 - trading_bot - INFO - Generating candidates...
2025-11-27 18:31:15,299 - trading_bot - INFO - Generating candidates...
2025-11-27 18:31:15,841 - trading_bot - INFO - Generating candidates...
2025-11-27 18:31:16,381 - trading_bot - INFO - Generating candidates...
2025-11-27 18:31:16,924 - trading_bot - INFO - Generating candidates...
2025-11-27 18:31:17,470 - trading_bot - INFO - Generating candidates...
2025-11-27 18:31:18,014 - trading_bot - INFO - Generating candidates...
2025-11-27 18:31:18,599 - trading_bot - INFO - Generating candidates...
2025-11-27 18:31:19,145 - trading_bot - INFO - Generating candidates...
2025-11-27 18:31:19,704 - trading_bot - INFO - Generating candidates...
2025-11-27 18:31:20,295 - trading_bot - INFO - Generating candidates...
2025-11-27 18:31:20,848 - trading_bot - INFO - Generating candidates...
2025-11-27 18:31:21,402 - trading_bot - INFO - Generating candidates...
2025-11-27 18:31:21,944 - trading_bot - INFO - Generating candidates...
2025-11-27 18:31:22,487 - trading_bot - INFO - Generating candidates...
2025-11-27 18:31:23,033 - trading_bot - INFO - Generating candidates...
2025-11-27 18:31:23,580 - trading_bot - INFO - Generating candidates...
2025-11-27 18:31:24,175 - trading_bot - INFO - Generating candidates...
2025-11-27 18:31:24,728 - trading_bot - INFO - Generating candidates...
2025-11-27 18:31:25,275 - trading_bot - INFO - Generating candidates...
2025-11-27 18:31:25,819 - trading_bot - INFO - Generating candidates...
2025-11-27 18:31:26,365 - trading_bot - INFO - Generating candidates...
2025-11-27 18:31:26,918 - trading_bot - INFO - Generating candidates...
2025-11-27 18:31:27,479 - trading_bot - INFO - Generating candidates...
2025-11-27 18:31:28,031 - trading_bot - INFO - Generating candidates...
2025-11-27 18:31:28,576 - trading_bot - INFO - Generating candidates...
2025-11-27 18:31:29,121 - trading_bot - INFO - Generating candidates...
2025-11-27 18:31:29,710 - trading_bot - INFO - Generating candidates...
2025-11-27 18:31:30,257 - trading_bot - INFO - Generating candidates...
2025-11-27 18:31:30,805 - trading_bot - INFO - Generating candidates...
2025-11-27 18:31:31,373 - trading_bot - INFO - Generating candidates...
2025-11-27 18:31:31,927 - trading_bot - INFO - Generating candidates...
2025-11-27 18:31:32,423 - trading_bot - INFO - Generating candidates...
2025-11-27 18:31:32,928 - trading_bot - INFO - Generating candidates...
2025-11-27 18:31:33,437 - trading_bot - INFO - Generating candidates...
2025-11-27 18:31:33,934 - trading_bot - INFO - Generating candidates...
2025-11-27 18:31:34,434 - trading_bot - INFO - Generating candidates...
2025-11-27 18:31:34,929 - trading_bot - INFO - Generating candidates...
2025-11-27 18:31:35,424 - trading_bot - INFO - Generating candidates...
2025-11-27 18:31:35,920 - trading_bot - INFO - Generating candidates...
2025-11-27 18:31:36,416 - trading_bot - INFO - Generating candidates...
2025-11-27 18:31:36,912 - trading_bot - INFO - Generating candidates...
2025-11-27 18:31:37,404 - trading_bot - INFO - Generating candidates...
2025-11-27 18:31:37,895 - trading_bot - INFO - Generating candidates...
2025-11-27 18:31:38,388 - trading_bot - INFO - Generating candidates...
2025-11-27 18:31:38,881 - trading_bot - INFO - Generating candidates...
2025-11-27 18:31:39,375 - trading_bot - INFO - Generating candidates...
2025-11-27 18:31:39,871 - trading_bot - INFO - Generating candidates...
2025-11-27 18:31:40,362 - trading_bot - INFO - Generating candidates...
2025-11-27 18:31:40,855 - trading_bot - INFO - Generating candidates...
2025-11-27 18:32:42,023 - alpaca_live_runner - INFO -  Alpaca returned 50 bars for BTC (limit=50)
2025-11-27 18:32:42,025 - alpaca_live_runner - INFO -  Last local timestamp: 2025-11-27 04:05:00+00:00
2025-11-27 18:32:42,025 - alpaca_live_runner - INFO -  Filtered 50 bars, kept 0 new bars
2025-11-27 18:32:42,025 - alpaca_live_runner - INFO - 革 No new bars after filtering for BTC
2025-11-27 18:33:42,288 - alpaca_live_runner - INFO -  Alpaca returned 50 bars for BTC (limit=50)
2025-11-27 18:33:42,288 - alpaca_live_runner - INFO -  Last local timestamp: 2025-11-27 04:05:00+00:00
2025-11-27 18:33:42,289 - alpaca_live_runner - INFO -  Filtered 50 bars, kept 0 new bars
2025-11-27 18:33:42,289 - alpaca_live_runner - INFO - 革 No new bars after filtering for BTC
2025-11-27 18:34:42,548 - alpaca_live_runner - INFO -  Alpaca returned 50 bars for BTC (limit=50)
2025-11-27 18:34:42,549 - alpaca_live_runner - INFO -  Last local timestamp: 2025-11-27 04:05:00+00:00
2025-11-27 18:34:42,549 - alpaca_live_runner - INFO -  Filtered 50 bars, kept 0 new bars
2025-11-27 18:34:42,550 - alpaca_live_runner - INFO - 革 No new bars after filtering for BTC
2025-11-27 18:35:43,434 - alpaca_live_runner - INFO -  Alpaca returned 50 bars for BTC (limit=50)
2025-11-27 18:35:43,436 - alpaca_live_runner - INFO -  Last local timestamp: 2025-11-27 04:05:00+00:00
2025-11-27 18:35:43,436 - alpaca_live_runner - INFO -  Filtered 50 bars, kept 0 new bars
2025-11-27 18:35:43,436 - alpaca_live_runner - INFO - 革 No new bars after filtering for BTC
2025-11-27 18:36:43,706 - alpaca_live_runner - INFO -  Alpaca returned 50 bars for BTC (limit=50)
2025-11-27 18:36:43,707 - alpaca_live_runner - INFO -  Last local timestamp: 2025-11-27 04:05:00+00:00
2025-11-27 18:36:43,707 - alpaca_live_runner - INFO -  Filtered 50 bars, kept 0 new bars
2025-11-27 18:36:43,707 - alpaca_live_runner - INFO - 革 No new bars after filtering for BTC
2025-11-27 18:37:43,955 - alpaca_live_runner - INFO -  Alpaca returned 50 bars for BTC (limit=50)
2025-11-27 18:37:43,957 - alpaca_live_runner - INFO -  Last local timestamp: 2025-11-27 04:05:00+00:00
2025-11-27 18:37:43,957 - alpaca_live_runner - INFO -  Filtered 50 bars, kept 0 new bars
2025-11-27 18:37:43,957 - alpaca_live_runner - INFO - 革 No new bars after filtering for BTC
2025-11-27 18:38:44,202 - alpaca_live_runner - INFO -  Alpaca returned 50 bars for BTC (limit=50)
2025-11-27 18:38:44,202 - alpaca_live_runner - INFO -  Last local timestamp: 2025-11-27 04:05:00+00:00
2025-11-27 18:38:44,203 - alpaca_live_runner - INFO -  Filtered 50 bars, kept 0 new bars
2025-11-27 18:38:44,203 - alpaca_live_runner - INFO - 革 No new bars after filtering for BTC
2025-11-27 18:39:44,480 - alpaca_live_runner - INFO -  Alpaca returned 50 bars for BTC (limit=50)
2025-11-27 18:39:44,481 - alpaca_live_runner - INFO -  Last local timestamp: 2025-11-27 04:05:00+00:00
2025-11-27 18:39:44,481 - alpaca_live_runner - INFO -  Filtered 50 bars, kept 0 new bars
2025-11-27 18:39:44,481 - alpaca_live_runner - INFO - 革 No new bars after filtering for BTC
