2025-11-27 14:00:02,083 - trading_bot - INFO - Auto training window selected: 2020-11-27 -> 2025-11-27
2025-11-27 14:00:02,083 - trading_bot - INFO - Training window: 2020-11-27 -> 2025-11-27
2025-11-27 14:00:02,087 - trading_bot - INFO - Fetching BTC crypto bars from Alpaca (5Min)...
2025-11-27 14:03:34,000 - trading_bot - INFO - Loaded H4 data directly: 10745 bars
2025-11-27 14:03:34,023 - trading_bot - INFO - Loaded Daily data directly: 1792 bars
2025-11-27 14:04:07,202 - trading_bot - INFO - Generating candidates...
2025-11-27 14:04:10,664 - trading_bot - INFO - Scanning... 1.0% (5000/509270)
2025-11-27 14:04:14,727 - trading_bot - INFO - Scanning... 2.0% (10000/509270)
2025-11-27 14:04:20,795 - trading_bot - INFO - Scanning... 2.9% (15000/509270)
2025-11-27 14:04:25,800 - trading_bot - INFO - Scanning... 3.9% (20000/509270)
2025-11-27 14:04:30,937 - trading_bot - INFO - Scanning... 4.9% (25000/509270)
2025-11-27 14:04:35,549 - trading_bot - INFO - Scanning... 5.9% (30000/509270)
2025-11-27 14:04:38,927 - trading_bot - INFO - Scanning... 6.9% (35000/509270)
2025-11-27 14:04:43,403 - trading_bot - INFO - Scanning... 7.9% (40000/509270)
2025-11-27 14:04:48,618 - trading_bot - INFO - Scanning... 8.8% (45000/509270)
2025-11-27 14:04:52,186 - trading_bot - INFO - Scanning... 9.8% (50000/509270)
2025-11-27 14:04:54,992 - trading_bot - INFO - Scanning... 10.8% (55000/509270)
2025-11-27 14:04:58,338 - trading_bot - INFO - Scanning... 11.8% (60000/509270)
2025-11-27 14:05:03,430 - trading_bot - INFO - Scanning... 12.8% (65000/509270)
2025-11-27 14:05:07,616 - trading_bot - INFO - Scanning... 13.7% (70000/509270)
2025-11-27 14:05:13,074 - trading_bot - INFO - Scanning... 14.7% (75000/509270)
2025-11-27 14:05:17,980 - trading_bot - INFO - Scanning... 15.7% (80000/509270)
2025-11-27 14:05:23,360 - trading_bot - INFO - Scanning... 16.7% (85000/509270)
2025-11-27 14:05:27,849 - trading_bot - INFO - Scanning... 17.7% (90000/509270)
2025-11-27 14:05:32,705 - trading_bot - INFO - Scanning... 18.7% (95000/509270)
2025-11-27 14:05:37,679 - trading_bot - INFO - Scanning... 19.6% (100000/509270)
2025-11-27 14:05:43,739 - trading_bot - INFO - Scanning... 20.6% (105000/509270)
2025-11-27 14:05:48,123 - trading_bot - INFO - Scanning... 21.6% (110000/509270)
2025-11-27 14:05:50,810 - trading_bot - INFO - Scanning... 22.6% (115000/509270)
2025-11-27 14:05:54,778 - trading_bot - INFO - Scanning... 23.6% (120000/509270)
2025-11-27 14:05:58,887 - trading_bot - INFO - Scanning... 24.5% (125000/509270)
2025-11-27 14:06:01,273 - trading_bot - INFO - Scanning... 25.5% (130000/509270)
2025-11-27 14:06:05,399 - trading_bot - INFO - Scanning... 26.5% (135000/509270)
2025-11-27 14:06:08,607 - trading_bot - INFO - Scanning... 27.5% (140000/509270)
2025-11-27 14:06:12,743 - trading_bot - INFO - Scanning... 28.5% (145000/509270)
2025-11-27 14:06:16,067 - trading_bot - INFO - Scanning... 29.5% (150000/509270)
2025-11-27 14:06:22,040 - trading_bot - INFO - Scanning... 30.4% (155000/509270)
2025-11-27 14:06:25,400 - trading_bot - INFO - Scanning... 31.4% (160000/509270)
2025-11-27 14:06:29,156 - trading_bot - INFO - Scanning... 32.4% (165000/509270)
2025-11-27 14:06:31,544 - trading_bot - INFO - Scanning... 33.4% (170000/509270)
2025-11-27 14:06:35,333 - trading_bot - INFO - Scanning... 34.4% (175000/509270)
2025-11-27 14:06:37,740 - trading_bot - INFO - Scanning... 35.3% (180000/509270)
2025-11-27 14:06:41,109 - trading_bot - INFO - Scanning... 36.3% (185000/509270)
2025-11-27 14:06:44,873 - trading_bot - INFO - Scanning... 37.3% (190000/509270)
2025-11-27 14:06:47,062 - trading_bot - INFO - Scanning... 38.3% (195000/509270)
2025-11-27 14:06:51,894 - trading_bot - INFO - Scanning... 39.3% (200000/509270)
2025-11-27 14:06:54,701 - trading_bot - INFO - Scanning... 40.3% (205000/509270)
2025-11-27 14:06:58,588 - trading_bot - INFO - Scanning... 41.2% (210000/509270)
2025-11-27 14:07:01,097 - trading_bot - INFO - Scanning... 42.2% (215000/509270)
2025-11-27 14:07:06,484 - trading_bot - INFO - Scanning... 43.2% (220000/509270)
2025-11-27 14:07:12,349 - trading_bot - INFO - Scanning... 44.2% (225000/509270)
2025-11-27 14:07:17,139 - trading_bot - INFO - Scanning... 45.2% (230000/509270)
2025-11-27 14:07:21,504 - trading_bot - INFO - Scanning... 46.1% (235000/509270)
2025-11-27 14:07:25,659 - trading_bot - INFO - Scanning... 47.1% (240000/509270)
2025-11-27 14:07:28,676 - trading_bot - INFO - Scanning... 48.1% (245000/509270)
2025-11-27 14:07:32,137 - trading_bot - INFO - Scanning... 49.1% (250000/509270)
2025-11-27 14:07:36,043 - trading_bot - INFO - Scanning... 50.1% (255000/509270)
2025-11-27 14:07:41,486 - trading_bot - INFO - Scanning... 51.1% (260000/509270)
2025-11-27 14:07:45,016 - trading_bot - INFO - Scanning... 52.0% (265000/509270)
2025-11-27 14:07:48,990 - trading_bot - INFO - Scanning... 53.0% (270000/509270)
2025-11-27 14:07:52,001 - trading_bot - INFO - Scanning... 54.0% (275000/509270)
2025-11-27 14:07:57,671 - trading_bot - INFO - Scanning... 55.0% (280000/509270)
2025-11-27 14:08:04,855 - trading_bot - INFO - Scanning... 56.0% (285000/509270)
2025-11-27 14:08:10,496 - trading_bot - INFO - Scanning... 56.9% (290000/509270)
2025-11-27 14:08:15,568 - trading_bot - INFO - Scanning... 57.9% (295000/509270)
2025-11-27 14:08:21,239 - trading_bot - INFO - Scanning... 58.9% (300000/509270)
2025-11-27 14:08:26,127 - trading_bot - INFO - Scanning... 59.9% (305000/509270)
2025-11-27 14:08:32,563 - trading_bot - INFO - Scanning... 60.9% (310000/509270)
2025-11-27 14:08:36,489 - trading_bot - INFO - Scanning... 61.9% (315000/509270)
2025-11-27 14:08:42,147 - trading_bot - INFO - Scanning... 62.8% (320000/509270)
2025-11-27 14:08:47,283 - trading_bot - INFO - Scanning... 63.8% (325000/509270)
2025-11-27 14:08:52,539 - trading_bot - INFO - Scanning... 64.8% (330000/509270)
2025-11-27 14:08:58,033 - trading_bot - INFO - Scanning... 65.8% (335000/509270)
2025-11-27 14:09:02,676 - trading_bot - INFO - Scanning... 66.8% (340000/509270)
2025-11-27 14:09:08,908 - trading_bot - INFO - Scanning... 67.7% (345000/509270)
2025-11-27 14:09:13,915 - trading_bot - INFO - Scanning... 68.7% (350000/509270)
2025-11-27 14:09:19,768 - trading_bot - INFO - Scanning... 69.7% (355000/509270)
2025-11-27 14:09:25,437 - trading_bot - INFO - Scanning... 70.7% (360000/509270)
2025-11-27 14:09:31,261 - trading_bot - INFO - Scanning... 71.7% (365000/509270)
2025-11-27 14:09:36,746 - trading_bot - INFO - Scanning... 72.7% (370000/509270)
2025-11-27 14:09:41,881 - trading_bot - INFO - Scanning... 73.6% (375000/509270)
2025-11-27 14:09:47,844 - trading_bot - INFO - Scanning... 74.6% (380000/509270)
2025-11-27 14:09:55,927 - trading_bot - INFO - Scanning... 75.6% (385000/509270)
2025-11-27 14:10:03,265 - trading_bot - INFO - Scanning... 76.6% (390000/509270)
2025-11-27 14:10:09,044 - trading_bot - INFO - Scanning... 77.6% (395000/509270)
2025-11-27 14:10:16,390 - trading_bot - INFO - Scanning... 78.5% (400000/509270)
2025-11-27 14:10:20,351 - trading_bot - INFO - Scanning... 79.5% (405000/509270)
2025-11-27 14:10:27,895 - trading_bot - INFO - Scanning... 80.5% (410000/509270)
2025-11-27 14:10:35,835 - trading_bot - INFO - Scanning... 81.5% (415000/509270)
2025-11-27 14:10:42,087 - trading_bot - INFO - Scanning... 82.5% (420000/509270)
2025-11-27 14:10:50,174 - trading_bot - INFO - Scanning... 83.5% (425000/509270)
2025-11-27 14:10:55,631 - trading_bot - INFO - Scanning... 84.4% (430000/509270)
2025-11-27 14:11:01,633 - trading_bot - INFO - Scanning... 85.4% (435000/509270)
2025-11-27 14:11:08,780 - trading_bot - INFO - Scanning... 86.4% (440000/509270)
2025-11-27 14:11:17,267 - trading_bot - INFO - Scanning... 87.4% (445000/509270)
2025-11-27 14:11:25,476 - trading_bot - INFO - Scanning... 88.4% (450000/509270)
2025-11-27 14:11:33,872 - trading_bot - INFO - Scanning... 89.3% (455000/509270)
2025-11-27 14:11:41,023 - trading_bot - INFO - Scanning... 90.3% (460000/509270)
2025-11-27 14:11:46,529 - trading_bot - INFO - Scanning... 91.3% (465000/509270)
2025-11-27 14:11:54,078 - trading_bot - INFO - Scanning... 92.3% (470000/509270)
2025-11-27 14:12:01,896 - trading_bot - INFO - Scanning... 93.3% (475000/509270)
2025-11-27 14:12:11,218 - trading_bot - INFO - Scanning... 94.3% (480000/509270)
2025-11-27 14:12:15,420 - trading_bot - INFO - Scanning... 95.2% (485000/509270)
2025-11-27 14:12:24,158 - trading_bot - INFO - Scanning... 96.2% (490000/509270)
2025-11-27 14:12:29,119 - trading_bot - INFO - Scanning... 97.2% (495000/509270)
2025-11-27 14:12:33,044 - trading_bot - INFO - Scanning... 98.2% (500000/509270)
2025-11-27 14:12:37,574 - trading_bot - INFO - Scanning... 99.2% (505000/509270)
2025-11-27 14:12:42,348 - trading_bot - INFO - Applied filter profile 'crypto_baseline' during training: 38018 -> 38018 candidates
2025-11-27 14:12:42,351 - trading_bot - INFO - Training ensemble LightGBM with 38018 samples (scale_pos_weight=1.02)...
2025-11-27 14:12:46,943 - trading_bot - INFO - Fold 1/5 AUC proxy: mean prob 0.500
2025-11-27 14:12:51,542 - trading_bot - INFO - Fold 2/5 AUC proxy: mean prob 0.498
2025-11-27 14:12:56,120 - trading_bot - INFO - Fold 3/5 AUC proxy: mean prob 0.501
2025-11-27 14:13:01,337 - trading_bot - INFO - Fold 4/5 AUC proxy: mean prob 0.499
2025-11-27 14:13:05,918 - trading_bot - INFO - Fold 5/5 AUC proxy: mean prob 0.498
2025-11-27 14:13:05,985 - trading_bot - INFO - Meta-label logistic calibration trained on 38018 samples.
2025-11-27 14:13:06,156 - trading_bot - INFO - Model saved to /Users/rileymartin/ML-Trading-Bot/models/lgbm_model.pkl
2025-11-27 14:13:06,156 - trading_bot - INFO - Model saved to models/lgbm_model.pkl
2025-11-27 14:13:06,164 - trading_bot - INFO - Training metadata updated at /Users/rileymartin/ML-Trading-Bot/models/lgbm_model_meta.json
2025-11-27 14:13:21,651 - trading_bot - ERROR - Model is not trained on the last 5 years. Run 'train_latest' or the menu action before starting live trading.
2025-11-27 14:14:41,983 - trading_bot - ERROR - Model is not trained on the last 5 years. Run 'train_latest' or the menu action before starting live trading.
2025-11-27 15:36:36,277 - trading_bot - INFO - Auto training window selected: 2020-11-27 -> 2025-11-27
2025-11-27 15:36:36,277 - trading_bot - INFO - Training window: 2020-11-27 -> 2025-11-27
2025-11-27 15:36:36,286 - trading_bot - INFO - Fetching BTC crypto bars from Alpaca (5Min)...
2025-11-27 15:40:31,212 - trading_bot - INFO - Loaded H4 data directly: 10745 bars
2025-11-27 15:40:31,233 - trading_bot - INFO - Loaded Daily data directly: 1792 bars
2025-11-27 15:41:04,690 - trading_bot - INFO - Generating candidates...
2025-11-27 15:41:08,154 - trading_bot - INFO - Scanning... 1.0% (5000/509270)
2025-11-27 15:41:12,141 - trading_bot - INFO - Scanning... 2.0% (10000/509270)
2025-11-27 15:41:18,278 - trading_bot - INFO - Scanning... 2.9% (15000/509270)
2025-11-27 15:41:23,341 - trading_bot - INFO - Scanning... 3.9% (20000/509270)
2025-11-27 15:41:28,576 - trading_bot - INFO - Scanning... 4.9% (25000/509270)
2025-11-27 15:41:33,221 - trading_bot - INFO - Scanning... 5.9% (30000/509270)
2025-11-27 15:41:36,639 - trading_bot - INFO - Scanning... 6.9% (35000/509270)
2025-11-27 15:41:41,125 - trading_bot - INFO - Scanning... 7.9% (40000/509270)
2025-11-27 15:41:46,360 - trading_bot - INFO - Scanning... 8.8% (45000/509270)
2025-11-27 15:41:49,998 - trading_bot - INFO - Scanning... 9.8% (50000/509270)
2025-11-27 15:41:52,827 - trading_bot - INFO - Scanning... 10.8% (55000/509270)
2025-11-27 15:41:56,192 - trading_bot - INFO - Scanning... 11.8% (60000/509270)
2025-11-27 15:42:01,608 - trading_bot - INFO - Scanning... 12.8% (65000/509270)
2025-11-27 15:42:05,988 - trading_bot - INFO - Scanning... 13.7% (70000/509270)
2025-11-27 15:42:11,614 - trading_bot - INFO - Scanning... 14.7% (75000/509270)
2025-11-27 15:42:16,786 - trading_bot - INFO - Scanning... 15.7% (80000/509270)
2025-11-27 15:42:22,459 - trading_bot - INFO - Scanning... 16.7% (85000/509270)
2025-11-27 15:42:27,362 - trading_bot - INFO - Scanning... 17.7% (90000/509270)
2025-11-27 15:42:32,570 - trading_bot - INFO - Scanning... 18.7% (95000/509270)
2025-11-27 15:42:37,455 - trading_bot - INFO - Scanning... 19.6% (100000/509270)
2025-11-27 15:42:43,663 - trading_bot - INFO - Scanning... 20.6% (105000/509270)
2025-11-27 15:42:48,280 - trading_bot - INFO - Scanning... 21.6% (110000/509270)
2025-11-27 15:42:51,072 - trading_bot - INFO - Scanning... 22.6% (115000/509270)
2025-11-27 15:42:55,241 - trading_bot - INFO - Scanning... 23.6% (120000/509270)
2025-11-27 15:42:59,361 - trading_bot - INFO - Scanning... 24.5% (125000/509270)
2025-11-27 15:43:01,831 - trading_bot - INFO - Scanning... 25.5% (130000/509270)
2025-11-27 15:43:06,245 - trading_bot - INFO - Scanning... 26.5% (135000/509270)
2025-11-27 15:43:09,530 - trading_bot - INFO - Scanning... 27.5% (140000/509270)
2025-11-27 15:43:13,561 - trading_bot - INFO - Scanning... 28.5% (145000/509270)
2025-11-27 15:43:16,919 - trading_bot - INFO - Scanning... 29.5% (150000/509270)
2025-11-27 15:43:23,044 - trading_bot - INFO - Scanning... 30.4% (155000/509270)
2025-11-27 15:43:26,734 - trading_bot - INFO - Scanning... 31.4% (160000/509270)
2025-11-27 15:43:30,624 - trading_bot - INFO - Scanning... 32.4% (165000/509270)
2025-11-27 15:43:33,042 - trading_bot - INFO - Scanning... 33.4% (170000/509270)
2025-11-27 15:43:36,932 - trading_bot - INFO - Scanning... 34.4% (175000/509270)
2025-11-27 15:43:39,363 - trading_bot - INFO - Scanning... 35.3% (180000/509270)
2025-11-27 15:43:42,978 - trading_bot - INFO - Scanning... 36.3% (185000/509270)
2025-11-27 15:43:47,302 - trading_bot - INFO - Scanning... 37.3% (190000/509270)
2025-11-27 15:43:49,646 - trading_bot - INFO - Scanning... 38.3% (195000/509270)
2025-11-27 15:43:54,719 - trading_bot - INFO - Scanning... 39.3% (200000/509270)
2025-11-27 15:43:57,641 - trading_bot - INFO - Scanning... 40.3% (205000/509270)
2025-11-27 15:44:01,858 - trading_bot - INFO - Scanning... 41.2% (210000/509270)
2025-11-27 15:44:04,377 - trading_bot - INFO - Scanning... 42.2% (215000/509270)
2025-11-27 15:44:09,845 - trading_bot - INFO - Scanning... 43.2% (220000/509270)
2025-11-27 15:44:15,281 - trading_bot - INFO - Scanning... 44.2% (225000/509270)
2025-11-27 15:44:19,990 - trading_bot - INFO - Scanning... 45.2% (230000/509270)
2025-11-27 15:44:24,316 - trading_bot - INFO - Scanning... 46.1% (235000/509270)
2025-11-27 15:44:28,489 - trading_bot - INFO - Scanning... 47.1% (240000/509270)
2025-11-27 15:44:31,431 - trading_bot - INFO - Scanning... 48.1% (245000/509270)
2025-11-27 15:44:35,056 - trading_bot - INFO - Scanning... 49.1% (250000/509270)
2025-11-27 15:44:39,065 - trading_bot - INFO - Scanning... 50.1% (255000/509270)
2025-11-27 15:44:44,507 - trading_bot - INFO - Scanning... 51.1% (260000/509270)
2025-11-27 15:44:48,147 - trading_bot - INFO - Scanning... 52.0% (265000/509270)
2025-11-27 15:44:52,325 - trading_bot - INFO - Scanning... 53.0% (270000/509270)
2025-11-27 15:44:55,598 - trading_bot - INFO - Scanning... 54.0% (275000/509270)
2025-11-27 15:45:01,308 - trading_bot - INFO - Scanning... 55.0% (280000/509270)
2025-11-27 15:45:08,758 - trading_bot - INFO - Scanning... 56.0% (285000/509270)
2025-11-27 15:45:14,448 - trading_bot - INFO - Scanning... 56.9% (290000/509270)
2025-11-27 15:45:19,393 - trading_bot - INFO - Scanning... 57.9% (295000/509270)
2025-11-27 15:45:25,214 - trading_bot - INFO - Scanning... 58.9% (300000/509270)
2025-11-27 15:45:30,720 - trading_bot - INFO - Scanning... 59.9% (305000/509270)
2025-11-27 15:45:37,610 - trading_bot - INFO - Scanning... 60.9% (310000/509270)
2025-11-27 15:45:41,879 - trading_bot - INFO - Scanning... 61.9% (315000/509270)
2025-11-27 15:45:48,328 - trading_bot - INFO - Scanning... 62.8% (320000/509270)
2025-11-27 15:45:54,401 - trading_bot - INFO - Scanning... 63.8% (325000/509270)
2025-11-27 15:46:00,499 - trading_bot - INFO - Scanning... 64.8% (330000/509270)
2025-11-27 15:46:06,932 - trading_bot - INFO - Scanning... 65.8% (335000/509270)
2025-11-27 15:46:12,089 - trading_bot - INFO - Scanning... 66.8% (340000/509270)
2025-11-27 15:46:18,784 - trading_bot - INFO - Scanning... 67.7% (345000/509270)
2025-11-27 15:46:23,835 - trading_bot - INFO - Scanning... 68.7% (350000/509270)
2025-11-27 15:46:30,244 - trading_bot - INFO - Scanning... 69.7% (355000/509270)
2025-11-27 15:46:36,770 - trading_bot - INFO - Scanning... 70.7% (360000/509270)
2025-11-27 15:46:43,297 - trading_bot - INFO - Scanning... 71.7% (365000/509270)
2025-11-27 15:46:49,208 - trading_bot - INFO - Scanning... 72.7% (370000/509270)
2025-11-27 15:46:54,989 - trading_bot - INFO - Scanning... 73.6% (375000/509270)
2025-11-27 15:47:01,511 - trading_bot - INFO - Scanning... 74.6% (380000/509270)
2025-11-27 15:47:10,298 - trading_bot - INFO - Scanning... 75.6% (385000/509270)
2025-11-27 15:47:18,549 - trading_bot - INFO - Scanning... 76.6% (390000/509270)
2025-11-27 15:47:25,028 - trading_bot - INFO - Scanning... 77.6% (395000/509270)
2025-11-27 15:47:33,206 - trading_bot - INFO - Scanning... 78.5% (400000/509270)
2025-11-27 15:47:37,690 - trading_bot - INFO - Scanning... 79.5% (405000/509270)
2025-11-27 15:47:46,310 - trading_bot - INFO - Scanning... 80.5% (410000/509270)
2025-11-27 15:47:55,179 - trading_bot - INFO - Scanning... 81.5% (415000/509270)
2025-11-27 15:48:02,033 - trading_bot - INFO - Scanning... 82.5% (420000/509270)
2025-11-27 15:48:11,560 - trading_bot - INFO - Scanning... 83.5% (425000/509270)
2025-11-27 15:48:17,665 - trading_bot - INFO - Scanning... 84.4% (430000/509270)
2025-11-27 15:48:24,309 - trading_bot - INFO - Scanning... 85.4% (435000/509270)
2025-11-27 15:48:32,552 - trading_bot - INFO - Scanning... 86.4% (440000/509270)
2025-11-27 15:48:42,106 - trading_bot - INFO - Scanning... 87.4% (445000/509270)
2025-11-27 15:48:51,565 - trading_bot - INFO - Scanning... 88.4% (450000/509270)
2025-11-27 15:49:01,472 - trading_bot - INFO - Scanning... 89.3% (455000/509270)
2025-11-27 15:49:09,797 - trading_bot - INFO - Scanning... 90.3% (460000/509270)
2025-11-27 15:49:16,124 - trading_bot - INFO - Scanning... 91.3% (465000/509270)
2025-11-27 15:49:24,679 - trading_bot - INFO - Scanning... 92.3% (470000/509270)
2025-11-27 15:49:33,673 - trading_bot - INFO - Scanning... 93.3% (475000/509270)
2025-11-27 15:49:44,246 - trading_bot - INFO - Scanning... 94.3% (480000/509270)
2025-11-27 15:49:49,019 - trading_bot - INFO - Scanning... 95.2% (485000/509270)
2025-11-27 15:49:58,526 - trading_bot - INFO - Scanning... 96.2% (490000/509270)
2025-11-27 15:50:04,084 - trading_bot - INFO - Scanning... 97.2% (495000/509270)
2025-11-27 15:50:08,433 - trading_bot - INFO - Scanning... 98.2% (500000/509270)
2025-11-27 15:50:13,525 - trading_bot - INFO - Scanning... 99.2% (505000/509270)
2025-11-27 15:50:18,924 - trading_bot - INFO - Applied filter profile 'crypto_baseline' during training: 38018 -> 38018 candidates
2025-11-27 15:50:18,927 - trading_bot - INFO - Training ensemble LightGBM with 38018 samples (scale_pos_weight=1.02)...
2025-11-27 15:50:23,825 - trading_bot - INFO - Fold 1/5 AUC proxy: mean prob 0.500
2025-11-27 15:50:28,872 - trading_bot - INFO - Fold 2/5 AUC proxy: mean prob 0.498
2025-11-27 15:50:33,737 - trading_bot - INFO - Fold 3/5 AUC proxy: mean prob 0.501
2025-11-27 15:50:38,598 - trading_bot - INFO - Fold 4/5 AUC proxy: mean prob 0.499
2025-11-27 15:50:43,534 - trading_bot - INFO - Fold 5/5 AUC proxy: mean prob 0.498
2025-11-27 15:50:43,663 - trading_bot - INFO - Meta-label logistic calibration trained on 38018 samples.
2025-11-27 15:50:43,824 - trading_bot - INFO - Model saved to /Users/rileymartin/ML-Trading-Bot/models/lgbm_model.pkl
2025-11-27 15:50:43,824 - trading_bot - INFO - Model saved to models/lgbm_model.pkl
2025-11-27 15:50:43,832 - trading_bot - INFO - Training metadata updated at /Users/rileymartin/ML-Trading-Bot/models/lgbm_model_meta.json
2025-11-27 16:58:38,625 - trading_bot - ERROR - Model is not trained on the last 5 years. Run 'train_latest' or the menu action before starting live trading.
2025-11-27 17:11:04,956 - trading_bot - ERROR - Model is not trained on the last 5 years. Run 'train_latest' or the menu action before starting live trading.
