2025-11-20 20:52:42,701 - trading_bot - INFO - Loading data from Data/XAU_1m_data.csv
2025-11-20 20:53:03,143 - trading_bot - INFO - Data loaded: 6631694 rows (Raw)
2025-11-20 20:53:03,564 - trading_bot - INFO - Resampled to Base (5m): 1411856 rows
2025-11-20 20:53:03,696 - trading_bot - INFO - Resampled: H4=32268, H1=122564
2025-11-20 20:54:01,678 - trading_bot - INFO - Detected 240187 FVGs and 95139 OBs on Base Timeframe
2025-11-20 20:54:01,679 - trading_bot - INFO - Generating candidates...
2025-11-20 22:09:18,197 - trading_bot - INFO - Generated 296408 candidates
2025-11-20 22:09:18,220 - trading_bot - INFO - Starting WFA from 2004-06-16 12:00:00 to 2025-10-31 18:45:00
2025-11-20 22:09:18,226 - trading_bot - INFO - Fold: Train 2004-06-16 -> 2014-06-16 (121406), Test -> 2014-12-16 (8304)
2025-11-20 22:09:18,228 - trading_bot - INFO - Training LGBM with 121406 samples...
2025-11-20 22:09:26,735 - trading_bot - INFO - Fold: Train 2004-12-16 -> 2014-12-16 (123406), Test -> 2015-06-16 (8530)
2025-11-20 22:09:26,738 - trading_bot - INFO - Training LGBM with 123406 samples...
2025-11-20 22:09:35,365 - trading_bot - INFO - Fold: Train 2005-06-16 -> 2015-06-16 (125481), Test -> 2015-12-16 (8073)
2025-11-20 22:09:35,367 - trading_bot - INFO - Training LGBM with 125481 samples...
2025-11-20 22:09:43,822 - trading_bot - INFO - Fold: Train 2005-12-16 -> 2015-12-16 (128675), Test -> 2016-06-16 (6899)
2025-11-20 22:09:43,824 - trading_bot - INFO - Training LGBM with 128675 samples...
2025-11-20 22:09:52,256 - trading_bot - INFO - Fold: Train 2006-06-16 -> 2016-06-16 (131925), Test -> 2016-12-16 (6976)
2025-11-20 22:09:52,259 - trading_bot - INFO - Training LGBM with 131925 samples...
2025-11-20 22:10:01,532 - trading_bot - INFO - Fold: Train 2006-12-16 -> 2016-12-16 (133505), Test -> 2017-06-16 (6537)
2025-11-20 22:10:01,535 - trading_bot - INFO - Training LGBM with 133505 samples...
2025-11-20 22:10:11,579 - trading_bot - INFO - Fold: Train 2007-06-16 -> 2017-06-16 (134941), Test -> 2017-12-16 (7567)
2025-11-20 22:10:11,584 - trading_bot - INFO - Training LGBM with 134941 samples...
2025-11-20 22:10:22,025 - trading_bot - INFO - Fold: Train 2007-12-16 -> 2017-12-16 (136684), Test -> 2018-06-16 (8696)
2025-11-20 22:10:22,028 - trading_bot - INFO - Training LGBM with 136684 samples...
2025-11-20 22:10:32,327 - trading_bot - INFO - Fold: Train 2008-06-16 -> 2018-06-16 (141107), Test -> 2018-12-16 (8780)
2025-11-20 22:10:32,330 - trading_bot - INFO - Training LGBM with 141107 samples...
2025-11-20 22:10:42,764 - trading_bot - INFO - Fold: Train 2008-12-16 -> 2018-12-16 (142052), Test -> 2019-06-16 (8837)
2025-11-20 22:10:42,767 - trading_bot - INFO - Training LGBM with 142052 samples...
2025-11-20 22:10:52,370 - trading_bot - INFO - Fold: Train 2009-06-16 -> 2019-06-16 (144407), Test -> 2019-12-16 (7294)
2025-11-20 22:10:52,374 - trading_bot - INFO - Training LGBM with 144407 samples...
2025-11-20 22:11:02,854 - trading_bot - INFO - Fold: Train 2009-12-16 -> 2019-12-16 (147457), Test -> 2020-06-16 (6517)
2025-11-20 22:11:02,857 - trading_bot - INFO - Training LGBM with 147457 samples...
2025-11-20 22:11:13,346 - trading_bot - INFO - Fold: Train 2010-06-16 -> 2020-06-16 (147566), Test -> 2020-12-16 (8342)
2025-11-20 22:11:13,349 - trading_bot - INFO - Training LGBM with 147566 samples...
2025-11-20 22:11:24,027 - trading_bot - INFO - Fold: Train 2010-12-16 -> 2020-12-16 (149772), Test -> 2021-06-16 (6642)
2025-11-20 22:11:24,030 - trading_bot - INFO - Training LGBM with 149772 samples...
2025-11-20 22:11:34,293 - trading_bot - INFO - Fold: Train 2011-06-16 -> 2021-06-16 (152124), Test -> 2021-12-16 (9145)
2025-11-20 22:11:34,295 - trading_bot - INFO - Training LGBM with 152124 samples...
2025-11-20 22:11:43,794 - trading_bot - INFO - Fold: Train 2011-12-16 -> 2021-12-16 (155103), Test -> 2022-06-16 (6793)
2025-11-20 22:11:43,796 - trading_bot - INFO - Training LGBM with 155103 samples...
2025-11-20 22:11:54,171 - trading_bot - INFO - Fold: Train 2012-06-16 -> 2022-06-16 (155449), Test -> 2022-12-16 (10384)
2025-11-20 22:11:54,174 - trading_bot - INFO - Training LGBM with 155449 samples...
2025-11-20 22:12:04,515 - trading_bot - INFO - Fold: Train 2012-12-16 -> 2022-12-16 (158743), Test -> 2023-06-16 (9689)
2025-11-20 22:12:04,518 - trading_bot - INFO - Training LGBM with 158743 samples...
2025-11-20 22:12:14,924 - trading_bot - INFO - Fold: Train 2013-06-16 -> 2023-06-16 (160477), Test -> 2023-12-16 (8573)
2025-11-20 22:12:14,926 - trading_bot - INFO - Training LGBM with 160477 samples...
2025-11-20 22:12:28,981 - trading_bot - INFO - Fold: Train 2013-12-16 -> 2023-12-16 (161492), Test -> 2024-06-16 (6879)
2025-11-20 22:12:28,986 - trading_bot - INFO - Training LGBM with 161492 samples...
2025-11-20 22:13:10,139 - trading_bot - INFO - Fold: Train 2014-06-16 -> 2024-06-16 (159457), Test -> 2024-12-16 (8521)
2025-11-20 22:13:10,142 - trading_bot - INFO - Training LGBM with 159457 samples...
2025-11-20 22:13:22,184 - trading_bot - INFO - Fold: Train 2014-12-16 -> 2024-12-16 (159674), Test -> 2025-06-16 (5096)
2025-11-20 22:13:22,186 - trading_bot - INFO - Training LGBM with 159674 samples...
2025-11-20 22:13:35,140 - trading_bot - INFO - Fold: Train 2015-06-16 -> 2025-06-16 (156240), Test -> 2025-12-16 (1928)
2025-11-20 22:13:35,142 - trading_bot - INFO - Training LGBM with 156240 samples...
2025-11-20 22:14:07,714 - trading_bot - INFO - Backtesting 1233 trades out of 175002 candidates...
2025-11-20 22:14:09,601 - trading_bot - INFO - Reports saved to reports/20251120_221408
