2025-11-22 23:16:41,859 - trading_bot - INFO - Loading data from Data/XAU_5m_data.csv
2025-11-22 23:16:44,930 - trading_bot - INFO - Data loaded: 43457 rows (Base Timeframe 5m)
2025-11-22 23:16:44,932 - trading_bot - INFO - Loading data from Data/XAU_4h_data.csv
2025-11-22 23:16:44,986 - trading_bot - INFO - Loaded H4 data directly: 952 bars
2025-11-22 23:16:44,987 - trading_bot - INFO - Loading data from Data/XAU_1d_data.csv
2025-11-22 23:16:44,997 - trading_bot - INFO - Loaded Daily data directly: 160 bars
2025-11-22 23:16:45,000 - trading_bot - INFO - H4=952, H1=3630
2025-11-22 23:16:45,265 - trading_bot - INFO - Using SMC (Smart Money Concepts) strategy
2025-11-22 23:16:46,784 - trading_bot - INFO - Detected 7706 FVGs and 4524 OBs on Base Timeframe
2025-11-22 23:16:46,785 - trading_bot - INFO - Generating candidates...
2025-11-22 23:16:48,130 - trading_bot - INFO - Scanning... 11.5% (5000/43457)
2025-11-22 23:16:49,619 - trading_bot - INFO - Scanning... 23.0% (10000/43457)
2025-11-22 23:16:51,258 - trading_bot - INFO - Scanning... 34.5% (15000/43457)
2025-11-22 23:16:52,773 - trading_bot - INFO - Scanning... 46.0% (20000/43457)
2025-11-22 23:16:54,286 - trading_bot - INFO - Scanning... 57.5% (25000/43457)
2025-11-22 23:16:55,839 - trading_bot - INFO - Scanning... 69.0% (30000/43457)
2025-11-22 23:16:57,357 - trading_bot - INFO - Scanning... 80.5% (35000/43457)
2025-11-22 23:16:58,954 - trading_bot - INFO - Scanning... 92.0% (40000/43457)
2025-11-22 23:16:59,952 - trading_bot - INFO - Generated 5 candidates
2025-11-22 23:16:59,965 - trading_bot - INFO - Model loaded from models/lgbm_model.pkl
2025-11-22 23:16:59,967 - trading_bot - INFO - 
============================================================
2025-11-22 23:16:59,967 - trading_bot - INFO - PRE-FILTER STATISTICS
2025-11-22 23:16:59,967 - trading_bot - INFO - ============================================================
2025-11-22 23:16:59,967 - trading_bot - INFO - Total candidates: 5
2025-11-22 23:16:59,967 - trading_bot - INFO - Mean probability: 0.535
2025-11-22 23:16:59,967 - trading_bot - INFO - Median probability: 0.583
2025-11-22 23:16:59,967 - trading_bot - INFO - Std probability: 0.280
2025-11-22 23:16:59,967 - trading_bot - INFO - Min probability: 0.086
2025-11-22 23:16:59,967 - trading_bot - INFO - Max probability: 0.800
2025-11-22 23:16:59,967 - trading_bot - INFO - 
Probability distribution:
2025-11-22 23:16:59,967 - trading_bot - INFO -   < 0.3: 1 (20.0%)
2025-11-22 23:16:59,967 - trading_bot - INFO -   0.3-0.4: 0 (0.0%)
2025-11-22 23:16:59,967 - trading_bot - INFO -   0.4-0.5: 1 (20.0%)
2025-11-22 23:16:59,967 - trading_bot - INFO -   0.5-0.6: 1 (20.0%)
2025-11-22 23:16:59,967 - trading_bot - INFO -   >= 0.6: 2 (40.0%)
2025-11-22 23:16:59,967 - trading_bot - INFO - 
Using threshold: 0.62
2025-11-22 23:16:59,968 - trading_bot - INFO - Candidates above threshold: 2 (40.0%)
2025-11-22 23:16:59,968 - trading_bot - INFO - After OB-only filter: 0 candidates (removed 2 FVG)
2025-11-22 23:16:59,968 - trading_bot - WARNING - ⚠️  NO TRADES PASSED THRESHOLD! Consider lowering threshold.
