2025-11-27 18:30:23,810 - trading_bot - INFO - Fetching BTC crypto bars from Alpaca (5Min)...
2025-11-27 18:30:34,934 - trading_bot - INFO - Model loaded from /Users/rileymartin/ML-Trading-Bot/models/lgbm_model.pkl
2025-11-27 18:30:34,935 - alpaca_live_runner - INFO - Starting Alpaca polling loop (symbol=BTC, interval=60s, dry_run=True)...
2025-11-27 18:30:35,540 - alpaca_live_runner - INFO - 📊 Fetched 50 new bars for BTC (latest: 2025-11-27 04:05:00)
2025-11-27 18:30:35,646 - trading_bot - INFO - Generating candidates...
2025-11-27 18:30:36,207 - trading_bot - INFO - Generating candidates...
2025-11-27 18:30:36,770 - trading_bot - INFO - Generating candidates...
2025-11-27 18:30:37,332 - trading_bot - INFO - Generating candidates...
2025-11-27 18:30:37,894 - trading_bot - INFO - Generating candidates...
2025-11-27 18:30:38,455 - trading_bot - INFO - Generating candidates...
2025-11-27 18:30:39,022 - trading_bot - INFO - Generating candidates...
2025-11-27 18:30:39,626 - trading_bot - INFO - Generating candidates...
2025-11-27 18:30:40,189 - trading_bot - INFO - Generating candidates...
2025-11-27 18:30:40,749 - trading_bot - INFO - Generating candidates...
2025-11-27 18:30:41,308 - trading_bot - INFO - Generating candidates...
2025-11-27 18:30:41,866 - trading_bot - INFO - Generating candidates...
2025-11-27 18:30:42,417 - trading_bot - INFO - Generating candidates...
2025-11-27 18:30:42,966 - trading_bot - INFO - Generating candidates...
2025-11-27 18:30:43,511 - trading_bot - INFO - Generating candidates...
2025-11-27 18:30:44,056 - trading_bot - INFO - Generating candidates...
2025-11-27 18:30:44,602 - trading_bot - INFO - Generating candidates...
2025-11-27 18:30:45,189 - trading_bot - INFO - Generating candidates...
2025-11-27 18:30:45,744 - trading_bot - INFO - Generating candidates...
2025-11-27 18:30:46,300 - trading_bot - INFO - Generating candidates...
2025-11-27 18:30:46,856 - trading_bot - INFO - Generating candidates...
2025-11-27 18:30:47,407 - trading_bot - INFO - Generating candidates...
2025-11-27 18:30:47,962 - trading_bot - INFO - Generating candidates...
2025-11-27 18:30:48,577 - trading_bot - INFO - Generating candidates...
2025-11-27 18:30:49,128 - trading_bot - INFO - Generating candidates...
2025-11-27 18:30:49,677 - trading_bot - INFO - Generating candidates...
2025-11-27 18:30:50,231 - trading_bot - INFO - Generating candidates...
2025-11-27 18:30:50,823 - trading_bot - INFO - Generating candidates...
2025-11-27 18:30:51,374 - trading_bot - INFO - Generating candidates...
2025-11-27 18:30:51,922 - trading_bot - INFO - Generating candidates...
2025-11-27 18:30:52,469 - trading_bot - INFO - Generating candidates...
2025-11-27 18:30:53,021 - trading_bot - INFO - Generating candidates...
2025-11-27 18:30:53,515 - trading_bot - INFO - Generating candidates...
2025-11-27 18:30:54,006 - trading_bot - INFO - Generating candidates...
2025-11-27 18:30:54,500 - trading_bot - INFO - Generating candidates...
2025-11-27 18:30:54,994 - trading_bot - INFO - Generating candidates...
2025-11-27 18:30:55,497 - trading_bot - INFO - Generating candidates...
2025-11-27 18:30:56,004 - trading_bot - INFO - Generating candidates...
2025-11-27 18:30:56,511 - trading_bot - INFO - Generating candidates...
2025-11-27 18:30:57,007 - trading_bot - INFO - Generating candidates...
2025-11-27 18:30:57,507 - trading_bot - INFO - Generating candidates...
