2025-11-22 14:13:46,996 - trading_bot - INFO - ============================================================
2025-11-22 14:13:46,996 - trading_bot - INFO - BACKTEST ONLY (Using Existing Model)
2025-11-22 14:13:46,996 - trading_bot - INFO - ============================================================
2025-11-22 14:13:46,996 - trading_bot - INFO - Using model: models/lgbm_model.pkl
2025-11-22 14:13:46,996 - trading_bot - INFO - 
Loading backtest data (2025-01-01 to 2025-10-31)...
2025-11-22 14:13:46,996 - trading_bot - INFO - Loading data from Data/XAU_5m_data.csv
2025-11-22 14:13:51,345 - trading_bot - INFO - Backtest data loaded: 49528 rows
2025-11-22 14:13:51,345 - trading_bot - INFO -   Date range: 2025-01-02 01:00:00 to 2025-10-31 00:00:00
2025-11-22 14:13:51,345 - trading_bot - INFO -   Price range: $2618.80 - $4378.13
2025-11-22 14:13:51,345 - trading_bot - INFO - Resampling to H4 (240min) and H1 (60min)...
2025-11-22 14:13:51,355 - trading_bot - INFO - Resampled: H4=1084 bars, H1=4137 bars
2025-11-22 14:13:51,355 - trading_bot - INFO - Analyzing market structure...
2025-11-22 14:13:51,512 - trading_bot - INFO - Calculating technical indicators...
2025-11-22 14:13:51,939 - trading_bot - INFO -   RSI range: 4.7 - 98.0
2025-11-22 14:13:51,939 - trading_bot - INFO -   ADX range: 0.0 - 84.2
2025-11-22 14:13:51,939 - trading_bot - INFO - Detecting FVGs and Order Blocks...
2025-11-22 14:13:54,465 - trading_bot - INFO -   Detected 8762 FVGs and 5248 OBs
2025-11-22 14:13:54,465 - trading_bot - INFO - Generating backtest candidates...
2025-11-22 14:13:54,465 - trading_bot - INFO - Generating candidates...
2025-11-22 14:13:56,031 - trading_bot - INFO - Scanning... 10.1% (5000/49528)
2025-11-22 14:13:57,624 - trading_bot - INFO - Scanning... 20.2% (10000/49528)
2025-11-22 14:13:59,669 - trading_bot - INFO - Scanning... 30.3% (15000/49528)
2025-11-22 14:14:01,699 - trading_bot - INFO - Scanning... 40.4% (20000/49528)
2025-11-22 14:14:03,630 - trading_bot - INFO - Scanning... 50.5% (25000/49528)
2025-11-22 14:14:06,842 - trading_bot - INFO - Scanning... 60.6% (30000/49528)
2025-11-22 14:14:09,550 - trading_bot - INFO - Scanning... 70.7% (35000/49528)
2025-11-22 14:14:11,253 - trading_bot - INFO - Scanning... 80.8% (40000/49528)
2025-11-22 14:14:12,544 - trading_bot - INFO - Scanning... 90.9% (45000/49528)
2025-11-22 14:14:14,566 - trading_bot - INFO - Generated 8226 backtest candidates
2025-11-22 14:14:14,566 - trading_bot - INFO - Candidate statistics:
2025-11-22 14:14:14,566 - trading_bot - INFO -   Win rate: 22.7%
2025-11-22 14:14:14,566 - trading_bot - INFO -   Wins: 1870, Losses: 6356
2025-11-22 14:14:14,566 - trading_bot - INFO -   Average R-multiple: -0.09
2025-11-22 14:14:14,566 - trading_bot - INFO - 
Loading model from models/lgbm_model.pkl...
2025-11-22 14:14:14,579 - trading_bot - INFO - Model loaded from models/lgbm_model.pkl
2025-11-22 14:14:14,579 - trading_bot - INFO - ✓ Model loaded successfully
2025-11-22 14:14:14,579 - trading_bot - INFO - Generating predictions (threshold: 0.6)...
2025-11-22 14:14:14,611 - trading_bot - INFO - Prediction statistics:
2025-11-22 14:14:14,611 - trading_bot - INFO -   Mean probability: 0.202
2025-11-22 14:14:14,611 - trading_bot - INFO -   Min probability: 0.005
2025-11-22 14:14:14,611 - trading_bot - INFO -   Max probability: 0.923
2025-11-22 14:14:14,611 - trading_bot - INFO -   Candidates above threshold: 137 / 8226 (1.7%)
2025-11-22 14:14:14,611 - trading_bot - INFO - 
============================================================
2025-11-22 14:14:14,611 - trading_bot - INFO - RUNNING BACKTEST SIMULATION
2025-11-22 14:14:14,611 - trading_bot - INFO - ============================================================
2025-11-22 14:14:14,611 - trading_bot - INFO - Initial capital: $6000.00
2025-11-22 14:14:14,611 - trading_bot - INFO - Risk per trade: 0.70%
2025-11-22 14:14:14,611 - trading_bot - INFO - Commission: $0.10 per oz
2025-11-22 14:14:14,611 - trading_bot - INFO - Slippage: $0.10 per oz
2025-11-22 14:14:14,612 - trading_bot - INFO - 
============================================================
2025-11-22 14:14:14,612 - trading_bot - INFO - PRE-FILTER STATISTICS
2025-11-22 14:14:14,612 - trading_bot - INFO - ============================================================
2025-11-22 14:14:14,612 - trading_bot - INFO - Total candidates: 8226
2025-11-22 14:14:14,612 - trading_bot - INFO - Mean probability: 0.202
2025-11-22 14:14:14,612 - trading_bot - INFO - Median probability: 0.178
2025-11-22 14:14:14,612 - trading_bot - INFO - Std probability: 0.119
2025-11-22 14:14:14,612 - trading_bot - INFO - Min probability: 0.005
2025-11-22 14:14:14,613 - trading_bot - INFO - Max probability: 0.923
2025-11-22 14:14:14,613 - trading_bot - INFO - 
Probability distribution:
2025-11-22 14:14:14,613 - trading_bot - INFO -   < 0.3: 7148 (86.9%)
2025-11-22 14:14:14,613 - trading_bot - INFO -   0.3-0.4: 587 (7.1%)
2025-11-22 14:14:14,613 - trading_bot - INFO -   0.4-0.5: 241 (2.9%)
2025-11-22 14:14:14,613 - trading_bot - INFO -   0.5-0.6: 113 (1.4%)
2025-11-22 14:14:14,613 - trading_bot - INFO -   >= 0.6: 137 (1.7%)
2025-11-22 14:14:14,613 - trading_bot - INFO - 
Using threshold: 0.6
2025-11-22 14:14:14,614 - trading_bot - INFO - Candidates above threshold: 137 (1.7%)
2025-11-22 14:14:14,614 - trading_bot - INFO - After OB-only filter: 28 candidates (removed 109 FVG)
2025-11-22 14:14:14,615 - trading_bot - INFO - After cooldown filter: 12 trades (removed 125 clustered trades)
2025-11-22 14:14:14,615 - trading_bot - INFO - Backtesting 12 trades out of 8226 candidates...
2025-11-22 14:14:14,615 - trading_bot - INFO - Initial capital: $6000.00, Risk per trade: 0.70%
2025-11-22 14:14:14,615 - trading_bot - INFO - Progress: 8.3% (1/12) | Equity: $5950.76 | Win Rate: 0.0% (0W/0L)
2025-11-22 14:14:14,615 - trading_bot - INFO - Progress: 16.7% (2/12) | Equity: $5900.29 | Win Rate: 0.0% (0W/1L)
2025-11-22 14:14:14,616 - trading_bot - INFO - Progress: 25.0% (3/12) | Equity: $6017.88 | Win Rate: 0.0% (0W/2L)
2025-11-22 14:14:14,616 - trading_bot - INFO - Progress: 33.3% (4/12) | Equity: $5966.74 | Win Rate: 33.3% (1W/2L)
2025-11-22 14:14:14,616 - trading_bot - INFO - Progress: 41.7% (5/12) | Equity: $6084.14 | Win Rate: 25.0% (1W/3L)
2025-11-22 14:14:14,616 - trading_bot - INFO - Progress: 50.0% (6/12) | Equity: $6037.88 | Win Rate: 40.0% (2W/3L)
2025-11-22 14:14:14,616 - trading_bot - INFO - Progress: 58.3% (7/12) | Equity: $6159.10 | Win Rate: 33.3% (2W/4L)
2025-11-22 14:14:14,616 - trading_bot - INFO - Progress: 66.7% (8/12) | Equity: $6279.21 | Win Rate: 42.9% (3W/4L)
2025-11-22 14:14:14,616 - trading_bot - INFO - Progress: 75.0% (9/12) | Equity: $6233.19 | Win Rate: 50.0% (4W/4L)
2025-11-22 14:14:14,616 - trading_bot - INFO - Progress: 83.3% (10/12) | Equity: $6186.32 | Win Rate: 44.4% (4W/5L)
2025-11-22 14:14:14,616 - trading_bot - INFO - Progress: 91.7% (11/12) | Equity: $6139.85 | Win Rate: 40.0% (4W/6L)
2025-11-22 14:14:14,616 - trading_bot - INFO - Progress: 100.0% (12/12) | Equity: $6262.14 | Win Rate: 36.4% (4W/7L)
2025-11-22 14:14:14,616 - trading_bot - INFO - Backtest complete! Final Equity: $6262.14 | Total PnL: $262.14 | Win Rate: 41.7% (5W/7L)
2025-11-22 14:14:14,975 - trading_bot - INFO - 
============================================================
2025-11-22 14:14:14,975 - trading_bot - INFO - BACKTEST RESULTS
2025-11-22 14:14:14,975 - trading_bot - INFO - ============================================================
2025-11-22 14:14:14,975 - trading_bot - INFO - Total Trades: 12
2025-11-22 14:14:14,975 - trading_bot - INFO -   Wins: 5, Losses: 7
2025-11-22 14:14:14,975 - trading_bot - INFO - Net Profit: $262.14
2025-11-22 14:14:14,975 - trading_bot - INFO -   Return: 4.37%
2025-11-22 14:14:14,975 - trading_bot - INFO - Win Rate: 41.7%
2025-11-22 14:14:14,975 - trading_bot - INFO - Profit Factor: 1.78
2025-11-22 14:14:14,975 - trading_bot - INFO - Average Win: $119.72
2025-11-22 14:14:14,975 - trading_bot - INFO - Average Loss: $-48.07
2025-11-22 14:14:14,976 - trading_bot - INFO - Max Drawdown: -2.22%
2025-11-22 14:14:14,976 - trading_bot - INFO - Total Costs: $73.86 (Comm: $36.93, Slippage: $36.93)
2025-11-22 14:14:14,976 - trading_bot - INFO - 
Reports saved to: reports/20251122_141414
2025-11-22 14:14:14,976 - trading_bot - INFO - 
============================================================
2025-11-22 14:14:14,976 - trading_bot - INFO - BACKTEST COMPLETE
2025-11-22 14:14:14,976 - trading_bot - INFO - ============================================================
