2025-11-23 09:00:01,974 - trading_bot - INFO - Loading data from Data/XAU_5m_data.csv
2025-11-23 09:00:04,861 - trading_bot - INFO - Data loaded: 25508 rows (Base Timeframe 5m)
2025-11-23 09:00:04,861 - trading_bot - INFO - Loading data from Data/XAU_4h_data.csv
2025-11-23 09:00:04,912 - trading_bot - INFO - Loaded H4 data directly: 558 bars
2025-11-23 09:00:04,912 - trading_bot - INFO - Loading data from Data/XAU_1d_data.csv
2025-11-23 09:00:04,921 - trading_bot - INFO - Loaded Daily data directly: 93 bars
2025-11-23 09:00:04,923 - trading_bot - INFO - H4=558, H1=2131
2025-11-23 09:00:05,073 - trading_bot - INFO - Using SMC (Smart Money Concepts) strategy
2025-11-23 09:00:05,925 - trading_bot - INFO - Detected 4529 FVGs and 2574 OBs on Base Timeframe
2025-11-23 09:00:05,925 - trading_bot - INFO - Generating candidates...
2025-11-23 09:00:07,284 - trading_bot - INFO - Scanning... 19.6% (5000/25508)
2025-11-23 09:00:08,878 - trading_bot - INFO - Scanning... 39.2% (10000/25508)
2025-11-23 09:00:10,466 - trading_bot - INFO - Scanning... 58.8% (15000/25508)
2025-11-23 09:00:11,978 - trading_bot - INFO - Scanning... 78.4% (20000/25508)
2025-11-23 09:00:13,512 - trading_bot - INFO - Scanning... 98.0% (25000/25508)
2025-11-23 09:00:13,633 - trading_bot - INFO - Generated 1665 candidates
2025-11-23 09:00:13,636 - trading_bot - WARNING - Insufficient training samples (0) before 2025-01-13 02:15:00. Skipping candidate.
2025-11-23 09:00:13,636 - trading_bot - WARNING - Insufficient training samples (1) before 2025-01-13 03:00:00. Skipping candidate.
2025-11-23 09:00:13,637 - trading_bot - WARNING - Insufficient training samples (2) before 2025-01-13 03:10:00. Skipping candidate.
2025-11-23 09:00:13,637 - trading_bot - WARNING - Insufficient training samples (3) before 2025-01-13 03:50:00. Skipping candidate.
2025-11-23 09:00:13,637 - trading_bot - WARNING - Insufficient training samples (4) before 2025-01-13 04:00:00. Skipping candidate.
2025-11-23 09:00:13,637 - trading_bot - WARNING - Insufficient training samples (5) before 2025-01-13 06:00:00. Skipping candidate.
2025-11-23 09:00:13,637 - trading_bot - WARNING - Insufficient training samples (6) before 2025-01-13 06:20:00. Skipping candidate.
2025-11-23 09:00:13,638 - trading_bot - WARNING - Insufficient training samples (7) before 2025-01-13 08:15:00. Skipping candidate.
2025-11-23 09:00:13,638 - trading_bot - WARNING - Insufficient training samples (8) before 2025-01-13 09:35:00. Skipping candidate.
2025-11-23 09:00:13,638 - trading_bot - WARNING - Insufficient training samples (9) before 2025-01-13 10:00:00. Skipping candidate.
2025-11-23 09:00:13,638 - trading_bot - WARNING - Insufficient training samples (10) before 2025-01-13 10:20:00. Skipping candidate.
2025-11-23 09:00:13,638 - trading_bot - WARNING - Insufficient training samples (11) before 2025-01-13 10:30:00. Skipping candidate.
2025-11-23 09:00:13,639 - trading_bot - WARNING - Insufficient training samples (12) before 2025-01-13 10:45:00. Skipping candidate.
2025-11-23 09:00:13,639 - trading_bot - WARNING - Insufficient training samples (13) before 2025-01-13 11:05:00. Skipping candidate.
2025-11-23 09:00:13,639 - trading_bot - WARNING - Insufficient training samples (14) before 2025-01-13 12:00:00. Skipping candidate.
2025-11-23 09:00:13,639 - trading_bot - WARNING - Insufficient training samples (15) before 2025-01-13 12:30:00. Skipping candidate.
2025-11-23 09:00:13,639 - trading_bot - WARNING - Insufficient training samples (16) before 2025-01-13 13:55:00. Skipping candidate.
2025-11-23 09:00:13,640 - trading_bot - WARNING - Insufficient training samples (17) before 2025-01-13 14:00:00. Skipping candidate.
2025-11-23 09:00:13,640 - trading_bot - WARNING - Insufficient training samples (18) before 2025-01-13 14:25:00. Skipping candidate.
2025-11-23 09:00:13,640 - trading_bot - WARNING - Insufficient training samples (19) before 2025-01-13 14:40:00. Skipping candidate.
2025-11-23 09:00:13,640 - trading_bot - WARNING - Insufficient training samples (20) before 2025-01-13 15:50:00. Skipping candidate.
2025-11-23 09:00:13,640 - trading_bot - WARNING - Insufficient training samples (21) before 2025-01-13 16:35:00. Skipping candidate.
2025-11-23 09:00:13,640 - trading_bot - WARNING - Insufficient training samples (22) before 2025-01-13 16:45:00. Skipping candidate.
2025-11-23 09:00:13,641 - trading_bot - WARNING - Insufficient training samples (23) before 2025-01-13 17:20:00. Skipping candidate.
2025-11-23 09:00:13,641 - trading_bot - WARNING - Insufficient training samples (24) before 2025-01-13 18:05:00. Skipping candidate.
2025-11-23 09:00:13,641 - trading_bot - WARNING - Insufficient training samples (25) before 2025-01-13 20:20:00. Skipping candidate.
2025-11-23 09:00:13,641 - trading_bot - WARNING - Insufficient training samples (26) before 2025-01-13 21:00:00. Skipping candidate.
2025-11-23 09:00:13,641 - trading_bot - WARNING - Insufficient training samples (27) before 2025-01-13 21:35:00. Skipping candidate.
2025-11-23 09:00:13,642 - trading_bot - WARNING - Insufficient training samples (28) before 2025-01-13 22:30:00. Skipping candidate.
2025-11-23 09:00:13,642 - trading_bot - WARNING - Insufficient training samples (29) before 2025-01-13 23:50:00. Skipping candidate.
2025-11-23 09:00:13,642 - trading_bot - WARNING - Insufficient training samples (30) before 2025-01-14 01:30:00. Skipping candidate.
2025-11-23 09:00:13,642 - trading_bot - WARNING - Insufficient training samples (31) before 2025-01-14 01:40:00. Skipping candidate.
2025-11-23 09:00:13,642 - trading_bot - WARNING - Insufficient training samples (32) before 2025-01-14 01:45:00. Skipping candidate.
2025-11-23 09:00:13,643 - trading_bot - WARNING - Insufficient training samples (33) before 2025-01-14 02:40:00. Skipping candidate.
2025-11-23 09:00:13,643 - trading_bot - WARNING - Insufficient training samples (34) before 2025-01-14 04:45:00. Skipping candidate.
2025-11-23 09:00:13,643 - trading_bot - WARNING - Insufficient training samples (35) before 2025-01-14 05:15:00. Skipping candidate.
2025-11-23 09:00:13,643 - trading_bot - WARNING - Insufficient training samples (36) before 2025-01-14 06:40:00. Skipping candidate.
2025-11-23 09:00:13,643 - trading_bot - WARNING - Insufficient training samples (37) before 2025-01-14 06:50:00. Skipping candidate.
2025-11-23 09:00:13,643 - trading_bot - WARNING - Insufficient training samples (38) before 2025-01-14 07:05:00. Skipping candidate.
2025-11-23 09:00:13,644 - trading_bot - WARNING - Insufficient training samples (39) before 2025-01-14 07:30:00. Skipping candidate.
2025-11-23 09:00:13,644 - trading_bot - WARNING - Insufficient training samples (40) before 2025-01-14 07:50:00. Skipping candidate.
2025-11-23 09:00:13,644 - trading_bot - WARNING - Insufficient training samples (41) before 2025-01-14 09:00:00. Skipping candidate.
2025-11-23 09:00:13,644 - trading_bot - WARNING - Insufficient training samples (42) before 2025-01-14 09:05:00. Skipping candidate.
2025-11-23 09:00:13,644 - trading_bot - WARNING - Insufficient training samples (43) before 2025-01-14 09:15:00. Skipping candidate.
2025-11-23 09:00:13,645 - trading_bot - WARNING - Insufficient training samples (44) before 2025-01-14 09:25:00. Skipping candidate.
2025-11-23 09:00:13,645 - trading_bot - WARNING - Insufficient training samples (45) before 2025-01-14 09:35:00. Skipping candidate.
2025-11-23 09:00:13,645 - trading_bot - WARNING - Insufficient training samples (46) before 2025-01-14 10:05:00. Skipping candidate.
2025-11-23 09:00:13,645 - trading_bot - WARNING - Insufficient training samples (47) before 2025-01-14 11:35:00. Skipping candidate.
2025-11-23 09:00:13,645 - trading_bot - WARNING - Insufficient training samples (48) before 2025-01-14 11:45:00. Skipping candidate.
2025-11-23 09:00:13,646 - trading_bot - WARNING - Insufficient training samples (49) before 2025-01-14 12:40:00. Skipping candidate.
2025-11-23 09:00:13,646 - trading_bot - WARNING - Insufficient training samples (50) before 2025-01-14 13:45:00. Skipping candidate.
2025-11-23 09:00:13,646 - trading_bot - WARNING - Insufficient training samples (51) before 2025-01-14 14:05:00. Skipping candidate.
2025-11-23 09:00:13,646 - trading_bot - WARNING - Insufficient training samples (52) before 2025-01-14 14:15:00. Skipping candidate.
2025-11-23 09:00:13,646 - trading_bot - WARNING - Insufficient training samples (53) before 2025-01-14 14:45:00. Skipping candidate.
2025-11-23 09:00:13,646 - trading_bot - WARNING - Insufficient training samples (54) before 2025-01-14 15:20:00. Skipping candidate.
2025-11-23 09:00:13,647 - trading_bot - WARNING - Insufficient training samples (55) before 2025-01-14 15:30:00. Skipping candidate.
2025-11-23 09:00:13,647 - trading_bot - WARNING - Insufficient training samples (56) before 2025-01-14 15:45:00. Skipping candidate.
2025-11-23 09:00:13,647 - trading_bot - WARNING - Insufficient training samples (57) before 2025-01-14 15:55:00. Skipping candidate.
2025-11-23 09:00:13,647 - trading_bot - WARNING - Insufficient training samples (58) before 2025-01-17 04:25:00. Skipping candidate.
2025-11-23 09:00:13,647 - trading_bot - WARNING - Insufficient training samples (59) before 2025-01-17 04:40:00. Skipping candidate.
2025-11-23 09:00:13,648 - trading_bot - WARNING - Insufficient training samples (60) before 2025-01-17 05:00:00. Skipping candidate.
2025-11-23 09:00:13,648 - trading_bot - WARNING - Insufficient training samples (61) before 2025-01-17 05:15:00. Skipping candidate.
2025-11-23 09:00:13,648 - trading_bot - WARNING - Insufficient training samples (62) before 2025-01-17 06:10:00. Skipping candidate.
2025-11-23 09:00:13,648 - trading_bot - WARNING - Insufficient training samples (63) before 2025-01-17 07:20:00. Skipping candidate.
2025-11-23 09:00:13,648 - trading_bot - WARNING - Insufficient training samples (64) before 2025-01-17 09:05:00. Skipping candidate.
2025-11-23 09:00:13,649 - trading_bot - WARNING - Insufficient training samples (65) before 2025-01-17 09:10:00. Skipping candidate.
2025-11-23 09:00:13,649 - trading_bot - WARNING - Insufficient training samples (66) before 2025-01-17 09:40:00. Skipping candidate.
2025-11-23 09:00:13,649 - trading_bot - WARNING - Insufficient training samples (67) before 2025-01-17 10:40:00. Skipping candidate.
2025-11-23 09:00:13,649 - trading_bot - WARNING - Insufficient training samples (68) before 2025-01-17 11:20:00. Skipping candidate.
2025-11-23 09:00:13,649 - trading_bot - WARNING - Insufficient training samples (69) before 2025-01-17 11:30:00. Skipping candidate.
2025-11-23 09:00:13,649 - trading_bot - WARNING - Insufficient training samples (70) before 2025-01-17 12:25:00. Skipping candidate.
2025-11-23 09:00:13,650 - trading_bot - WARNING - Insufficient training samples (71) before 2025-01-17 13:55:00. Skipping candidate.
2025-11-23 09:00:13,650 - trading_bot - WARNING - Insufficient training samples (72) before 2025-01-17 14:00:00. Skipping candidate.
2025-11-23 09:00:13,650 - trading_bot - WARNING - Insufficient training samples (73) before 2025-01-17 14:10:00. Skipping candidate.
2025-11-23 09:00:13,650 - trading_bot - WARNING - Insufficient training samples (74) before 2025-01-17 14:20:00. Skipping candidate.
2025-11-23 09:00:13,650 - trading_bot - WARNING - Insufficient training samples (75) before 2025-01-17 15:15:00. Skipping candidate.
2025-11-23 09:00:13,651 - trading_bot - WARNING - Insufficient training samples (76) before 2025-01-17 15:20:00. Skipping candidate.
2025-11-23 09:00:13,651 - trading_bot - WARNING - Insufficient training samples (77) before 2025-01-17 15:25:00. Skipping candidate.
2025-11-23 09:00:13,651 - trading_bot - WARNING - Insufficient training samples (78) before 2025-01-17 15:45:00. Skipping candidate.
2025-11-23 09:00:13,651 - trading_bot - WARNING - Insufficient training samples (79) before 2025-01-17 16:20:00. Skipping candidate.
2025-11-23 09:00:13,651 - trading_bot - WARNING - Insufficient training samples (80) before 2025-01-17 17:00:00. Skipping candidate.
2025-11-23 09:00:13,651 - trading_bot - WARNING - Insufficient training samples (81) before 2025-01-17 18:10:00. Skipping candidate.
2025-11-23 09:00:13,652 - trading_bot - WARNING - Insufficient training samples (82) before 2025-01-17 19:00:00. Skipping candidate.
2025-11-23 09:00:13,652 - trading_bot - WARNING - Insufficient training samples (83) before 2025-01-17 19:05:00. Skipping candidate.
2025-11-23 09:00:13,652 - trading_bot - WARNING - Insufficient training samples (84) before 2025-01-17 20:55:00. Skipping candidate.
2025-11-23 09:00:13,652 - trading_bot - WARNING - Insufficient training samples (85) before 2025-01-17 21:50:00. Skipping candidate.
2025-11-23 09:00:13,652 - trading_bot - WARNING - Insufficient training samples (86) before 2025-01-17 22:00:00. Skipping candidate.
2025-11-23 09:00:13,653 - trading_bot - WARNING - Insufficient training samples (87) before 2025-01-20 01:05:00. Skipping candidate.
2025-11-23 09:00:13,653 - trading_bot - WARNING - Insufficient training samples (88) before 2025-01-20 01:10:00. Skipping candidate.
2025-11-23 09:00:13,653 - trading_bot - WARNING - Insufficient training samples (89) before 2025-01-20 01:20:00. Skipping candidate.
2025-11-23 09:00:13,653 - trading_bot - WARNING - Insufficient training samples (90) before 2025-01-20 01:30:00. Skipping candidate.
2025-11-23 09:00:13,653 - trading_bot - WARNING - Insufficient training samples (91) before 2025-01-20 02:55:00. Skipping candidate.
2025-11-23 09:00:13,654 - trading_bot - WARNING - Insufficient training samples (92) before 2025-01-20 03:00:00. Skipping candidate.
2025-11-23 09:00:13,654 - trading_bot - WARNING - Insufficient training samples (93) before 2025-01-20 03:20:00. Skipping candidate.
2025-11-23 09:00:13,654 - trading_bot - WARNING - Insufficient training samples (94) before 2025-01-20 06:35:00. Skipping candidate.
2025-11-23 09:00:13,654 - trading_bot - WARNING - Insufficient training samples (95) before 2025-01-20 07:40:00. Skipping candidate.
2025-11-23 09:00:13,654 - trading_bot - WARNING - Insufficient training samples (96) before 2025-01-20 07:45:00. Skipping candidate.
2025-11-23 09:00:13,654 - trading_bot - WARNING - Insufficient training samples (97) before 2025-01-20 07:55:00. Skipping candidate.
2025-11-23 09:00:13,655 - trading_bot - WARNING - Insufficient training samples (98) before 2025-01-20 08:50:00. Skipping candidate.
2025-11-23 09:00:13,655 - trading_bot - WARNING - Insufficient training samples (99) before 2025-01-20 08:55:00. Skipping candidate.
2025-11-23 09:00:13,655 - trading_bot - WARNING - Insufficient training samples (100) before 2025-01-20 09:00:00. Skipping candidate.
2025-11-23 09:00:13,655 - trading_bot - WARNING - Insufficient training samples (101) before 2025-01-20 09:10:00. Skipping candidate.
2025-11-23 09:00:13,655 - trading_bot - WARNING - Insufficient training samples (102) before 2025-01-20 09:55:00. Skipping candidate.
2025-11-23 09:00:13,656 - trading_bot - WARNING - Insufficient training samples (103) before 2025-01-20 10:35:00. Skipping candidate.
2025-11-23 09:00:13,656 - trading_bot - WARNING - Insufficient training samples (104) before 2025-01-20 11:00:00. Skipping candidate.
2025-11-23 09:00:13,656 - trading_bot - WARNING - Insufficient training samples (105) before 2025-01-20 11:05:00. Skipping candidate.
2025-11-23 09:00:13,656 - trading_bot - WARNING - Insufficient training samples (106) before 2025-01-20 11:50:00. Skipping candidate.
2025-11-23 09:00:13,656 - trading_bot - WARNING - Insufficient training samples (107) before 2025-01-20 12:25:00. Skipping candidate.
2025-11-23 09:00:13,657 - trading_bot - WARNING - Insufficient training samples (108) before 2025-01-20 13:15:00. Skipping candidate.
2025-11-23 09:00:13,657 - trading_bot - WARNING - Insufficient training samples (109) before 2025-01-20 13:30:00. Skipping candidate.
2025-11-23 09:00:13,657 - trading_bot - WARNING - Insufficient training samples (110) before 2025-01-20 15:30:00. Skipping candidate.
2025-11-23 09:00:13,657 - trading_bot - WARNING - Insufficient training samples (111) before 2025-01-20 17:00:00. Skipping candidate.
2025-11-23 09:00:13,657 - trading_bot - WARNING - Insufficient training samples (112) before 2025-01-20 19:25:00. Skipping candidate.
2025-11-23 09:00:13,657 - trading_bot - WARNING - Insufficient training samples (113) before 2025-01-23 01:00:00. Skipping candidate.
2025-11-23 09:00:13,658 - trading_bot - WARNING - Insufficient training samples (114) before 2025-01-23 01:40:00. Skipping candidate.
2025-11-23 09:00:13,658 - trading_bot - WARNING - Insufficient training samples (115) before 2025-01-23 02:00:00. Skipping candidate.
2025-11-23 09:00:13,658 - trading_bot - WARNING - Insufficient training samples (116) before 2025-01-23 02:30:00. Skipping candidate.
2025-11-23 09:00:13,658 - trading_bot - WARNING - Insufficient training samples (117) before 2025-01-23 03:35:00. Skipping candidate.
2025-11-23 09:00:13,658 - trading_bot - WARNING - Insufficient training samples (118) before 2025-01-23 03:40:00. Skipping candidate.
2025-11-23 09:00:13,659 - trading_bot - WARNING - Insufficient training samples (119) before 2025-01-23 06:00:00. Skipping candidate.
2025-11-23 09:00:13,659 - trading_bot - WARNING - Insufficient training samples (120) before 2025-01-23 07:10:00. Skipping candidate.
2025-11-23 09:00:13,659 - trading_bot - WARNING - Insufficient training samples (121) before 2025-01-23 07:25:00. Skipping candidate.
2025-11-23 09:00:13,659 - trading_bot - WARNING - Insufficient training samples (122) before 2025-01-23 08:20:00. Skipping candidate.
2025-11-23 09:00:13,659 - trading_bot - WARNING - Insufficient training samples (123) before 2025-01-23 09:35:00. Skipping candidate.
2025-11-23 09:00:13,660 - trading_bot - WARNING - Insufficient training samples (124) before 2025-01-23 10:15:00. Skipping candidate.
2025-11-23 09:00:13,660 - trading_bot - WARNING - Insufficient training samples (125) before 2025-01-23 11:05:00. Skipping candidate.
2025-11-23 09:00:13,660 - trading_bot - WARNING - Insufficient training samples (126) before 2025-01-23 11:20:00. Skipping candidate.
2025-11-23 09:00:13,660 - trading_bot - WARNING - Insufficient training samples (127) before 2025-01-23 11:25:00. Skipping candidate.
2025-11-23 09:00:13,660 - trading_bot - WARNING - Insufficient training samples (128) before 2025-01-23 11:50:00. Skipping candidate.
2025-11-23 09:00:13,660 - trading_bot - WARNING - Insufficient training samples (129) before 2025-01-23 12:45:00. Skipping candidate.
2025-11-23 09:00:13,661 - trading_bot - WARNING - Insufficient training samples (130) before 2025-01-23 13:00:00. Skipping candidate.
2025-11-23 09:00:13,661 - trading_bot - WARNING - Insufficient training samples (131) before 2025-01-23 13:25:00. Skipping candidate.
2025-11-23 09:00:13,661 - trading_bot - WARNING - Insufficient training samples (132) before 2025-01-23 15:10:00. Skipping candidate.
2025-11-23 09:00:13,661 - trading_bot - WARNING - Insufficient training samples (133) before 2025-01-23 15:35:00. Skipping candidate.
2025-11-23 09:00:13,661 - trading_bot - WARNING - Insufficient training samples (134) before 2025-01-23 16:15:00. Skipping candidate.
2025-11-23 09:00:13,662 - trading_bot - WARNING - Insufficient training samples (135) before 2025-01-23 18:15:00. Skipping candidate.
2025-11-23 09:00:13,662 - trading_bot - WARNING - Insufficient training samples (136) before 2025-01-23 19:40:00. Skipping candidate.
2025-11-23 09:00:13,662 - trading_bot - WARNING - Insufficient training samples (137) before 2025-01-23 20:35:00. Skipping candidate.
2025-11-23 09:00:13,662 - trading_bot - WARNING - Insufficient training samples (138) before 2025-01-23 21:55:00. Skipping candidate.
2025-11-23 09:00:13,662 - trading_bot - WARNING - Insufficient training samples (139) before 2025-01-23 22:00:00. Skipping candidate.
2025-11-23 09:00:13,663 - trading_bot - WARNING - Insufficient training samples (140) before 2025-01-23 22:05:00. Skipping candidate.
2025-11-23 09:00:13,663 - trading_bot - WARNING - Insufficient training samples (141) before 2025-01-24 02:10:00. Skipping candidate.
2025-11-23 09:00:13,663 - trading_bot - WARNING - Insufficient training samples (142) before 2025-01-24 02:30:00. Skipping candidate.
2025-11-23 09:00:13,663 - trading_bot - WARNING - Insufficient training samples (143) before 2025-01-24 02:40:00. Skipping candidate.
2025-11-23 09:00:13,663 - trading_bot - WARNING - Insufficient training samples (144) before 2025-01-24 03:05:00. Skipping candidate.
2025-11-23 09:00:13,664 - trading_bot - WARNING - Insufficient training samples (145) before 2025-01-24 03:40:00. Skipping candidate.
2025-11-23 09:00:13,664 - trading_bot - WARNING - Insufficient training samples (146) before 2025-01-24 03:45:00. Skipping candidate.
2025-11-23 09:00:13,664 - trading_bot - WARNING - Insufficient training samples (147) before 2025-01-24 04:25:00. Skipping candidate.
2025-11-23 09:00:13,664 - trading_bot - WARNING - Insufficient training samples (148) before 2025-01-24 05:15:00. Skipping candidate.
2025-11-23 09:00:13,664 - trading_bot - WARNING - Insufficient training samples (149) before 2025-01-24 06:40:00. Skipping candidate.
2025-11-23 09:00:13,664 - trading_bot - WARNING - Insufficient training samples (150) before 2025-01-24 08:45:00. Skipping candidate.
2025-11-23 09:00:13,665 - trading_bot - WARNING - Insufficient training samples (151) before 2025-01-24 09:40:00. Skipping candidate.
2025-11-23 09:00:13,665 - trading_bot - WARNING - Insufficient training samples (152) before 2025-01-24 10:30:00. Skipping candidate.
2025-11-23 09:00:13,665 - trading_bot - WARNING - Insufficient training samples (153) before 2025-01-24 10:35:00. Skipping candidate.
2025-11-23 09:00:13,665 - trading_bot - WARNING - Insufficient training samples (154) before 2025-01-24 10:45:00. Skipping candidate.
2025-11-23 09:00:13,665 - trading_bot - WARNING - Insufficient training samples (155) before 2025-01-24 11:30:00. Skipping candidate.
2025-11-23 09:00:13,666 - trading_bot - WARNING - Insufficient training samples (156) before 2025-01-24 13:05:00. Skipping candidate.
2025-11-23 09:00:13,666 - trading_bot - WARNING - Insufficient training samples (157) before 2025-01-24 16:20:00. Skipping candidate.
2025-11-23 09:00:13,666 - trading_bot - WARNING - Insufficient training samples (158) before 2025-01-24 17:50:00. Skipping candidate.
2025-11-23 09:00:13,666 - trading_bot - WARNING - Insufficient training samples (159) before 2025-01-24 18:45:00. Skipping candidate.
2025-11-23 09:00:13,666 - trading_bot - WARNING - Insufficient training samples (160) before 2025-01-24 21:35:00. Skipping candidate.
2025-11-23 09:00:13,667 - trading_bot - WARNING - Insufficient training samples (161) before 2025-01-27 01:00:00. Skipping candidate.
2025-11-23 09:00:13,667 - trading_bot - WARNING - Insufficient training samples (162) before 2025-01-27 01:05:00. Skipping candidate.
2025-11-23 09:00:13,667 - trading_bot - WARNING - Insufficient training samples (163) before 2025-01-27 03:00:00. Skipping candidate.
2025-11-23 09:00:13,667 - trading_bot - WARNING - Insufficient training samples (164) before 2025-01-27 03:40:00. Skipping candidate.
2025-11-23 09:00:13,667 - trading_bot - WARNING - Insufficient training samples (165) before 2025-01-27 04:10:00. Skipping candidate.
2025-11-23 09:00:13,667 - trading_bot - WARNING - Insufficient training samples (166) before 2025-01-27 04:25:00. Skipping candidate.
2025-11-23 09:00:13,668 - trading_bot - WARNING - Insufficient training samples (167) before 2025-01-27 05:10:00. Skipping candidate.
2025-11-23 09:00:13,668 - trading_bot - WARNING - Insufficient training samples (168) before 2025-01-27 06:15:00. Skipping candidate.
2025-11-23 09:00:13,668 - trading_bot - WARNING - Insufficient training samples (169) before 2025-01-27 07:55:00. Skipping candidate.
2025-11-23 09:00:13,668 - trading_bot - WARNING - Insufficient training samples (170) before 2025-01-27 08:50:00. Skipping candidate.
2025-11-23 09:00:13,668 - trading_bot - WARNING - Insufficient training samples (171) before 2025-01-27 09:25:00. Skipping candidate.
2025-11-23 09:00:13,669 - trading_bot - WARNING - Insufficient training samples (172) before 2025-01-27 09:30:00. Skipping candidate.
2025-11-23 09:00:13,669 - trading_bot - WARNING - Insufficient training samples (173) before 2025-01-27 09:40:00. Skipping candidate.
2025-11-23 09:00:13,669 - trading_bot - WARNING - Insufficient training samples (174) before 2025-01-27 09:55:00. Skipping candidate.
2025-11-23 09:00:13,669 - trading_bot - WARNING - Insufficient training samples (175) before 2025-01-27 10:00:00. Skipping candidate.
2025-11-23 09:00:13,669 - trading_bot - WARNING - Insufficient training samples (176) before 2025-01-27 10:10:00. Skipping candidate.
2025-11-23 09:00:13,670 - trading_bot - WARNING - Insufficient training samples (177) before 2025-01-27 10:15:00. Skipping candidate.
2025-11-23 09:00:13,670 - trading_bot - WARNING - Insufficient training samples (178) before 2025-01-27 10:35:00. Skipping candidate.
2025-11-23 09:00:13,670 - trading_bot - WARNING - Insufficient training samples (179) before 2025-01-27 11:00:00. Skipping candidate.
2025-11-23 09:00:13,670 - trading_bot - WARNING - Insufficient training samples (180) before 2025-01-27 11:15:00. Skipping candidate.
2025-11-23 09:00:13,671 - trading_bot - WARNING - Insufficient training samples (181) before 2025-01-27 12:25:00. Skipping candidate.
2025-11-23 09:00:13,671 - trading_bot - WARNING - Insufficient training samples (182) before 2025-01-27 12:50:00. Skipping candidate.
2025-11-23 09:00:13,671 - trading_bot - WARNING - Insufficient training samples (183) before 2025-01-27 12:55:00. Skipping candidate.
2025-11-23 09:00:13,671 - trading_bot - WARNING - Insufficient training samples (184) before 2025-01-27 14:05:00. Skipping candidate.
2025-11-23 09:00:13,671 - trading_bot - WARNING - Insufficient training samples (185) before 2025-01-27 15:20:00. Skipping candidate.
2025-11-23 09:00:13,671 - trading_bot - WARNING - Insufficient training samples (186) before 2025-01-27 15:45:00. Skipping candidate.
2025-11-23 09:00:13,672 - trading_bot - WARNING - Insufficient training samples (187) before 2025-01-27 16:00:00. Skipping candidate.
2025-11-23 09:00:13,672 - trading_bot - WARNING - Insufficient training samples (188) before 2025-01-27 16:15:00. Skipping candidate.
2025-11-23 09:00:13,672 - trading_bot - WARNING - Insufficient training samples (189) before 2025-01-27 16:40:00. Skipping candidate.
2025-11-23 09:00:13,672 - trading_bot - WARNING - Insufficient training samples (190) before 2025-01-27 16:45:00. Skipping candidate.
2025-11-23 09:00:13,672 - trading_bot - WARNING - Insufficient training samples (191) before 2025-01-27 17:00:00. Skipping candidate.
2025-11-23 09:00:13,673 - trading_bot - WARNING - Insufficient training samples (192) before 2025-01-27 19:20:00. Skipping candidate.
2025-11-23 09:00:13,673 - trading_bot - WARNING - Insufficient training samples (193) before 2025-01-27 21:15:00. Skipping candidate.
2025-11-23 09:00:13,673 - trading_bot - WARNING - Insufficient training samples (194) before 2025-01-27 22:30:00. Skipping candidate.
2025-11-23 09:00:13,673 - trading_bot - WARNING - Insufficient training samples (195) before 2025-01-28 01:00:00. Skipping candidate.
2025-11-23 09:00:13,673 - trading_bot - WARNING - Insufficient training samples (196) before 2025-01-28 01:25:00. Skipping candidate.
2025-11-23 09:00:13,674 - trading_bot - WARNING - Insufficient training samples (197) before 2025-01-28 01:30:00. Skipping candidate.
2025-11-23 09:00:13,674 - trading_bot - WARNING - Insufficient training samples (198) before 2025-01-28 02:35:00. Skipping candidate.
2025-11-23 09:00:13,674 - trading_bot - WARNING - Insufficient training samples (199) before 2025-01-28 02:50:00. Skipping candidate.
2025-11-23 09:00:13,674 - trading_bot - INFO - Training LGBM with 200 samples...
